                                 Started job on |	May 12 17:02:27
                             Started mapping on |	May 12 17:10:52
                                    Finished on |	May 12 18:19:32
       Mapping speed, Million of reads per hour |	23.02

                          Number of input reads |	26342365
                      Average input read length |	295
                                    UNIQUE READS:
                   Uniquely mapped reads number |	24578341
                        Uniquely mapped reads % |	93.30%
                          Average mapped length |	293.49
                       Number of splices: Total |	23444883
            Number of splices: Annotated (sjdb) |	23125694
                       Number of splices: GT/AG |	23222909
                       Number of splices: GC/AG |	158627
                       Number of splices: AT/AC |	16467
               Number of splices: Non-canonical |	46880
                      Mismatch rate per base, % |	0.37%
                         Deletion rate per base |	0.01%
                        Deletion average length |	1.87
                        Insertion rate per base |	0.01%
                       Insertion average length |	1.58
                             MULTI-MAPPING READS:
        Number of reads mapped to multiple loci |	950990
             % of reads mapped to multiple loci |	3.61%
        Number of reads mapped to too many loci |	8586
             % of reads mapped to too many loci |	0.03%
                                  UNMAPPED READS:
       % of reads unmapped: too many mismatches |	0.00%
                 % of reads unmapped: too short |	3.01%
                     % of reads unmapped: other |	0.05%
                                  CHIMERIC READS:
                       Number of chimeric reads |	0
                            % of chimeric reads |	0.00%
