           Time    Speed        Read     Read   Mapped   Mapped   Mapped   Mapped Unmapped Unmapped Unmapped Unmapped
                    M/hr      number   length   unique   length   MMrate    multi   multi+       MM    short    other
May 12 17:12:01     17.9      342413      294    92.2%    292.8     0.4%     3.7%     0.0%     0.0%     3.9%     0.1%
May 12 17:13:02     19.0      684794      294    92.3%    292.6     0.4%     3.7%     0.0%     0.0%     3.9%     0.1%
May 12 17:14:13     19.9     1112360      294    92.2%    292.6     0.4%     3.7%     0.0%     0.0%     3.9%     0.1%
May 12 17:15:25     20.3     1538781      294    92.2%    292.7     0.4%     3.7%     0.0%     0.0%     3.9%     0.1%
May 12 17:16:35     20.6     1965415      294    92.2%    292.7     0.4%     3.8%     0.0%     0.0%     3.9%     0.1%
May 12 17:17:44     20.9     2392082      294    92.2%    292.6     0.4%     3.8%     0.0%     0.0%     4.0%     0.1%
May 12 17:18:51     21.2     2818739      294    92.2%    292.6     0.4%     3.8%     0.0%     0.0%     3.9%     0.1%
May 12 17:19:57     21.4     3245343      294    92.2%    292.7     0.4%     3.8%     0.0%     0.0%     3.9%     0.1%
May 12 17:21:10     21.4     3672183      294    92.1%    292.6     0.4%     3.8%     0.0%     0.0%     4.0%     0.1%
May 12 17:22:21     21.4     4098887      294    92.1%    292.6     0.5%     3.8%     0.0%     0.0%     4.1%     0.1%
May 12 17:23:31     21.5     4525528      294    92.0%    292.5     0.5%     3.8%     0.0%     0.0%     4.1%     0.1%
May 12 17:24:41     21.5     4952248      294    92.0%    292.5     0.5%     3.8%     0.0%     0.0%     4.2%     0.1%
May 12 17:25:51     21.5     5379019      294    91.9%    292.5     0.5%     3.8%     0.0%     0.0%     4.3%     0.1%
May 12 17:27:02     21.5     5805613      294    91.9%    292.5     0.5%     3.8%     0.0%     0.0%     4.3%     0.1%
May 12 17:28:12     21.6     6232204      294    91.8%    292.5     0.5%     3.8%     0.0%     0.0%     4.3%     0.1%
May 12 17:29:14     21.8     6658031      294    92.0%    292.5     0.5%     3.7%     0.0%     0.0%     4.2%     0.1%
May 12 17:30:14     21.9     7083399      294    92.1%    292.6     0.5%     3.7%     0.0%     0.0%     4.1%     0.1%
May 12 17:31:25     22.2     7594342      294    92.2%    292.7     0.4%     3.7%     0.0%     0.0%     4.0%     0.1%
May 12 17:32:25     22.3     8020439      294    92.3%    292.8     0.4%     3.7%     0.0%     0.0%     3.9%     0.1%
May 12 17:33:29     22.4     8445862      294    92.4%    292.8     0.4%     3.7%     0.0%     0.0%     3.8%     0.1%
May 12 17:34:31     22.5     8871180      294    92.5%    292.9     0.4%     3.7%     0.0%     0.0%     3.7%     0.1%
May 12 17:35:41     22.7     9382128      294    92.6%    293.0     0.4%     3.7%     0.0%     0.0%     3.7%     0.1%
May 12 17:36:51     22.8     9893162      294    92.6%    293.0     0.4%     3.7%     0.0%     0.0%     3.6%     0.1%
May 12 17:38:02     23.0    10402400      295    92.7%    293.1     0.4%     3.7%     0.0%     0.0%     3.5%     0.1%
May 12 17:39:13     23.1    10911673      295    92.8%    293.1     0.4%     3.7%     0.0%     0.0%     3.5%     0.0%
May 12 17:40:24     23.2    11421726      295    92.8%    293.1     0.4%     3.7%     0.0%     0.0%     3.4%     0.0%
May 12 17:41:35     23.3    11930677      295    92.9%    293.2     0.4%     3.7%     0.0%     0.0%     3.4%     0.0%
May 12 17:42:46     23.4    12439720      295    92.9%    293.2     0.4%     3.7%     0.0%     0.0%     3.3%     0.0%
May 12 17:43:55     23.5    12949305      295    93.0%    293.2     0.4%     3.7%     0.0%     0.0%     3.3%     0.0%
May 12 17:44:55     23.6    13373849      295    93.0%    293.3     0.4%     3.7%     0.0%     0.0%     3.2%     0.0%
May 12 17:46:06     23.6    13882802      295    93.1%    293.3     0.4%     3.6%     0.0%     0.0%     3.2%     0.0%
May 12 17:47:15     23.7    14391920      295    93.1%    293.3     0.4%     3.6%     0.0%     0.0%     3.2%     0.0%
May 12 17:48:26     23.8    14901717      295    93.1%    293.3     0.4%     3.6%     0.0%     0.0%     3.1%     0.0%
May 12 17:49:37     23.9    15410754      295    93.2%    293.4     0.4%     3.6%     0.0%     0.0%     3.1%     0.0%
May 12 17:50:47     23.9    15919831      295    93.2%    293.4     0.4%     3.6%     0.0%     0.0%     3.1%     0.0%
May 12 17:51:57     24.0    16429640      295    93.2%    293.4     0.4%     3.6%     0.0%     0.0%     3.1%     0.0%
May 12 17:52:57     24.0    16854193      295    93.2%    293.4     0.4%     3.6%     0.0%     0.0%     3.1%     0.0%
May 12 17:53:58     24.1    17278642      295    93.2%    293.4     0.4%     3.6%     0.0%     0.0%     3.1%     0.0%
May 12 17:55:09     24.1    17788230      295    93.2%    293.4     0.4%     3.6%     0.0%     0.0%     3.0%     0.0%
May 12 17:56:10     24.1    18213052      295    93.2%    293.4     0.4%     3.6%     0.0%     0.0%     3.0%     0.0%
May 12 17:57:10     24.2    18637563      295    93.2%    293.4     0.4%     3.6%     0.0%     0.0%     3.0%     0.0%
May 12 17:58:10     24.2    19062107      295    93.3%    293.4     0.4%     3.6%     0.0%     0.0%     3.0%     0.0%
May 12 17:59:21     24.2    19571849      295    93.3%    293.4     0.4%     3.6%     0.0%     0.0%     3.0%     0.0%
May 12 18:00:21     24.2    19996475      295    93.3%    293.4     0.4%     3.6%     0.0%     0.0%     3.0%     0.0%
May 12 18:01:22     24.3    20420806      295    93.3%    293.5     0.4%     3.6%     0.0%     0.0%     3.0%     0.0%
May 12 18:02:22     24.3    20845369      295    93.3%    293.5     0.4%     3.6%     0.0%     0.0%     3.0%     0.0%
May 12 18:03:33     24.3    21355290      295    93.3%    293.5     0.4%     3.6%     0.0%     0.0%     3.0%     0.0%
May 12 18:04:44     24.4    21864785      295    93.3%    293.5     0.4%     3.6%     0.0%     0.0%     3.0%     0.0%
May 12 18:05:44     24.4    22289140      295    93.3%    293.5     0.4%     3.6%     0.0%     0.0%     3.0%     0.0%
May 12 18:06:45     24.4    22713843      295    93.3%    293.5     0.4%     3.6%     0.0%     0.0%     3.0%     0.0%
May 12 18:07:45     24.4    23138767      295    93.3%    293.5     0.4%     3.6%     0.0%     0.0%     3.0%     0.0%
May 12 18:08:45     24.4    23563123      295    93.3%    293.5     0.4%     3.6%     0.0%     0.0%     3.0%     0.0%
May 12 18:09:46     24.4    23987574      295    93.3%    293.5     0.4%     3.6%     0.0%     0.0%     3.0%     0.0%
May 12 18:10:46     24.5    24412307      295    93.3%    293.5     0.4%     3.6%     0.0%     0.0%     3.0%     0.0%
May 12 18:11:47     24.5    24837087      295    93.3%    293.5     0.4%     3.6%     0.0%     0.0%     3.0%     0.0%
May 12 18:12:57     24.5    25346489      295    93.3%    293.5     0.4%     3.6%     0.0%     0.0%     3.0%     0.0%
May 12 18:14:08     24.5    25856040      295    93.3%    293.5     0.4%     3.6%     0.0%     0.0%     3.0%     0.0%
May 12 18:15:09     24.5    26280920      295    93.3%    293.5     0.4%     3.6%     0.0%     0.0%     3.0%     0.0%
May 12 18:19:32     23.0    26342365      295    93.3%    293.5     0.4%     3.6%     0.0%     0.0%     3.0%     0.0%
ALL DONE!
