           Time    Speed        Read     Read   Mapped   Mapped   Mapped   Mapped Unmapped Unmapped Unmapped Unmapped
                    M/hr      number   length   unique   length   MMrate    multi   multi+       MM    short    other
May 12 17:12:05     17.0      344569      292    93.4%    290.5     0.4%     3.7%     0.0%     0.0%     2.8%     0.0%
May 12 17:13:05     18.6      688987      292    93.4%    290.5     0.4%     3.7%     0.0%     0.0%     2.8%     0.0%
May 12 17:14:14     19.9     1119090      292    93.5%    290.5     0.4%     3.7%     0.0%     0.0%     2.8%     0.0%
May 12 17:15:24     20.5     1548366      292    93.5%    290.4     0.4%     3.7%     0.0%     0.0%     2.8%     0.0%
May 12 17:16:35     20.8     1977611      292    93.5%    290.4     0.4%     3.7%     0.0%     0.0%     2.8%     0.0%
May 12 17:17:35     20.7     2321018      292    93.5%    290.4     0.4%     3.7%     0.0%     0.0%     2.8%     0.0%
May 12 17:18:44     21.0     2750258      292    93.4%    290.4     0.4%     3.7%     0.0%     0.0%     2.8%     0.0%
May 12 17:19:53     21.2     3179407      292    93.4%    290.4     0.4%     3.7%     0.0%     0.0%     2.9%     0.0%
May 12 17:20:59     21.4     3608589      292    93.3%    290.4     0.4%     3.7%     0.0%     0.0%     2.9%     0.0%
May 12 17:22:08     21.5     4037813      292    93.3%    290.3     0.4%     3.7%     0.0%     0.0%     3.0%     0.0%
May 12 17:23:14     21.7     4466868      292    93.2%    290.3     0.4%     3.7%     0.0%     0.0%     3.0%     0.0%
May 12 17:24:20     21.8     4895819      292    93.3%    290.4     0.4%     3.7%     0.0%     0.0%     3.0%     0.0%
May 12 17:25:28     22.2     5409661      292    93.4%    290.5     0.4%     3.7%     0.0%     0.0%     2.8%     0.0%
May 12 17:26:38     22.5     5923323      292    93.6%    290.6     0.4%     3.6%     0.0%     0.0%     2.7%     0.0%
May 12 17:27:48     22.8     6437642      292    93.7%    290.7     0.4%     3.6%     0.0%     0.0%     2.6%     0.0%
May 12 17:28:55     23.1     6951965      292    93.8%    290.8     0.4%     3.6%     0.0%     0.0%     2.6%     0.0%
May 12 17:30:04     23.3     7465603      292    93.8%    290.9     0.4%     3.6%     0.0%     0.0%     2.5%     0.0%
May 12 17:31:11     23.6     7979166      292    93.9%    291.0     0.4%     3.6%     0.0%     0.0%     2.4%     0.0%
May 12 17:32:20     23.7     8493518      292    94.0%    291.0     0.4%     3.6%     0.0%     0.0%     2.4%     0.0%
May 12 17:33:29     23.9     9007905      292    94.0%    291.0     0.4%     3.6%     0.0%     0.0%     2.3%     0.0%
May 12 17:34:30     24.0     9435859      292    94.1%    291.1     0.3%     3.6%     0.0%     0.0%     2.3%     0.0%
May 12 17:35:37     24.1     9949383      292    94.1%    291.2     0.3%     3.6%     0.0%     0.0%     2.2%     0.0%
May 12 17:36:45     24.3    10462236      292    94.2%    291.2     0.3%     3.6%     0.0%     0.0%     2.2%     0.0%
May 12 17:37:52     24.4    10975430      292    94.2%    291.2     0.3%     3.5%     0.0%     0.0%     2.2%     0.0%
May 12 17:38:59     24.5    11487562      292    94.2%    291.2     0.3%     3.5%     0.0%     0.0%     2.2%     0.0%
May 12 17:40:08     24.6    11999623      292    94.3%    291.3     0.3%     3.5%     0.0%     0.0%     2.1%     0.0%
May 12 17:41:16     24.7    12512353      292    94.3%    291.3     0.3%     3.5%     0.0%     0.0%     2.1%     0.0%
May 12 17:42:25     24.8    13025381      292    94.3%    291.3     0.3%     3.5%     0.0%     0.0%     2.1%     0.0%
May 12 17:43:33     24.9    13537314      293    94.3%    291.3     0.3%     3.5%     0.0%     0.0%     2.1%     0.0%
May 12 17:44:42     24.9    14049366      293    94.4%    291.4     0.3%     3.5%     0.0%     0.0%     2.0%     0.0%
May 12 17:45:50     25.0    14561997      293    94.4%    291.4     0.3%     3.5%     0.0%     0.0%     2.0%     0.0%
May 12 17:46:58     25.1    15074855      293    94.4%    291.4     0.3%     3.5%     0.0%     0.0%     2.0%     0.0%
May 12 17:48:07     25.1    15586684      293    94.4%    291.4     0.3%     3.5%     0.0%     0.0%     2.0%     0.0%
May 12 17:49:18     25.1    16098784      293    94.4%    291.4     0.3%     3.5%     0.0%     0.0%     2.0%     0.0%
May 12 17:50:24     25.2    16611610      293    94.5%    291.5     0.3%     3.5%     0.0%     0.0%     2.0%     0.0%
May 12 17:51:34     25.2    17124375      293    94.5%    291.5     0.3%     3.5%     0.0%     0.0%     2.0%     0.0%
May 12 17:52:42     25.3    17636544      293    94.5%    291.5     0.3%     3.5%     0.0%     0.0%     2.0%     0.0%
May 12 17:53:51     25.3    18148925      293    94.5%    291.5     0.3%     3.5%     0.0%     0.0%     2.0%     0.0%
May 12 17:55:02     25.4    18661714      293    94.5%    291.5     0.3%     3.5%     0.0%     0.0%     1.9%     0.0%
May 12 17:56:12     25.4    19174089      293    94.5%    291.5     0.3%     3.5%     0.0%     0.0%     1.9%     0.0%
May 12 17:57:23     25.4    19686325      293    94.5%    291.5     0.3%     3.5%     0.0%     0.0%     1.9%     0.0%
May 12 17:58:31     25.4    20198834      293    94.5%    291.5     0.3%     3.5%     0.0%     0.0%     1.9%     0.0%
May 12 17:59:39     25.5    20711648      293    94.5%    291.5     0.3%     3.5%     0.0%     0.0%     1.9%     0.0%
May 12 18:00:47     25.5    21223817      293    94.5%    291.5     0.3%     3.5%     0.0%     0.0%     1.9%     0.0%
May 12 18:01:54     25.6    21735943      293    94.5%    291.5     0.3%     3.5%     0.0%     0.0%     1.9%     0.0%
May 12 18:03:00     25.6    22248460      293    94.5%    291.5     0.3%     3.5%     0.0%     0.0%     1.9%     0.0%
May 12 18:04:09     25.6    22761224      293    94.5%    291.5     0.3%     3.5%     0.0%     0.0%     1.9%     0.0%
May 12 18:05:15     25.7    23273200      293    94.5%    291.5     0.3%     3.5%     0.0%     0.0%     1.9%     0.0%
May 12 18:06:22     25.7    23785373      293    94.5%    291.5     0.3%     3.5%     0.0%     0.0%     1.9%     0.0%
May 12 18:07:29     25.8    24298093      293    94.5%    291.5     0.3%     3.5%     0.0%     0.0%     1.9%     0.0%
May 12 18:08:36     25.8    24810663      293    94.5%    291.5     0.3%     3.5%     0.0%     0.0%     1.9%     0.0%
May 12 18:09:43     25.8    25322722      293    94.5%    291.6     0.3%     3.5%     0.0%     0.0%     1.9%     0.0%
May 12 18:10:49     25.9    25835042      293    94.5%    291.6     0.3%     3.5%     0.0%     0.0%     1.9%     0.0%
May 12 18:11:57     25.9    26347898      293    94.5%    291.6     0.3%     3.5%     0.0%     0.0%     1.9%     0.0%
May 12 18:13:05     25.9    26860287      293    94.5%    291.6     0.3%     3.5%     0.0%     0.0%     1.9%     0.0%
May 12 18:14:12     25.9    27372444      293    94.5%    291.6     0.3%     3.5%     0.0%     0.0%     1.9%     0.0%
May 12 18:15:18     26.0    27884857      293    94.6%    291.6     0.3%     3.5%     0.0%     0.0%     1.9%     0.0%
May 12 18:16:21     26.0    28366053      293    94.6%    291.6     0.3%     3.5%     0.0%     0.0%     1.9%     0.0%
May 12 18:20:35     24.4    28366053      293    94.6%    291.6     0.3%     3.5%     0.0%     0.0%     1.9%     0.0%
ALL DONE!
