                                 Started job on |	May 12 17:04:32
                             Started mapping on |	May 12 17:10:52
                                    Finished on |	May 12 18:20:35
       Mapping speed, Million of reads per hour |	24.41

                          Number of input reads |	28366053
                      Average input read length |	293
                                    UNIQUE READS:
                   Uniquely mapped reads number |	26821038
                        Uniquely mapped reads % |	94.55%
                          Average mapped length |	291.57
                       Number of splices: Total |	26775354
            Number of splices: Annotated (sjdb) |	26457527
                       Number of splices: GT/AG |	26531887
                       Number of splices: GC/AG |	176127
                       Number of splices: AT/AC |	20451
               Number of splices: Non-canonical |	46889
                      Mismatch rate per base, % |	0.31%
                         Deletion rate per base |	0.01%
                        Deletion average length |	1.85
                        Insertion rate per base |	0.01%
                       Insertion average length |	1.51
                             MULTI-MAPPING READS:
        Number of reads mapped to multiple loci |	986834
             % of reads mapped to multiple loci |	3.48%
        Number of reads mapped to too many loci |	7259
             % of reads mapped to too many loci |	0.03%
                                  UNMAPPED READS:
       % of reads unmapped: too many mismatches |	0.00%
                 % of reads unmapped: too short |	1.90%
                     % of reads unmapped: other |	0.04%
                                  CHIMERIC READS:
                       Number of chimeric reads |	0
                            % of chimeric reads |	0.00%
