           Time    Speed        Read     Read   Mapped   Mapped   Mapped   Mapped Unmapped Unmapped Unmapped Unmapped
                    M/hr      number   length   unique   length   MMrate    multi   multi+       MM    short    other
May 12 13:39:45     15.3      254605      298    96.2%    296.6     0.3%     2.5%     0.0%     0.0%     1.3%     0.0%
May 12 13:41:03     15.5      593629      298    96.2%    296.6     0.3%     2.5%     0.0%     0.0%     1.3%     0.0%
May 12 13:42:12     14.7      847914      298    96.2%    296.6     0.2%     2.5%     0.0%     0.0%     1.3%     0.0%
May 12 13:43:29     15.0     1186431      298    96.2%    296.6     0.2%     2.5%     0.0%     0.0%     1.3%     0.0%
May 12 13:44:47     15.2     1524534      298    96.2%    296.6     0.2%     2.5%     0.0%     0.0%     1.3%     0.0%
May 12 13:45:51     15.0     1778101      298    96.2%    296.6     0.2%     2.5%     0.0%     0.0%     1.3%     0.0%
May 12 13:47:09     15.1     2116199      298    96.2%    296.6     0.2%     2.5%     0.0%     0.0%     1.3%     0.0%
May 12 13:48:10     15.1     2369724      298    96.2%    296.6     0.2%     2.5%     0.0%     0.0%     1.3%     0.0%
May 12 13:49:10     15.1     2623281      298    96.2%    296.7     0.2%     2.5%     0.0%     0.0%     1.3%     0.0%
May 12 13:50:20     14.9     2876826      298    96.2%    296.7     0.2%     2.5%     0.0%     0.0%     1.3%     0.0%
May 12 13:51:27     15.2     3214902      298    96.2%    296.7     0.2%     2.5%     0.0%     0.0%     1.3%     0.0%
May 12 13:52:43     15.3     3552985      298    96.2%    296.7     0.2%     2.5%     0.0%     0.0%     1.3%     0.0%
May 12 13:53:45     15.2     3806550      298    96.2%    296.7     0.2%     2.5%     0.0%     0.0%     1.3%     0.0%
May 12 13:54:53     15.4     4144600      298    96.2%    296.7     0.2%     2.5%     0.0%     0.0%     1.3%     0.0%
May 12 13:56:06     15.5     4482636      298    96.2%    296.7     0.2%     2.5%     0.0%     0.0%     1.3%     0.0%
May 12 13:57:16     15.6     4820670      298    96.2%    296.7     0.2%     2.5%     0.0%     0.0%     1.3%     0.0%
May 12 13:58:31     15.9     5243244      298    96.2%    296.7     0.2%     2.5%     0.0%     0.0%     1.3%     0.0%
May 12 13:59:34     16.1     5581345      298    96.2%    296.7     0.2%     2.5%     0.0%     0.0%     1.3%     0.0%
May 12 14:00:36     16.3     5919422      298    96.2%    296.7     0.2%     2.4%     0.0%     0.0%     1.3%     0.0%
May 12 14:01:43     16.3     6257498      298    96.2%    296.7     0.2%     2.5%     0.0%     0.0%     1.3%     0.0%
May 12 14:02:45     16.5     6595550      298    96.2%    296.7     0.2%     2.5%     0.0%     0.0%     1.3%     0.0%
May 12 14:03:49     16.6     6933611      298    96.2%    296.7     0.2%     2.4%     0.0%     0.0%     1.3%     0.0%
May 12 14:04:51     16.7     7271666      298    96.2%    296.7     0.2%     2.4%     0.0%     0.0%     1.3%     0.0%
May 12 14:05:52     16.8     7609756      298    96.2%    296.7     0.2%     2.4%     0.0%     0.0%     1.3%     0.0%
May 12 14:07:05     17.0     8032319      298    96.2%    296.7     0.2%     2.4%     0.0%     0.0%     1.3%     0.0%
May 12 14:08:16     17.2     8454968      298    96.2%    296.7     0.2%     2.4%     0.0%     0.0%     1.3%     0.0%
May 12 14:09:30     17.3     8877573      298    96.2%    296.7     0.2%     2.4%     0.0%     0.0%     1.3%     0.0%
May 12 14:10:43     17.5     9300147      298    96.2%    296.7     0.2%     2.4%     0.0%     0.0%     1.3%     0.0%
May 12 14:11:43     17.5     9638232      298    96.2%    296.7     0.2%     2.4%     0.0%     0.0%     1.3%     0.0%
May 12 14:12:56     17.7    10060662      298    96.2%    296.7     0.2%     2.4%     0.0%     0.0%     1.3%     0.0%
May 12 14:14:10     17.8    10482084      298    96.2%    296.7     0.2%     2.4%     0.0%     0.0%     1.3%     0.0%
May 12 14:15:23     17.9    10903529      298    96.2%    296.7     0.2%     2.4%     0.0%     0.0%     1.3%     0.0%
May 12 14:16:37     17.9    11325017      298    96.2%    296.7     0.2%     2.4%     0.0%     0.0%     1.3%     0.0%
May 12 14:17:49     18.0    11746453      298    96.2%    296.7     0.2%     2.4%     0.0%     0.0%     1.3%     0.0%
May 12 14:19:02     18.1    12167877      298    96.2%    296.7     0.2%     2.5%     0.0%     0.0%     1.3%     0.0%
May 12 14:20:15     18.2    12589281      298    96.2%    296.7     0.2%     2.5%     0.0%     0.0%     1.3%     0.0%
May 12 14:21:29     18.3    13010709      298    96.2%    296.7     0.2%     2.4%     0.0%     0.0%     1.3%     0.0%
May 12 14:22:42     18.3    13432126      298    96.2%    296.7     0.2%     2.4%     0.0%     0.0%     1.3%     0.0%
May 12 14:23:42     18.4    13769289      298    96.2%    296.7     0.2%     2.4%     0.0%     0.0%     1.3%     0.0%
May 12 14:24:44     18.4    14106441      298    96.2%    296.7     0.2%     2.5%     0.0%     0.0%     1.3%     0.0%
May 12 14:25:45     18.4    14443580      298    96.2%    296.7     0.2%     2.5%     0.0%     0.0%     1.3%     0.0%
May 12 14:26:46     18.5    14780711      298    96.2%    296.7     0.2%     2.5%     0.0%     0.0%     1.3%     0.0%
May 12 14:27:56     18.5    15202108      298    96.2%    296.7     0.2%     2.5%     0.0%     0.0%     1.3%     0.0%
May 12 14:29:03     18.5    15539254      298    96.2%    296.7     0.2%     2.4%     0.0%     0.0%     1.3%     0.0%
May 12 14:30:06     18.6    15876384      298    96.2%    296.7     0.2%     2.4%     0.0%     0.0%     1.3%     0.0%
May 12 14:31:18     18.6    16297829      298    96.2%    296.7     0.2%     2.5%     0.0%     0.0%     1.3%     0.0%
May 12 14:32:31     18.7    16719384      298    96.2%    296.7     0.2%     2.5%     0.0%     0.0%     1.3%     0.0%
May 12 14:33:39     18.7    17140930      298    96.2%    296.7     0.2%     2.5%     0.0%     0.0%     1.3%     0.0%
May 12 14:34:39     18.8    17478199      298    96.2%    296.7     0.2%     2.5%     0.0%     0.0%     1.3%     0.0%
May 12 14:35:46     18.8    17899719      298    96.2%    296.7     0.3%     2.5%     0.0%     0.0%     1.3%     0.0%
May 12 14:36:55     18.9    18321238      298    96.2%    296.7     0.3%     2.5%     0.0%     0.0%     1.3%     0.0%
May 12 14:37:57     18.9    18658502      298    96.2%    296.7     0.3%     2.5%     0.0%     0.0%     1.3%     0.0%
May 12 14:39:01     18.9    18995731      298    96.2%    296.7     0.3%     2.5%     0.0%     0.0%     1.3%     0.0%
May 12 14:40:02     18.9    19332936      298    96.2%    296.7     0.3%     2.5%     0.0%     0.0%     1.3%     0.0%
May 12 14:41:04     18.9    19670145      298    96.2%    296.7     0.3%     2.5%     0.0%     0.0%     1.3%     0.0%
May 12 14:42:05     19.0    20007383      298    96.2%    296.6     0.3%     2.5%     0.0%     0.0%     1.3%     0.0%
May 12 14:43:05     19.0    20344593      298    96.2%    296.6     0.3%     2.5%     0.0%     0.0%     1.3%     0.0%
May 12 14:44:18     19.0    20766101      298    96.2%    296.6     0.3%     2.5%     0.0%     0.0%     1.3%     0.0%
May 12 14:45:32     19.0    21187639      298    96.2%    296.6     0.3%     2.5%     0.0%     0.0%     1.3%     0.0%
May 12 14:46:33     19.0    21524865      298    96.2%    296.6     0.3%     2.5%     0.0%     0.0%     1.3%     0.0%
May 12 14:47:34     19.1    21862094      298    96.2%    296.6     0.3%     2.5%     0.0%     0.0%     1.3%     0.0%
May 12 14:48:45     19.1    22283624      298    96.2%    296.6     0.3%     2.5%     0.0%     0.0%     1.3%     0.0%
May 12 14:49:55     19.1    22705162      298    96.2%    296.6     0.3%     2.5%     0.0%     0.0%     1.3%     0.0%
May 12 14:51:02     19.2    23126664      298    96.2%    296.6     0.3%     2.5%     0.0%     0.0%     1.3%     0.0%
May 12 14:52:16     19.2    23548210      298    96.2%    296.6     0.3%     2.5%     0.0%     0.0%     1.3%     0.0%
May 12 14:53:25     19.3    23969742      298    96.2%    296.6     0.3%     2.5%     0.0%     0.0%     1.3%     0.0%
May 12 14:54:35     19.3    24391268      298    96.2%    296.6     0.3%     2.5%     0.0%     0.0%     1.3%     0.0%
May 12 14:55:44     19.3    24812822      298    96.2%    296.6     0.3%     2.5%     0.0%     0.0%     1.3%     0.0%
May 12 14:56:44     19.4    25150061      298    96.2%    296.6     0.3%     2.5%     0.0%     0.0%     1.3%     0.0%
May 12 14:57:58     19.4    25571632      298    96.2%    296.6     0.3%     2.5%     0.0%     0.0%     1.3%     0.0%
May 12 14:58:58     19.4    25908874      298    96.1%    296.6     0.3%     2.5%     0.0%     0.0%     1.3%     0.0%
May 12 15:00:12     19.4    26330431      298    96.1%    296.6     0.3%     2.5%     0.0%     0.0%     1.3%     0.0%
May 12 15:01:14     19.4    26667635      298    96.1%    296.6     0.3%     2.5%     0.0%     0.0%     1.3%     0.0%
May 12 15:02:23     19.4    27089123      298    96.1%    296.6     0.3%     2.5%     0.0%     0.0%     1.3%     0.0%
May 12 15:03:27     19.5    27510674      298    96.1%    296.6     0.3%     2.5%     0.0%     0.0%     1.3%     0.0%
May 12 15:04:31     19.5    27932211      298    96.1%    296.6     0.3%     2.5%     0.0%     0.0%     1.3%     0.0%
May 12 15:05:34     19.6    28353779      298    96.1%    296.6     0.3%     2.5%     0.0%     0.0%     1.3%     0.0%
May 12 15:06:37     19.6    28775303      298    96.1%    296.6     0.3%     2.5%     0.0%     0.0%     1.4%     0.0%
May 12 15:07:47     19.7    29196832      298    96.1%    296.6     0.3%     2.5%     0.0%     0.0%     1.4%     0.0%
May 12 15:09:01     19.7    29618392      298    96.1%    296.6     0.3%     2.5%     0.0%     0.0%     1.4%     0.0%
May 12 15:10:05     19.7    30039927      298    96.1%    296.6     0.3%     2.5%     0.0%     0.0%     1.4%     0.0%
May 12 15:11:08     19.8    30461479      298    96.1%    296.6     0.3%     2.5%     0.0%     0.0%     1.4%     0.0%
May 12 15:12:11     19.8    30883022      298    96.1%    296.6     0.3%     2.5%     0.0%     0.0%     1.4%     0.0%
May 12 15:13:14     19.9    31304586      298    96.1%    296.6     0.3%     2.5%     0.0%     0.0%     1.4%     0.0%
May 12 15:14:20     19.9    31726164      298    96.1%    296.6     0.3%     2.5%     0.0%     0.0%     1.4%     0.0%
May 12 15:15:29     19.9    32147853      298    96.1%    296.6     0.3%     2.5%     0.0%     0.0%     1.4%     0.0%
May 12 15:16:34     20.0    32569512      298    96.1%    296.6     0.3%     2.5%     0.0%     0.0%     1.4%     0.0%
May 12 15:17:37     20.0    32991161      298    96.1%    296.6     0.3%     2.5%     0.0%     0.0%     1.4%     0.0%
May 12 15:18:43     20.1    33412795      298    96.1%    296.6     0.3%     2.5%     0.0%     0.0%     1.4%     0.0%
May 12 15:19:50     20.1    33834437      298    96.1%    296.6     0.3%     2.5%     0.0%     0.0%     1.4%     0.0%
May 12 15:20:55     20.1    34256066      298    96.1%    296.5     0.3%     2.5%     0.0%     0.0%     1.4%     0.0%
May 12 15:22:00     20.2    34677656      298    96.1%    296.5     0.3%     2.5%     0.0%     0.0%     1.4%     0.0%
May 12 15:23:05     20.2    35099195      298    96.1%    296.5     0.3%     2.5%     0.0%     0.0%     1.4%     0.0%
May 12 15:24:08     20.2    35520851      298    96.1%    296.5     0.3%     2.5%     0.0%     0.0%     1.4%     0.0%
May 12 15:25:15     20.2    35942487      298    96.1%    296.5     0.3%     2.5%     0.0%     0.0%     1.4%     0.0%
May 12 15:26:22     20.3    36364088      298    96.1%    296.5     0.3%     2.5%     0.0%     0.0%     1.4%     0.0%
May 12 15:27:27     20.3    36785702      298    96.1%    296.5     0.3%     2.5%     0.0%     0.0%     1.4%     0.0%
May 12 15:28:31     20.3    37207302      298    96.1%    296.5     0.3%     2.5%     0.0%     0.0%     1.4%     0.0%
May 12 15:29:37     20.4    37628874      298    96.1%    296.5     0.3%     2.5%     0.0%     0.0%     1.4%     0.0%
May 12 15:30:43     20.4    38050454      298    96.1%    296.5     0.3%     2.5%     0.0%     0.0%     1.4%     0.0%
May 12 15:31:47     20.4    38472057      298    96.1%    296.5     0.3%     2.5%     0.0%     0.0%     1.4%     0.0%
May 12 15:32:51     20.5    38893672      298    96.1%    296.5     0.3%     2.5%     0.0%     0.0%     1.4%     0.0%
May 12 15:33:58     20.5    39315359      298    96.1%    296.5     0.3%     2.5%     0.0%     0.0%     1.4%     0.0%
May 12 15:35:01     20.5    39737043      298    96.1%    296.5     0.3%     2.5%     0.0%     0.0%     1.4%     0.0%
May 12 15:36:04     20.5    40158658      298    96.1%    296.5     0.3%     2.5%     0.0%     0.0%     1.4%     0.0%
May 12 15:37:08     20.6    40580280      298    96.1%    296.5     0.3%     2.5%     0.0%     0.0%     1.4%     0.0%
May 12 15:38:13     20.6    41001919      298    96.1%    296.5     0.3%     2.5%     0.0%     0.0%     1.4%     0.0%
May 12 15:39:19     20.6    41423556      298    96.1%    296.5     0.3%     2.5%     0.0%     0.0%     1.4%     0.0%
May 12 15:40:22     20.6    41845198      298    96.1%    296.5     0.3%     2.5%     0.0%     0.0%     1.4%     0.0%
May 12 15:41:25     20.7    42266796      298    96.1%    296.5     0.3%     2.5%     0.0%     0.0%     1.4%     0.0%
May 12 15:42:29     20.7    42688494      298    96.1%    296.5     0.3%     2.5%     0.0%     0.0%     1.4%     0.0%
May 12 15:43:33     20.7    43110183      297    96.1%    296.4     0.3%     2.5%     0.0%     0.0%     1.4%     0.0%
May 12 15:44:38     20.7    43531865      297    96.1%    296.4     0.3%     2.5%     0.0%     0.0%     1.4%     0.0%
May 12 15:45:40     20.8    43953510      297    96.0%    296.4     0.3%     2.5%     0.0%     0.0%     1.4%     0.0%
May 12 15:46:44     20.8    44375153      297    96.0%    296.4     0.3%     2.5%     0.0%     0.0%     1.4%     0.0%
May 12 15:47:47     20.8    44796772      297    96.0%    296.4     0.3%     2.5%     0.0%     0.0%     1.4%     0.0%
May 12 15:48:50     20.9    45218411      297    96.0%    296.4     0.3%     2.5%     0.0%     0.0%     1.4%     0.0%
May 12 15:49:53     20.9    45640023      297    96.0%    296.4     0.3%     2.5%     0.0%     0.0%     1.4%     0.0%
May 12 15:51:00     20.9    46061657      297    96.0%    296.4     0.3%     2.5%     0.0%     0.0%     1.4%     0.0%
May 12 15:52:07     20.9    46483331      297    96.0%    296.4     0.3%     2.5%     0.0%     0.0%     1.4%     0.0%
May 12 15:53:12     20.9    46905014      297    96.0%    296.4     0.3%     2.5%     0.0%     0.0%     1.5%     0.0%
May 12 15:54:17     21.0    47326629      297    96.0%    296.4     0.3%     2.5%     0.0%     0.0%     1.5%     0.0%
May 12 15:55:21     21.0    47748261      297    96.0%    296.4     0.3%     2.5%     0.0%     0.0%     1.5%     0.0%
May 12 15:56:24     21.0    48169913      297    96.0%    296.4     0.3%     2.5%     0.0%     0.0%     1.5%     0.0%
May 12 15:57:29     21.0    48591510      297    96.0%    296.4     0.3%     2.5%     0.0%     0.0%     1.5%     0.0%
May 12 15:58:32     21.0    49013073      297    96.0%    296.4     0.3%     2.5%     0.0%     0.0%     1.5%     0.0%
May 12 15:59:36     21.1    49434676      297    96.0%    296.4     0.3%     2.5%     0.0%     0.0%     1.5%     0.0%
May 12 16:00:40     21.1    49856331      297    96.0%    296.4     0.3%     2.5%     0.0%     0.0%     1.5%     0.0%
May 12 16:01:48     21.1    50278007      297    96.0%    296.4     0.3%     2.5%     0.0%     0.0%     1.5%     0.0%
May 12 16:02:50     21.1    50699572      297    96.0%    296.4     0.3%     2.5%     0.0%     0.0%     1.5%     0.0%
May 12 16:03:53     21.1    51121139      297    96.0%    296.4     0.3%     2.5%     0.0%     0.0%     1.5%     0.0%
May 12 16:04:57     21.2    51542752      297    96.0%    296.4     0.3%     2.5%     0.0%     0.0%     1.5%     0.0%
May 12 16:05:59     21.2    51964351      297    96.0%    296.4     0.3%     2.5%     0.0%     0.0%     1.5%     0.0%
May 12 16:07:05     21.2    52385920      297    96.0%    296.4     0.3%     2.5%     0.0%     0.0%     1.5%     0.0%
May 12 16:08:07     21.2    52807506      297    96.0%    296.4     0.3%     2.5%     0.0%     0.0%     1.5%     0.0%
May 12 16:09:12     21.2    53229051      297    96.0%    296.4     0.3%     2.5%     0.0%     0.0%     1.5%     0.0%
May 12 16:10:17     21.2    53650594      297    96.0%    296.4     0.3%     2.5%     0.0%     0.0%     1.5%     0.0%
May 12 16:11:21     21.3    54072173      297    96.0%    296.4     0.3%     2.5%     0.0%     0.0%     1.5%     0.0%
May 12 16:12:24     21.3    54493744      297    96.0%    296.4     0.3%     2.5%     0.0%     0.0%     1.5%     0.0%
May 12 16:13:28     21.3    54915287      297    96.0%    296.4     0.3%     2.5%     0.0%     0.0%     1.5%     0.0%
May 12 16:14:32     21.3    55336836      297    96.0%    296.4     0.3%     2.5%     0.0%     0.0%     1.5%     0.0%
May 12 16:15:35     21.3    55758406      297    96.0%    296.4     0.3%     2.5%     0.0%     0.0%     1.5%     0.0%
May 12 16:16:39     21.3    56179945      297    96.0%    296.4     0.3%     2.5%     0.0%     0.0%     1.5%     0.0%
May 12 16:17:44     21.4    56601525      297    96.0%    296.4     0.3%     2.5%     0.0%     0.0%     1.5%     0.0%
May 12 16:18:48     21.4    57023090      297    96.0%    296.4     0.3%     2.5%     0.0%     0.0%     1.5%     0.0%
May 12 16:19:53     21.4    57444650      297    96.0%    296.4     0.3%     2.5%     0.0%     0.0%     1.5%     0.0%
May 12 16:20:58     21.4    57866214      297    96.0%    296.4     0.3%     2.5%     0.0%     0.0%     1.5%     0.0%
May 12 16:22:02     21.4    58287759      297    96.0%    296.4     0.3%     2.5%     0.0%     0.0%     1.5%     0.0%
May 12 16:23:06     21.4    58709312      297    96.0%    296.4     0.3%     2.5%     0.0%     0.0%     1.5%     0.0%
May 12 16:24:12     21.4    59130808      297    96.0%    296.4     0.3%     2.5%     0.0%     0.0%     1.5%     0.0%
May 12 16:25:27     21.4    59552333      297    96.0%    296.4     0.3%     2.5%     0.0%     0.0%     1.5%     0.0%
May 12 16:26:30     21.4    59889576      297    96.0%    296.4     0.3%     2.5%     0.0%     0.0%     1.5%     0.0%
May 12 16:27:33     21.4    60226828      297    96.0%    296.4     0.3%     2.5%     0.0%     0.0%     1.5%     0.0%
May 12 16:28:39     21.4    60564089      297    96.0%    296.4     0.3%     2.5%     0.0%     0.0%     1.5%     0.0%
May 12 16:29:49     21.4    60901337      297    96.0%    296.3     0.3%     2.5%     0.0%     0.0%     1.5%     0.0%
May 12 16:30:55     21.3    61238571      297    96.0%    296.3     0.3%     2.5%     0.0%     0.0%     1.5%     0.0%
May 12 16:32:03     21.3    61575817      297    96.0%    296.3     0.3%     2.5%     0.0%     0.0%     1.5%     0.0%
May 12 16:33:09     21.3    61913052      297    96.0%    296.3     0.3%     2.5%     0.0%     0.0%     1.5%     0.0%
May 12 16:34:13     21.3    62250285      297    96.0%    296.3     0.3%     2.5%     0.0%     0.0%     1.5%     0.0%
May 12 16:35:17     21.3    62587513      297    96.0%    296.3     0.3%     2.5%     0.0%     0.0%     1.5%     0.0%
May 12 16:36:24     21.3    62924740      297    96.0%    296.3     0.3%     2.5%     0.0%     0.0%     1.5%     0.0%
May 12 16:37:29     21.2    63261988      297    96.0%    296.3     0.3%     2.5%     0.0%     0.0%     1.5%     0.0%
May 12 16:38:36     21.2    63599238      297    96.0%    296.3     0.3%     2.5%     0.0%     0.0%     1.5%     0.0%
May 12 16:39:40     21.2    63936486      297    96.0%    296.3     0.3%     2.5%     0.0%     0.0%     1.5%     0.0%
May 12 16:40:41     21.2    64273747      297    96.0%    296.3     0.3%     2.5%     0.0%     0.0%     1.5%     0.0%
May 12 16:41:53     21.2    64695287      297    96.0%    296.3     0.3%     2.5%     0.0%     0.0%     1.5%     0.0%
May 12 16:43:06     21.2    65116861      297    96.0%    296.3     0.3%     2.5%     0.0%     0.0%     1.5%     0.0%
May 12 16:44:07     21.2    65454078      297    96.0%    296.3     0.3%     2.5%     0.0%     0.0%     1.5%     0.0%
May 12 16:45:13     21.2    65875607      297    96.0%    296.3     0.3%     2.5%     0.0%     0.0%     1.5%     0.0%
May 12 16:46:21     21.2    66297160      297    96.0%    296.3     0.3%     2.5%     0.0%     0.0%     1.5%     0.0%
May 12 16:47:32     21.2    66718707      297    96.0%    296.3     0.3%     2.5%     0.0%     0.0%     1.5%     0.0%
May 12 16:48:45     21.2    67140277      297    96.0%    296.3     0.3%     2.5%     0.0%     0.0%     1.5%     0.0%
May 12 16:49:53     21.2    67561851      297    96.0%    296.3     0.3%     2.5%     0.0%     0.0%     1.5%     0.0%
May 12 16:50:59     21.2    67983432      297    96.0%    296.3     0.3%     2.5%     0.0%     0.0%     1.5%     0.0%
May 12 16:52:06     21.2    68404933      297    96.0%    296.3     0.3%     2.5%     0.0%     0.0%     1.5%     0.0%
May 12 16:53:15     21.2    68826430      297    96.0%    296.3     0.3%     2.5%     0.0%     0.0%     1.5%     0.0%
May 12 16:54:21     21.2    69247996      297    96.0%    296.3     0.3%     2.5%     0.0%     0.0%     1.5%     0.0%
May 12 16:55:27     21.3    69669531      297    96.0%    296.3     0.3%     2.5%     0.0%     0.0%     1.5%     0.0%
May 12 16:56:32     21.3    70091117      297    96.0%    296.3     0.3%     2.5%     0.0%     0.0%     1.5%     0.0%
May 12 16:57:36     21.3    70512699      297    96.0%    296.3     0.3%     2.5%     0.0%     0.0%     1.5%     0.0%
May 12 16:58:44     21.3    70934258      297    96.0%    296.3     0.3%     2.5%     0.0%     0.0%     1.5%     0.0%
May 12 16:59:48     21.3    71355795      297    96.0%    296.3     0.3%     2.5%     0.0%     0.0%     1.5%     0.0%
May 12 17:00:54     21.3    71777327      297    96.0%    296.3     0.3%     2.5%     0.0%     0.0%     1.5%     0.0%
May 12 17:01:57     21.3    72198871      297    96.0%    296.3     0.3%     2.5%     0.0%     0.0%     1.5%     0.0%
May 12 17:26:33     19.1    72477454      297    96.0%    296.3     0.3%     2.5%     0.0%     0.0%     1.5%     0.0%
ALL DONE!
