                                 Started job on |	May 12 13:18:24
                             Started mapping on |	May 12 13:38:45
                                    Finished on |	May 12 17:26:33
       Mapping speed, Million of reads per hour |	19.09

                          Number of input reads |	72477454
                      Average input read length |	297
                                    UNIQUE READS:
                   Uniquely mapped reads number |	69544787
                        Uniquely mapped reads % |	95.95%
                          Average mapped length |	296.32
                       Number of splices: Total |	81076372
            Number of splices: Annotated (sjdb) |	80199316
                       Number of splices: GT/AG |	80379655
                       Number of splices: GC/AG |	521181
                       Number of splices: AT/AC |	58728
               Number of splices: Non-canonical |	116808
                      Mismatch rate per base, % |	0.31%
                         Deletion rate per base |	0.01%
                        Deletion average length |	1.80
                        Insertion rate per base |	0.01%
                       Insertion average length |	1.61
                             MULTI-MAPPING READS:
        Number of reads mapped to multiple loci |	1793028
             % of reads mapped to multiple loci |	2.47%
        Number of reads mapped to too many loci |	15885
             % of reads mapped to too many loci |	0.02%
                                  UNMAPPED READS:
       % of reads unmapped: too many mismatches |	0.00%
                 % of reads unmapped: too short |	1.53%
                     % of reads unmapped: other |	0.02%
                                  CHIMERIC READS:
                       Number of chimeric reads |	0
                            % of chimeric reads |	0.00%
