                                 Started job on |	May 12 11:39:55
                             Started mapping on |	May 12 11:40:46
                                    Finished on |	May 12 14:28:42
       Mapping speed, Million of reads per hour |	12.11

                          Number of input reads |	33881404
                      Average input read length |	298
                                    UNIQUE READS:
                   Uniquely mapped reads number |	32375608
                        Uniquely mapped reads % |	95.56%
                          Average mapped length |	296.30
                       Number of splices: Total |	35067436
            Number of splices: Annotated (sjdb) |	34617892
                       Number of splices: GT/AG |	34751640
                       Number of splices: GC/AG |	234901
                       Number of splices: AT/AC |	28830
               Number of splices: Non-canonical |	52065
                      Mismatch rate per base, % |	0.36%
                         Deletion rate per base |	0.01%
                        Deletion average length |	1.76
                        Insertion rate per base |	0.01%
                       Insertion average length |	1.57
                             MULTI-MAPPING READS:
        Number of reads mapped to multiple loci |	912469
             % of reads mapped to multiple loci |	2.69%
        Number of reads mapped to too many loci |	10107
             % of reads mapped to too many loci |	0.03%
                                  UNMAPPED READS:
       % of reads unmapped: too many mismatches |	0.00%
                 % of reads unmapped: too short |	1.70%
                     % of reads unmapped: other |	0.03%
                                  CHIMERIC READS:
                       Number of chimeric reads |	0
                            % of chimeric reads |	0.00%
