           Time    Speed        Read     Read   Mapped   Mapped   Mapped   Mapped Unmapped Unmapped Unmapped Unmapped
                    M/hr      number   length   unique   length   MMrate    multi   multi+       MM    short    other
May 12 11:41:48     14.8      254566      297    95.2%    295.8     0.4%     2.7%     0.0%     0.0%     2.0%     0.0%
May 12 11:42:58     16.2      593580      297    95.4%    295.9     0.4%     2.7%     0.0%     0.0%     1.8%     0.0%
May 12 11:44:03     17.0      932590      297    95.5%    296.0     0.4%     2.7%     0.0%     0.0%     1.8%     0.0%
May 12 11:45:14     17.1     1270830      297    95.5%    296.0     0.4%     2.7%     0.0%     0.0%     1.8%     0.0%
May 12 11:46:24     17.1     1608867      297    95.5%    296.1     0.4%     2.7%     0.0%     0.0%     1.7%     0.0%
May 12 11:47:35     17.1     1946922      298    95.6%    296.1     0.3%     2.7%     0.0%     0.0%     1.7%     0.0%
May 12 11:48:43     17.2     2284982      298    95.6%    296.2     0.3%     2.7%     0.0%     0.0%     1.7%     0.0%
May 12 11:49:50     17.4     2623045      297    95.6%    296.2     0.3%     2.7%     0.0%     0.0%     1.7%     0.0%
May 12 11:50:59     17.4     2961124      297    95.6%    296.1     0.3%     2.7%     0.0%     0.0%     1.7%     0.0%
May 12 11:52:07     17.4     3299205      297    95.6%    296.2     0.3%     2.7%     0.0%     0.0%     1.7%     0.0%
May 12 11:53:11     17.6     3637276      297    95.6%    296.2     0.3%     2.7%     0.0%     0.0%     1.7%     0.0%
May 12 11:54:22     17.5     3975298      297    95.6%    296.2     0.3%     2.7%     0.0%     0.0%     1.7%     0.0%
May 12 11:55:24     17.7     4313359      298    95.6%    296.2     0.3%     2.7%     0.0%     0.0%     1.6%     0.0%
May 12 11:56:34     18.0     4735961      298    95.6%    296.2     0.3%     2.7%     0.0%     0.0%     1.6%     0.0%
May 12 11:57:34     18.1     5074022      297    95.6%    296.2     0.3%     2.7%     0.0%     0.0%     1.7%     0.0%
May 12 11:58:40     18.1     5412098      297    95.6%    296.2     0.3%     2.7%     0.0%     0.0%     1.7%     0.0%
May 12 11:59:47     18.1     5750171      297    95.6%    296.2     0.3%     2.7%     0.0%     0.0%     1.7%     0.0%
May 12 12:00:53     18.2     6088262      297    95.6%    296.2     0.3%     2.7%     0.0%     0.0%     1.7%     0.0%
May 12 12:02:01     18.1     6426322      297    95.6%    296.2     0.3%     2.7%     0.0%     0.0%     1.6%     0.0%
May 12 12:03:07     18.2     6764434      297    95.6%    296.2     0.3%     2.7%     0.0%     0.0%     1.6%     0.0%
May 12 12:04:16     18.3     7187026      297    95.6%    296.2     0.3%     2.7%     0.0%     0.0%     1.6%     0.0%
May 12 12:05:21     18.4     7525085      297    95.6%    296.2     0.3%     2.7%     0.0%     0.0%     1.6%     0.0%
May 12 12:06:32     18.5     7947708      297    95.6%    296.2     0.3%     2.7%     0.0%     0.0%     1.6%     0.0%
May 12 12:07:36     18.5     8285760      297    95.6%    296.2     0.3%     2.7%     0.0%     0.0%     1.6%     0.0%
May 12 12:08:39     18.6     8623842      297    95.6%    296.2     0.3%     2.7%     0.0%     0.0%     1.6%     0.0%
May 12 12:09:48     18.7     9046434      297    95.6%    296.2     0.3%     2.7%     0.0%     0.0%     1.6%     0.0%
May 12 12:10:58     18.8     9469058      297    95.6%    296.2     0.3%     2.7%     0.0%     0.0%     1.6%     0.0%
May 12 12:12:06     18.8     9807162      297    95.6%    296.2     0.3%     2.7%     0.0%     0.0%     1.6%     0.0%
May 12 12:13:08     18.8    10144816      297    95.6%    296.2     0.3%     2.7%     0.0%     0.0%     1.6%     0.0%
May 12 12:14:13     18.8    10481950      297    95.6%    296.2     0.3%     2.7%     0.0%     0.0%     1.6%     0.0%
May 12 12:15:22     18.6    10734794      297    95.6%    296.2     0.3%     2.7%     0.0%     0.0%     1.6%     0.0%
May 12 12:16:36     18.7    11156184      297    95.6%    296.2     0.3%     2.7%     0.0%     0.0%     1.6%     0.0%
May 12 12:17:37     18.7    11493319      297    95.6%    296.2     0.3%     2.7%     0.0%     0.0%     1.6%     0.0%
May 12 12:18:40     18.7    11830434      297    95.6%    296.2     0.3%     2.7%     0.0%     0.0%     1.6%     0.0%
May 12 12:19:47     18.7    12167582      297    95.6%    296.2     0.3%     2.7%     0.0%     0.0%     1.6%     0.0%
May 12 12:20:55     18.7    12504719      297    95.6%    296.2     0.3%     2.7%     0.0%     0.0%     1.6%     0.0%
May 12 12:21:57     18.7    12841837      297    95.6%    296.2     0.3%     2.7%     0.0%     0.0%     1.6%     0.0%
May 12 12:23:00     18.7    13178930      297    95.6%    296.2     0.3%     2.7%     0.0%     0.0%     1.6%     0.0%
May 12 12:24:02     18.7    13516029      298    95.6%    296.2     0.3%     2.7%     0.0%     0.0%     1.6%     0.0%
May 12 12:25:17     18.6    13768857      298    95.6%    296.2     0.3%     2.7%     0.0%     0.0%     1.6%     0.0%
May 12 12:26:30     18.6    14190279      298    95.6%    296.2     0.3%     2.7%     0.0%     0.0%     1.6%     0.0%
May 12 12:27:41     18.6    14527409      298    95.6%    296.2     0.3%     2.7%     0.0%     0.0%     1.6%     0.0%
May 12 12:28:47     18.6    14864520      298    95.6%    296.2     0.3%     2.7%     0.0%     0.0%     1.6%     0.0%
May 12 12:29:52     18.5    15117353      298    95.6%    296.2     0.3%     2.7%     0.0%     0.0%     1.6%     0.0%
May 12 12:31:00     18.6    15538738      298    95.6%    296.2     0.3%     2.7%     0.0%     0.0%     1.6%     0.0%
May 12 12:32:04     18.7    15960154      298    95.6%    296.2     0.3%     2.7%     0.0%     0.0%     1.6%     0.0%
May 12 12:33:26     18.6    16297245      298    95.6%    296.2     0.3%     2.7%     0.0%     0.0%     1.6%     0.0%
May 12 12:34:33     18.7    16718642      298    95.6%    296.2     0.3%     2.7%     0.0%     0.0%     1.7%     0.0%
May 12 12:40:05     17.3    17140004      298    95.6%    296.2     0.4%     2.7%     0.0%     0.0%     1.7%     0.0%
May 12 12:41:10     17.4    17477108      298    95.6%    296.2     0.4%     2.7%     0.0%     0.0%     1.7%     0.0%
May 12 12:42:13     17.4    17814229      298    95.6%    296.2     0.4%     2.7%     0.0%     0.0%     1.7%     0.0%
May 12 12:43:17     17.4    18151305      298    95.6%    296.2     0.4%     2.7%     0.0%     0.0%     1.7%     0.0%
May 12 12:44:26     17.4    18488364      298    95.6%    296.2     0.4%     2.7%     0.0%     0.0%     1.7%     0.0%
May 12 12:45:35     17.5    18909685      298    95.6%    296.2     0.4%     2.7%     0.0%     0.0%     1.7%     0.0%
May 12 12:46:36     17.5    19162494      298    95.6%    296.2     0.4%     2.7%     0.0%     0.0%     1.7%     0.0%
May 12 12:47:49     17.4    19415297      298    95.6%    296.2     0.4%     2.7%     0.0%     0.0%     1.7%     0.0%
May 12 12:49:02     17.4    19836659      298    95.6%    296.2     0.4%     2.7%     0.0%     0.0%     1.7%     0.0%
May 12 12:50:04     17.5    20173728      298    95.6%    296.2     0.4%     2.7%     0.0%     0.0%     1.7%     0.0%
May 12 12:51:15     17.5    20595092      298    95.6%    296.2     0.4%     2.7%     0.0%     0.0%     1.7%     0.0%
May 12 12:52:21     17.6    21016450      298    95.6%    296.2     0.4%     2.7%     0.0%     0.0%     1.7%     0.0%
May 12 12:53:29     17.7    21437759      298    95.6%    296.2     0.4%     2.7%     0.0%     0.0%     1.7%     0.0%
May 12 12:54:37     17.8    21859109      298    95.6%    296.2     0.4%     2.7%     0.0%     0.0%     1.7%     0.0%
May 12 12:55:41     17.8    22196197      298    95.6%    296.2     0.4%     2.7%     0.0%     0.0%     1.7%     0.0%
May 12 12:56:55     17.8    22533253      298    95.6%    296.2     0.4%     2.7%     0.0%     0.0%     1.7%     0.0%
May 12 12:57:58     17.8    22870315      298    95.6%    296.2     0.4%     2.7%     0.0%     0.0%     1.7%     0.0%
May 12 12:59:03     17.9    23291664      298    95.6%    296.2     0.4%     2.7%     0.0%     0.0%     1.7%     0.0%
May 12 13:00:12     17.9    23712978      298    95.6%    296.2     0.4%     2.7%     0.0%     0.0%     1.7%     0.0%
May 12 13:01:17     18.0    24134319      298    95.6%    296.2     0.4%     2.7%     0.0%     0.0%     1.7%     0.0%
May 12 13:02:26     18.0    24555672      298    95.6%    296.2     0.4%     2.7%     0.0%     0.0%     1.7%     0.0%
May 12 13:03:26     18.1    24892756      298    95.6%    296.2     0.4%     2.7%     0.0%     0.0%     1.7%     0.0%
May 12 13:04:31     18.1    25314134      298    95.6%    296.2     0.4%     2.7%     0.0%     0.0%     1.7%     0.0%
May 12 13:05:36     18.2    25735502      298    95.6%    296.2     0.4%     2.7%     0.0%     0.0%     1.7%     0.0%
May 12 13:07:05     18.2    26156867      298    95.6%    296.2     0.4%     2.7%     0.0%     0.0%     1.7%     0.0%
May 12 13:08:13     18.2    26578204      298    95.6%    296.2     0.4%     2.7%     0.0%     0.0%     1.7%     0.0%
May 12 13:09:27     18.3    26999534      298    95.6%    296.3     0.4%     2.7%     0.0%     0.0%     1.7%     0.0%
May 12 13:10:37     18.3    27420863      298    95.6%    296.3     0.4%     2.7%     0.0%     0.0%     1.7%     0.0%
May 12 13:11:44     18.4    27842200      298    95.6%    296.3     0.4%     2.7%     0.0%     0.0%     1.7%     0.0%
May 12 13:12:48     18.4    28263469      298    95.6%    296.3     0.4%     2.7%     0.0%     0.0%     1.7%     0.0%
May 12 13:13:52     18.5    28684720      298    95.6%    296.3     0.4%     2.7%     0.0%     0.0%     1.7%     0.0%
May 12 13:14:56     18.5    29105983      298    95.6%    296.3     0.4%     2.7%     0.0%     0.0%     1.7%     0.0%
May 12 13:16:01     18.6    29527266      298    95.6%    296.3     0.4%     2.7%     0.0%     0.0%     1.7%     0.0%
May 12 13:17:05     18.7    29948578      298    95.6%    296.3     0.4%     2.7%     0.0%     0.0%     1.7%     0.0%
May 12 13:18:16     18.7    30369882      298    95.6%    296.3     0.4%     2.7%     0.0%     0.0%     1.7%     0.0%
May 12 13:19:21     18.7    30791160      298    95.6%    296.3     0.4%     2.7%     0.0%     0.0%     1.7%     0.0%
May 12 13:20:25     18.8    31212458      298    95.6%    296.3     0.4%     2.7%     0.0%     0.0%     1.7%     0.0%
May 12 13:21:34     18.8    31633773      298    95.6%    296.3     0.4%     2.7%     0.0%     0.0%     1.7%     0.0%
May 12 13:22:45     18.9    32055132      298    95.6%    296.3     0.4%     2.7%     0.0%     0.0%     1.7%     0.0%
May 12 13:23:53     18.9    32476481      298    95.6%    296.3     0.4%     2.7%     0.0%     0.0%     1.7%     0.0%
May 12 13:25:01     18.9    32897826      298    95.6%    296.3     0.4%     2.7%     0.0%     0.0%     1.7%     0.0%
May 12 13:26:09     19.0    33319174      298    95.6%    296.3     0.4%     2.7%     0.0%     0.0%     1.7%     0.0%
May 12 13:27:22     19.0    33740505      298    95.6%    296.3     0.4%     2.7%     0.0%     0.0%     1.7%     0.0%
May 12 14:28:42     12.1    33881404      298    95.6%    296.3     0.4%     2.7%     0.0%     0.0%     1.7%     0.0%
ALL DONE!
