                                 Started job on |	May 12 17:10:18
                             Started mapping on |	May 12 17:10:52
                                    Finished on |	May 12 18:29:50
       Mapping speed, Million of reads per hour |	23.99

                          Number of input reads |	31568703
                      Average input read length |	298
                                    UNIQUE READS:
                   Uniquely mapped reads number |	30239082
                        Uniquely mapped reads % |	95.79%
                          Average mapped length |	296.72
                       Number of splices: Total |	32419580
            Number of splices: Annotated (sjdb) |	32054148
                       Number of splices: GT/AG |	32127574
                       Number of splices: GC/AG |	217979
                       Number of splices: AT/AC |	28336
               Number of splices: Non-canonical |	45691
                      Mismatch rate per base, % |	0.38%
                         Deletion rate per base |	0.01%
                        Deletion average length |	1.83
                        Insertion rate per base |	0.01%
                       Insertion average length |	1.57
                             MULTI-MAPPING READS:
        Number of reads mapped to multiple loci |	700448
             % of reads mapped to multiple loci |	2.22%
        Number of reads mapped to too many loci |	9646
             % of reads mapped to too many loci |	0.03%
                                  UNMAPPED READS:
       % of reads unmapped: too many mismatches |	0.00%
                 % of reads unmapped: too short |	1.93%
                     % of reads unmapped: other |	0.03%
                                  CHIMERIC READS:
                       Number of chimeric reads |	0
                            % of chimeric reads |	0.00%
