           Time    Speed        Read     Read   Mapped   Mapped   Mapped   Mapped Unmapped Unmapped Unmapped Unmapped
                    M/hr      number   length   unique   length   MMrate    multi   multi+       MM    short    other
May 12 13:40:04     11.6      254798      297    95.8%    295.6     0.4%     2.3%     0.0%     0.0%     1.8%     0.0%
May 12 13:41:13     12.4      509264      297    95.9%    295.7     0.4%     2.3%     0.0%     0.0%     1.8%     0.0%
May 12 13:42:18     12.9      763741      297    96.0%    295.7     0.4%     2.3%     0.0%     0.0%     1.7%     0.0%
May 12 13:43:24     13.1     1018212      297    96.0%    295.8     0.4%     2.3%     0.0%     0.0%     1.7%     0.0%
May 12 13:44:24     13.5     1272023      297    96.0%    295.8     0.3%     2.3%     0.0%     0.0%     1.7%     0.0%
May 12 13:45:25     13.7     1525837      297    96.0%    295.8     0.3%     2.3%     0.0%     0.0%     1.7%     0.0%
May 12 13:46:28     13.8     1779646      297    96.0%    295.8     0.3%     2.3%     0.0%     0.0%     1.6%     0.0%
May 12 13:47:48     14.0     2118058      297    96.0%    295.8     0.3%     2.3%     0.0%     0.0%     1.6%     0.0%
May 12 13:49:00     14.4     2456428      297    96.0%    295.8     0.3%     2.3%     0.0%     0.0%     1.6%     0.0%
May 12 13:50:00     14.5     2710208      297    96.0%    295.9     0.3%     2.3%     0.0%     0.0%     1.6%     0.0%
May 12 13:51:10     14.7     3048612      297    96.1%    295.9     0.3%     2.3%     0.0%     0.0%     1.6%     0.0%
May 12 13:52:19     15.0     3387018      297    96.1%    295.9     0.3%     2.3%     0.0%     0.0%     1.6%     0.0%
May 12 13:53:25     15.2     3725468      297    96.1%    295.9     0.3%     2.3%     0.0%     0.0%     1.6%     0.0%
May 12 13:54:35     15.4     4063814      297    96.1%    295.9     0.3%     2.3%     0.0%     0.0%     1.6%     0.0%
May 12 13:55:36     15.7     4402289      297    96.1%    295.9     0.3%     2.3%     0.0%     0.0%     1.6%     0.0%
May 12 13:56:38     15.9     4740864      297    96.1%    295.9     0.3%     2.3%     0.0%     0.0%     1.6%     0.0%
May 12 13:57:41     16.1     5079413      297    96.1%    296.0     0.3%     2.3%     0.0%     0.0%     1.6%     0.0%
May 12 13:58:43     16.3     5417852      297    96.1%    295.9     0.3%     2.3%     0.0%     0.0%     1.6%     0.0%
May 12 13:59:58     16.5     5840729      297    96.1%    295.9     0.3%     2.3%     0.0%     0.0%     1.6%     0.0%
May 12 14:01:00     16.7     6179084      297    96.1%    295.9     0.3%     2.3%     0.0%     0.0%     1.6%     0.0%
May 12 14:02:16     16.8     6602064      297    96.1%    295.9     0.3%     2.3%     0.0%     0.0%     1.6%     0.0%
May 12 14:03:27     17.1     7025005      297    96.1%    295.9     0.3%     2.3%     0.0%     0.0%     1.6%     0.0%
May 12 14:04:30     17.2     7363396      297    96.1%    296.0     0.3%     2.3%     0.0%     0.0%     1.6%     0.0%
May 12 14:05:35     17.4     7786389      297    96.1%    296.0     0.3%     2.3%     0.0%     0.0%     1.6%     0.0%
May 12 14:06:41     17.6     8209334      297    96.1%    296.0     0.3%     2.3%     0.0%     0.0%     1.6%     0.0%
May 12 14:07:45     17.9     8632334      297    96.1%    296.0     0.3%     2.3%     0.0%     0.0%     1.6%     0.0%
May 12 14:08:51     18.1     9055346      297    96.1%    296.0     0.3%     2.3%     0.0%     0.0%     1.6%     0.0%
May 12 14:10:01     18.2     9478483      297    96.1%    296.0     0.3%     2.3%     0.0%     0.0%     1.5%     0.0%
May 12 14:11:07     18.4     9901586      297    96.1%    296.0     0.3%     2.3%     0.0%     0.0%     1.5%     0.0%
May 12 14:12:13     18.5    10323832      297    96.1%    296.0     0.3%     2.3%     0.0%     0.0%     1.5%     0.0%
May 12 14:13:19     18.7    10745718      297    96.1%    296.0     0.3%     2.3%     0.0%     0.0%     1.5%     0.0%
May 12 14:14:25     18.8    11167460      297    96.1%    296.0     0.3%     2.3%     0.0%     0.0%     1.5%     0.0%
May 12 14:15:30     18.9    11589240      297    96.1%    296.0     0.3%     2.3%     0.0%     0.0%     1.5%     0.0%
May 12 14:16:32     19.1    12010994      297    96.1%    296.0     0.3%     2.3%     0.0%     0.0%     1.5%     0.0%
May 12 14:17:38     19.2    12432743      297    96.1%    296.0     0.3%     2.3%     0.0%     0.0%     1.5%     0.0%
May 12 14:18:43     19.3    12854551      297    96.1%    296.0     0.3%     2.3%     0.0%     0.0%     1.5%     0.0%
May 12 14:19:46     19.4    13276350      297    96.1%    296.0     0.3%     2.3%     0.0%     0.0%     1.5%     0.0%
May 12 14:20:48     19.5    13698168      297    96.1%    296.0     0.3%     2.3%     0.0%     0.0%     1.5%     0.0%
May 12 14:21:53     19.6    14120074      297    96.1%    296.0     0.3%     2.3%     0.0%     0.0%     1.5%     0.0%
May 12 14:22:58     19.7    14541946      297    96.1%    296.0     0.3%     2.3%     0.0%     0.0%     1.5%     0.0%
May 12 14:24:01     19.8    14963942      297    96.1%    296.0     0.3%     2.3%     0.0%     0.0%     1.5%     0.0%
May 12 14:25:07     19.9    15385941      297    96.1%    296.0     0.3%     2.3%     0.0%     0.0%     1.5%     0.0%
May 12 14:26:16     20.0    15807960      297    96.1%    296.0     0.3%     2.3%     0.0%     0.0%     1.5%     0.0%
May 12 14:27:24     20.0    16229726      297    96.1%    296.0     0.3%     2.3%     0.0%     0.0%     1.5%     0.0%
May 12 14:28:38     20.0    16651497      297    96.1%    296.0     0.3%     2.3%     0.0%     0.0%     1.5%     0.0%
May 12 14:29:42     20.1    17073293      297    96.1%    296.0     0.3%     2.3%     0.0%     0.0%     1.5%     0.0%
May 12 14:30:46     20.2    17495093      297    96.1%    296.0     0.3%     2.3%     0.0%     0.0%     1.5%     0.0%
May 12 14:31:52     20.2    17916909      297    96.1%    296.0     0.3%     2.3%     0.0%     0.0%     1.5%     0.0%
May 12 14:32:56     20.3    18338724      297    96.1%    296.0     0.3%     2.3%     0.0%     0.0%     1.5%     0.0%
May 12 14:34:02     20.4    18760552      297    96.1%    296.0     0.3%     2.3%     0.0%     0.0%     1.5%     0.0%
May 12 14:35:04     20.4    19182372      297    96.1%    296.0     0.3%     2.3%     0.0%     0.0%     1.5%     0.0%
May 12 14:36:07     20.5    19604203      297    96.1%    296.0     0.3%     2.3%     0.0%     0.0%     1.5%     0.0%
May 12 14:37:10     20.6    20026107      297    96.1%    296.0     0.3%     2.3%     0.0%     0.0%     1.5%     0.0%
May 12 14:38:16     20.6    20448083      297    96.1%    296.0     0.3%     2.3%     0.0%     0.0%     1.5%     0.0%
May 12 14:39:20     20.7    20870112      297    96.1%    296.0     0.3%     2.3%     0.0%     0.0%     1.5%     0.0%
May 12 14:40:26     20.7    21292200      297    96.1%    296.0     0.3%     2.3%     0.0%     0.0%     1.5%     0.0%
May 12 14:41:32     20.8    21713861      297    96.1%    296.0     0.3%     2.3%     0.0%     0.0%     1.5%     0.0%
May 12 14:42:37     20.8    22135617      297    96.1%    296.0     0.3%     2.3%     0.0%     0.0%     1.5%     0.0%
May 12 14:43:41     20.8    22557409      297    96.1%    296.0     0.3%     2.3%     0.0%     0.0%     1.5%     0.0%
May 12 14:44:45     20.9    22979163      297    96.1%    296.0     0.3%     2.3%     0.0%     0.0%     1.5%     0.0%
May 12 14:45:56     20.9    23400971      297    96.1%    296.0     0.3%     2.3%     0.0%     0.0%     1.5%     0.0%
May 12 14:47:03     20.9    23822746      297    96.1%    296.0     0.3%     2.3%     0.0%     0.0%     1.5%     0.0%
May 12 14:48:07     21.0    24244527      297    96.1%    296.0     0.3%     2.3%     0.0%     0.0%     1.5%     0.0%
May 12 14:49:11     21.0    24666390      297    96.1%    296.0     0.3%     2.3%     0.0%     0.0%     1.5%     0.0%
May 12 14:50:14     21.1    25088285      297    96.1%    296.0     0.3%     2.3%     0.0%     0.0%     1.5%     0.0%
May 12 14:51:17     21.1    25510164      297    96.1%    296.0     0.3%     2.3%     0.0%     0.0%     1.5%     0.0%
May 12 14:52:20     21.1    25932100      297    96.1%    296.0     0.3%     2.3%     0.0%     0.0%     1.5%     0.0%
May 12 14:53:23     21.2    26354089      297    96.1%    296.0     0.3%     2.3%     0.0%     0.0%     1.5%     0.0%
May 12 14:54:27     21.2    26775923      297    96.1%    296.0     0.3%     2.3%     0.0%     0.0%     1.5%     0.0%
May 12 14:55:30     21.3    27197646      297    96.1%    296.0     0.3%     2.3%     0.0%     0.0%     1.5%     0.0%
May 12 14:56:35     21.3    27619368      297    96.1%    296.0     0.3%     2.3%     0.0%     0.0%     1.5%     0.0%
May 12 14:57:43     21.3    28041099      297    96.1%    296.0     0.3%     2.3%     0.0%     0.0%     1.5%     0.0%
May 12 14:58:49     21.3    28462904      297    96.1%    296.0     0.3%     2.3%     0.0%     0.0%     1.5%     0.0%
May 12 14:59:52     21.4    28884630      297    96.1%    296.0     0.3%     2.3%     0.0%     0.0%     1.5%     0.0%
May 12 15:00:55     21.4    29306325      297    96.1%    296.0     0.3%     2.3%     0.0%     0.0%     1.5%     0.0%
May 12 15:01:59     21.4    29728105      297    96.1%    296.0     0.3%     2.3%     0.0%     0.0%     1.5%     0.0%
May 12 15:03:04     21.5    30149884      297    96.1%    296.0     0.3%     2.3%     0.0%     0.0%     1.5%     0.0%
May 12 15:04:10     21.5    30571765      297    96.1%    296.0     0.3%     2.3%     0.0%     0.0%     1.5%     0.0%
May 12 15:05:17     21.5    30993693      297    96.1%    296.0     0.3%     2.3%     0.0%     0.0%     1.5%     0.0%
May 12 15:06:24     21.5    31415645      297    96.1%    296.0     0.3%     2.3%     0.0%     0.0%     1.5%     0.0%
May 12 15:07:28     21.5    31837679      297    96.1%    296.0     0.3%     2.3%     0.0%     0.0%     1.5%     0.0%
May 12 15:08:36     21.5    32259441      297    96.1%    296.0     0.3%     2.3%     0.0%     0.0%     1.5%     0.0%
May 12 15:09:42     21.6    32681176      297    96.1%    296.0     0.3%     2.3%     0.0%     0.0%     1.5%     0.0%
May 12 15:10:54     21.6    33102974      297    96.1%    296.0     0.3%     2.3%     0.0%     0.0%     1.5%     0.0%
May 12 15:12:00     21.6    33524746      297    96.1%    296.0     0.3%     2.3%     0.0%     0.0%     1.5%     0.0%
May 12 15:13:11     21.6    33946516      297    96.1%    296.0     0.3%     2.3%     0.0%     0.0%     1.6%     0.0%
May 12 15:14:20     21.6    34368223      297    96.1%    296.0     0.3%     2.3%     0.0%     0.0%     1.6%     0.0%
May 12 15:15:27     21.6    34789942      297    96.1%    296.0     0.3%     2.3%     0.0%     0.0%     1.6%     0.0%
May 12 15:16:33     21.6    35211664      297    96.1%    296.0     0.3%     2.3%     0.0%     0.0%     1.6%     0.0%
May 12 15:17:38     21.6    35633398      297    96.1%    296.0     0.3%     2.3%     0.0%     0.0%     1.6%     0.0%
May 12 15:18:43     21.6    36055168      297    96.1%    296.0     0.3%     2.3%     0.0%     0.0%     1.6%     0.0%
May 12 15:19:52     21.6    36476982      297    96.1%    296.0     0.3%     2.3%     0.0%     0.0%     1.6%     0.0%
May 12 15:20:57     21.7    36898766      297    96.1%    296.0     0.3%     2.3%     0.0%     0.0%     1.6%     0.0%
May 12 15:22:04     21.7    37320481      297    96.1%    296.0     0.3%     2.3%     0.0%     0.0%     1.6%     0.0%
May 12 15:23:09     21.7    37742200      297    96.1%    296.0     0.3%     2.3%     0.0%     0.0%     1.6%     0.0%
May 12 15:24:15     21.7    38163957      297    96.1%    296.0     0.3%     2.3%     0.0%     0.0%     1.6%     0.0%
May 12 15:25:23     21.7    38585747      297    96.1%    296.0     0.3%     2.3%     0.0%     0.0%     1.6%     0.0%
May 12 15:26:29     21.7    39007510      297    96.1%    296.0     0.3%     2.3%     0.0%     0.0%     1.6%     0.0%
May 12 15:27:33     21.7    39429238      297    96.1%    296.0     0.3%     2.3%     0.0%     0.0%     1.6%     0.0%
May 12 15:28:37     21.8    39850926      297    96.1%    296.0     0.3%     2.3%     0.0%     0.0%     1.6%     0.0%
May 12 15:29:43     21.8    40272684      297    96.1%    296.0     0.3%     2.3%     0.0%     0.0%     1.6%     0.0%
May 12 15:30:49     21.8    40694354      297    96.1%    296.0     0.3%     2.3%     0.0%     0.0%     1.6%     0.0%
May 12 15:31:54     21.8    41116078      297    96.1%    296.0     0.3%     2.3%     0.0%     0.0%     1.6%     0.0%
May 12 15:32:59     21.8    41537836      297    96.1%    296.0     0.3%     2.3%     0.0%     0.0%     1.6%     0.0%
May 12 15:34:03     21.8    41959580      297    96.1%    296.0     0.3%     2.3%     0.0%     0.0%     1.6%     0.0%
May 12 15:35:08     21.8    42381177      297    96.1%    296.0     0.3%     2.3%     0.0%     0.0%     1.6%     0.0%
May 12 15:36:12     21.9    42802857      297    96.1%    296.0     0.3%     2.3%     0.0%     0.0%     1.6%     0.0%
May 12 15:37:17     21.9    43224575      297    96.1%    296.0     0.3%     2.3%     0.0%     0.0%     1.6%     0.0%
May 12 15:38:22     21.9    43646351      297    96.1%    296.0     0.3%     2.3%     0.0%     0.0%     1.6%     0.0%
May 12 15:39:31     21.9    44068108      297    96.1%    296.0     0.3%     2.3%     0.0%     0.0%     1.6%     0.0%
May 12 15:40:36     21.9    44489846      297    96.1%    296.0     0.3%     2.3%     0.0%     0.0%     1.6%     0.0%
May 12 15:41:38     21.9    44911556      297    96.1%    296.0     0.3%     2.3%     0.0%     0.0%     1.6%     0.0%
May 12 15:42:40     22.0    45333268      297    96.1%    296.0     0.3%     2.3%     0.0%     0.0%     1.6%     0.0%
May 12 15:43:45     22.0    45755008      297    96.1%    296.0     0.3%     2.3%     0.0%     0.0%     1.6%     0.0%
May 12 15:44:47     22.0    46176699      297    96.1%    296.0     0.3%     2.3%     0.0%     0.0%     1.6%     0.0%
May 12 15:45:52     22.0    46598444      297    96.1%    296.0     0.3%     2.3%     0.0%     0.0%     1.6%     0.0%
May 12 15:46:56     22.0    47020179      297    96.1%    296.0     0.3%     2.3%     0.0%     0.0%     1.6%     0.0%
May 12 15:48:01     22.0    47441894      297    96.1%    296.0     0.3%     2.3%     0.0%     0.0%     1.6%     0.0%
May 12 15:49:06     22.0    47863562      297    96.1%    296.0     0.3%     2.3%     0.0%     0.0%     1.6%     0.0%
May 12 15:50:12     22.0    48285231      297    96.1%    296.0     0.3%     2.3%     0.0%     0.0%     1.6%     0.0%
May 12 15:51:18     22.0    48706980      297    96.0%    296.0     0.3%     2.3%     0.0%     0.0%     1.6%     0.0%
May 12 15:52:20     22.1    49128653      297    96.0%    296.0     0.3%     2.3%     0.0%     0.0%     1.6%     0.0%
May 12 15:53:24     22.1    49550330      297    96.0%    296.0     0.3%     2.3%     0.0%     0.0%     1.6%     0.0%
May 12 15:54:27     22.1    49972047      297    96.0%    296.0     0.3%     2.3%     0.0%     0.0%     1.6%     0.0%
May 12 15:55:29     22.1    50393745      297    96.0%    296.0     0.3%     2.3%     0.0%     0.0%     1.6%     0.0%
May 12 15:56:32     22.1    50815476      297    96.0%    296.0     0.3%     2.3%     0.0%     0.0%     1.6%     0.0%
May 12 15:57:35     22.1    51237188      297    96.0%    296.0     0.3%     2.3%     0.0%     0.0%     1.6%     0.0%
May 12 15:58:40     22.2    51658953      297    96.0%    296.0     0.3%     2.3%     0.0%     0.0%     1.6%     0.0%
May 12 15:59:45     22.2    52080661      297    96.0%    296.0     0.3%     2.3%     0.0%     0.0%     1.6%     0.0%
May 12 16:00:47     22.2    52502345      297    96.0%    296.0     0.3%     2.3%     0.0%     0.0%     1.6%     0.0%
May 12 16:01:54     22.2    52924023      297    96.0%    296.0     0.3%     2.3%     0.0%     0.0%     1.6%     0.0%
May 12 16:02:56     22.2    53345732      297    96.0%    296.0     0.3%     2.3%     0.0%     0.0%     1.6%     0.0%
May 12 16:04:00     22.2    53767430      297    96.0%    296.0     0.3%     2.3%     0.0%     0.0%     1.6%     0.0%
May 12 16:05:03     22.2    54189178      297    96.0%    296.0     0.3%     2.3%     0.0%     0.0%     1.6%     0.0%
May 12 16:06:05     22.2    54610884      297    96.0%    296.0     0.3%     2.3%     0.0%     0.0%     1.6%     0.0%
May 12 16:07:08     22.3    55032526      297    96.0%    296.0     0.3%     2.3%     0.0%     0.0%     1.6%     0.0%
May 12 16:08:10     22.3    55454247      297    96.0%    296.0     0.3%     2.3%     0.0%     0.0%     1.6%     0.0%
May 12 16:09:10     22.3    55875974      297    96.0%    296.0     0.3%     2.3%     0.0%     0.0%     1.6%     0.0%
May 12 16:10:12     22.3    56297728      297    96.0%    296.0     0.3%     2.3%     0.0%     0.0%     1.6%     0.0%
May 12 16:11:12     22.3    56635155      297    96.0%    296.0     0.3%     2.3%     0.0%     0.0%     1.6%     0.0%
May 12 16:12:18     22.3    57056887      297    96.0%    296.0     0.3%     2.3%     0.0%     0.0%     1.6%     0.0%
May 12 16:13:24     22.3    57478529      297    96.0%    296.0     0.3%     2.3%     0.0%     0.0%     1.6%     0.0%
May 12 16:14:28     22.3    57900203      297    96.0%    296.0     0.3%     2.3%     0.0%     0.0%     1.6%     0.0%
May 12 16:15:32     22.3    58321959      297    96.0%    296.0     0.3%     2.3%     0.0%     0.0%     1.6%     0.0%
May 12 16:16:34     22.3    58743668      297    96.0%    296.0     0.3%     2.3%     0.0%     0.0%     1.6%     0.0%
May 12 16:17:37     22.3    59165401      297    96.0%    296.0     0.3%     2.3%     0.0%     0.0%     1.6%     0.0%
May 12 16:18:40     22.4    59587129      297    96.0%    296.0     0.3%     2.3%     0.0%     0.0%     1.6%     0.0%
May 12 16:19:46     22.4    60008797      297    96.0%    296.0     0.3%     2.3%     0.0%     0.0%     1.6%     0.0%
May 12 16:20:56     22.4    60430539      297    96.0%    296.0     0.3%     2.3%     0.0%     0.0%     1.6%     0.0%
May 12 16:22:01     22.4    60852240      297    96.0%    296.0     0.3%     2.3%     0.0%     0.0%     1.6%     0.0%
May 12 16:23:06     22.4    61273966      297    96.0%    296.0     0.3%     2.3%     0.0%     0.0%     1.6%     0.0%
May 12 16:24:09     22.4    61695780      297    96.0%    296.0     0.3%     2.3%     0.0%     0.0%     1.6%     0.0%
May 12 16:43:37     20.1    61942281      297    96.0%    296.0     0.3%     2.3%     0.0%     0.0%     1.6%     0.0%
ALL DONE!
