                                 Started job on |	May 12 11:27:44
                             Started mapping on |	May 12 11:28:11
                                    Finished on |	May 12 13:15:56
       Mapping speed, Million of reads per hour |	14.46

                          Number of input reads |	25972100
                      Average input read length |	283
                                    UNIQUE READS:
                   Uniquely mapped reads number |	24086712
                        Uniquely mapped reads % |	92.74%
                          Average mapped length |	281.48
                       Number of splices: Total |	21333806
            Number of splices: Annotated (sjdb) |	21063250
                       Number of splices: GT/AG |	21128457
                       Number of splices: GC/AG |	146713
                       Number of splices: AT/AC |	15261
               Number of splices: Non-canonical |	43375
                      Mismatch rate per base, % |	0.37%
                         Deletion rate per base |	0.01%
                        Deletion average length |	1.82
                        Insertion rate per base |	0.02%
                       Insertion average length |	1.51
                             MULTI-MAPPING READS:
        Number of reads mapped to multiple loci |	924165
             % of reads mapped to multiple loci |	3.56%
        Number of reads mapped to too many loci |	8624
             % of reads mapped to too many loci |	0.03%
                                  UNMAPPED READS:
       % of reads unmapped: too many mismatches |	0.00%
                 % of reads unmapped: too short |	3.63%
                     % of reads unmapped: other |	0.04%
                                  CHIMERIC READS:
                       Number of chimeric reads |	0
                            % of chimeric reads |	0.00%
