                                 Started job on |	May 12 11:27:38
                             Started mapping on |	May 12 11:28:02
                                    Finished on |	May 12 13:11:22
       Mapping speed, Million of reads per hour |	15.06

                          Number of input reads |	25934701
                      Average input read length |	281
                                    UNIQUE READS:
                   Uniquely mapped reads number |	23676745
                        Uniquely mapped reads % |	91.29%
                          Average mapped length |	280.98
                       Number of splices: Total |	21294499
            Number of splices: Annotated (sjdb) |	21011480
                       Number of splices: GT/AG |	21097275
                       Number of splices: GC/AG |	140222
                       Number of splices: AT/AC |	15264
               Number of splices: Non-canonical |	41738
                      Mismatch rate per base, % |	0.37%
                         Deletion rate per base |	0.01%
                        Deletion average length |	1.77
                        Insertion rate per base |	0.02%
                       Insertion average length |	1.53
                             MULTI-MAPPING READS:
        Number of reads mapped to multiple loci |	1122165
             % of reads mapped to multiple loci |	4.33%
        Number of reads mapped to too many loci |	9350
             % of reads mapped to too many loci |	0.04%
                                  UNMAPPED READS:
       % of reads unmapped: too many mismatches |	0.00%
                 % of reads unmapped: too short |	4.29%
                     % of reads unmapped: other |	0.05%
                                  CHIMERIC READS:
                       Number of chimeric reads |	0
                            % of chimeric reads |	0.00%
