           Time    Speed        Read     Read   Mapped   Mapped   Mapped   Mapped Unmapped Unmapped Unmapped Unmapped
                    M/hr      number   length   unique   length   MMrate    multi   multi+       MM    short    other
May 12 11:29:05     15.3      267261      280    89.3%    279.2     0.5%     4.5%     0.0%     0.0%     6.1%     0.1%
May 12 11:30:25     15.7      623228      280    89.2%    279.2     0.5%     4.5%     0.0%     0.0%     6.1%     0.1%
May 12 11:31:26     15.7      890076      280    89.3%    279.2     0.5%     4.5%     0.0%     0.0%     6.1%     0.1%
May 12 11:32:32     15.4     1157058      280    89.2%    279.1     0.5%     4.5%     0.0%     0.0%     6.1%     0.1%
May 12 11:33:38     15.2     1423238      280    89.1%    279.1     0.5%     4.5%     0.0%     0.0%     6.3%     0.1%
May 12 11:34:42     15.2     1689782      280    89.0%    279.0     0.5%     4.5%     0.0%     0.0%     6.4%     0.1%
May 12 11:36:02     15.3     2044775      280    88.9%    279.0     0.5%     4.5%     0.0%     0.0%     6.5%     0.1%
May 12 11:37:16     15.6     2398288      280    89.2%    279.3     0.5%     4.5%     0.0%     0.0%     6.2%     0.1%
May 12 11:38:25     15.9     2751209      280    89.5%    279.6     0.5%     4.5%     0.0%     0.0%     5.9%     0.1%
May 12 11:39:30     16.2     3103034      280    89.8%    279.9     0.5%     4.5%     0.0%     0.0%     5.6%     0.1%
May 12 11:40:34     16.5     3456083      281    90.0%    280.1     0.4%     4.5%     0.0%     0.0%     5.4%     0.1%
May 12 11:41:42     16.7     3811861      280    90.1%    280.0     0.4%     4.4%     0.0%     0.0%     5.3%     0.1%
May 12 11:42:47     17.0     4169033      280    90.2%    279.9     0.4%     4.4%     0.0%     0.0%     5.3%     0.1%
May 12 11:43:54     17.1     4521811      280    90.3%    280.1     0.4%     4.4%     0.0%     0.0%     5.1%     0.1%
May 12 11:44:57     17.3     4873517      281    90.5%    280.3     0.4%     4.4%     0.0%     0.0%     5.0%     0.1%
May 12 11:46:05     17.4     5225574      281    90.6%    280.4     0.4%     4.4%     0.0%     0.0%     4.9%     0.1%
May 12 11:47:08     17.5     5579093      281    90.6%    280.5     0.4%     4.4%     0.0%     0.0%     4.9%     0.1%
May 12 11:48:09     17.7     5935161      281    90.7%    280.4     0.4%     4.4%     0.0%     0.0%     4.8%     0.1%
May 12 11:49:22     17.9     6379647      281    90.8%    280.3     0.4%     4.4%     0.0%     0.0%     4.8%     0.1%
May 12 11:50:35     18.1     6819929      281    90.8%    280.5     0.4%     4.4%     0.0%     0.0%     4.7%     0.1%
May 12 11:51:43     18.4     7259429      281    90.9%    280.6     0.4%     4.4%     0.0%     0.0%     4.6%     0.1%
May 12 11:52:45     18.5     7612359      281    91.0%    280.6     0.4%     4.4%     0.0%     0.0%     4.6%     0.1%
May 12 11:53:48     18.8     8058039      281    91.0%    280.5     0.4%     4.4%     0.0%     0.0%     4.5%     0.1%
May 12 11:54:59     19.1     8589449      281    91.0%    280.5     0.4%     4.4%     0.0%     0.0%     4.5%     0.1%
May 12 11:56:06     19.3     9028697      281    91.1%    280.7     0.4%     4.4%     0.0%     0.0%     4.5%     0.1%
May 12 11:57:13     19.5     9468779      281    91.1%    280.7     0.4%     4.4%     0.0%     0.0%     4.4%     0.1%
May 12 11:58:22     19.6     9911698      281    91.2%    280.7     0.4%     4.4%     0.0%     0.0%     4.4%     0.1%
May 12 11:59:31     19.7    10356205      281    91.2%    280.7     0.4%     4.4%     0.0%     0.0%     4.4%     0.1%
May 12 12:00:39     19.9    10794784      281    91.2%    280.7     0.4%     4.4%     0.0%     0.0%     4.3%     0.1%
May 12 12:01:50     19.9    11232475      281    91.2%    280.8     0.4%     4.4%     0.0%     0.0%     4.3%     0.1%
May 12 12:02:50     20.0    11583536      281    91.3%    280.9     0.4%     4.4%     0.0%     0.0%     4.3%     0.1%
May 12 12:03:58     20.1    12025549      281    91.3%    280.9     0.4%     4.4%     0.0%     0.0%     4.3%     0.1%
May 12 12:05:11     20.1    12468079      281    91.3%    280.8     0.4%     4.4%     0.0%     0.0%     4.3%     0.1%
May 12 12:06:23     20.2    12906470      281    91.3%    280.9     0.4%     4.4%     0.0%     0.0%     4.2%     0.1%
May 12 12:07:30     20.2    13256693      281    91.3%    280.9     0.4%     4.4%     0.0%     0.0%     4.2%     0.1%
May 12 12:08:43     20.2    13696204      281    91.3%    281.0     0.4%     4.4%     0.0%     0.0%     4.2%     0.1%
May 12 12:09:44     20.2    14050646      281    91.3%    280.9     0.4%     4.4%     0.0%     0.0%     4.2%     0.1%
May 12 12:10:53     20.3    14493080      281    91.3%    280.9     0.4%     4.4%     0.0%     0.0%     4.2%     0.1%
May 12 12:12:05     20.3    14932867      281    91.3%    280.9     0.4%     4.4%     0.0%     0.0%     4.2%     0.1%
May 12 12:13:07     20.3    15284326      281    91.3%    281.0     0.4%     4.4%     0.0%     0.0%     4.2%     0.1%
May 12 12:14:14     20.3    15637038      281    91.3%    281.0     0.4%     4.4%     0.0%     0.0%     4.2%     0.1%
May 12 12:15:24     20.1    15903031      281    91.3%    280.9     0.4%     4.4%     0.0%     0.0%     4.2%     0.1%
May 12 12:16:24     20.2    16258000      281    91.3%    280.9     0.4%     4.3%     0.0%     0.0%     4.2%     0.1%
May 12 12:17:37     20.2    16697562      281    91.3%    280.9     0.4%     4.3%     0.0%     0.0%     4.2%     0.1%
May 12 12:18:40     20.2    17048664      281    91.3%    281.0     0.4%     4.3%     0.0%     0.0%     4.2%     0.1%
May 12 12:19:44     20.2    17401047      281    91.3%    281.0     0.4%     4.3%     0.0%     0.0%     4.2%     0.1%
May 12 12:20:44     20.2    17754781      281    91.3%    280.9     0.4%     4.3%     0.0%     0.0%     4.2%     0.1%
May 12 12:21:50     20.2    18109984      281    91.3%    280.9     0.4%     4.3%     0.0%     0.0%     4.3%     0.1%
May 12 12:22:50     20.2    18462013      281    91.3%    280.9     0.4%     4.3%     0.0%     0.0%     4.3%     0.1%
May 12 12:23:54     20.2    18813192      281    91.3%    280.9     0.4%     4.3%     0.0%     0.0%     4.3%     0.1%
May 12 12:25:21     20.1    19164432      281    91.3%    281.0     0.4%     4.3%     0.0%     0.0%     4.2%     0.1%
May 12 12:26:26     20.1    19605195      281    91.3%    281.0     0.4%     4.3%     0.0%     0.0%     4.2%     0.1%
May 12 12:27:36     20.2    20048985      281    91.3%    280.9     0.4%     4.3%     0.0%     0.0%     4.3%     0.1%
May 12 12:28:56     20.2    20488877      281    91.3%    280.9     0.4%     4.3%     0.0%     0.0%     4.3%     0.1%
May 12 12:30:11     20.1    20839405      281    91.3%    281.0     0.4%     4.3%     0.0%     0.0%     4.3%     0.1%
May 12 12:31:21     20.2    21278850      281    91.3%    281.0     0.4%     4.3%     0.0%     0.0%     4.3%     0.1%
May 12 12:32:22     20.2    21632291      281    91.3%    281.0     0.4%     4.3%     0.0%     0.0%     4.3%     0.1%
May 12 12:33:29     20.1    21898571      281    91.3%    281.0     0.4%     4.3%     0.0%     0.0%     4.3%     0.1%
May 12 12:34:31     20.2    22339503      281    91.3%    281.0     0.4%     4.3%     0.0%     0.0%     4.3%     0.1%
May 12 12:35:34     20.2    22777853      281    91.3%    281.0     0.4%     4.3%     0.0%     0.0%     4.3%     0.1%
May 12 12:40:14     19.1    22953619      281    91.3%    281.0     0.4%     4.3%     0.0%     0.0%     4.3%     0.1%
May 12 12:41:24     19.1    23393599      281    91.3%    281.0     0.4%     4.3%     0.0%     0.0%     4.3%     0.1%
May 12 12:42:34     19.2    23836406      281    91.3%    281.0     0.4%     4.3%     0.0%     0.0%     4.3%     0.1%
May 12 12:43:40     19.2    24189403      281    91.3%    281.0     0.4%     4.3%     0.0%     0.0%     4.3%     0.1%
May 12 12:44:45     19.2    24541040      281    91.3%    281.0     0.4%     4.3%     0.0%     0.0%     4.3%     0.1%
May 12 12:45:48     19.3    24980105      281    91.3%    281.0     0.4%     4.3%     0.0%     0.0%     4.3%     0.1%
May 12 12:46:49     19.3    25332883      281    91.3%    281.0     0.4%     4.3%     0.0%     0.0%     4.3%     0.1%
May 12 12:47:52     19.2    25598626      281    91.3%    281.0     0.4%     4.3%     0.0%     0.0%     4.3%     0.1%
May 12 13:11:22     15.1    25934701      281    91.3%    281.0     0.4%     4.3%     0.0%     0.0%     4.3%     0.1%
ALL DONE!
