                                 Started job on |	May 12 11:36:42
                             Started mapping on |	May 12 11:37:15
                                    Finished on |	May 12 13:48:45
       Mapping speed, Million of reads per hour |	14.36

                          Number of input reads |	31479356
                      Average input read length |	297
                                    UNIQUE READS:
                   Uniquely mapped reads number |	30095267
                        Uniquely mapped reads % |	95.60%
                          Average mapped length |	295.74
                       Number of splices: Total |	30562248
            Number of splices: Annotated (sjdb) |	30127630
                       Number of splices: GT/AG |	30279829
                       Number of splices: GC/AG |	204342
                       Number of splices: AT/AC |	25550
               Number of splices: Non-canonical |	52527
                      Mismatch rate per base, % |	0.38%
                         Deletion rate per base |	0.01%
                        Deletion average length |	1.80
                        Insertion rate per base |	0.01%
                       Insertion average length |	1.62
                             MULTI-MAPPING READS:
        Number of reads mapped to multiple loci |	755857
             % of reads mapped to multiple loci |	2.40%
        Number of reads mapped to too many loci |	11225
             % of reads mapped to too many loci |	0.04%
                                  UNMAPPED READS:
       % of reads unmapped: too many mismatches |	0.00%
                 % of reads unmapped: too short |	1.92%
                     % of reads unmapped: other |	0.04%
                                  CHIMERIC READS:
                       Number of chimeric reads |	0
                            % of chimeric reads |	0.00%
