           Time    Speed        Read     Read   Mapped   Mapped   Mapped   Mapped Unmapped Unmapped Unmapped Unmapped
                    M/hr      number   length   unique   length   MMrate    multi   multi+       MM    short    other
May 12 13:04:30     13.6      256200      295    95.1%    293.4     0.4%     2.6%     0.0%     0.0%     2.2%     0.0%
May 12 13:05:51     12.4      512260      295    95.2%    293.3     0.4%     2.5%     0.0%     0.0%     2.2%     0.0%
May 12 13:07:01     12.6      768432      295    95.3%    293.3     0.4%     2.5%     0.0%     0.0%     2.2%     0.0%
May 12 13:08:19     13.4     1109590      295    95.3%    293.3     0.4%     2.5%     0.0%     0.0%     2.1%     0.0%
May 12 13:09:23     13.6     1365116      295    95.3%    293.3     0.4%     2.5%     0.0%     0.0%     2.1%     0.0%
May 12 13:10:24     13.8     1620701      295    95.3%    293.2     0.4%     2.5%     0.0%     0.0%     2.1%     0.0%
May 12 13:11:38     14.2     1961482      295    95.3%    293.2     0.4%     2.5%     0.0%     0.0%     2.1%     0.0%
May 12 13:12:44     14.7     2302065      295    95.4%    293.3     0.4%     2.5%     0.0%     0.0%     2.0%     0.0%
May 12 13:13:58     15.0     2642814      295    95.4%    293.2     0.4%     2.5%     0.0%     0.0%     2.0%     0.0%
May 12 13:15:05     15.3     2983911      295    95.4%    293.2     0.4%     2.5%     0.0%     0.0%     2.0%     0.0%
May 12 13:16:07     15.6     3324819      295    95.4%    293.2     0.4%     2.5%     0.0%     0.0%     2.0%     0.0%
May 12 13:17:14     15.9     3665847      295    95.4%    293.2     0.4%     2.5%     0.0%     0.0%     2.0%     0.0%
May 12 13:18:23     16.0     4007084      295    95.4%    293.2     0.4%     2.5%     0.0%     0.0%     2.0%     0.0%
May 12 13:19:29     16.2     4347990      295    95.4%    293.2     0.4%     2.5%     0.0%     0.0%     2.0%     0.0%
May 12 13:20:39     16.3     4688241      295    95.4%    293.2     0.4%     2.5%     0.0%     0.0%     2.0%     0.0%
May 12 13:21:39     16.5     5028711      295    95.4%    293.2     0.4%     2.5%     0.0%     0.0%     2.0%     0.0%
May 12 13:22:45     16.6     5369154      295    95.4%    293.2     0.4%     2.5%     0.0%     0.0%     2.0%     0.0%
May 12 13:23:47     16.8     5709732      295    95.4%    293.2     0.4%     2.5%     0.0%     0.0%     2.0%     0.0%
May 12 13:24:54     16.9     6050311      295    95.4%    293.2     0.4%     2.5%     0.0%     0.0%     2.0%     0.0%
May 12 13:26:08     17.1     6476122      295    95.4%    293.2     0.4%     2.5%     0.0%     0.0%     2.0%     0.0%
May 12 13:27:08     17.2     6816780      295    95.4%    293.2     0.4%     2.5%     0.0%     0.0%     2.0%     0.0%
May 12 13:28:11     17.3     7157603      295    95.4%    293.2     0.4%     2.5%     0.0%     0.0%     2.0%     0.0%
May 12 13:29:17     17.4     7498603      295    95.4%    293.2     0.4%     2.5%     0.0%     0.0%     2.0%     0.0%
May 12 13:30:34     17.5     7925067      295    95.4%    293.2     0.4%     2.5%     0.0%     0.0%     2.0%     0.0%
May 12 13:31:45     17.7     8351788      295    95.4%    293.2     0.4%     2.5%     0.0%     0.0%     2.0%     0.0%
May 12 13:32:58     17.8     8777680      295    95.4%    293.2     0.4%     2.5%     0.0%     0.0%     2.0%     0.0%
May 12 13:34:10     17.9     9203059      295    95.4%    293.2     0.4%     2.5%     0.0%     0.0%     2.0%     0.0%
May 12 13:35:21     18.1     9628476      295    95.4%    293.2     0.4%     2.5%     0.0%     0.0%     2.0%     0.0%
May 12 13:36:30     18.2    10053993      295    95.4%    293.2     0.4%     2.5%     0.0%     0.0%     2.0%     0.0%
May 12 13:37:32     18.3    10393678      295    95.4%    293.2     0.4%     2.5%     0.0%     0.0%     2.0%     0.0%
May 12 13:38:33     18.3    10733341      295    95.4%    293.2     0.4%     2.5%     0.0%     0.0%     2.0%     0.0%
May 12 13:39:33     18.4    11072959      295    95.4%    293.2     0.4%     2.5%     0.0%     0.0%     2.0%     0.0%
May 12 13:40:47     18.4    11497860      295    95.4%    293.2     0.4%     2.5%     0.0%     0.0%     2.0%     0.0%
May 12 13:41:59     18.5    11923036      295    95.5%    293.2     0.4%     2.5%     0.0%     0.0%     2.0%     0.0%
May 12 13:43:07     18.6    12348382      295    95.5%    293.2     0.4%     2.5%     0.0%     0.0%     2.0%     0.0%
May 12 13:44:19     18.7    12773824      295    95.5%    293.2     0.4%     2.5%     0.0%     0.0%     2.0%     0.0%
May 12 13:45:21     18.7    13113443      295    95.5%    293.2     0.4%     2.5%     0.0%     0.0%     2.0%     0.0%
May 12 13:46:25     18.7    13452714      295    95.5%    293.2     0.4%     2.5%     0.0%     0.0%     2.0%     0.0%
May 12 13:47:25     18.8    13792033      295    95.5%    293.2     0.4%     2.5%     0.0%     0.0%     2.0%     0.0%
May 12 13:48:30     18.8    14131488      295    95.5%    293.2     0.4%     2.5%     0.0%     0.0%     2.0%     0.0%
May 12 13:49:32     18.8    14471171      295    95.5%    293.2     0.4%     2.5%     0.0%     0.0%     2.0%     0.0%
May 12 13:50:42     18.9    14895713      295    95.5%    293.2     0.4%     2.5%     0.0%     0.0%     2.0%     0.0%
May 12 13:51:50     19.0    15320115      295    95.5%    293.2     0.4%     2.5%     0.0%     0.0%     2.0%     0.0%
May 12 13:52:55     19.1    15744713      295    95.5%    293.2     0.4%     2.5%     0.0%     0.0%     2.0%     0.0%
May 12 13:53:57     19.1    16084751      295    95.5%    293.2     0.4%     2.5%     0.0%     0.0%     2.0%     0.0%
May 12 13:55:05     19.2    16509998      295    95.5%    293.2     0.4%     2.5%     0.0%     0.0%     2.0%     0.0%
May 12 13:56:14     19.2    16935418      295    95.5%    293.2     0.4%     2.5%     0.0%     0.0%     1.9%     0.0%
May 12 13:57:25     19.3    17360801      295    95.5%    293.2     0.4%     2.5%     0.0%     0.0%     2.0%     0.0%
May 12 13:58:33     19.3    17784770      295    95.5%    293.2     0.4%     2.5%     0.0%     0.0%     2.0%     0.0%
May 12 13:59:34     19.3    18124096      295    95.5%    293.2     0.4%     2.5%     0.0%     0.0%     2.0%     0.0%
May 12 14:00:45     19.4    18548470      295    95.5%    293.2     0.4%     2.5%     0.0%     0.0%     2.0%     0.0%
May 12 14:01:55     19.4    18973001      295    95.5%    293.2     0.4%     2.5%     0.0%     0.0%     2.0%     0.0%
May 12 14:03:04     19.5    19397449      295    95.5%    293.2     0.4%     2.5%     0.0%     0.0%     2.0%     0.0%
May 12 14:04:11     19.6    19821928      295    95.5%    293.2     0.4%     2.5%     0.0%     0.0%     2.0%     0.0%
May 12 14:05:18     19.6    20246649      295    95.5%    293.2     0.4%     2.5%     0.0%     0.0%     2.0%     0.0%
May 12 14:06:25     19.7    20671711      295    95.5%    293.2     0.4%     2.5%     0.0%     0.0%     2.0%     0.0%
May 12 14:07:32     19.7    21097022      295    95.5%    293.2     0.4%     2.5%     0.0%     0.0%     1.9%     0.0%
May 12 14:08:39     19.8    21522573      295    95.5%    293.2     0.4%     2.5%     0.0%     0.0%     1.9%     0.0%
May 12 14:09:47     19.8    21946694      295    95.5%    293.2     0.4%     2.5%     0.0%     0.0%     2.0%     0.0%
May 12 14:10:54     19.9    22370570      295    95.5%    293.2     0.4%     2.5%     0.0%     0.0%     2.0%     0.0%
May 12 14:12:00     19.9    22794614      295    95.5%    293.3     0.4%     2.5%     0.0%     0.0%     2.0%     0.0%
May 12 14:13:04     20.0    23218785      295    95.5%    293.3     0.4%     2.5%     0.0%     0.0%     2.0%     0.0%
May 12 14:14:07     20.1    23643054      295    95.5%    293.3     0.4%     2.5%     0.0%     0.0%     2.0%     0.0%
May 12 14:15:13     20.1    24067321      295    95.5%    293.3     0.4%     2.5%     0.0%     0.0%     2.0%     0.0%
May 12 14:16:18     20.1    24492164      295    95.5%    293.3     0.4%     2.5%     0.0%     0.0%     2.0%     0.0%
May 12 14:17:25     20.2    24917201      295    95.5%    293.3     0.4%     2.5%     0.0%     0.0%     2.0%     0.0%
May 12 14:18:29     20.2    25342527      295    95.5%    293.3     0.4%     2.5%     0.0%     0.0%     1.9%     0.0%
May 12 14:19:35     20.3    25768194      295    95.5%    293.3     0.4%     2.5%     0.0%     0.0%     1.9%     0.0%
May 12 14:20:43     20.3    26192438      295    95.5%    293.3     0.4%     2.5%     0.0%     0.0%     2.0%     0.0%
May 12 14:21:53     20.3    26616047      295    95.5%    293.3     0.4%     2.5%     0.0%     0.0%     2.0%     0.0%
May 12 14:23:02     20.4    27039698      295    95.4%    293.3     0.4%     2.5%     0.0%     0.0%     2.0%     0.0%
May 12 14:24:13     20.4    27463397      295    95.4%    293.3     0.4%     2.5%     0.0%     0.0%     2.0%     0.0%
May 12 14:25:24     20.4    27887103      295    95.4%    293.3     0.4%     2.5%     0.0%     0.0%     2.0%     0.0%
May 12 14:26:32     20.4    28310787      295    95.4%    293.3     0.4%     2.5%     0.0%     0.0%     2.0%     0.0%
May 12 14:27:40     20.5    28734535      295    95.4%    293.3     0.4%     2.5%     0.0%     0.0%     2.0%     0.0%
May 12 14:28:52     20.5    29158390      295    95.4%    293.3     0.4%     2.5%     0.0%     0.0%     2.0%     0.0%
May 12 14:29:59     20.5    29582215      295    95.4%    293.3     0.4%     2.5%     0.0%     0.0%     2.0%     0.0%
May 12 14:31:07     20.5    30006247      295    95.4%    293.3     0.4%     2.5%     0.0%     0.0%     2.0%     0.0%
May 12 14:32:19     20.5    30429887      295    95.4%    293.3     0.4%     2.5%     0.0%     0.0%     2.0%     0.0%
May 12 14:33:28     20.5    30853355      295    95.4%    293.3     0.4%     2.5%     0.0%     0.0%     2.0%     0.0%
May 12 14:34:36     20.6    31276969      295    95.4%    293.3     0.4%     2.5%     0.0%     0.0%     2.0%     0.0%
May 12 14:35:45     20.6    31700778      295    95.4%    293.4     0.4%     2.5%     0.0%     0.0%     2.0%     0.0%
May 12 14:36:53     20.6    32124498      295    95.4%    293.4     0.4%     2.5%     0.0%     0.0%     2.0%     0.0%
May 12 14:38:04     20.6    32548123      295    95.4%    293.4     0.4%     2.5%     0.0%     0.0%     2.0%     0.0%
May 12 14:39:10     20.7    32971851      295    95.4%    293.4     0.4%     2.5%     0.0%     0.0%     2.0%     0.0%
May 12 14:40:17     20.7    33395520      295    95.4%    293.4     0.4%     2.5%     0.0%     0.0%     2.1%     0.0%
May 12 14:41:23     20.7    33819352      295    95.4%    293.4     0.4%     2.5%     0.0%     0.0%     2.1%     0.0%
May 12 14:42:30     20.7    34243129      295    95.4%    293.4     0.4%     2.5%     0.0%     0.0%     2.1%     0.0%
May 12 14:43:38     20.7    34666714      295    95.3%    293.4     0.4%     2.5%     0.0%     0.0%     2.1%     0.0%
May 12 14:44:45     20.8    35090235      295    95.3%    293.4     0.4%     2.5%     0.0%     0.0%     2.1%     0.0%
May 12 14:45:54     20.8    35513869      295    95.3%    293.4     0.4%     2.5%     0.0%     0.0%     2.1%     0.0%
May 12 14:47:01     20.8    35937513      295    95.3%    293.4     0.4%     2.5%     0.0%     0.0%     2.1%     0.0%
May 12 14:48:09     20.8    36361260      295    95.3%    293.4     0.4%     2.5%     0.0%     0.0%     2.1%     0.0%
May 12 14:49:17     20.8    36784980      295    95.3%    293.4     0.4%     2.5%     0.0%     0.0%     2.1%     0.0%
May 12 14:50:24     20.9    37208735      295    95.3%    293.4     0.4%     2.5%     0.0%     0.0%     2.1%     0.0%
May 12 14:51:31     20.9    37632580      295    95.3%    293.4     0.4%     2.5%     0.0%     0.0%     2.1%     0.0%
May 12 14:52:39     20.9    38056425      295    95.3%    293.4     0.4%     2.5%     0.0%     0.0%     2.1%     0.0%
May 12 14:53:45     20.9    38480317      295    95.3%    293.4     0.4%     2.5%     0.0%     0.0%     2.1%     0.0%
May 12 14:54:54     20.9    38904078      295    95.3%    293.5     0.4%     2.5%     0.0%     0.0%     2.1%     0.0%
May 12 14:56:04     20.9    39327554      295    95.3%    293.5     0.4%     2.5%     0.0%     0.0%     2.1%     0.0%
May 12 14:57:14     20.9    39751157      295    95.3%    293.5     0.4%     2.5%     0.0%     0.0%     2.1%     0.0%
May 12 14:58:24     21.0    40174842      295    95.3%    293.5     0.4%     2.5%     0.0%     0.0%     2.1%     0.0%
May 12 14:59:30     21.0    40598543      295    95.3%    293.5     0.4%     2.5%     0.0%     0.0%     2.1%     0.0%
May 12 15:00:38     21.0    41022264      295    95.3%    293.5     0.4%     2.5%     0.0%     0.0%     2.1%     0.0%
May 12 15:01:49     21.0    41445959      295    95.3%    293.5     0.4%     2.5%     0.0%     0.0%     2.1%     0.0%
May 12 15:03:00     21.0    41869686      295    95.3%    293.5     0.4%     2.5%     0.0%     0.0%     2.1%     0.0%
May 12 15:04:11     21.0    42293493      295    95.3%    293.5     0.4%     2.5%     0.0%     0.0%     2.1%     0.0%
May 12 15:05:21     21.0    42717200      295    95.3%    293.5     0.4%     2.5%     0.0%     0.0%     2.1%     0.0%
May 12 15:06:28     21.0    43140951      295    95.3%    293.5     0.4%     2.5%     0.0%     0.0%     2.1%     0.0%
May 12 15:07:37     21.0    43564529      295    95.3%    293.5     0.4%     2.5%     0.0%     0.0%     2.1%     0.0%
May 12 15:08:45     21.0    43988021      295    95.3%    293.5     0.4%     2.5%     0.0%     0.0%     2.1%     0.0%
May 12 15:09:55     21.1    44411717      295    95.3%    293.5     0.4%     2.5%     0.0%     0.0%     2.1%     0.0%
May 12 15:11:05     21.1    44835454      295    95.3%    293.5     0.4%     2.5%     0.0%     0.0%     2.1%     0.0%
May 12 15:12:17     21.1    45259073      295    95.3%    293.5     0.4%     2.5%     0.0%     0.0%     2.1%     0.0%
May 12 15:13:26     21.1    45682772      295    95.3%    293.5     0.4%     2.5%     0.0%     0.0%     2.1%     0.0%
May 12 15:14:35     21.1    46106480      295    95.3%    293.5     0.4%     2.5%     0.0%     0.0%     2.1%     0.0%
May 12 15:15:45     21.1    46530181      295    95.3%    293.5     0.4%     2.5%     0.0%     0.0%     2.1%     0.0%
May 12 15:16:53     21.1    46953921      295    95.3%    293.5     0.4%     2.5%     0.0%     0.0%     2.1%     0.0%
May 12 15:18:01     21.1    47377797      295    95.3%    293.5     0.4%     2.5%     0.0%     0.0%     2.1%     0.0%
May 12 15:19:11     21.1    47801177      295    95.3%    293.6     0.4%     2.5%     0.0%     0.0%     2.1%     0.0%
May 12 15:20:20     21.1    48224603      295    95.3%    293.6     0.4%     2.5%     0.0%     0.0%     2.1%     0.0%
May 12 15:21:27     21.1    48648217      295    95.3%    293.6     0.4%     2.5%     0.0%     0.0%     2.1%     0.0%
May 12 15:22:32     21.2    49071892      295    95.3%    293.6     0.4%     2.5%     0.0%     0.0%     2.1%     0.0%
May 12 15:23:39     21.2    49495525      295    95.3%    293.6     0.4%     2.5%     0.0%     0.0%     2.1%     0.0%
May 12 15:24:48     21.2    49919101      295    95.3%    293.6     0.4%     2.5%     0.0%     0.0%     2.1%     0.0%
May 12 15:25:57     21.2    50342763      295    95.3%    293.6     0.4%     2.5%     0.0%     0.0%     2.1%     0.0%
May 12 15:27:05     21.2    50766422      295    95.3%    293.6     0.4%     2.5%     0.0%     0.0%     2.1%     0.0%
May 12 15:28:11     21.2    51190329      295    95.3%    293.6     0.4%     2.5%     0.0%     0.0%     2.1%     0.0%
May 12 15:29:20     21.2    51614091      295    95.3%    293.6     0.4%     2.5%     0.0%     0.0%     2.1%     0.0%
May 12 15:50:46     18.5    51680935      295    95.3%    293.6     0.4%     2.5%     0.0%     0.0%     2.1%     0.0%
ALL DONE!
