                                 Started job on |	May 12 12:02:06
                             Started mapping on |	May 12 12:44:21
                                    Finished on |	May 12 15:10:02
       Mapping speed, Million of reads per hour |	18.23

                          Number of input reads |	44261091
                      Average input read length |	297
                                    UNIQUE READS:
                   Uniquely mapped reads number |	41910962
                        Uniquely mapped reads % |	94.69%
                          Average mapped length |	295.88
                       Number of splices: Total |	40021901
            Number of splices: Annotated (sjdb) |	39511841
                       Number of splices: GT/AG |	39653768
                       Number of splices: GC/AG |	271319
                       Number of splices: AT/AC |	30501
               Number of splices: Non-canonical |	66313
                      Mismatch rate per base, % |	0.35%
                         Deletion rate per base |	0.01%
                        Deletion average length |	1.81
                        Insertion rate per base |	0.01%
                       Insertion average length |	1.61
                             MULTI-MAPPING READS:
        Number of reads mapped to multiple loci |	1521072
             % of reads mapped to multiple loci |	3.44%
        Number of reads mapped to too many loci |	17877
             % of reads mapped to too many loci |	0.04%
                                  UNMAPPED READS:
       % of reads unmapped: too many mismatches |	0.00%
                 % of reads unmapped: too short |	1.80%
                     % of reads unmapped: other |	0.03%
                                  CHIMERIC READS:
                       Number of chimeric reads |	0
                            % of chimeric reads |	0.00%
