           Time    Speed        Read     Read   Mapped   Mapped   Mapped   Mapped Unmapped Unmapped Unmapped Unmapped
                    M/hr      number   length   unique   length   MMrate    multi   multi+       MM    short    other
May 12 12:45:31     17.5      339542      297    95.0%    296.3     0.3%     3.4%     0.0%     0.0%     1.5%     0.0%
May 12 12:46:35     16.0      593952      297    95.0%    296.3     0.3%     3.5%     0.0%     0.0%     1.5%     0.0%
May 12 12:47:55     14.3      848418      297    95.0%    296.3     0.3%     3.5%     0.0%     0.0%     1.5%     0.0%
May 12 12:49:02     15.2     1187150      297    95.0%    296.3     0.3%     3.4%     0.0%     0.0%     1.5%     0.0%
May 12 12:50:08     15.8     1525405      297    95.0%    296.3     0.3%     3.4%     0.0%     0.0%     1.5%     0.0%
May 12 12:51:18     16.1     1863685      297    95.0%    296.3     0.3%     3.4%     0.0%     0.0%     1.5%     0.0%
May 12 12:52:28     16.3     2201982      297    95.0%    296.3     0.3%     3.4%     0.0%     0.0%     1.5%     0.0%
May 12 12:53:47     16.2     2540335      297    95.0%    296.3     0.3%     3.4%     0.0%     0.0%     1.5%     0.0%
May 12 12:55:06     16.1     2878640      297    95.0%    296.3     0.3%     3.4%     0.0%     0.0%     1.5%     0.0%
May 12 12:56:18     15.7     3132349      297    95.0%    296.3     0.3%     3.4%     0.0%     0.0%     1.5%     0.0%
May 12 12:57:30     16.2     3555328      297    95.0%    296.3     0.3%     3.4%     0.0%     0.0%     1.5%     0.0%
May 12 12:58:40     16.7     3978220      297    95.0%    296.3     0.3%     3.4%     0.0%     0.0%     1.5%     0.0%
May 12 12:59:45     17.1     4401068      297    95.0%    296.3     0.3%     3.4%     0.0%     0.0%     1.5%     0.0%
May 12 13:00:49     17.6     4823944      297    95.0%    296.3     0.3%     3.4%     0.0%     0.0%     1.5%     0.0%
May 12 13:01:57     17.9     5246773      297    95.0%    296.3     0.3%     3.4%     0.0%     0.0%     1.5%     0.0%
May 12 13:03:12     18.0     5669733      297    95.0%    296.3     0.3%     3.4%     0.0%     0.0%     1.5%     0.0%
May 12 13:04:20     18.3     6092587      297    95.0%    296.3     0.3%     3.4%     0.0%     0.0%     1.5%     0.0%
May 12 13:05:28     18.5     6515379      297    95.0%    296.3     0.3%     3.4%     0.0%     0.0%     1.5%     0.0%
May 12 13:06:42     18.6     6938268      297    95.0%    296.3     0.3%     3.4%     0.0%     0.0%     1.5%     0.0%
May 12 13:07:45     18.9     7361195      297    95.0%    296.3     0.3%     3.4%     0.0%     0.0%     1.5%     0.0%
May 12 13:08:52     19.1     7784193      297    95.0%    296.3     0.3%     3.4%     0.0%     0.0%     1.5%     0.0%
May 12 13:09:59     19.2     8207301      297    95.0%    296.3     0.3%     3.4%     0.0%     0.0%     1.5%     0.0%
May 12 13:11:03     19.4     8630221      297    95.0%    296.3     0.3%     3.4%     0.0%     0.0%     1.5%     0.0%
May 12 13:12:05     19.6     9053218      297    95.0%    296.3     0.3%     3.4%     0.0%     0.0%     1.5%     0.0%
May 12 13:13:12     19.7     9476244      297    95.0%    296.3     0.3%     3.4%     0.0%     0.0%     1.5%     0.0%
May 12 13:14:17     19.8     9899251      297    95.0%    296.3     0.3%     3.4%     0.0%     0.0%     1.5%     0.0%
May 12 13:15:19     20.0    10321353      297    95.0%    296.3     0.3%     3.4%     0.0%     0.0%     1.5%     0.0%
May 12 13:16:24     20.1    10743165      297    95.0%    296.2     0.3%     3.4%     0.0%     0.0%     1.5%     0.0%
May 12 13:17:25     20.3    11164971      297    95.0%    296.2     0.3%     3.4%     0.0%     0.0%     1.5%     0.0%
May 12 13:18:27     20.4    11586882      297    95.0%    296.2     0.3%     3.4%     0.0%     0.0%     1.5%     0.0%
May 12 13:19:30     20.5    12008616      297    95.0%    296.2     0.3%     3.4%     0.0%     0.0%     1.5%     0.0%
May 12 13:20:30     20.6    12430429      297    95.0%    296.2     0.3%     3.4%     0.0%     0.0%     1.5%     0.0%
May 12 13:21:34     20.7    12852298      297    95.0%    296.2     0.3%     3.4%     0.0%     0.0%     1.5%     0.0%
May 12 13:22:38     20.8    13274014      297    95.0%    296.2     0.3%     3.4%     0.0%     0.0%     1.5%     0.0%
May 12 13:23:48     21.0    13780188      297    94.9%    296.2     0.3%     3.4%     0.0%     0.0%     1.5%     0.0%
May 12 13:24:56     21.0    14202086      297    94.9%    296.2     0.3%     3.4%     0.0%     0.0%     1.6%     0.0%
May 12 13:26:02     21.1    14624005      297    94.9%    296.2     0.3%     3.4%     0.0%     0.0%     1.6%     0.0%
May 12 13:27:06     21.1    15045930      297    94.9%    296.2     0.3%     3.4%     0.0%     0.0%     1.6%     0.0%
May 12 13:28:13     21.2    15467809      297    94.9%    296.2     0.3%     3.4%     0.0%     0.0%     1.6%     0.0%
May 12 13:29:19     21.2    15889756      297    94.9%    296.2     0.3%     3.4%     0.0%     0.0%     1.6%     0.0%
May 12 13:30:25     21.2    16311896      297    94.9%    296.1     0.3%     3.4%     0.0%     0.0%     1.6%     0.0%
May 12 13:31:32     21.3    16733760      297    94.9%    296.1     0.3%     3.4%     0.0%     0.0%     1.6%     0.0%
May 12 13:32:39     21.3    17155599      297    94.9%    296.1     0.3%     3.4%     0.0%     0.0%     1.6%     0.0%
May 12 13:33:41     21.4    17577443      297    94.9%    296.1     0.3%     3.4%     0.0%     0.0%     1.6%     0.0%
May 12 13:34:49     21.4    17999310      297    94.9%    296.1     0.3%     3.4%     0.0%     0.0%     1.6%     0.0%
May 12 13:35:52     21.5    18421293      297    94.9%    296.1     0.3%     3.4%     0.0%     0.0%     1.6%     0.0%
May 12 13:36:57     21.5    18843460      297    94.9%    296.1     0.3%     3.4%     0.0%     0.0%     1.6%     0.0%
May 12 13:37:59     21.6    19265227      297    94.9%    296.1     0.3%     3.4%     0.0%     0.0%     1.6%     0.0%
May 12 13:39:03     21.6    19687084      297    94.9%    296.1     0.3%     3.4%     0.0%     0.0%     1.6%     0.0%
May 12 13:40:05     21.6    20108948      297    94.9%    296.1     0.3%     3.4%     0.0%     0.0%     1.6%     0.0%
May 12 13:41:09     21.7    20530895      297    94.9%    296.0     0.3%     3.4%     0.0%     0.0%     1.6%     0.0%
May 12 13:42:13     21.7    20952954      297    94.9%    296.0     0.3%     3.4%     0.0%     0.0%     1.6%     0.0%
May 12 13:43:20     21.7    21375011      297    94.9%    296.0     0.3%     3.4%     0.0%     0.0%     1.6%     0.0%
May 12 13:44:27     21.8    21796836      297    94.9%    296.0     0.3%     3.4%     0.0%     0.0%     1.6%     0.0%
May 12 13:45:32     21.8    22218729      297    94.8%    296.0     0.3%     3.4%     0.0%     0.0%     1.6%     0.0%
May 12 13:46:37     21.8    22640624      297    94.8%    296.0     0.3%     3.4%     0.0%     0.0%     1.7%     0.0%
May 12 13:47:49     21.8    23062476      297    94.8%    296.0     0.3%     3.4%     0.0%     0.0%     1.7%     0.0%
May 12 13:48:55     21.8    23484574      297    94.8%    296.0     0.3%     3.4%     0.0%     0.0%     1.7%     0.0%
May 12 13:50:01     21.8    23906623      297    94.8%    296.0     0.3%     3.4%     0.0%     0.0%     1.7%     0.0%
May 12 13:51:09     21.9    24328394      297    94.8%    296.0     0.3%     3.4%     0.0%     0.0%     1.7%     0.0%
May 12 13:52:13     21.9    24750240      297    94.8%    296.0     0.3%     3.4%     0.0%     0.0%     1.7%     0.0%
May 12 13:53:17     21.9    25172073      297    94.8%    296.0     0.3%     3.4%     0.0%     0.0%     1.7%     0.0%
May 12 13:54:21     21.9    25594052      297    94.8%    296.0     0.3%     3.4%     0.0%     0.0%     1.7%     0.0%
May 12 13:55:25     22.0    26016056      297    94.8%    296.0     0.3%     3.4%     0.0%     0.0%     1.7%     0.0%
May 12 13:56:30     22.0    26438082      297    94.8%    296.0     0.3%     3.4%     0.0%     0.0%     1.7%     0.0%
May 12 13:57:38     22.0    26859833      297    94.8%    296.0     0.3%     3.4%     0.0%     0.0%     1.7%     0.0%
May 12 13:58:45     22.0    27281588      297    94.8%    296.0     0.3%     3.4%     0.0%     0.0%     1.7%     0.0%
May 12 13:59:49     22.0    27703404      297    94.8%    296.0     0.3%     3.4%     0.0%     0.0%     1.7%     0.0%
May 12 14:00:52     22.1    28125331      297    94.8%    296.0     0.3%     3.4%     0.0%     0.0%     1.7%     0.0%
May 12 14:01:58     22.1    28547462      297    94.8%    296.0     0.3%     3.4%     0.0%     0.0%     1.7%     0.0%
May 12 14:03:04     22.1    28969375      297    94.8%    295.9     0.3%     3.4%     0.0%     0.0%     1.7%     0.0%
May 12 14:04:14     22.1    29391126      297    94.8%    295.9     0.3%     3.4%     0.0%     0.0%     1.7%     0.0%
May 12 14:05:24     22.1    29812929      297    94.8%    295.9     0.3%     3.4%     0.0%     0.0%     1.7%     0.0%
May 12 14:06:35     22.1    30234655      297    94.8%    295.9     0.3%     3.4%     0.0%     0.0%     1.7%     0.0%
May 12 14:07:47     22.0    30656460      297    94.8%    295.9     0.3%     3.4%     0.0%     0.0%     1.7%     0.0%
May 12 14:08:55     22.1    31078255      297    94.8%    295.9     0.3%     3.4%     0.0%     0.0%     1.7%     0.0%
May 12 14:10:09     22.0    31499972      297    94.8%    295.9     0.3%     3.4%     0.0%     0.0%     1.7%     0.0%
May 12 14:11:17     22.0    31921698      297    94.8%    295.9     0.3%     3.4%     0.0%     0.0%     1.7%     0.0%
May 12 14:12:22     22.0    32343447      297    94.8%    295.9     0.3%     3.4%     0.0%     0.0%     1.7%     0.0%
May 12 14:13:26     22.1    32765153      297    94.8%    295.9     0.3%     3.4%     0.0%     0.0%     1.7%     0.0%
May 12 14:14:30     22.1    33186874      297    94.8%    295.9     0.3%     3.4%     0.0%     0.0%     1.7%     0.0%
May 12 14:15:39     22.1    33608625      297    94.8%    295.9     0.3%     3.4%     0.0%     0.0%     1.7%     0.0%
May 12 14:16:46     22.1    34030328      297    94.7%    295.9     0.3%     3.4%     0.0%     0.0%     1.7%     0.0%
May 12 14:17:52     22.1    34452068      297    94.7%    295.9     0.3%     3.4%     0.0%     0.0%     1.8%     0.0%
May 12 14:18:57     22.1    34873730      297    94.7%    295.9     0.3%     3.4%     0.0%     0.0%     1.8%     0.0%
May 12 14:20:03     22.1    35295491      297    94.7%    295.9     0.3%     3.4%     0.0%     0.0%     1.8%     0.0%
May 12 14:21:10     22.1    35717276      297    94.7%    295.9     0.3%     3.4%     0.0%     0.0%     1.8%     0.0%
May 12 14:22:18     22.1    36138994      297    94.7%    295.9     0.3%     3.4%     0.0%     0.0%     1.8%     0.0%
May 12 14:23:25     22.1    36560673      297    94.7%    295.9     0.3%     3.4%     0.0%     0.0%     1.8%     0.0%
May 12 14:24:34     22.1    36982376      297    94.7%    295.9     0.3%     3.4%     0.0%     0.0%     1.8%     0.0%
May 12 14:25:44     22.1    37404069      297    94.7%    295.9     0.3%     3.4%     0.0%     0.0%     1.8%     0.0%
May 12 14:26:54     22.1    37825810      297    94.7%    295.9     0.3%     3.4%     0.0%     0.0%     1.8%     0.0%
May 12 14:28:06     22.1    38247601      297    94.7%    295.9     0.3%     3.4%     0.0%     0.0%     1.8%     0.0%
May 12 14:29:15     22.1    38669242      297    94.7%    295.9     0.3%     3.4%     0.0%     0.0%     1.8%     0.0%
May 12 14:30:22     22.1    39090927      297    94.7%    295.9     0.3%     3.4%     0.0%     0.0%     1.8%     0.0%
May 12 14:31:30     22.1    39512621      297    94.7%    295.9     0.3%     3.4%     0.0%     0.0%     1.8%     0.0%
May 12 14:32:36     22.1    39934325      297    94.7%    295.9     0.3%     3.4%     0.0%     0.0%     1.8%     0.0%
May 12 14:33:41     22.1    40356098      297    94.7%    295.9     0.3%     3.4%     0.0%     0.0%     1.8%     0.0%
May 12 14:34:49     22.1    40777850      297    94.7%    295.9     0.3%     3.4%     0.0%     0.0%     1.8%     0.0%
May 12 14:35:58     22.1    41199502      297    94.7%    295.9     0.3%     3.4%     0.0%     0.0%     1.8%     0.0%
May 12 14:37:06     22.1    41621205      297    94.7%    295.9     0.3%     3.4%     0.0%     0.0%     1.8%     0.0%
May 12 14:38:13     22.2    42042870      297    94.7%    295.9     0.3%     3.4%     0.0%     0.0%     1.8%     0.0%
May 12 14:39:20     22.2    42464634      297    94.7%    295.9     0.3%     3.4%     0.0%     0.0%     1.8%     0.0%
May 12 14:40:27     22.2    42886375      297    94.7%    295.9     0.3%     3.4%     0.0%     0.0%     1.8%     0.0%
May 12 14:41:32     22.2    43308076      297    94.7%    295.9     0.3%     3.4%     0.0%     0.0%     1.8%     0.0%
May 12 14:42:37     22.2    43729657      297    94.7%    295.9     0.4%     3.4%     0.0%     0.0%     1.8%     0.0%
May 12 14:43:43     22.2    44151293      297    94.7%    295.9     0.4%     3.4%     0.0%     0.0%     1.8%     0.0%
May 12 15:10:02     18.2    44261091      297    94.7%    295.9     0.4%     3.4%     0.0%     0.0%     1.8%     0.0%
ALL DONE!
