                                 Started job on |	May 12 11:43:54
                             Started mapping on |	May 12 11:45:39
                                    Finished on |	May 12 14:02:39
       Mapping speed, Million of reads per hour |	15.00

                          Number of input reads |	34253764
                      Average input read length |	297
                                    UNIQUE READS:
                   Uniquely mapped reads number |	32628414
                        Uniquely mapped reads % |	95.25%
                          Average mapped length |	295.35
                       Number of splices: Total |	33615196
            Number of splices: Annotated (sjdb) |	33210900
                       Number of splices: GT/AG |	33312559
                       Number of splices: GC/AG |	226919
                       Number of splices: AT/AC |	27275
               Number of splices: Non-canonical |	48443
                      Mismatch rate per base, % |	0.38%
                         Deletion rate per base |	0.01%
                        Deletion average length |	1.80
                        Insertion rate per base |	0.01%
                       Insertion average length |	1.56
                             MULTI-MAPPING READS:
        Number of reads mapped to multiple loci |	900367
             % of reads mapped to multiple loci |	2.63%
        Number of reads mapped to too many loci |	10550
             % of reads mapped to too many loci |	0.03%
                                  UNMAPPED READS:
       % of reads unmapped: too many mismatches |	0.00%
                 % of reads unmapped: too short |	2.06%
                     % of reads unmapped: other |	0.03%
                                  CHIMERIC READS:
                       Number of chimeric reads |	0
                            % of chimeric reads |	0.00%
