                                 Started job on |	May 12 12:44:11
                             Started mapping on |	May 12 13:17:53
                                    Finished on |	May 12 16:01:14
       Mapping speed, Million of reads per hour |	20.10

                          Number of input reads |	54714119
                      Average input read length |	298
                                    UNIQUE READS:
                   Uniquely mapped reads number |	52189535
                        Uniquely mapped reads % |	95.39%
                          Average mapped length |	296.53
                       Number of splices: Total |	56243637
            Number of splices: Annotated (sjdb) |	55564073
                       Number of splices: GT/AG |	55733176
                       Number of splices: GC/AG |	384476
                       Number of splices: AT/AC |	46561
               Number of splices: Non-canonical |	79424
                      Mismatch rate per base, % |	0.41%
                         Deletion rate per base |	0.01%
                        Deletion average length |	1.79
                        Insertion rate per base |	0.01%
                       Insertion average length |	1.57
                             MULTI-MAPPING READS:
        Number of reads mapped to multiple loci |	1375024
             % of reads mapped to multiple loci |	2.51%
        Number of reads mapped to too many loci |	16430
             % of reads mapped to too many loci |	0.03%
                                  UNMAPPED READS:
       % of reads unmapped: too many mismatches |	0.00%
                 % of reads unmapped: too short |	2.04%
                     % of reads unmapped: other |	0.03%
                                  CHIMERIC READS:
                       Number of chimeric reads |	0
                            % of chimeric reads |	0.00%
