           Time    Speed        Read     Read   Mapped   Mapped   Mapped   Mapped Unmapped Unmapped Unmapped Unmapped
                    M/hr      number   length   unique   length   MMrate    multi   multi+       MM    short    other
May 12 17:12:01     17.7      338996      298    95.5%    296.4     0.4%     2.5%     0.0%     0.0%     1.9%     0.0%
May 12 17:13:05     18.3      677683      298    95.6%    296.5     0.4%     2.5%     0.0%     0.0%     1.8%     0.0%
May 12 17:14:13     19.7     1100730      298    95.6%    296.5     0.3%     2.5%     0.0%     0.0%     1.8%     0.0%
May 12 17:15:20     20.5     1522863      298    95.7%    296.6     0.3%     2.5%     0.0%     0.0%     1.8%     0.0%
May 12 17:16:34     20.5     1944991      298    95.7%    296.7     0.3%     2.5%     0.0%     0.0%     1.7%     0.0%
May 12 17:17:34     20.4     2282685      298    95.7%    296.7     0.3%     2.5%     0.0%     0.0%     1.7%     0.0%
May 12 17:18:43     20.7     2704860      298    95.7%    296.7     0.3%     2.5%     0.0%     0.0%     1.7%     0.0%
May 12 17:19:47     21.0     3127001      298    95.7%    296.7     0.3%     2.5%     0.0%     0.0%     1.7%     0.0%
May 12 17:20:49     21.4     3549138      298    95.7%    296.7     0.3%     2.5%     0.0%     0.0%     1.7%     0.0%
May 12 17:21:51     21.7     3971268      298    95.7%    296.7     0.3%     2.5%     0.0%     0.0%     1.7%     0.0%
May 12 17:22:54     21.9     4393408      298    95.7%    296.7     0.3%     2.5%     0.0%     0.0%     1.7%     0.0%
May 12 17:23:57     22.1     4815556      298    95.7%    296.7     0.3%     2.5%     0.0%     0.0%     1.7%     0.0%
May 12 17:25:02     22.2     5237715      298    95.7%    296.7     0.3%     2.5%     0.0%     0.0%     1.7%     0.0%
May 12 17:26:04     22.3     5659871      298    95.7%    296.7     0.3%     2.5%     0.0%     0.0%     1.7%     0.0%
May 12 17:27:10     22.4     6082053      298    95.7%    296.7     0.3%     2.5%     0.0%     0.0%     1.7%     0.0%
May 12 17:28:14     22.5     6504187      298    95.7%    296.7     0.3%     2.5%     0.0%     0.0%     1.7%     0.0%
May 12 17:29:18     22.5     6926338      298    95.7%    296.7     0.3%     2.5%     0.0%     0.0%     1.7%     0.0%
May 12 17:30:21     22.6     7348499      298    95.7%    296.7     0.3%     2.5%     0.0%     0.0%     1.7%     0.0%
May 12 17:31:24     22.7     7770682      298    95.7%    296.7     0.3%     2.5%     0.0%     0.0%     1.7%     0.0%
May 12 17:32:27     22.8     8192863      298    95.7%    296.7     0.3%     2.5%     0.0%     0.0%     1.7%     0.0%
May 12 17:33:29     22.9     8614980      298    95.7%    296.7     0.3%     2.5%     0.0%     0.0%     1.7%     0.0%
May 12 17:34:33     22.9     9037133      298    95.7%    296.7     0.3%     2.5%     0.0%     0.0%     1.7%     0.0%
May 12 17:35:35     23.0     9459299      298    95.8%    296.7     0.3%     2.5%     0.0%     0.0%     1.7%     0.0%
May 12 17:36:39     23.0     9881443      298    95.8%    296.7     0.3%     2.5%     0.0%     0.0%     1.7%     0.0%
May 12 17:37:43     23.0    10302780      298    95.8%    296.7     0.3%     2.5%     0.0%     0.0%     1.7%     0.0%
May 12 17:38:47     23.0    10723768      298    95.8%    296.7     0.3%     2.5%     0.0%     0.0%     1.7%     0.0%
May 12 17:39:50     23.1    11144757      298    95.8%    296.7     0.3%     2.5%     0.0%     0.0%     1.7%     0.0%
May 12 17:40:57     23.1    11565771      298    95.8%    296.7     0.3%     2.5%     0.0%     0.0%     1.7%     0.0%
May 12 17:42:00     23.1    11986753      298    95.8%    296.7     0.3%     2.5%     0.0%     0.0%     1.7%     0.0%
May 12 17:43:02     23.1    12407754      298    95.8%    296.7     0.3%     2.5%     0.0%     0.0%     1.7%     0.0%
May 12 17:44:07     23.1    12828747      298    95.8%    296.7     0.3%     2.5%     0.0%     0.0%     1.7%     0.0%
May 12 17:45:11     23.2    13249746      298    95.8%    296.7     0.3%     2.5%     0.0%     0.0%     1.7%     0.0%
May 12 17:46:12     23.2    13670679      298    95.8%    296.7     0.3%     2.5%     0.0%     0.0%     1.7%     0.0%
May 12 17:47:14     23.2    14091641      298    95.8%    296.7     0.3%     2.5%     0.0%     0.0%     1.7%     0.0%
May 12 17:48:16     23.3    14512617      298    95.8%    296.7     0.3%     2.5%     0.0%     0.0%     1.7%     0.0%
May 12 17:49:17     23.3    14933607      298    95.8%    296.7     0.3%     2.5%     0.0%     0.0%     1.7%     0.0%
May 12 17:50:23     23.3    15354654      298    95.8%    296.7     0.3%     2.5%     0.0%     0.0%     1.7%     0.0%
May 12 17:51:31     23.3    15775774      298    95.7%    296.7     0.3%     2.5%     0.0%     0.0%     1.7%     0.0%
May 12 17:52:35     23.3    16196898      298    95.7%    296.7     0.3%     2.5%     0.0%     0.0%     1.7%     0.0%
May 12 17:53:40     23.3    16618012      298    95.7%    296.7     0.3%     2.5%     0.0%     0.0%     1.7%     0.0%
May 12 17:54:46     23.3    17039088      298    95.7%    296.7     0.3%     2.5%     0.0%     0.0%     1.7%     0.0%
May 12 17:55:49     23.3    17460191      298    95.7%    296.7     0.3%     2.5%     0.0%     0.0%     1.7%     0.0%
May 12 17:56:55     23.3    17881267      298    95.7%    296.7     0.3%     2.5%     0.0%     0.0%     1.7%     0.0%
May 12 17:57:57     23.3    18302398      298    95.7%    296.7     0.3%     2.5%     0.0%     0.0%     1.7%     0.0%
May 12 17:59:00     23.3    18723509      298    95.7%    296.7     0.3%     2.5%     0.0%     0.0%     1.7%     0.0%
May 12 18:00:02     23.4    19144590      298    95.7%    296.7     0.3%     2.5%     0.0%     0.0%     1.8%     0.0%
May 12 18:01:05     23.4    19565656      298    95.7%    296.7     0.3%     2.5%     0.0%     0.0%     1.8%     0.0%
May 12 18:02:06     23.4    19986724      298    95.7%    296.7     0.3%     2.5%     0.0%     0.0%     1.8%     0.0%
May 12 18:03:08     23.4    20407790      298    95.7%    296.7     0.3%     2.5%     0.0%     0.0%     1.8%     0.0%
May 12 18:04:09     23.5    20828876      298    95.7%    296.7     0.3%     2.5%     0.0%     0.0%     1.8%     0.0%
May 12 18:05:12     23.5    21249966      298    95.7%    296.6     0.3%     2.5%     0.0%     0.0%     1.8%     0.0%
May 12 18:06:13     23.5    21671029      298    95.7%    296.6     0.3%     2.5%     0.0%     0.0%     1.8%     0.0%
May 12 18:07:14     23.5    22092069      298    95.7%    296.6     0.4%     2.5%     0.0%     0.0%     1.8%     0.0%
May 12 18:08:16     23.5    22513122      298    95.7%    296.6     0.4%     2.5%     0.0%     0.0%     1.8%     0.0%
May 12 18:09:19     23.5    22934211      298    95.7%    296.6     0.4%     2.5%     0.0%     0.0%     1.8%     0.0%
May 12 18:10:21     23.6    23355289      298    95.7%    296.6     0.4%     2.5%     0.0%     0.0%     1.8%     0.0%
May 12 18:11:22     23.6    23776355      298    95.7%    296.6     0.4%     2.5%     0.0%     0.0%     1.8%     0.0%
May 12 18:12:23     23.6    24197408      298    95.7%    296.6     0.4%     2.5%     0.0%     0.0%     1.8%     0.0%
May 12 18:13:24     23.6    24618455      298    95.7%    296.6     0.4%     2.5%     0.0%     0.0%     1.8%     0.0%
May 12 18:14:25     23.6    25039475      298    95.7%    296.6     0.4%     2.5%     0.0%     0.0%     1.8%     0.0%
May 12 18:15:25     23.7    25460525      298    95.7%    296.6     0.4%     2.5%     0.0%     0.0%     1.8%     0.0%
May 12 18:16:26     23.7    25881572      298    95.7%    296.6     0.4%     2.5%     0.0%     0.0%     1.8%     0.0%
May 12 18:17:27     23.7    26302642      298    95.6%    296.6     0.4%     2.5%     0.0%     0.0%     1.8%     0.0%
May 12 18:18:27     23.7    26723678      298    95.6%    296.6     0.4%     2.5%     0.0%     0.0%     1.8%     0.0%
May 12 18:19:27     23.7    27144729      298    95.6%    296.6     0.4%     2.5%     0.0%     0.0%     1.8%     0.0%
May 12 18:20:27     23.8    27565788      298    95.6%    296.6     0.4%     2.5%     0.0%     0.0%     1.8%     0.0%
May 12 18:21:27     23.8    27986829      298    95.6%    296.6     0.4%     2.5%     0.0%     0.0%     1.8%     0.0%
May 12 18:22:38     23.8    28492117      298    95.6%    296.6     0.4%     2.5%     0.0%     0.0%     1.8%     0.0%
May 12 18:23:49     23.8    28997349      298    95.6%    296.6     0.4%     2.5%     0.0%     0.0%     1.8%     0.0%
May 12 18:25:00     23.9    29502610      298    95.6%    296.6     0.4%     2.5%     0.0%     0.0%     1.8%     0.0%
May 12 18:30:09     22.5    29791393      298    95.6%    296.6     0.4%     2.5%     0.0%     0.0%     1.8%     0.0%
ALL DONE!
