                                 Started job on |	May 12 17:06:54
                             Started mapping on |	May 12 17:10:52
                                    Finished on |	May 12 18:30:09
       Mapping speed, Million of reads per hour |	22.55

                          Number of input reads |	29791393
                      Average input read length |	298
                                    UNIQUE READS:
                   Uniquely mapped reads number |	28491811
                        Uniquely mapped reads % |	95.64%
                          Average mapped length |	296.64
                       Number of splices: Total |	31916010
            Number of splices: Annotated (sjdb) |	31543978
                       Number of splices: GT/AG |	31621374
                       Number of splices: GC/AG |	217428
                       Number of splices: AT/AC |	27489
               Number of splices: Non-canonical |	49719
                      Mismatch rate per base, % |	0.36%
                         Deletion rate per base |	0.01%
                        Deletion average length |	1.94
                        Insertion rate per base |	0.01%
                       Insertion average length |	1.52
                             MULTI-MAPPING READS:
        Number of reads mapped to multiple loci |	746355
             % of reads mapped to multiple loci |	2.51%
        Number of reads mapped to too many loci |	9661
             % of reads mapped to too many loci |	0.03%
                                  UNMAPPED READS:
       % of reads unmapped: too many mismatches |	0.00%
                 % of reads unmapped: too short |	1.79%
                     % of reads unmapped: other |	0.03%
                                  CHIMERIC READS:
                       Number of chimeric reads |	0
                            % of chimeric reads |	0.00%
