                                 Started job on |	May 12 17:16:10
                             Started mapping on |	May 12 17:16:34
                                    Finished on |	May 12 18:49:35
       Mapping speed, Million of reads per hour |	24.28

                          Number of input reads |	37635397
                      Average input read length |	296
                                    UNIQUE READS:
                   Uniquely mapped reads number |	35728485
                        Uniquely mapped reads % |	94.93%
                          Average mapped length |	294.78
                       Number of splices: Total |	37872615
            Number of splices: Annotated (sjdb) |	37471689
                       Number of splices: GT/AG |	37565219
                       Number of splices: GC/AG |	230472
                       Number of splices: AT/AC |	25652
               Number of splices: Non-canonical |	51272
                      Mismatch rate per base, % |	0.35%
                         Deletion rate per base |	0.01%
                        Deletion average length |	1.82
                        Insertion rate per base |	0.01%
                       Insertion average length |	1.61
                             MULTI-MAPPING READS:
        Number of reads mapped to multiple loci |	1099245
             % of reads mapped to multiple loci |	2.92%
        Number of reads mapped to too many loci |	9983
             % of reads mapped to too many loci |	0.03%
                                  UNMAPPED READS:
       % of reads unmapped: too many mismatches |	0.00%
                 % of reads unmapped: too short |	2.09%
                     % of reads unmapped: other |	0.03%
                                  CHIMERIC READS:
                       Number of chimeric reads |	0
                            % of chimeric reads |	0.00%
