           Time    Speed        Read     Read   Mapped   Mapped   Mapped   Mapped Unmapped Unmapped Unmapped Unmapped
                    M/hr      number   length   unique   length   MMrate    multi   multi+       MM    short    other
May 12 11:39:10     11.6      254673      297    95.4%    295.6     0.4%     2.4%     0.0%     0.0%     2.2%     0.0%
May 12 11:40:22     12.1      509072      297    95.5%    295.7     0.4%     2.4%     0.0%     0.0%     2.1%     0.0%
May 12 11:41:46     13.0      848335      297    95.6%    295.7     0.4%     2.4%     0.0%     0.0%     2.0%     0.0%
May 12 11:42:54     13.1     1102514      297    95.6%    295.7     0.4%     2.4%     0.0%     0.0%     2.0%     0.0%
May 12 11:44:00     13.2     1356220      297    95.6%    295.7     0.4%     2.3%     0.0%     0.0%     2.0%     0.0%
May 12 11:45:20     13.6     1694497      297    95.6%    295.8     0.4%     2.3%     0.0%     0.0%     1.9%     0.0%
May 12 11:46:35     14.0     2032867      297    95.6%    295.8     0.4%     2.3%     0.0%     0.0%     1.9%     0.0%
May 12 11:47:51     14.2     2371124      297    95.6%    295.8     0.4%     2.3%     0.0%     0.0%     1.9%     0.0%
May 12 11:49:05     14.5     2709403      297    95.7%    295.8     0.4%     2.3%     0.0%     0.0%     1.9%     0.0%
May 12 11:50:22     14.6     3047677      297    95.7%    295.8     0.4%     2.3%     0.0%     0.0%     1.9%     0.0%
May 12 11:51:47     14.6     3385946      297    95.7%    295.8     0.4%     2.4%     0.0%     0.0%     1.9%     0.0%
May 12 11:52:51     14.6     3639686      297    95.7%    295.8     0.4%     2.3%     0.0%     0.0%     1.9%     0.0%
May 12 11:53:57     14.8     3978032      297    95.7%    295.9     0.3%     2.3%     0.0%     0.0%     1.9%     0.0%
May 12 11:55:12     14.9     4316382      297    95.7%    295.8     0.4%     2.3%     0.0%     0.0%     1.9%     0.0%
May 12 11:56:25     15.0     4654674      297    95.7%    295.8     0.4%     2.3%     0.0%     0.0%     1.9%     0.0%
May 12 11:57:37     15.2     4992957      297    95.7%    295.8     0.4%     2.3%     0.0%     0.0%     1.9%     0.0%
May 12 11:58:43     15.3     5331265      297    95.7%    295.8     0.4%     2.3%     0.0%     0.0%     1.9%     0.0%
May 12 11:59:44     15.5     5669541      297    95.7%    295.8     0.4%     2.3%     0.0%     0.0%     1.9%     0.0%
May 12 12:00:53     15.7     6007888      297    95.7%    295.8     0.3%     2.3%     0.0%     0.0%     1.9%     0.0%
May 12 12:02:06     15.7     6346384      297    95.7%    295.8     0.3%     2.3%     0.0%     0.0%     1.9%     0.0%
May 12 12:03:15     15.8     6684604      297    95.7%    295.8     0.4%     2.3%     0.0%     0.0%     1.9%     0.0%
May 12 12:04:28     15.8     7022874      297    95.7%    295.8     0.4%     2.3%     0.0%     0.0%     1.9%     0.0%
May 12 12:05:37     15.9     7361198      297    95.7%    295.8     0.4%     2.3%     0.0%     0.0%     1.9%     0.0%
May 12 12:06:44     16.0     7699455      297    95.7%    295.8     0.4%     2.3%     0.0%     0.0%     1.9%     0.0%
May 12 12:07:44     16.1     8037839      297    95.7%    295.8     0.3%     2.3%     0.0%     0.0%     1.9%     0.0%
May 12 12:08:57     16.3     8460871      297    95.7%    295.8     0.3%     2.3%     0.0%     0.0%     1.9%     0.0%
May 12 12:10:04     16.4     8799133      297    95.7%    295.8     0.4%     2.3%     0.0%     0.0%     1.9%     0.0%
May 12 12:11:06     16.5     9137409      297    95.7%    295.8     0.4%     2.3%     0.0%     0.0%     1.9%     0.0%
May 12 12:12:11     16.6     9475662      297    95.7%    295.8     0.4%     2.3%     0.0%     0.0%     1.9%     0.0%
May 12 12:13:28     16.7     9898531      297    95.7%    295.8     0.4%     2.3%     0.0%     0.0%     1.9%     0.0%
May 12 12:14:33     16.7    10236197      297    95.7%    295.8     0.3%     2.3%     0.0%     0.0%     1.9%     0.0%
May 12 12:15:35     16.7    10489308      297    95.7%    295.8     0.3%     2.3%     0.0%     0.0%     1.9%     0.0%
May 12 12:16:35     16.8    10826615      297    95.7%    295.8     0.3%     2.3%     0.0%     0.0%     1.9%     0.0%
May 12 12:17:50     16.9    11248270      297    95.7%    295.8     0.4%     2.3%     0.0%     0.0%     1.9%     0.0%
May 12 12:18:52     16.9    11585583      297    95.7%    295.8     0.3%     2.3%     0.0%     0.0%     1.9%     0.0%
May 12 12:20:06     16.9    11922869      297    95.7%    295.9     0.3%     2.3%     0.0%     0.0%     1.9%     0.0%
May 12 12:21:15     16.8    12175924      297    95.7%    295.9     0.3%     2.3%     0.0%     0.0%     1.9%     0.0%
May 12 12:22:17     16.9    12513374      297    95.7%    295.9     0.3%     2.3%     0.0%     0.0%     1.9%     0.0%
May 12 12:23:19     17.0    12850768      297    95.7%    295.9     0.3%     2.3%     0.0%     0.0%     1.9%     0.0%
May 12 12:24:35     16.9    13188034      297    95.7%    295.9     0.4%     2.3%     0.0%     0.0%     1.9%     0.0%
May 12 12:25:44     16.8    13441036      297    95.7%    295.9     0.4%     2.3%     0.0%     0.0%     1.9%     0.0%
May 12 12:26:48     16.9    13778299      297    95.7%    295.8     0.4%     2.3%     0.0%     0.0%     1.9%     0.0%
May 12 12:27:50     16.9    14115624      297    95.7%    295.8     0.4%     2.3%     0.0%     0.0%     1.9%     0.0%
May 12 12:29:01     16.9    14452979      297    95.7%    295.8     0.4%     2.3%     0.0%     0.0%     1.9%     0.0%
May 12 12:30:05     16.9    14705966      297    95.7%    295.8     0.4%     2.3%     0.0%     0.0%     1.9%     0.0%
May 12 12:31:07     16.9    15043237      297    95.7%    295.8     0.4%     2.3%     0.0%     0.0%     1.9%     0.0%
May 12 12:32:16     17.0    15380586      297    95.6%    295.8     0.4%     2.3%     0.0%     0.0%     1.9%     0.0%
May 12 12:33:29     16.9    15633568      297    95.6%    295.8     0.4%     2.3%     0.0%     0.0%     1.9%     0.0%
May 12 12:34:43     16.9    16055189      297    95.6%    295.8     0.4%     2.3%     0.0%     0.0%     2.0%     0.0%
May 12 12:35:47     17.0    16392517      297    95.6%    295.8     0.4%     2.3%     0.0%     0.0%     2.0%     0.0%
May 12 12:40:14     15.8    16476830      297    95.6%    295.8     0.4%     2.3%     0.0%     0.0%     2.0%     0.0%
May 12 12:41:21     16.0    16898417      297    95.6%    295.8     0.4%     2.4%     0.0%     0.0%     2.0%     0.0%
May 12 12:42:22     16.0    17235682      297    95.6%    295.8     0.4%     2.4%     0.0%     0.0%     2.0%     0.0%
May 12 12:43:25     16.1    17573008      297    95.6%    295.8     0.4%     2.4%     0.0%     0.0%     2.0%     0.0%
May 12 12:44:34     16.1    17910305      297    95.6%    295.8     0.4%     2.4%     0.0%     0.0%     2.0%     0.0%
May 12 12:45:49     16.2    18331890      297    95.6%    295.8     0.4%     2.4%     0.0%     0.0%     2.0%     0.0%
May 12 12:47:03     16.2    18669180      297    95.6%    295.8     0.4%     2.4%     0.0%     0.0%     2.0%     0.0%
May 12 12:48:14     16.1    18922100      297    95.6%    295.8     0.4%     2.4%     0.0%     0.0%     2.0%     0.0%
May 12 12:49:29     16.2    19343665      297    95.6%    295.8     0.4%     2.4%     0.0%     0.0%     2.0%     0.0%
May 12 12:50:41     16.3    19765274      297    95.6%    295.8     0.4%     2.4%     0.0%     0.0%     2.0%     0.0%
May 12 12:51:51     16.4    20186837      297    95.6%    295.8     0.4%     2.4%     0.0%     0.0%     2.0%     0.0%
May 12 12:53:06     16.4    20608391      297    95.6%    295.8     0.4%     2.4%     0.0%     0.0%     2.0%     0.0%
May 12 12:54:16     16.5    21030010      297    95.6%    295.8     0.4%     2.4%     0.0%     0.0%     2.0%     0.0%
May 12 12:55:17     16.6    21367239      297    95.6%    295.8     0.4%     2.4%     0.0%     0.0%     2.0%     0.0%
May 12 12:56:30     16.6    21704499      297    95.6%    295.8     0.4%     2.4%     0.0%     0.0%     2.0%     0.0%
May 12 12:57:43     16.6    22126099      297    95.6%    295.8     0.4%     2.4%     0.0%     0.0%     2.0%     0.0%
May 12 12:58:52     16.7    22547675      297    95.6%    295.9     0.4%     2.4%     0.0%     0.0%     2.0%     0.0%
May 12 13:00:01     16.8    22969255      297    95.6%    295.9     0.4%     2.4%     0.0%     0.0%     2.0%     0.0%
May 12 13:01:09     16.8    23390805      297    95.6%    295.9     0.4%     2.4%     0.0%     0.0%     2.0%     0.0%
May 12 13:02:14     16.9    23812392      297    95.6%    295.9     0.4%     2.4%     0.0%     0.0%     2.0%     0.0%
May 12 13:03:21     17.0    24233980      297    95.6%    295.9     0.4%     2.4%     0.0%     0.0%     2.0%     0.0%
May 12 13:04:29     17.1    24655574      297    95.6%    295.9     0.4%     2.4%     0.0%     0.0%     2.0%     0.0%
May 12 13:05:36     17.1    25077156      297    95.6%    295.9     0.4%     2.4%     0.0%     0.0%     2.0%     0.0%
May 12 13:06:45     17.2    25498653      297    95.6%    295.9     0.4%     2.4%     0.0%     0.0%     2.0%     0.0%
May 12 13:07:45     17.2    25835828      297    95.6%    295.9     0.4%     2.4%     0.0%     0.0%     2.0%     0.0%
May 12 13:08:51     17.3    26257372      297    95.6%    295.9     0.4%     2.4%     0.0%     0.0%     2.0%     0.0%
May 12 13:09:53     17.4    26678908      297    95.6%    295.9     0.4%     2.4%     0.0%     0.0%     2.0%     0.0%
May 12 13:11:03     17.4    27100459      297    95.6%    295.9     0.4%     2.4%     0.0%     0.0%     2.0%     0.0%
May 12 13:12:07     17.5    27521974      297    95.6%    295.9     0.4%     2.4%     0.0%     0.0%     2.0%     0.0%
May 12 13:13:15     17.6    27943441      297    95.6%    295.9     0.4%     2.4%     0.0%     0.0%     2.0%     0.0%
May 12 13:14:22     17.6    28365027      297    95.6%    295.9     0.4%     2.4%     0.0%     0.0%     2.0%     0.0%
May 12 13:15:29     17.7    28786624      297    95.6%    295.9     0.4%     2.3%     0.0%     0.0%     2.0%     0.0%
May 12 13:16:39     17.7    29208203      297    95.6%    295.9     0.4%     2.3%     0.0%     0.0%     2.0%     0.0%
May 12 13:17:45     17.8    29629778      297    95.6%    295.9     0.4%     2.3%     0.0%     0.0%     2.0%     0.0%
May 12 13:18:53     17.8    30051396      297    95.6%    295.9     0.4%     2.3%     0.0%     0.0%     2.0%     0.0%
May 12 13:20:02     17.9    30472975      297    95.6%    295.9     0.4%     2.3%     0.0%     0.0%     2.0%     0.0%
May 12 13:21:11     17.9    30894557      297    95.5%    295.9     0.4%     2.3%     0.0%     0.0%     2.0%     0.0%
May 12 13:50:11     14.1    31087733      297    95.5%    295.9     0.4%     2.3%     0.0%     0.0%     2.0%     0.0%
ALL DONE!
