                                 Started job on |	May 12 11:37:18
                             Started mapping on |	May 12 11:37:51
                                    Finished on |	May 12 13:50:12
       Mapping speed, Million of reads per hour |	14.09

                          Number of input reads |	31087733
                      Average input read length |	297
                                    UNIQUE READS:
                   Uniquely mapped reads number |	29702319
                        Uniquely mapped reads % |	95.54%
                          Average mapped length |	295.90
                       Number of splices: Total |	31980454
            Number of splices: Annotated (sjdb) |	31593928
                       Number of splices: GT/AG |	31689014
                       Number of splices: GC/AG |	215961
                       Number of splices: AT/AC |	26229
               Number of splices: Non-canonical |	49250
                      Mismatch rate per base, % |	0.39%
                         Deletion rate per base |	0.01%
                        Deletion average length |	1.81
                        Insertion rate per base |	0.01%
                       Insertion average length |	1.57
                             MULTI-MAPPING READS:
        Number of reads mapped to multiple loci |	729799
             % of reads mapped to multiple loci |	2.35%
        Number of reads mapped to too many loci |	9995
             % of reads mapped to too many loci |	0.03%
                                  UNMAPPED READS:
       % of reads unmapped: too many mismatches |	0.00%
                 % of reads unmapped: too short |	2.04%
                     % of reads unmapped: other |	0.03%
                                  CHIMERIC READS:
                       Number of chimeric reads |	0
                            % of chimeric reads |	0.00%
