           Time    Speed        Read     Read   Mapped   Mapped   Mapped   Mapped Unmapped Unmapped Unmapped Unmapped
                    M/hr      number   length   unique   length   MMrate    multi   multi+       MM    short    other
May 12 12:45:24     14.6      255641      296    95.9%    295.1     0.3%     2.3%     0.0%     0.0%     1.7%     0.0%
May 12 12:46:37     13.5      510982      296    95.9%    295.1     0.3%     2.3%     0.0%     0.0%     1.7%     0.0%
May 12 12:47:50     13.2      766343      296    95.9%    295.1     0.3%     2.3%     0.0%     0.0%     1.7%     0.0%
May 12 12:49:02     14.2     1106513      296    95.9%    295.1     0.3%     2.3%     0.0%     0.0%     1.7%     0.0%
May 12 12:50:07     14.2     1361242      296    95.9%    295.1     0.3%     2.3%     0.0%     0.0%     1.7%     0.0%
May 12 12:51:17     14.7     1700747      296    95.9%    295.1     0.3%     2.3%     0.0%     0.0%     1.7%     0.0%
May 12 12:52:35     14.9     2040303      296    95.9%    295.1     0.3%     2.3%     0.0%     0.0%     1.7%     0.0%
May 12 12:53:46     15.2     2379850      296    95.9%    295.1     0.3%     2.3%     0.0%     0.0%     1.7%     0.0%
May 12 12:54:47     15.2     2634553      296    95.9%    295.0     0.3%     2.3%     0.0%     0.0%     1.7%     0.0%
May 12 12:56:05     14.8     2889299      296    95.9%    295.0     0.3%     2.3%     0.0%     0.0%     1.7%     0.0%
May 12 12:57:16     15.0     3228962      296    95.9%    295.0     0.3%     2.3%     0.0%     0.0%     1.7%     0.0%
May 12 12:58:17     15.4     3568593      296    95.9%    295.0     0.3%     2.3%     0.0%     0.0%     1.7%     0.0%
May 12 12:59:25     15.9     3992911      296    95.9%    295.0     0.3%     2.3%     0.0%     0.0%     1.7%     0.0%
May 12 13:00:25     16.2     4332287      296    95.9%    295.1     0.3%     2.3%     0.0%     0.0%     1.7%     0.0%
May 12 13:01:36     16.5     4756558      296    95.9%    295.1     0.3%     2.3%     0.0%     0.0%     1.7%     0.0%
May 12 13:02:43     16.9     5180912      296    95.9%    295.1     0.3%     2.3%     0.0%     0.0%     1.7%     0.0%
May 12 13:03:51     17.2     5605188      296    95.9%    295.1     0.3%     2.3%     0.0%     0.0%     1.7%     0.0%
May 12 13:05:03     17.5     6029559      296    95.9%    295.1     0.3%     2.3%     0.0%     0.0%     1.7%     0.0%
May 12 13:06:14     17.7     6454003      296    95.9%    295.1     0.3%     2.3%     0.0%     0.0%     1.7%     0.0%
May 12 13:07:29     17.8     6878544      296    95.9%    295.1     0.3%     2.3%     0.0%     0.0%     1.7%     0.0%
May 12 13:08:33     17.9     7218127      296    95.9%    295.1     0.3%     2.3%     0.0%     0.0%     1.7%     0.0%
May 12 13:09:40     18.1     7642503      296    95.9%    295.1     0.3%     2.3%     0.0%     0.0%     1.7%     0.0%
May 12 13:10:51     18.3     8066851      296    95.9%    295.1     0.3%     2.3%     0.0%     0.0%     1.7%     0.0%
May 12 13:11:57     18.5     8491211      296    95.9%    295.1     0.3%     2.3%     0.0%     0.0%     1.7%     0.0%
May 12 13:13:02     18.6     8915631      296    95.9%    295.1     0.3%     2.3%     0.0%     0.0%     1.7%     0.0%
May 12 13:14:09     18.8     9339962      296    95.9%    295.1     0.3%     2.3%     0.0%     0.0%     1.7%     0.0%
May 12 13:15:13     19.0     9764398      296    95.9%    295.1     0.3%     2.3%     0.0%     0.0%     1.7%     0.0%
May 12 13:16:20     19.1    10188470      296    95.9%    295.1     0.3%     2.3%     0.0%     0.0%     1.7%     0.0%
May 12 13:17:25     19.3    10611837      296    95.9%    295.1     0.3%     2.3%     0.0%     0.0%     1.7%     0.0%
May 12 13:18:32     19.4    11035125      296    95.9%    295.1     0.3%     2.3%     0.0%     0.0%     1.7%     0.0%
May 12 13:19:42     19.4    11458266      296    95.9%    295.1     0.3%     2.3%     0.0%     0.0%     1.7%     0.0%
May 12 13:20:51     19.5    11881400      296    95.9%    295.1     0.3%     2.3%     0.0%     0.0%     1.7%     0.0%
May 12 13:21:55     19.7    12304628      296    95.9%    295.1     0.3%     2.3%     0.0%     0.0%     1.7%     0.0%
May 12 13:22:59     19.8    12727738      296    95.9%    295.1     0.3%     2.3%     0.0%     0.0%     1.7%     0.0%
May 12 13:24:05     19.9    13150908      296    95.9%    295.1     0.3%     2.3%     0.0%     0.0%     1.7%     0.0%
May 12 13:25:10     20.0    13574194      296    95.9%    295.1     0.3%     2.3%     0.0%     0.0%     1.7%     0.0%
May 12 13:26:18     20.0    13997586      296    95.9%    295.1     0.3%     2.3%     0.0%     0.0%     1.7%     0.0%
May 12 13:27:27     20.1    14420982      296    95.9%    295.1     0.3%     2.3%     0.0%     0.0%     1.7%     0.0%
May 12 13:28:32     20.2    14844210      296    95.9%    295.1     0.3%     2.3%     0.0%     0.0%     1.7%     0.0%
May 12 13:29:39     20.2    15267438      296    95.9%    295.1     0.3%     2.3%     0.0%     0.0%     1.7%     0.0%
May 12 13:30:47     20.3    15690568      296    95.9%    295.1     0.3%     2.3%     0.0%     0.0%     1.7%     0.0%
May 12 13:31:51     20.4    16113763      296    95.9%    295.1     0.3%     2.3%     0.0%     0.0%     1.7%     0.0%
May 12 13:32:55     20.4    16536971      296    95.9%    295.1     0.3%     2.3%     0.0%     0.0%     1.7%     0.0%
May 12 13:33:59     20.5    16960250      296    95.9%    295.1     0.3%     2.3%     0.0%     0.0%     1.7%     0.0%
May 12 13:35:05     20.6    17383590      296    95.9%    295.1     0.3%     2.3%     0.0%     0.0%     1.7%     0.0%
May 12 13:36:10     20.6    17806950      296    95.9%    295.1     0.3%     2.3%     0.0%     0.0%     1.7%     0.0%
May 12 13:37:15     20.7    18230282      296    95.9%    295.1     0.3%     2.3%     0.0%     0.0%     1.7%     0.0%
May 12 13:38:20     20.7    18653455      296    95.9%    295.1     0.3%     2.3%     0.0%     0.0%     1.7%     0.0%
May 12 13:39:25     20.8    19076586      296    95.9%    295.1     0.3%     2.3%     0.0%     0.0%     1.7%     0.0%
May 12 13:40:32     20.8    19499760      296    95.9%    295.1     0.3%     2.3%     0.0%     0.0%     1.7%     0.0%
May 12 13:41:36     20.9    19922937      296    95.9%    295.1     0.3%     2.3%     0.0%     0.0%     1.7%     0.0%
May 12 13:42:42     20.9    20346102      296    95.9%    295.1     0.3%     2.3%     0.0%     0.0%     1.7%     0.0%
May 12 13:43:46     21.0    20769286      296    95.9%    295.1     0.3%     2.3%     0.0%     0.0%     1.7%     0.0%
May 12 13:44:52     21.0    21192572      296    95.9%    295.1     0.3%     2.3%     0.0%     0.0%     1.7%     0.0%
May 12 13:46:01     21.0    21615960      296    95.9%    295.1     0.3%     2.3%     0.0%     0.0%     1.7%     0.0%
May 12 13:47:10     21.1    22039190      296    95.9%    295.1     0.3%     2.3%     0.0%     0.0%     1.7%     0.0%
May 12 13:48:15     21.1    22462427      296    95.9%    295.1     0.3%     2.3%     0.0%     0.0%     1.7%     0.0%
May 12 13:49:27     21.1    22885709      296    95.9%    295.1     0.3%     2.3%     0.0%     0.0%     1.7%     0.0%
May 12 13:50:27     21.1    23224448      296    95.9%    295.1     0.3%     2.3%     0.0%     0.0%     1.7%     0.0%
May 12 13:51:31     21.1    23647718      296    95.9%    295.1     0.3%     2.3%     0.0%     0.0%     1.7%     0.0%
May 12 13:52:40     21.1    24071114      296    95.9%    295.1     0.3%     2.3%     0.0%     0.0%     1.7%     0.0%
May 12 13:53:49     21.2    24494479      296    95.9%    295.1     0.3%     2.3%     0.0%     0.0%     1.7%     0.0%
May 12 13:55:00     21.2    24917919      296    95.9%    295.1     0.3%     2.3%     0.0%     0.0%     1.7%     0.0%
May 12 13:56:02     21.1    25256631      296    95.9%    295.1     0.3%     2.3%     0.0%     0.0%     1.7%     0.0%
May 12 13:57:13     21.1    25679713      296    95.9%    295.1     0.3%     2.3%     0.0%     0.0%     1.8%     0.0%
May 12 13:58:23     21.2    26102810      296    95.9%    295.1     0.3%     2.3%     0.0%     0.0%     1.8%     0.0%
May 12 13:59:32     21.2    26526034      296    95.9%    295.1     0.3%     2.3%     0.0%     0.0%     1.8%     0.0%
May 12 14:00:39     21.2    26949224      296    95.9%    295.1     0.3%     2.3%     0.0%     0.0%     1.8%     0.0%
May 12 14:01:46     21.2    27372421      296    95.9%    295.1     0.3%     2.3%     0.0%     0.0%     1.8%     0.0%
May 12 14:02:54     21.2    27795717      296    95.9%    295.1     0.3%     2.3%     0.0%     0.0%     1.8%     0.0%
May 12 14:04:01     21.3    28219068      296    95.9%    295.1     0.3%     2.3%     0.0%     0.0%     1.8%     0.0%
May 12 14:05:09     21.3    28642507      296    95.9%    295.1     0.3%     2.3%     0.0%     0.0%     1.8%     0.0%
May 12 14:06:16     21.3    29065554      296    95.9%    295.1     0.3%     2.3%     0.0%     0.0%     1.8%     0.0%
May 12 14:07:26     21.3    29488636      296    95.9%    295.1     0.3%     2.3%     0.0%     0.0%     1.8%     0.0%
May 12 14:08:37     21.3    29911930      296    95.9%    295.1     0.3%     2.3%     0.0%     0.0%     1.8%     0.0%
May 12 14:09:45     21.3    30335199      296    95.8%    295.1     0.3%     2.3%     0.0%     0.0%     1.8%     0.0%
May 12 14:10:51     21.3    30758591      296    95.8%    295.0     0.3%     2.3%     0.0%     0.0%     1.8%     0.0%
May 12 14:12:00     21.3    31181996      296    95.8%    295.0     0.3%     2.3%     0.0%     0.0%     1.8%     0.0%
May 12 14:13:02     21.4    31605371      296    95.8%    295.0     0.3%     2.3%     0.0%     0.0%     1.8%     0.0%
May 12 14:14:10     21.4    32028843      296    95.8%    295.0     0.3%     2.3%     0.0%     0.0%     1.8%     0.0%
May 12 14:15:17     21.4    32452039      296    95.8%    295.0     0.3%     2.3%     0.0%     0.0%     1.8%     0.0%
May 12 14:16:22     21.4    32875207      296    95.8%    295.0     0.3%     2.3%     0.0%     0.0%     1.8%     0.0%
May 12 14:17:28     21.5    33298450      296    95.8%    295.0     0.3%     2.3%     0.0%     0.0%     1.8%     0.0%
May 12 14:18:32     21.5    33721774      296    95.8%    295.0     0.3%     2.3%     0.0%     0.0%     1.8%     0.0%
May 12 14:19:38     21.5    34145070      296    95.8%    295.0     0.3%     2.3%     0.0%     0.0%     1.8%     0.0%
May 12 14:20:43     21.5    34568422      296    95.8%    295.0     0.3%     2.3%     0.0%     0.0%     1.8%     0.0%
May 12 14:21:52     21.5    34991854      296    95.8%    295.0     0.3%     2.3%     0.0%     0.0%     1.8%     0.0%
May 12 14:23:01     21.5    35415319      296    95.8%    295.0     0.3%     2.3%     0.0%     0.0%     1.8%     0.0%
May 12 14:24:12     21.5    35838646      296    95.8%    295.0     0.3%     2.3%     0.0%     0.0%     1.8%     0.0%
May 12 14:25:25     21.5    36261676      296    95.8%    295.0     0.3%     2.3%     0.0%     0.0%     1.8%     0.0%
May 12 14:26:31     21.5    36684807      296    95.8%    295.0     0.3%     2.3%     0.0%     0.0%     1.8%     0.0%
May 12 14:27:40     21.6    37108097      296    95.8%    295.0     0.3%     2.3%     0.0%     0.0%     1.8%     0.0%
May 12 14:28:51     21.5    37531412      296    95.8%    295.0     0.3%     2.3%     0.0%     0.0%     1.8%     0.0%
May 12 14:29:57     21.6    37954712      296    95.8%    295.0     0.3%     2.3%     0.0%     0.0%     1.8%     0.0%
May 12 14:31:03     21.6    38378165      296    95.8%    295.0     0.3%     2.3%     0.0%     0.0%     1.8%     0.0%
May 12 14:32:10     21.6    38801593      296    95.8%    295.0     0.3%     2.3%     0.0%     0.0%     1.8%     0.0%
May 12 14:33:17     21.6    39225063      296    95.8%    295.0     0.3%     2.3%     0.0%     0.0%     1.8%     0.0%
May 12 14:34:17     21.6    39563535      296    95.8%    295.0     0.3%     2.3%     0.0%     0.0%     1.8%     0.0%
May 12 14:35:27     21.6    39986637      296    95.8%    295.0     0.3%     2.3%     0.0%     0.0%     1.8%     0.0%
May 12 14:36:36     21.6    40409808      296    95.8%    295.0     0.3%     2.3%     0.0%     0.0%     1.8%     0.0%
May 12 14:37:45     21.6    40833105      296    95.8%    295.0     0.3%     2.3%     0.0%     0.0%     1.8%     0.0%
May 12 14:38:52     21.6    41256353      296    95.8%    295.0     0.3%     2.3%     0.0%     0.0%     1.8%     0.0%
May 12 14:39:58     21.6    41679682      296    95.8%    295.0     0.3%     2.3%     0.0%     0.0%     1.8%     0.0%
May 12 14:41:05     21.6    42103113      296    95.8%    295.0     0.3%     2.3%     0.0%     0.0%     1.8%     0.0%
May 12 14:42:12     21.7    42526576      296    95.8%    295.0     0.3%     2.3%     0.0%     0.0%     1.8%     0.0%
May 12 15:15:06     17.0    42734595      296    95.8%    295.0     0.3%     2.3%     0.0%     0.0%     1.8%     0.0%
ALL DONE!
