                                 Started job on |	May 12 12:02:06
                             Started mapping on |	May 12 12:44:21
                                    Finished on |	May 12 15:15:06
       Mapping speed, Million of reads per hour |	17.01

                          Number of input reads |	42734595
                      Average input read length |	296
                                    UNIQUE READS:
                   Uniquely mapped reads number |	40945339
                        Uniquely mapped reads % |	95.81%
                          Average mapped length |	295.02
                       Number of splices: Total |	42523299
            Number of splices: Annotated (sjdb) |	41939539
                       Number of splices: GT/AG |	42125340
                       Number of splices: GC/AG |	289407
                       Number of splices: AT/AC |	31987
               Number of splices: Non-canonical |	76565
                      Mismatch rate per base, % |	0.31%
                         Deletion rate per base |	0.01%
                        Deletion average length |	1.87
                        Insertion rate per base |	0.01%
                       Insertion average length |	1.67
                             MULTI-MAPPING READS:
        Number of reads mapped to multiple loci |	984663
             % of reads mapped to multiple loci |	2.30%
        Number of reads mapped to too many loci |	16586
             % of reads mapped to too many loci |	0.04%
                                  UNMAPPED READS:
       % of reads unmapped: too many mismatches |	0.00%
                 % of reads unmapped: too short |	1.81%
                     % of reads unmapped: other |	0.03%
                                  CHIMERIC READS:
                       Number of chimeric reads |	0
                            % of chimeric reads |	0.00%
