                                 Started job on |	May 12 11:32:41
                             Started mapping on |	May 12 11:33:09
                                    Finished on |	May 12 13:34:37
       Mapping speed, Million of reads per hour |	14.41

                          Number of input reads |	29162274
                      Average input read length |	282
                                    UNIQUE READS:
                   Uniquely mapped reads number |	26510839
                        Uniquely mapped reads % |	90.91%
                          Average mapped length |	281.85
                       Number of splices: Total |	28283723
            Number of splices: Annotated (sjdb) |	28000289
                       Number of splices: GT/AG |	28032780
                       Number of splices: GC/AG |	185623
                       Number of splices: AT/AC |	21187
               Number of splices: Non-canonical |	44133
                      Mismatch rate per base, % |	0.35%
                         Deletion rate per base |	0.01%
                        Deletion average length |	1.75
                        Insertion rate per base |	0.01%
                       Insertion average length |	1.53
                             MULTI-MAPPING READS:
        Number of reads mapped to multiple loci |	1093499
             % of reads mapped to multiple loci |	3.75%
        Number of reads mapped to too many loci |	7914
             % of reads mapped to too many loci |	0.03%
                                  UNMAPPED READS:
       % of reads unmapped: too many mismatches |	0.00%
                 % of reads unmapped: too short |	5.25%
                     % of reads unmapped: other |	0.07%
                                  CHIMERIC READS:
                       Number of chimeric reads |	0
                            % of chimeric reads |	0.00%
