                                 Started job on |	May 12 11:52:16
                             Started mapping on |	May 12 11:57:05
                                    Finished on |	May 12 14:37:34
       Mapping speed, Million of reads per hour |	14.48

                          Number of input reads |	38739916
                      Average input read length |	295
                                    UNIQUE READS:
                   Uniquely mapped reads number |	36831337
                        Uniquely mapped reads % |	95.07%
                          Average mapped length |	293.89
                       Number of splices: Total |	36050686
            Number of splices: Annotated (sjdb) |	35557256
                       Number of splices: GT/AG |	35713982
                       Number of splices: GC/AG |	248340
                       Number of splices: AT/AC |	28929
               Number of splices: Non-canonical |	59435
                      Mismatch rate per base, % |	0.41%
                         Deletion rate per base |	0.01%
                        Deletion average length |	1.92
                        Insertion rate per base |	0.01%
                       Insertion average length |	1.58
                             MULTI-MAPPING READS:
        Number of reads mapped to multiple loci |	1018016
             % of reads mapped to multiple loci |	2.63%
        Number of reads mapped to too many loci |	14768
             % of reads mapped to too many loci |	0.04%
                                  UNMAPPED READS:
       % of reads unmapped: too many mismatches |	0.00%
                 % of reads unmapped: too short |	2.23%
                     % of reads unmapped: other |	0.03%
                                  CHIMERIC READS:
                       Number of chimeric reads |	0
                            % of chimeric reads |	0.00%
