           Time    Speed        Read     Read   Mapped   Mapped   Mapped   Mapped Unmapped Unmapped Unmapped Unmapped
                    M/hr      number   length   unique   length   MMrate    multi   multi+       MM    short    other
May 12 11:58:13     13.6      256014      295    94.8%    293.8     0.4%     2.7%     0.0%     0.0%     2.4%     0.0%
May 12 11:59:27     13.0      511738      295    94.9%    293.8     0.4%     2.7%     0.0%     0.0%     2.4%     0.0%
May 12 12:00:30     13.5      767606      295    95.0%    293.8     0.4%     2.7%     0.0%     0.0%     2.3%     0.0%
May 12 12:01:53     12.8     1023496      295    95.0%    293.8     0.4%     2.7%     0.0%     0.0%     2.2%     0.0%
May 12 12:02:59     13.0     1278655      295    95.0%    293.8     0.4%     2.7%     0.0%     0.0%     2.2%     0.0%
May 12 12:04:23     12.6     1533882      295    95.1%    293.8     0.4%     2.6%     0.0%     0.0%     2.2%     0.0%
May 12 12:05:36     12.6     1788987      295    95.1%    293.8     0.4%     2.6%     0.0%     0.0%     2.2%     0.0%
May 12 12:07:03     12.8     2129374      295    95.1%    293.8     0.4%     2.6%     0.0%     0.0%     2.2%     0.0%
May 12 12:08:12     12.9     2384885      295    95.1%    293.8     0.4%     2.6%     0.0%     0.0%     2.2%     0.0%
May 12 12:09:18     13.0     2640487      295    95.1%    293.7     0.4%     2.6%     0.0%     0.0%     2.2%     0.0%
May 12 12:10:18     13.1     2896340      295    95.1%    293.7     0.4%     2.6%     0.0%     0.0%     2.2%     0.0%
May 12 12:11:26     13.2     3152470      295    95.1%    293.6     0.4%     2.6%     0.0%     0.0%     2.2%     0.0%
May 12 12:12:27     13.3     3407438      295    95.1%    293.7     0.4%     2.6%     0.0%     0.0%     2.2%     0.0%
May 12 12:13:34     13.3     3662414      295    95.1%    293.7     0.4%     2.6%     0.0%     0.0%     2.2%     0.0%
May 12 12:15:24     12.8     3917376      295    95.1%    293.7     0.4%     2.6%     0.0%     0.0%     2.2%     0.0%
May 12 12:16:31     12.9     4172532      295    95.1%    293.7     0.4%     2.6%     0.0%     0.0%     2.2%     0.0%
May 12 12:17:32     13.0     4427643      295    95.1%    293.7     0.4%     2.6%     0.0%     0.0%     2.2%     0.0%
May 12 12:18:45     13.0     4682800      295    95.1%    293.7     0.4%     2.6%     0.0%     0.0%     2.2%     0.0%
May 12 12:20:24     12.7     4937911      295    95.1%    293.8     0.4%     2.6%     0.0%     0.0%     2.1%     0.0%
May 12 12:21:29     12.6     5108031      295    95.1%    293.8     0.4%     2.6%     0.0%     0.0%     2.1%     0.0%
May 12 12:22:48     12.7     5448429      295    95.2%    293.8     0.4%     2.6%     0.0%     0.0%     2.1%     0.0%
May 12 12:24:08     12.7     5703941      295    95.2%    293.8     0.4%     2.6%     0.0%     0.0%     2.1%     0.0%
May 12 12:25:21     12.5     5874373      295    95.2%    293.7     0.4%     2.6%     0.0%     0.0%     2.1%     0.0%
May 12 12:26:38     12.6     6215529      295    95.2%    293.7     0.4%     2.6%     0.0%     0.0%     2.1%     0.0%
May 12 12:27:41     12.7     6471631      295    95.2%    293.7     0.4%     2.6%     0.0%     0.0%     2.1%     0.0%
May 12 12:28:47     12.7     6726453      295    95.2%    293.7     0.4%     2.6%     0.0%     0.0%     2.1%     0.0%
May 12 12:29:47     12.7     6896404      295    95.2%    293.7     0.4%     2.6%     0.0%     0.0%     2.1%     0.0%
May 12 12:31:08     12.8     7236336      295    95.2%    293.7     0.4%     2.6%     0.0%     0.0%     2.1%     0.0%
May 12 12:32:18     12.8     7491373      295    95.2%    293.7     0.4%     2.6%     0.0%     0.0%     2.1%     0.0%
May 12 12:33:34     12.6     7661390      295    95.2%    293.7     0.4%     2.6%     0.0%     0.0%     2.1%     0.0%
May 12 12:34:50     12.7     8001501      295    95.2%    293.7     0.4%     2.6%     0.0%     0.0%     2.1%     0.0%
May 12 12:40:09     11.5     8256555      295    95.2%    293.7     0.4%     2.6%     0.0%     0.0%     2.1%     0.0%
May 12 12:41:09     11.6     8511682      295    95.2%    293.8     0.4%     2.6%     0.0%     0.0%     2.1%     0.0%
May 12 12:42:20     11.7     8852109      295    95.2%    293.8     0.4%     2.6%     0.0%     0.0%     2.1%     0.0%
May 12 12:43:31     11.8     9107656      295    95.2%    293.7     0.4%     2.6%     0.0%     0.0%     2.1%     0.0%
May 12 12:44:39     11.8     9363454      295    95.2%    293.7     0.4%     2.6%     0.0%     0.0%     2.1%     0.0%
May 12 12:45:51     11.9     9704975      295    95.2%    293.7     0.4%     2.6%     0.0%     0.0%     2.1%     0.0%
May 12 12:46:59     12.1    10044800      295    95.2%    293.7     0.4%     2.6%     0.0%     0.0%     2.1%     0.0%
May 12 12:48:08     12.1    10298949      295    95.2%    293.7     0.4%     2.6%     0.0%     0.0%     2.1%     0.0%
May 12 12:49:21     12.2    10638033      295    95.2%    293.7     0.4%     2.6%     0.0%     0.0%     2.1%     0.0%
May 12 12:50:31     12.3    10977179      295    95.2%    293.7     0.4%     2.6%     0.0%     0.0%     2.1%     0.0%
May 12 12:51:44     12.4    11316379      295    95.2%    293.7     0.4%     2.6%     0.0%     0.0%     2.1%     0.0%
May 12 12:52:44     12.5    11570756      295    95.2%    293.7     0.4%     2.6%     0.0%     0.0%     2.1%     0.0%
May 12 12:54:02     12.5    11910071      295    95.2%    293.8     0.4%     2.6%     0.0%     0.0%     2.1%     0.0%
May 12 12:55:06     12.6    12164809      295    95.2%    293.7     0.4%     2.6%     0.0%     0.0%     2.1%     0.0%
May 12 12:56:14     12.6    12419645      295    95.2%    293.7     0.4%     2.6%     0.0%     0.0%     2.1%     0.0%
May 12 12:57:16     12.7    12759795      295    95.2%    293.7     0.4%     2.6%     0.0%     0.0%     2.1%     0.0%
May 12 12:58:19     12.8    13099808      295    95.2%    293.7     0.4%     2.6%     0.0%     0.0%     2.1%     0.0%
May 12 12:59:24     12.9    13438594      295    95.2%    293.7     0.4%     2.6%     0.0%     0.0%     2.1%     0.0%
May 12 13:00:29     13.0    13777531      295    95.2%    293.7     0.4%     2.6%     0.0%     0.0%     2.1%     0.0%
May 12 13:01:31     13.1    14116605      295    95.2%    293.7     0.4%     2.6%     0.0%     0.0%     2.1%     0.0%
May 12 13:02:43     13.3    14540656      295    95.2%    293.8     0.4%     2.6%     0.0%     0.0%     2.1%     0.0%
May 12 13:03:54     13.4    14964503      295    95.2%    293.8     0.4%     2.6%     0.0%     0.0%     2.1%     0.0%
May 12 13:05:04     13.5    15303967      295    95.2%    293.8     0.4%     2.6%     0.0%     0.0%     2.1%     0.0%
May 12 13:06:14     13.6    15728715      295    95.2%    293.8     0.4%     2.6%     0.0%     0.0%     2.1%     0.0%
May 12 13:07:23     13.7    16068829      295    95.2%    293.7     0.4%     2.6%     0.0%     0.0%     2.1%     0.0%
May 12 13:08:36     13.8    16493289      295    95.2%    293.7     0.4%     2.6%     0.0%     0.0%     2.1%     0.0%
May 12 13:09:44     14.0    16916818      295    95.2%    293.8     0.4%     2.6%     0.0%     0.0%     2.1%     0.0%
May 12 13:10:51     14.1    17340527      295    95.2%    293.8     0.4%     2.6%     0.0%     0.0%     2.1%     0.0%
May 12 13:11:55     14.2    17764274      295    95.2%    293.8     0.4%     2.6%     0.0%     0.0%     2.1%     0.0%
May 12 13:13:01     14.4    18188063      295    95.2%    293.8     0.4%     2.6%     0.0%     0.0%     2.1%     0.0%
May 12 13:14:06     14.5    18612276      295    95.2%    293.8     0.4%     2.6%     0.0%     0.0%     2.1%     0.0%
May 12 13:15:10     14.6    19037087      295    95.2%    293.8     0.4%     2.6%     0.0%     0.0%     2.1%     0.0%
May 12 13:16:18     14.7    19462582      295    95.2%    293.8     0.4%     2.6%     0.0%     0.0%     2.1%     0.0%
May 12 13:17:18     14.8    19801759      295    95.2%    293.8     0.4%     2.6%     0.0%     0.0%     2.1%     0.0%
May 12 13:18:31     14.9    20225359      295    95.2%    293.8     0.4%     2.6%     0.0%     0.0%     2.1%     0.0%
May 12 13:19:44     15.0    20649214      295    95.2%    293.8     0.4%     2.6%     0.0%     0.0%     2.1%     0.0%
May 12 13:20:55     15.1    21073088      295    95.2%    293.8     0.4%     2.6%     0.0%     0.0%     2.1%     0.0%
May 12 13:22:02     15.1    21411991      295    95.2%    293.8     0.4%     2.6%     0.0%     0.0%     2.1%     0.0%
May 12 13:23:02     15.2    21751033      295    95.2%    293.8     0.4%     2.6%     0.0%     0.0%     2.1%     0.0%
May 12 13:24:05     15.2    22090213      295    95.2%    293.8     0.4%     2.6%     0.0%     0.0%     2.1%     0.0%
May 12 13:25:14     15.3    22514304      295    95.1%    293.8     0.4%     2.6%     0.0%     0.0%     2.2%     0.0%
May 12 13:26:24     15.4    22938066      295    95.1%    293.8     0.4%     2.6%     0.0%     0.0%     2.2%     0.0%
May 12 13:27:39     15.5    23361683      295    95.1%    293.8     0.4%     2.6%     0.0%     0.0%     2.2%     0.0%
May 12 13:28:50     15.6    23785509      295    95.1%    293.8     0.4%     2.6%     0.0%     0.0%     2.2%     0.0%
May 12 13:30:00     15.6    24209346      295    95.1%    293.8     0.4%     2.6%     0.0%     0.0%     2.2%     0.0%
May 12 13:31:12     15.7    24633142      295    95.1%    293.8     0.4%     2.6%     0.0%     0.0%     2.2%     0.0%
May 12 13:32:21     15.8    25057041      295    95.1%    293.8     0.4%     2.6%     0.0%     0.0%     2.2%     0.0%
May 12 13:33:30     15.9    25481138      295    95.1%    293.8     0.4%     2.6%     0.0%     0.0%     2.2%     0.0%
May 12 13:34:39     15.9    25905170      295    95.1%    293.8     0.4%     2.6%     0.0%     0.0%     2.2%     0.0%
May 12 13:35:49     16.0    26328553      295    95.1%    293.8     0.4%     2.6%     0.0%     0.0%     2.2%     0.0%
May 12 13:36:59     16.1    26752149      295    95.1%    293.8     0.4%     2.6%     0.0%     0.0%     2.2%     0.0%
May 12 13:38:06     16.1    27175946      295    95.1%    293.8     0.4%     2.6%     0.0%     0.0%     2.2%     0.0%
May 12 13:39:15     16.2    27599648      295    95.1%    293.8     0.4%     2.6%     0.0%     0.0%     2.2%     0.0%
May 12 13:40:24     16.3    28023459      295    95.1%    293.8     0.4%     2.6%     0.0%     0.0%     2.2%     0.0%
May 12 13:41:33     16.3    28447470      295    95.1%    293.8     0.4%     2.6%     0.0%     0.0%     2.2%     0.0%
May 12 13:42:42     16.4    28871602      295    95.1%    293.8     0.4%     2.6%     0.0%     0.0%     2.2%     0.0%
May 12 13:43:51     16.5    29295422      295    95.1%    293.8     0.4%     2.6%     0.0%     0.0%     2.2%     0.0%
May 12 13:45:05     16.5    29718794      295    95.1%    293.8     0.4%     2.6%     0.0%     0.0%     2.2%     0.0%
May 12 13:46:17     16.6    30142345      295    95.1%    293.8     0.4%     2.6%     0.0%     0.0%     2.2%     0.0%
May 12 13:47:25     16.6    30566043      295    95.1%    293.8     0.4%     2.6%     0.0%     0.0%     2.2%     0.0%
May 12 13:48:27     16.7    30904881      295    95.1%    293.8     0.4%     2.6%     0.0%     0.0%     2.2%     0.0%
May 12 13:49:38     16.7    31328604      295    95.1%    293.8     0.4%     2.6%     0.0%     0.0%     2.2%     0.0%
May 12 13:50:41     16.7    31667735      295    95.1%    293.8     0.4%     2.6%     0.0%     0.0%     2.2%     0.0%
May 12 13:51:50     16.8    32091841      295    95.1%    293.8     0.4%     2.6%     0.0%     0.0%     2.2%     0.0%
May 12 13:52:58     16.8    32515608      295    95.1%    293.8     0.4%     2.6%     0.0%     0.0%     2.2%     0.0%
May 12 13:54:11     16.9    32939028      295    95.1%    293.8     0.4%     2.6%     0.0%     0.0%     2.2%     0.0%
May 12 13:55:21     16.9    33362628      295    95.1%    293.9     0.4%     2.6%     0.0%     0.0%     2.2%     0.0%
May 12 13:56:33     17.0    33786288      295    95.1%    293.9     0.4%     2.6%     0.0%     0.0%     2.2%     0.0%
May 12 13:57:41     17.0    34209969      295    95.1%    293.9     0.4%     2.6%     0.0%     0.0%     2.2%     0.0%
May 12 13:58:52     17.1    34633826      295    95.1%    293.9     0.4%     2.6%     0.0%     0.0%     2.2%     0.0%
May 12 14:00:03     17.1    35057805      295    95.1%    293.9     0.4%     2.6%     0.0%     0.0%     2.2%     0.0%
May 12 14:01:14     17.1    35481828      295    95.1%    293.9     0.4%     2.6%     0.0%     0.0%     2.2%     0.0%
May 12 14:02:23     17.2    35905139      295    95.1%    293.9     0.4%     2.6%     0.0%     0.0%     2.2%     0.0%
May 12 14:03:32     17.2    36328508      295    95.1%    293.9     0.4%     2.6%     0.0%     0.0%     2.2%     0.0%
May 12 14:04:40     17.3    36751983      295    95.1%    293.9     0.4%     2.6%     0.0%     0.0%     2.2%     0.0%
May 12 14:05:47     17.3    37175474      295    95.1%    293.9     0.4%     2.6%     0.0%     0.0%     2.2%     0.0%
May 12 14:06:53     17.4    37599009      295    95.1%    293.9     0.4%     2.6%     0.0%     0.0%     2.2%     0.0%
May 12 14:07:59     17.4    38022824      295    95.1%    293.9     0.4%     2.6%     0.0%     0.0%     2.2%     0.0%
May 12 14:09:08     17.5    38446852      295    95.1%    293.9     0.4%     2.6%     0.0%     0.0%     2.2%     0.0%
May 12 14:37:34     14.5    38739916      295    95.1%    293.9     0.4%     2.6%     0.0%     0.0%     2.2%     0.0%
ALL DONE!
