                                 Started job on |	May 12 11:56:22
                             Started mapping on |	May 12 12:34:35
                                    Finished on |	May 12 15:04:57
       Mapping speed, Million of reads per hour |	16.02

                          Number of input reads |	40148482
                      Average input read length |	296
                                    UNIQUE READS:
                   Uniquely mapped reads number |	38395668
                        Uniquely mapped reads % |	95.63%
                          Average mapped length |	294.86
                       Number of splices: Total |	42720872
            Number of splices: Annotated (sjdb) |	42214676
                       Number of splices: GT/AG |	42328157
                       Number of splices: GC/AG |	294813
                       Number of splices: AT/AC |	33688
               Number of splices: Non-canonical |	64214
                      Mismatch rate per base, % |	0.39%
                         Deletion rate per base |	0.01%
                        Deletion average length |	1.84
                        Insertion rate per base |	0.01%
                       Insertion average length |	1.48
                             MULTI-MAPPING READS:
        Number of reads mapped to multiple loci |	951560
             % of reads mapped to multiple loci |	2.37%
        Number of reads mapped to too many loci |	12430
             % of reads mapped to too many loci |	0.03%
                                  UNMAPPED READS:
       % of reads unmapped: too many mismatches |	0.00%
                 % of reads unmapped: too short |	1.93%
                     % of reads unmapped: other |	0.03%
                                  CHIMERIC READS:
                       Number of chimeric reads |	0
                            % of chimeric reads |	0.00%
