                                 Started job on |	May 12 11:35:22
                             Started mapping on |	May 12 11:35:50
                                    Finished on |	May 12 13:47:54
       Mapping speed, Million of reads per hour |	13.79

                          Number of input reads |	30363527
                      Average input read length |	298
                                    UNIQUE READS:
                   Uniquely mapped reads number |	29028349
                        Uniquely mapped reads % |	95.60%
                          Average mapped length |	296.53
                       Number of splices: Total |	30878920
            Number of splices: Annotated (sjdb) |	30500354
                       Number of splices: GT/AG |	30596264
                       Number of splices: GC/AG |	210280
                       Number of splices: AT/AC |	25616
               Number of splices: Non-canonical |	46760
                      Mismatch rate per base, % |	0.38%
                         Deletion rate per base |	0.01%
                        Deletion average length |	1.88
                        Insertion rate per base |	0.01%
                       Insertion average length |	1.55
                             MULTI-MAPPING READS:
        Number of reads mapped to multiple loci |	748343
             % of reads mapped to multiple loci |	2.46%
        Number of reads mapped to too many loci |	10386
             % of reads mapped to too many loci |	0.03%
                                  UNMAPPED READS:
       % of reads unmapped: too many mismatches |	0.00%
                 % of reads unmapped: too short |	1.86%
                     % of reads unmapped: other |	0.03%
                                  CHIMERIC READS:
                       Number of chimeric reads |	0
                            % of chimeric reads |	0.00%
