           Time    Speed        Read     Read   Mapped   Mapped   Mapped   Mapped Unmapped Unmapped Unmapped Unmapped
                    M/hr      number   length   unique   length   MMrate    multi   multi+       MM    short    other
May 12 11:43:36     15.9      339337      297    95.7%    295.9     0.4%     2.1%     0.0%     0.0%     2.2%     0.0%
May 12 11:44:48     16.4      678318      298    95.8%    296.0     0.4%     2.1%     0.0%     0.0%     2.1%     0.0%
May 12 11:46:03     16.3     1017296      298    95.8%    296.0     0.3%     2.1%     0.0%     0.0%     2.1%     0.0%
May 12 11:47:19     16.3     1355407      298    95.8%    296.0     0.3%     2.1%     0.0%     0.0%     2.1%     0.0%
May 12 11:48:26     16.6     1693446      298    95.8%    296.1     0.3%     2.1%     0.0%     0.0%     2.1%     0.0%
May 12 11:49:34     16.8     2031600      298    95.8%    296.1     0.3%     2.1%     0.0%     0.0%     2.0%     0.0%
May 12 11:50:46     16.8     2369615      298    95.8%    296.1     0.3%     2.1%     0.0%     0.0%     2.1%     0.0%
May 12 11:52:00     16.8     2707693      298    95.8%    296.1     0.3%     2.1%     0.0%     0.0%     2.0%     0.0%
May 12 11:53:08     16.9     3045768      298    95.8%    296.1     0.3%     2.1%     0.0%     0.0%     2.0%     0.0%
May 12 11:54:09     17.2     3383874      298    95.8%    296.1     0.3%     2.1%     0.0%     0.0%     2.0%     0.0%
May 12 11:55:13     17.3     3721994      298    95.9%    296.1     0.3%     2.1%     0.0%     0.0%     2.0%     0.0%
May 12 11:56:13     17.5     4060182      298    95.9%    296.1     0.3%     2.1%     0.0%     0.0%     2.0%     0.0%
May 12 11:57:15     17.7     4398251      298    95.8%    296.1     0.3%     2.1%     0.0%     0.0%     2.0%     0.0%
May 12 11:58:25     17.7     4736315      298    95.8%    296.1     0.3%     2.1%     0.0%     0.0%     2.0%     0.0%
May 12 11:59:38     17.6     5074400      298    95.8%    296.1     0.3%     2.1%     0.0%     0.0%     2.0%     0.0%
May 12 12:00:51     17.5     5412487      298    95.9%    296.1     0.3%     2.1%     0.0%     0.0%     2.0%     0.0%
May 12 12:02:03     17.5     5750632      298    95.9%    296.1     0.3%     2.1%     0.0%     0.0%     2.0%     0.0%
May 12 12:03:10     17.5     6088822      298    95.9%    296.1     0.3%     2.1%     0.0%     0.0%     2.0%     0.0%
May 12 12:04:13     17.6     6426923      298    95.9%    296.1     0.3%     2.1%     0.0%     0.0%     2.0%     0.0%
May 12 12:05:19     17.6     6765000      298    95.9%    296.1     0.3%     2.1%     0.0%     0.0%     2.0%     0.0%
May 12 12:06:19     17.8     7103099      298    95.8%    296.1     0.3%     2.1%     0.0%     0.0%     2.0%     0.0%
May 12 12:07:19     17.9     7441170      298    95.9%    296.1     0.3%     2.1%     0.0%     0.0%     2.0%     0.0%
May 12 12:08:25     17.9     7779262      298    95.9%    296.1     0.3%     2.1%     0.0%     0.0%     2.0%     0.0%
May 12 12:09:27     18.0     8117468      298    95.9%    296.1     0.3%     2.1%     0.0%     0.0%     2.0%     0.0%
May 12 12:10:33     18.0     8455608      298    95.9%    296.1     0.3%     2.1%     0.0%     0.0%     2.0%     0.0%
May 12 12:11:39     18.0     8793629      298    95.9%    296.1     0.3%     2.1%     0.0%     0.0%     2.0%     0.0%
May 12 12:12:54     17.9     9131714      298    95.9%    296.1     0.3%     2.1%     0.0%     0.0%     2.0%     0.0%
May 12 12:14:02     17.9     9469777      298    95.9%    296.1     0.3%     2.1%     0.0%     0.0%     2.0%     0.0%
May 12 12:15:25     17.8     9807867      298    95.9%    296.1     0.3%     2.1%     0.0%     0.0%     2.0%     0.0%
May 12 12:16:27     17.8    10145650      298    95.9%    296.1     0.3%     2.1%     0.0%     0.0%     2.0%     0.0%
May 12 12:17:35     17.8    10482867      298    95.9%    296.1     0.3%     2.1%     0.0%     0.0%     2.0%     0.0%
May 12 12:18:43     17.8    10819914      298    95.9%    296.1     0.3%     2.1%     0.0%     0.0%     2.0%     0.0%
May 12 12:19:57     17.8    11157010      298    95.9%    296.1     0.3%     2.1%     0.0%     0.0%     2.0%     0.0%
May 12 12:21:07     17.6    11409824      298    95.9%    296.1     0.3%     2.1%     0.0%     0.0%     2.0%     0.0%
May 12 12:22:08     17.7    11746962      298    95.9%    296.1     0.3%     2.1%     0.0%     0.0%     2.0%     0.0%
May 12 12:23:16     17.8    12168483      298    95.9%    296.1     0.3%     2.1%     0.0%     0.0%     2.0%     0.0%
May 12 12:24:26     17.8    12505726      298    95.9%    296.1     0.3%     2.1%     0.0%     0.0%     2.0%     0.0%
May 12 12:25:43     17.6    12758576      298    95.9%    296.1     0.3%     2.1%     0.0%     0.0%     2.0%     0.0%
May 12 12:26:51     17.6    13095726      298    95.8%    296.1     0.3%     2.1%     0.0%     0.0%     2.0%     0.0%
May 12 12:27:59     17.6    13432871      298    95.8%    296.1     0.3%     2.1%     0.0%     0.0%     2.0%     0.0%
May 12 12:29:14     17.6    13770034      298    95.8%    296.1     0.3%     2.1%     0.0%     0.0%     2.0%     0.0%
May 12 12:30:21     17.5    14022897      298    95.8%    296.1     0.3%     2.1%     0.0%     0.0%     2.0%     0.0%
May 12 12:31:29     17.5    14360003      298    95.8%    296.1     0.3%     2.1%     0.0%     0.0%     2.0%     0.0%
May 12 12:32:51     17.5    14697124      298    95.8%    296.1     0.3%     2.1%     0.0%     0.0%     2.0%     0.0%
May 12 12:34:05     17.3    14949989      298    95.8%    296.1     0.3%     2.1%     0.0%     0.0%     2.0%     0.0%
May 12 12:35:12     17.3    15287145      298    95.8%    296.1     0.3%     2.1%     0.0%     0.0%     2.0%     0.0%
May 12 12:40:06     16.0    15455736      298    95.8%    296.1     0.3%     2.1%     0.0%     0.0%     2.0%     0.0%
May 12 12:41:12     16.1    15792877      298    95.8%    296.1     0.3%     2.1%     0.0%     0.0%     2.1%     0.0%
May 12 12:42:19     16.1    16130028      298    95.8%    296.1     0.3%     2.1%     0.0%     0.0%     2.1%     0.0%
May 12 12:43:30     16.1    16467154      298    95.8%    296.1     0.4%     2.1%     0.0%     0.0%     2.1%     0.0%
May 12 12:44:32     16.1    16720030      298    95.8%    296.1     0.4%     2.1%     0.0%     0.0%     2.1%     0.0%
May 12 12:45:34     16.2    17057203      298    95.8%    296.1     0.4%     2.1%     0.0%     0.0%     2.1%     0.0%
May 12 12:46:36     16.2    17310068      298    95.8%    296.1     0.4%     2.1%     0.0%     0.0%     2.1%     0.0%
May 12 12:47:49     16.1    17562882      298    95.8%    296.1     0.4%     2.1%     0.0%     0.0%     2.1%     0.0%
May 12 12:48:50     16.1    17900003      298    95.8%    296.1     0.4%     2.1%     0.0%     0.0%     2.1%     0.0%
May 12 12:49:54     16.2    18237136      298    95.8%    296.1     0.4%     2.1%     0.0%     0.0%     2.1%     0.0%
May 12 12:51:08     16.3    18658537      298    95.8%    296.1     0.4%     2.1%     0.0%     0.0%     2.1%     0.0%
May 12 12:52:21     16.3    19080003      298    95.8%    296.1     0.4%     2.1%     0.0%     0.0%     2.1%     0.0%
May 12 12:53:31     16.4    19501432      298    95.8%    296.1     0.4%     2.1%     0.0%     0.0%     2.1%     0.0%
May 12 12:54:38     16.5    19922790      298    95.8%    296.1     0.4%     2.1%     0.0%     0.0%     2.1%     0.0%
May 12 12:56:05     16.5    20259948      298    95.8%    296.1     0.4%     2.1%     0.0%     0.0%     2.1%     0.0%
May 12 12:57:18     16.5    20681344      298    95.8%    296.1     0.4%     2.1%     0.0%     0.0%     2.1%     0.0%
May 12 12:58:19     16.6    21018467      298    95.8%    296.1     0.4%     2.1%     0.0%     0.0%     2.1%     0.0%
May 12 12:59:20     16.6    21355634      298    95.8%    296.1     0.4%     2.1%     0.0%     0.0%     2.1%     0.0%
May 12 13:00:32     16.7    21777060      298    95.8%    296.1     0.4%     2.1%     0.0%     0.0%     2.1%     0.0%
May 12 13:01:47     16.8    22198478      298    95.8%    296.1     0.4%     2.1%     0.0%     0.0%     2.1%     0.0%
May 12 13:03:01     16.8    22619888      298    95.8%    296.1     0.4%     2.1%     0.0%     0.0%     2.1%     0.0%
May 12 13:04:02     16.9    22956992      298    95.8%    296.1     0.4%     2.1%     0.0%     0.0%     2.1%     0.0%
May 12 13:05:02     16.9    23294167      298    95.8%    296.1     0.4%     2.1%     0.0%     0.0%     2.1%     0.0%
May 12 13:06:10     17.0    23715547      298    95.8%    296.1     0.4%     2.1%     0.0%     0.0%     2.1%     0.0%
May 12 13:07:18     17.0    24136961      298    95.8%    296.1     0.4%     2.1%     0.0%     0.0%     2.1%     0.0%
May 12 13:08:18     17.1    24474026      298    95.8%    296.1     0.4%     2.1%     0.0%     0.0%     2.1%     0.0%
May 12 13:09:27     17.1    24895245      298    95.8%    296.1     0.4%     2.1%     0.0%     0.0%     2.1%     0.0%
May 12 13:10:37     17.2    25316541      298    95.8%    296.1     0.4%     2.1%     0.0%     0.0%     2.1%     0.0%
May 12 13:11:43     17.3    25737814      298    95.8%    296.1     0.4%     2.1%     0.0%     0.0%     2.1%     0.0%
May 12 13:12:48     17.3    26159081      298    95.8%    296.1     0.4%     2.1%     0.0%     0.0%     2.1%     0.0%
May 12 13:13:54     17.4    26580415      298    95.8%    296.1     0.4%     2.1%     0.0%     0.0%     2.1%     0.0%
May 12 13:15:00     17.5    27001691      298    95.8%    296.1     0.4%     2.1%     0.0%     0.0%     2.1%     0.0%
May 12 13:16:07     17.5    27423006      298    95.8%    296.1     0.4%     2.1%     0.0%     0.0%     2.1%     0.0%
May 12 13:17:13     17.6    27844250      298    95.8%    296.2     0.4%     2.1%     0.0%     0.0%     2.1%     0.0%
May 12 13:18:18     17.7    28265539      298    95.8%    296.2     0.4%     2.1%     0.0%     0.0%     2.1%     0.0%
May 12 13:19:26     17.7    28686754      298    95.8%    296.2     0.4%     2.1%     0.0%     0.0%     2.1%     0.0%
May 12 13:20:33     17.8    29108097      298    95.8%    296.2     0.4%     2.1%     0.0%     0.0%     2.1%     0.0%
May 12 13:21:37     17.8    29529426      298    95.8%    296.2     0.4%     2.1%     0.0%     0.0%     2.1%     0.0%
May 12 13:22:45     17.9    29950740      298    95.8%    296.2     0.4%     2.1%     0.0%     0.0%     2.1%     0.0%
May 12 13:23:53     17.9    30372067      298    95.8%    296.2     0.4%     2.1%     0.0%     0.0%     2.1%     0.0%
May 12 13:24:59     18.0    30793372      298    95.8%    296.2     0.4%     2.1%     0.0%     0.0%     2.1%     0.0%
May 12 13:26:09     18.0    31214705      298    95.8%    296.2     0.4%     2.1%     0.0%     0.0%     2.1%     0.0%
May 12 13:27:21     18.1    31636022      298    95.8%    296.2     0.4%     2.1%     0.0%     0.0%     2.1%     0.0%
May 12 13:28:29     18.1    32057356      298    95.7%    296.2     0.4%     2.1%     0.0%     0.0%     2.1%     0.0%
May 12 13:29:32     18.1    32394397      298    95.7%    296.2     0.4%     2.1%     0.0%     0.0%     2.1%     0.0%
May 12 13:30:34     18.1    32731459      298    95.7%    296.2     0.4%     2.1%     0.0%     0.0%     2.1%     0.0%
May 12 13:31:34     18.2    33068536      298    95.7%    296.2     0.4%     2.1%     0.0%     0.0%     2.1%     0.0%
May 12 14:00:02     14.5    33374979      298    95.7%    296.2     0.4%     2.1%     0.0%     0.0%     2.1%     0.0%
ALL DONE!
