                                 Started job on |	May 12 11:40:44
                             Started mapping on |	May 12 11:42:19
                                    Finished on |	May 12 14:00:02
       Mapping speed, Million of reads per hour |	14.54

                          Number of input reads |	33374979
                      Average input read length |	298
                                    UNIQUE READS:
                   Uniquely mapped reads number |	31950639
                        Uniquely mapped reads % |	95.73%
                          Average mapped length |	296.16
                       Number of splices: Total |	34724994
            Number of splices: Annotated (sjdb) |	34331052
                       Number of splices: GT/AG |	34425527
                       Number of splices: GC/AG |	216933
                       Number of splices: AT/AC |	28476
               Number of splices: Non-canonical |	54058
                      Mismatch rate per base, % |	0.37%
                         Deletion rate per base |	0.01%
                        Deletion average length |	1.75
                        Insertion rate per base |	0.01%
                       Insertion average length |	1.61
                             MULTI-MAPPING READS:
        Number of reads mapped to multiple loci |	698914
             % of reads mapped to multiple loci |	2.09%
        Number of reads mapped to too many loci |	8261
             % of reads mapped to too many loci |	0.02%
                                  UNMAPPED READS:
       % of reads unmapped: too many mismatches |	0.00%
                 % of reads unmapped: too short |	2.12%
                     % of reads unmapped: other |	0.03%
                                  CHIMERIC READS:
                       Number of chimeric reads |	0
                            % of chimeric reads |	0.00%
