                                 Started job on |	May 12 13:31:53
                             Started mapping on |	May 12 13:42:08
                                    Finished on |	May 12 17:54:40
       Mapping speed, Million of reads per hour |	20.26

                          Number of input reads |	85271030
                      Average input read length |	297
                                    UNIQUE READS:
                   Uniquely mapped reads number |	81568358
                        Uniquely mapped reads % |	95.66%
                          Average mapped length |	295.46
                       Number of splices: Total |	90022954
            Number of splices: Annotated (sjdb) |	89008064
                       Number of splices: GT/AG |	89271546
                       Number of splices: GC/AG |	551612
                       Number of splices: AT/AC |	68162
               Number of splices: Non-canonical |	131634
                      Mismatch rate per base, % |	0.35%
                         Deletion rate per base |	0.01%
                        Deletion average length |	1.74
                        Insertion rate per base |	0.01%
                       Insertion average length |	1.61
                             MULTI-MAPPING READS:
        Number of reads mapped to multiple loci |	2203865
             % of reads mapped to multiple loci |	2.58%
        Number of reads mapped to too many loci |	18503
             % of reads mapped to too many loci |	0.02%
                                  UNMAPPED READS:
       % of reads unmapped: too many mismatches |	0.00%
                 % of reads unmapped: too short |	1.72%
                     % of reads unmapped: other |	0.02%
                                  CHIMERIC READS:
                       Number of chimeric reads |	0
                            % of chimeric reads |	0.00%
