           Time    Speed        Read     Read   Mapped   Mapped   Mapped   Mapped Unmapped Unmapped Unmapped Unmapped
                    M/hr      number   length   unique   length   MMrate    multi   multi+       MM    short    other
May 12 13:43:10     14.8      254953      297    95.9%    295.8     0.3%     2.6%     0.0%     0.0%     1.5%     0.0%
May 12 13:44:23     13.6      509610      297    95.9%    295.8     0.3%     2.6%     0.0%     0.0%     1.5%     0.0%
May 12 13:45:25     14.0      764293      297    95.9%    295.8     0.3%     2.6%     0.0%     0.0%     1.5%     0.0%
May 12 13:46:27     14.2     1018999      297    95.9%    295.8     0.3%     2.6%     0.0%     0.0%     1.5%     0.0%
May 12 13:47:28     14.3     1273019      297    95.9%    295.8     0.3%     2.6%     0.0%     0.0%     1.5%     0.0%
May 12 13:48:42     14.0     1527035      297    95.9%    295.8     0.3%     2.6%     0.0%     0.0%     1.5%     0.0%
May 12 13:49:45     14.0     1781060      297    95.9%    295.8     0.3%     2.6%     0.0%     0.0%     1.5%     0.0%
May 12 13:50:52     14.0     2035106      297    95.9%    295.8     0.3%     2.6%     0.0%     0.0%     1.5%     0.0%
May 12 13:52:07     14.3     2373868      297    95.9%    295.8     0.3%     2.6%     0.0%     0.0%     1.5%     0.0%
May 12 13:53:25     14.4     2712681      297    95.9%    295.8     0.3%     2.6%     0.0%     0.0%     1.5%     0.0%
May 12 13:54:40     14.6     3051332      297    95.9%    295.8     0.3%     2.6%     0.0%     0.0%     1.5%     0.0%
May 12 13:55:53     14.8     3389951      297    95.9%    295.8     0.3%     2.6%     0.0%     0.0%     1.5%     0.0%
May 12 13:56:59     15.1     3728553      297    95.9%    295.8     0.3%     2.6%     0.0%     0.0%     1.5%     0.0%
May 12 13:58:07     15.3     4067247      297    95.9%    295.8     0.3%     2.6%     0.0%     0.0%     1.5%     0.0%
May 12 13:59:17     15.4     4405921      297    95.9%    295.8     0.3%     2.6%     0.0%     0.0%     1.5%     0.0%
May 12 14:00:22     15.6     4744644      297    95.9%    295.8     0.3%     2.6%     0.0%     0.0%     1.5%     0.0%
May 12 14:01:31     15.7     5083427      297    95.9%    295.8     0.3%     2.6%     0.0%     0.0%     1.5%     0.0%
May 12 14:02:40     15.8     5422243      297    95.9%    295.8     0.3%     2.6%     0.0%     0.0%     1.5%     0.0%
May 12 14:03:43     16.0     5760911      297    95.9%    295.8     0.3%     2.6%     0.0%     0.0%     1.5%     0.0%
May 12 14:04:47     16.2     6099574      297    95.9%    295.8     0.3%     2.6%     0.0%     0.0%     1.5%     0.0%
May 12 14:05:57     16.2     6438248      297    95.9%    295.8     0.3%     2.6%     0.0%     0.0%     1.5%     0.0%
May 12 14:07:01     16.3     6776938      297    95.9%    295.8     0.3%     2.6%     0.0%     0.0%     1.5%     0.0%
May 12 14:08:15     16.5     7200328      297    95.9%    295.8     0.3%     2.6%     0.0%     0.0%     1.5%     0.0%
May 12 14:09:15     16.7     7539107      297    95.9%    295.8     0.3%     2.6%     0.0%     0.0%     1.5%     0.0%
May 12 14:10:23     16.9     7962566      297    95.9%    295.8     0.3%     2.6%     0.0%     0.0%     1.5%     0.0%
May 12 14:11:34     17.1     8386120      297    95.9%    295.8     0.3%     2.6%     0.0%     0.0%     1.5%     0.0%
May 12 14:12:40     17.3     8809402      297    95.9%    295.8     0.3%     2.6%     0.0%     0.0%     1.5%     0.0%
May 12 14:13:48     17.5     9232708      297    95.9%    295.8     0.3%     2.6%     0.0%     0.0%     1.5%     0.0%
May 12 14:14:52     17.7     9656061      297    95.9%    295.8     0.3%     2.6%     0.0%     0.0%     1.5%     0.0%
May 12 14:15:57     17.9    10079212      297    95.9%    295.8     0.3%     2.6%     0.0%     0.0%     1.5%     0.0%
May 12 14:17:02     18.1    10501513      297    95.9%    295.8     0.3%     2.6%     0.0%     0.0%     1.5%     0.0%
May 12 14:18:08     18.2    10923836      297    95.9%    295.8     0.3%     2.6%     0.0%     0.0%     1.5%     0.0%
May 12 14:19:12     18.4    11346174      297    95.9%    295.8     0.3%     2.6%     0.0%     0.0%     1.5%     0.0%
May 12 14:20:17     18.5    11768334      297    95.9%    295.8     0.3%     2.6%     0.0%     0.0%     1.5%     0.0%
May 12 14:21:21     18.7    12190536      297    95.9%    295.8     0.3%     2.6%     0.0%     0.0%     1.5%     0.0%
May 12 14:22:25     18.8    12612735      297    95.9%    295.8     0.3%     2.6%     0.0%     0.0%     1.5%     0.0%
May 12 14:23:27     18.9    13034977      297    95.9%    295.8     0.3%     2.6%     0.0%     0.0%     1.5%     0.0%
May 12 14:24:38     19.0    13457343      297    95.9%    295.8     0.3%     2.6%     0.0%     0.0%     1.5%     0.0%
May 12 14:25:44     19.1    13879659      297    95.9%    295.8     0.3%     2.6%     0.0%     0.0%     1.5%     0.0%
May 12 14:26:56     19.2    14301725      297    95.9%    295.8     0.3%     2.6%     0.0%     0.0%     1.5%     0.0%
May 12 14:28:06     19.2    14723804      297    95.9%    295.8     0.3%     2.6%     0.0%     0.0%     1.5%     0.0%
May 12 14:29:13     19.3    15145943      297    95.9%    295.8     0.3%     2.6%     0.0%     0.0%     1.5%     0.0%
May 12 14:30:16     19.4    15568017      297    95.9%    295.8     0.3%     2.6%     0.0%     0.0%     1.5%     0.0%
May 12 14:31:22     19.5    15990230      297    95.9%    295.8     0.3%     2.6%     0.0%     0.0%     1.5%     0.0%
May 12 14:32:26     19.6    16412488      297    95.9%    295.8     0.3%     2.6%     0.0%     0.0%     1.5%     0.0%
May 12 14:33:34     19.6    16834831      297    95.9%    295.8     0.3%     2.6%     0.0%     0.0%     1.5%     0.0%
May 12 14:34:46     19.7    17257062      297    95.9%    295.8     0.3%     2.6%     0.0%     0.0%     1.5%     0.0%
May 12 14:35:53     19.7    17679318      297    95.9%    295.8     0.3%     2.6%     0.0%     0.0%     1.5%     0.0%
May 12 14:37:01     19.8    18101683      297    95.9%    295.8     0.3%     2.6%     0.0%     0.0%     1.5%     0.0%
May 12 14:38:08     19.8    18524084      297    95.9%    295.8     0.3%     2.6%     0.0%     0.0%     1.5%     0.0%
May 12 14:39:15     19.9    18946515      297    95.9%    295.8     0.3%     2.6%     0.0%     0.0%     1.5%     0.0%
May 12 14:40:23     20.0    19369002      297    95.9%    295.8     0.3%     2.6%     0.0%     0.0%     1.5%     0.0%
May 12 14:41:30     20.0    19791217      297    95.9%    295.8     0.3%     2.6%     0.0%     0.0%     1.5%     0.0%
May 12 14:42:35     20.1    20213482      297    95.9%    295.8     0.3%     2.6%     0.0%     0.0%     1.5%     0.0%
May 12 14:43:43     20.1    20635715      297    95.9%    295.8     0.3%     2.6%     0.0%     0.0%     1.5%     0.0%
May 12 14:44:48     20.2    21058012      297    95.9%    295.8     0.3%     2.6%     0.0%     0.0%     1.5%     0.0%
May 12 14:45:53     20.2    21480370      297    95.9%    295.8     0.3%     2.6%     0.0%     0.0%     1.5%     0.0%
May 12 14:46:59     20.3    21902758      297    95.9%    295.8     0.3%     2.6%     0.0%     0.0%     1.5%     0.0%
May 12 14:48:03     20.3    22325119      297    95.9%    295.7     0.3%     2.6%     0.0%     0.0%     1.5%     0.0%
May 12 14:49:11     20.4    22747325      297    95.9%    295.7     0.3%     2.6%     0.0%     0.0%     1.5%     0.0%
May 12 14:50:16     20.4    23169626      297    95.9%    295.7     0.3%     2.6%     0.0%     0.0%     1.5%     0.0%
May 12 14:51:21     20.5    23592030      297    95.9%    295.7     0.3%     2.6%     0.0%     0.0%     1.5%     0.0%
May 12 14:52:25     20.5    24014479      297    95.9%    295.7     0.3%     2.6%     0.0%     0.0%     1.5%     0.0%
May 12 14:53:32     20.5    24436868      297    95.9%    295.7     0.3%     2.6%     0.0%     0.0%     1.5%     0.0%
May 12 14:54:37     20.6    24859367      297    95.9%    295.7     0.3%     2.6%     0.0%     0.0%     1.5%     0.0%
May 12 14:55:43     20.6    25281513      297    95.9%    295.7     0.3%     2.6%     0.0%     0.0%     1.5%     0.0%
May 12 14:56:47     20.7    25703808      297    95.9%    295.7     0.3%     2.6%     0.0%     0.0%     1.5%     0.0%
May 12 14:57:54     20.7    26126209      297    95.9%    295.7     0.3%     2.6%     0.0%     0.0%     1.5%     0.0%
May 12 14:59:02     20.7    26548592      297    95.9%    295.7     0.3%     2.6%     0.0%     0.0%     1.5%     0.0%
May 12 15:00:07     20.8    26971025      297    95.9%    295.7     0.3%     2.6%     0.0%     0.0%     1.5%     0.0%
May 12 15:01:17     20.8    27393505      297    95.9%    295.7     0.3%     2.6%     0.0%     0.0%     1.5%     0.0%
May 12 15:02:24     20.8    27815745      297    95.9%    295.7     0.3%     2.6%     0.0%     0.0%     1.5%     0.0%
May 12 15:03:29     20.8    28237948      297    95.9%    295.7     0.3%     2.6%     0.0%     0.0%     1.5%     0.0%
May 12 15:04:38     20.8    28660293      297    95.9%    295.7     0.3%     2.6%     0.0%     0.0%     1.5%     0.0%
May 12 15:05:46     20.9    29082580      297    95.9%    295.7     0.3%     2.6%     0.0%     0.0%     1.5%     0.0%
May 12 15:06:52     20.9    29504966      297    95.9%    295.7     0.3%     2.6%     0.0%     0.0%     1.5%     0.0%
May 12 15:07:59     20.9    29927442      297    95.9%    295.7     0.3%     2.6%     0.0%     0.0%     1.5%     0.0%
May 12 15:09:08     20.9    30349819      297    95.9%    295.7     0.3%     2.6%     0.0%     0.0%     1.5%     0.0%
May 12 15:10:19     20.9    30771928      297    95.9%    295.7     0.3%     2.6%     0.0%     0.0%     1.5%     0.0%
May 12 15:11:26     21.0    31194162      297    95.9%    295.7     0.3%     2.6%     0.0%     0.0%     1.5%     0.0%
May 12 15:12:33     21.0    31616466      297    95.9%    295.7     0.3%     2.6%     0.0%     0.0%     1.5%     0.0%
May 12 15:13:39     21.0    32038783      297    95.9%    295.7     0.3%     2.6%     0.0%     0.0%     1.5%     0.0%
May 12 15:14:44     21.0    32461212      297    95.9%    295.7     0.3%     2.6%     0.0%     0.0%     1.5%     0.0%
May 12 15:15:51     21.1    32883659      297    95.9%    295.7     0.3%     2.6%     0.0%     0.0%     1.5%     0.0%
May 12 15:16:58     21.1    33305862      297    95.9%    295.7     0.3%     2.6%     0.0%     0.0%     1.5%     0.0%
May 12 15:18:05     21.1    33728109      297    95.9%    295.7     0.3%     2.6%     0.0%     0.0%     1.5%     0.0%
May 12 15:19:12     21.1    34150430      297    95.8%    295.7     0.3%     2.6%     0.0%     0.0%     1.5%     0.0%
May 12 15:20:19     21.1    34572789      297    95.8%    295.7     0.3%     2.6%     0.0%     0.0%     1.5%     0.0%
May 12 15:21:25     21.1    34995183      297    95.8%    295.7     0.3%     2.6%     0.0%     0.0%     1.5%     0.0%
May 12 15:22:30     21.2    35417470      297    95.8%    295.7     0.3%     2.6%     0.0%     0.0%     1.5%     0.0%
May 12 15:23:36     21.2    35839764      297    95.8%    295.7     0.3%     2.6%     0.0%     0.0%     1.6%     0.0%
May 12 15:24:42     21.2    36262377      297    95.8%    295.7     0.3%     2.6%     0.0%     0.0%     1.6%     0.0%
May 12 15:25:50     21.2    36684831      297    95.8%    295.7     0.3%     2.6%     0.0%     0.0%     1.6%     0.0%
May 12 15:26:55     21.2    37107548      297    95.8%    295.7     0.3%     2.6%     0.0%     0.0%     1.6%     0.0%
May 12 15:28:00     21.3    37530029      297    95.8%    295.6     0.3%     2.6%     0.0%     0.0%     1.6%     0.0%
May 12 15:29:06     21.3    37952292      297    95.8%    295.6     0.3%     2.6%     0.0%     0.0%     1.6%     0.0%
May 12 15:30:13     21.3    38374515      297    95.8%    295.6     0.3%     2.6%     0.0%     0.0%     1.6%     0.0%
May 12 15:31:17     21.3    38796795      297    95.8%    295.6     0.3%     2.6%     0.0%     0.0%     1.6%     0.0%
May 12 15:32:29     21.3    39219152      297    95.8%    295.6     0.3%     2.6%     0.0%     0.0%     1.6%     0.0%
May 12 15:33:38     21.3    39641493      297    95.8%    295.6     0.3%     2.6%     0.0%     0.0%     1.6%     0.0%
May 12 15:34:43     21.4    40063833      297    95.8%    295.6     0.3%     2.6%     0.0%     0.0%     1.6%     0.0%
May 12 15:35:52     21.4    40486248      297    95.8%    295.6     0.3%     2.6%     0.0%     0.0%     1.6%     0.0%
May 12 15:36:57     21.4    40908834      297    95.8%    295.6     0.3%     2.6%     0.0%     0.0%     1.6%     0.0%
May 12 15:38:04     21.4    41331461      297    95.8%    295.6     0.3%     2.6%     0.0%     0.0%     1.6%     0.0%
May 12 15:39:18     21.4    41754204      297    95.8%    295.6     0.3%     2.6%     0.0%     0.0%     1.6%     0.0%
May 12 15:40:19     21.4    42092062      297    95.8%    295.6     0.3%     2.6%     0.0%     0.0%     1.6%     0.0%
May 12 15:41:31     21.4    42514194      297    95.8%    295.6     0.3%     2.6%     0.0%     0.0%     1.6%     0.0%
May 12 15:42:41     21.4    42936382      297    95.8%    295.6     0.3%     2.6%     0.0%     0.0%     1.6%     0.0%
May 12 15:43:45     21.3    43274215      297    95.8%    295.6     0.3%     2.6%     0.0%     0.0%     1.6%     0.0%
May 12 15:44:58     21.3    43696471      297    95.8%    295.6     0.3%     2.6%     0.0%     0.0%     1.6%     0.0%
May 12 15:46:11     21.3    44118783      297    95.8%    295.6     0.3%     2.6%     0.0%     0.0%     1.6%     0.0%
May 12 15:47:15     21.3    44456642      297    95.8%    295.6     0.3%     2.6%     0.0%     0.0%     1.6%     0.0%
May 12 15:48:26     21.3    44879042      297    95.8%    295.6     0.3%     2.6%     0.0%     0.0%     1.6%     0.0%
May 12 15:49:35     21.3    45301615      297    95.8%    295.6     0.3%     2.6%     0.0%     0.0%     1.6%     0.0%
May 12 15:50:50     21.3    45724278      297    95.8%    295.6     0.3%     2.6%     0.0%     0.0%     1.6%     0.0%
May 12 15:51:52     21.3    46062467      297    95.8%    295.6     0.3%     2.6%     0.0%     0.0%     1.6%     0.0%
May 12 15:53:03     21.3    46485341      297    95.8%    295.6     0.3%     2.6%     0.0%     0.0%     1.6%     0.0%
May 12 15:54:13     21.3    46907330      297    95.8%    295.6     0.3%     2.6%     0.0%     0.0%     1.6%     0.0%
May 12 15:55:18     21.3    47245024      297    95.8%    295.6     0.3%     2.6%     0.0%     0.0%     1.6%     0.0%
May 12 15:56:27     21.3    47667214      297    95.8%    295.6     0.3%     2.6%     0.0%     0.0%     1.6%     0.0%
May 12 15:57:38     21.3    48089463      297    95.8%    295.5     0.3%     2.6%     0.0%     0.0%     1.6%     0.0%
May 12 15:58:38     21.3    48427352      297    95.8%    295.5     0.3%     2.6%     0.0%     0.0%     1.6%     0.0%
May 12 15:59:38     21.3    48765216      297    95.8%    295.5     0.3%     2.6%     0.0%     0.0%     1.6%     0.0%
May 12 16:00:49     21.3    49187432      297    95.8%    295.5     0.3%     2.6%     0.0%     0.0%     1.6%     0.0%
May 12 16:02:00     21.3    49609787      297    95.8%    295.5     0.3%     2.6%     0.0%     0.0%     1.6%     0.0%
May 12 16:03:06     21.3    49947886      297    95.8%    295.5     0.3%     2.6%     0.0%     0.0%     1.6%     0.0%
May 12 16:04:17     21.3    50370673      297    95.8%    295.5     0.3%     2.6%     0.0%     0.0%     1.6%     0.0%
May 12 16:05:32     21.3    50793400      297    95.8%    295.5     0.3%     2.6%     0.0%     0.0%     1.6%     0.0%
May 12 16:06:32     21.2    51131446      297    95.8%    295.5     0.3%     2.6%     0.0%     0.0%     1.6%     0.0%
May 12 16:07:45     21.2    51553503      297    95.8%    295.5     0.3%     2.6%     0.0%     0.0%     1.6%     0.0%
May 12 16:08:47     21.2    51891222      297    95.8%    295.5     0.3%     2.6%     0.0%     0.0%     1.6%     0.0%
May 12 16:09:59     21.2    52313392      297    95.8%    295.5     0.3%     2.6%     0.0%     0.0%     1.6%     0.0%
May 12 16:11:07     21.2    52735749      297    95.8%    295.5     0.3%     2.6%     0.0%     0.0%     1.6%     0.0%
May 12 16:12:08     21.2    53073550      297    95.8%    295.5     0.3%     2.6%     0.0%     0.0%     1.6%     0.0%
May 12 16:13:21     21.2    53495768      297    95.8%    295.5     0.3%     2.6%     0.0%     0.0%     1.6%     0.0%
May 12 16:14:21     21.2    53833540      297    95.8%    295.5     0.3%     2.6%     0.0%     0.0%     1.6%     0.0%
May 12 16:15:34     21.2    54256027      297    95.8%    295.5     0.3%     2.6%     0.0%     0.0%     1.6%     0.0%
May 12 16:16:35     21.2    54594085      297    95.8%    295.5     0.3%     2.6%     0.0%     0.0%     1.6%     0.0%
May 12 16:17:47     21.2    55016800      297    95.8%    295.5     0.3%     2.6%     0.0%     0.0%     1.6%     0.0%
May 12 16:19:01     21.2    55439529      297    95.8%    295.5     0.3%     2.6%     0.0%     0.0%     1.6%     0.0%
May 12 16:20:11     21.2    55861763      297    95.8%    295.5     0.3%     2.6%     0.0%     0.0%     1.6%     0.0%
May 12 16:21:21     21.2    56283841      297    95.8%    295.5     0.3%     2.6%     0.0%     0.0%     1.6%     0.0%
May 12 16:22:27     21.2    56705877      297    95.7%    295.5     0.3%     2.6%     0.0%     0.0%     1.6%     0.0%
May 12 16:23:39     21.2    57127977      297    95.7%    295.5     0.3%     2.6%     0.0%     0.0%     1.6%     0.0%
May 12 16:24:50     21.2    57550128      297    95.7%    295.5     0.3%     2.6%     0.0%     0.0%     1.6%     0.0%
May 12 16:25:59     21.2    57972261      297    95.7%    295.5     0.3%     2.6%     0.0%     0.0%     1.6%     0.0%
May 12 16:27:05     21.2    58394478      297    95.7%    295.5     0.3%     2.6%     0.0%     0.0%     1.6%     0.0%
May 12 16:28:12     21.3    58816871      297    95.7%    295.5     0.3%     2.6%     0.0%     0.0%     1.6%     0.0%
May 12 16:29:17     21.3    59239497      297    95.7%    295.5     0.3%     2.6%     0.0%     0.0%     1.6%     0.0%
May 12 16:30:22     21.3    59662156      297    95.7%    295.5     0.3%     2.6%     0.0%     0.0%     1.6%     0.0%
May 12 16:31:28     21.3    60084877      297    95.7%    295.5     0.3%     2.6%     0.0%     0.0%     1.6%     0.0%
May 12 16:32:38     21.3    60506974      297    95.7%    295.5     0.3%     2.6%     0.0%     0.0%     1.6%     0.0%
May 12 16:33:46     21.3    60929079      297    95.7%    295.5     0.3%     2.6%     0.0%     0.0%     1.6%     0.0%
May 12 16:34:54     21.3    61351251      297    95.7%    295.5     0.3%     2.6%     0.0%     0.0%     1.6%     0.0%
May 12 16:36:03     21.3    61773448      297    95.7%    295.5     0.3%     2.6%     0.0%     0.0%     1.6%     0.0%
May 12 16:37:12     21.3    62195647      297    95.7%    295.5     0.3%     2.6%     0.0%     0.0%     1.6%     0.0%
May 12 16:38:20     21.3    62617800      297    95.7%    295.5     0.3%     2.6%     0.0%     0.0%     1.7%     0.0%
May 12 16:39:31     21.3    63039957      297    95.7%    295.5     0.3%     2.6%     0.0%     0.0%     1.7%     0.0%
May 12 16:40:40     21.3    63462167      297    95.7%    295.5     0.3%     2.6%     0.0%     0.0%     1.7%     0.0%
May 12 16:41:50     21.3    63884451      297    95.7%    295.5     0.3%     2.6%     0.0%     0.0%     1.7%     0.0%
May 12 16:43:00     21.3    64306638      297    95.7%    295.5     0.3%     2.6%     0.0%     0.0%     1.7%     0.0%
May 12 16:44:07     21.3    64728736      297    95.7%    295.5     0.3%     2.6%     0.0%     0.0%     1.7%     0.0%
May 12 16:45:14     21.3    65150884      297    95.7%    295.5     0.3%     2.6%     0.0%     0.0%     1.7%     0.0%
May 12 16:46:22     21.4    65573071      297    95.7%    295.5     0.3%     2.6%     0.0%     0.0%     1.7%     0.0%
May 12 16:47:29     21.4    65995255      297    95.7%    295.5     0.3%     2.6%     0.0%     0.0%     1.7%     0.0%
May 12 16:48:37     21.4    66417430      297    95.7%    295.5     0.3%     2.6%     0.0%     0.0%     1.7%     0.0%
May 12 16:49:49     21.4    66839525      297    95.7%    295.5     0.3%     2.6%     0.0%     0.0%     1.7%     0.0%
May 12 16:50:58     21.4    67261708      297    95.7%    295.5     0.3%     2.6%     0.0%     0.0%     1.7%     0.0%
May 12 16:52:05     21.4    67683934      297    95.7%    295.5     0.3%     2.6%     0.0%     0.0%     1.7%     0.0%
May 12 16:53:16     21.4    68106187      297    95.7%    295.5     0.3%     2.6%     0.0%     0.0%     1.7%     0.0%
May 12 16:54:25     21.4    68528364      297    95.7%    295.5     0.3%     2.6%     0.0%     0.0%     1.7%     0.0%
May 12 16:55:35     21.4    68950417      297    95.7%    295.5     0.3%     2.6%     0.0%     0.0%     1.7%     0.0%
May 12 16:56:44     21.4    69372492      297    95.7%    295.5     0.3%     2.6%     0.0%     0.0%     1.7%     0.0%
May 12 16:57:54     21.4    69794672      297    95.7%    295.5     0.3%     2.6%     0.0%     0.0%     1.7%     0.0%
May 12 16:59:02     21.4    70216853      297    95.7%    295.5     0.3%     2.6%     0.0%     0.0%     1.7%     0.0%
May 12 17:00:12     21.4    70638982      297    95.7%    295.5     0.3%     2.6%     0.0%     0.0%     1.7%     0.0%
May 12 17:01:19     21.4    71061188      297    95.7%    295.5     0.3%     2.6%     0.0%     0.0%     1.7%     0.0%
May 12 17:02:28     21.4    71483407      297    95.7%    295.5     0.3%     2.6%     0.0%     0.0%     1.7%     0.0%
May 12 17:03:35     21.4    71905614      297    95.7%    295.5     0.3%     2.6%     0.0%     0.0%     1.7%     0.0%
May 12 17:04:43     21.4    72327880      297    95.7%    295.5     0.3%     2.6%     0.0%     0.0%     1.7%     0.0%
May 12 17:05:49     21.4    72750096      297    95.7%    295.5     0.3%     2.6%     0.0%     0.0%     1.7%     0.0%
May 12 17:06:56     21.4    73172122      297    95.7%    295.5     0.3%     2.6%     0.0%     0.0%     1.7%     0.0%
May 12 17:08:05     21.4    73594262      297    95.7%    295.5     0.3%     2.6%     0.0%     0.0%     1.7%     0.0%
May 12 17:09:12     21.4    74016446      297    95.7%    295.5     0.3%     2.6%     0.0%     0.0%     1.7%     0.0%
May 12 17:10:17     21.5    74438635      297    95.7%    295.5     0.3%     2.6%     0.0%     0.0%     1.7%     0.0%
May 12 17:11:23     21.5    74860777      297    95.7%    295.5     0.3%     2.6%     0.0%     0.0%     1.7%     0.0%
May 12 17:12:32     21.5    75282865      297    95.7%    295.5     0.3%     2.6%     0.0%     0.0%     1.7%     0.0%
May 12 17:13:37     21.5    75705056      297    95.7%    295.5     0.3%     2.6%     0.0%     0.0%     1.7%     0.0%
May 12 17:14:42     21.5    76127182      297    95.7%    295.5     0.3%     2.6%     0.0%     0.0%     1.7%     0.0%
May 12 17:15:46     21.5    76549450      297    95.7%    295.5     0.3%     2.6%     0.0%     0.0%     1.7%     0.0%
May 12 17:16:52     21.5    76971596      297    95.7%    295.5     0.3%     2.6%     0.0%     0.0%     1.7%     0.0%
May 12 17:18:01     21.5    77393694      297    95.7%    295.5     0.3%     2.6%     0.0%     0.0%     1.7%     0.0%
May 12 17:19:06     21.5    77815822      297    95.7%    295.5     0.3%     2.6%     0.0%     0.0%     1.7%     0.0%
May 12 17:20:11     21.5    78238006      297    95.7%    295.5     0.3%     2.6%     0.0%     0.0%     1.7%     0.0%
May 12 17:21:17     21.5    78660173      297    95.7%    295.5     0.3%     2.6%     0.0%     0.0%     1.7%     0.0%
May 12 17:22:22     21.5    79082305      297    95.7%    295.5     0.3%     2.6%     0.0%     0.0%     1.7%     0.0%
May 12 17:23:27     21.6    79504519      297    95.7%    295.5     0.3%     2.6%     0.0%     0.0%     1.7%     0.0%
May 12 17:24:31     21.6    79926697      297    95.7%    295.5     0.3%     2.6%     0.0%     0.0%     1.7%     0.0%
May 12 17:25:34     21.6    80348914      297    95.7%    295.5     0.3%     2.6%     0.0%     0.0%     1.7%     0.0%
May 12 17:26:39     21.6    80771164      297    95.7%    295.5     0.3%     2.6%     0.0%     0.0%     1.7%     0.0%
May 12 17:27:45     21.6    81193258      297    95.7%    295.5     0.3%     2.6%     0.0%     0.0%     1.7%     0.0%
May 12 17:28:51     21.6    81615320      297    95.7%    295.5     0.3%     2.6%     0.0%     0.0%     1.7%     0.0%
May 12 17:29:55     21.6    82037489      297    95.7%    295.5     0.3%     2.6%     0.0%     0.0%     1.7%     0.0%
May 12 17:30:59     21.6    82459590      297    95.7%    295.5     0.3%     2.6%     0.0%     0.0%     1.7%     0.0%
May 12 17:32:03     21.6    82881703      297    95.7%    295.5     0.3%     2.6%     0.0%     0.0%     1.7%     0.0%
May 12 17:33:07     21.6    83303851      297    95.7%    295.5     0.3%     2.6%     0.0%     0.0%     1.7%     0.0%
May 12 17:34:11     21.6    83725990      297    95.7%    295.5     0.3%     2.6%     0.0%     0.0%     1.7%     0.0%
May 12 17:35:15     21.7    84148186      297    95.7%    295.5     0.3%     2.6%     0.0%     0.0%     1.7%     0.0%
May 12 17:36:18     21.7    84570409      297    95.7%    295.5     0.3%     2.6%     0.0%     0.0%     1.7%     0.0%
May 12 17:37:22     21.7    84992679      297    95.7%    295.5     0.3%     2.6%     0.0%     0.0%     1.7%     0.0%
May 12 17:54:40     20.3    85271030      297    95.7%    295.5     0.3%     2.6%     0.0%     0.0%     1.7%     0.0%
ALL DONE!
