                                 Started job on |	May 12 11:37:49
                             Started mapping on |	May 12 11:38:18
                                    Finished on |	May 12 13:51:14
       Mapping speed, Million of reads per hour |	14.40

                          Number of input reads |	31894793
                      Average input read length |	298
                                    UNIQUE READS:
                   Uniquely mapped reads number |	30616512
                        Uniquely mapped reads % |	95.99%
                          Average mapped length |	296.43
                       Number of splices: Total |	32989890
            Number of splices: Annotated (sjdb) |	32599907
                       Number of splices: GT/AG |	32691435
                       Number of splices: GC/AG |	218345
                       Number of splices: AT/AC |	27882
               Number of splices: Non-canonical |	52228
                      Mismatch rate per base, % |	0.38%
                         Deletion rate per base |	0.01%
                        Deletion average length |	1.73
                        Insertion rate per base |	0.01%
                       Insertion average length |	1.59
                             MULTI-MAPPING READS:
        Number of reads mapped to multiple loci |	651199
             % of reads mapped to multiple loci |	2.04%
        Number of reads mapped to too many loci |	9499
             % of reads mapped to too many loci |	0.03%
                                  UNMAPPED READS:
       % of reads unmapped: too many mismatches |	0.00%
                 % of reads unmapped: too short |	1.91%
                     % of reads unmapped: other |	0.03%
                                  CHIMERIC READS:
                       Number of chimeric reads |	0
                            % of chimeric reads |	0.00%
