                                 Started job on |	May 12 11:29:25
                             Started mapping on |	May 12 11:29:55
                                    Finished on |	May 12 13:24:14
       Mapping speed, Million of reads per hour |	14.61

                          Number of input reads |	27829904
                      Average input read length |	289
                                    UNIQUE READS:
                   Uniquely mapped reads number |	26097784
                        Uniquely mapped reads % |	93.78%
                          Average mapped length |	287.79
                       Number of splices: Total |	23765283
            Number of splices: Annotated (sjdb) |	23470318
                       Number of splices: GT/AG |	23544460
                       Number of splices: GC/AG |	157381
                       Number of splices: AT/AC |	18010
               Number of splices: Non-canonical |	45432
                      Mismatch rate per base, % |	0.34%
                         Deletion rate per base |	0.01%
                        Deletion average length |	1.81
                        Insertion rate per base |	0.02%
                       Insertion average length |	1.52
                             MULTI-MAPPING READS:
        Number of reads mapped to multiple loci |	1017696
             % of reads mapped to multiple loci |	3.66%
        Number of reads mapped to too many loci |	8762
             % of reads mapped to too many loci |	0.03%
                                  UNMAPPED READS:
       % of reads unmapped: too many mismatches |	0.00%
                 % of reads unmapped: too short |	2.50%
                     % of reads unmapped: other |	0.03%
                                  CHIMERIC READS:
                       Number of chimeric reads |	0
                            % of chimeric reads |	0.00%
