                                 Started job on |	May 12 12:22:05
                             Started mapping on |	May 12 13:03:23
                                    Finished on |	May 12 15:39:41
       Mapping speed, Million of reads per hour |	19.16

                          Number of input reads |	49903412
                      Average input read length |	298
                                    UNIQUE READS:
                   Uniquely mapped reads number |	48022412
                        Uniquely mapped reads % |	96.23%
                          Average mapped length |	296.72
                       Number of splices: Total |	53324489
            Number of splices: Annotated (sjdb) |	52741871
                       Number of splices: GT/AG |	52850475
                       Number of splices: GC/AG |	357877
                       Number of splices: AT/AC |	42663
               Number of splices: Non-canonical |	73474
                      Mismatch rate per base, % |	0.33%
                         Deletion rate per base |	0.01%
                        Deletion average length |	1.83
                        Insertion rate per base |	0.01%
                       Insertion average length |	1.57
                             MULTI-MAPPING READS:
        Number of reads mapped to multiple loci |	1069351
             % of reads mapped to multiple loci |	2.14%
        Number of reads mapped to too many loci |	13656
             % of reads mapped to too many loci |	0.03%
                                  UNMAPPED READS:
       % of reads unmapped: too many mismatches |	0.00%
                 % of reads unmapped: too short |	1.57%
                     % of reads unmapped: other |	0.03%
                                  CHIMERIC READS:
                       Number of chimeric reads |	0
                            % of chimeric reads |	0.00%
