                                 Started job on |	May 12 17:18:53
                             Started mapping on |	May 12 17:19:21
                                    Finished on |	May 12 18:57:08
       Mapping speed, Million of reads per hour |	23.30

                          Number of input reads |	37966189
                      Average input read length |	298
                                    UNIQUE READS:
                   Uniquely mapped reads number |	36451311
                        Uniquely mapped reads % |	96.01%
                          Average mapped length |	296.42
                       Number of splices: Total |	40091468
            Number of splices: Annotated (sjdb) |	39624134
                       Number of splices: GT/AG |	39728707
                       Number of splices: GC/AG |	268723
                       Number of splices: AT/AC |	31850
               Number of splices: Non-canonical |	62188
                      Mismatch rate per base, % |	0.37%
                         Deletion rate per base |	0.01%
                        Deletion average length |	1.79
                        Insertion rate per base |	0.01%
                       Insertion average length |	1.63
                             MULTI-MAPPING READS:
        Number of reads mapped to multiple loci |	809174
             % of reads mapped to multiple loci |	2.13%
        Number of reads mapped to too many loci |	9859
             % of reads mapped to too many loci |	0.03%
                                  UNMAPPED READS:
       % of reads unmapped: too many mismatches |	0.00%
                 % of reads unmapped: too short |	1.80%
                     % of reads unmapped: other |	0.03%
                                  CHIMERIC READS:
                       Number of chimeric reads |	0
                            % of chimeric reads |	0.00%
