           Time    Speed        Read     Read   Mapped   Mapped   Mapped   Mapped Unmapped Unmapped Unmapped Unmapped
                    M/hr      number   length   unique   length   MMrate    multi   multi+       MM    short    other
May 12 12:45:32     17.2      338953      298    96.3%    297.2     0.3%     2.2%     0.0%     0.0%     1.5%     0.0%
May 12 12:46:49     14.4      592949      298    96.2%    297.2     0.3%     2.2%     0.0%     0.0%     1.5%     0.0%
May 12 12:48:06     12.2      762258      298    96.2%    297.2     0.3%     2.2%     0.0%     0.0%     1.5%     0.0%
May 12 12:49:22     13.2     1100638      298    96.3%    297.2     0.3%     2.1%     0.0%     0.0%     1.5%     0.0%
May 12 12:50:29     14.1     1438343      298    96.3%    297.2     0.3%     2.1%     0.0%     0.0%     1.5%     0.0%
May 12 12:51:35     14.7     1776057      298    96.2%    297.2     0.3%     2.1%     0.0%     0.0%     1.5%     0.0%
May 12 12:52:44     15.1     2113789      298    96.3%    297.2     0.3%     2.1%     0.0%     0.0%     1.5%     0.0%
May 12 12:53:58     15.3     2451491      298    96.3%    297.2     0.3%     2.1%     0.0%     0.0%     1.5%     0.0%
May 12 12:55:17     15.3     2789234      298    96.3%    297.2     0.3%     2.1%     0.0%     0.0%     1.5%     0.0%
May 12 12:56:30     15.0     3042519      298    96.3%    297.2     0.3%     2.1%     0.0%     0.0%     1.5%     0.0%
May 12 12:57:31     15.0     3295809      298    96.3%    297.2     0.3%     2.1%     0.0%     0.0%     1.5%     0.0%
May 12 12:58:35     15.3     3633530      298    96.3%    297.2     0.3%     2.1%     0.0%     0.0%     1.5%     0.0%
May 12 12:59:38     15.6     3971246      298    96.3%    297.2     0.3%     2.1%     0.0%     0.0%     1.5%     0.0%
May 12 13:00:40     15.8     4308969      298    96.3%    297.2     0.3%     2.1%     0.0%     0.0%     1.5%     0.0%
May 12 13:01:49     16.0     4646651      298    96.3%    297.2     0.3%     2.1%     0.0%     0.0%     1.5%     0.0%
May 12 13:02:57     16.1     4984350      298    96.3%    297.2     0.3%     2.1%     0.0%     0.0%     1.5%     0.0%
May 12 13:04:00     16.3     5322048      298    96.3%    297.2     0.3%     2.1%     0.0%     0.0%     1.5%     0.0%
May 12 13:05:08     16.3     5659850      298    96.3%    297.2     0.3%     2.2%     0.0%     0.0%     1.5%     0.0%
May 12 13:06:08     16.5     5997660      298    96.2%    297.2     0.3%     2.2%     0.0%     0.0%     1.5%     0.0%
May 12 13:07:12     16.6     6335483      298    96.2%    297.2     0.3%     2.2%     0.0%     0.0%     1.5%     0.0%
May 12 13:08:24     16.6     6673308      298    96.2%    297.1     0.3%     2.2%     0.0%     0.0%     1.5%     0.0%
May 12 13:09:30     16.7     7011134      298    96.2%    297.1     0.3%     2.2%     0.0%     0.0%     1.6%     0.0%
May 12 13:10:30     16.9     7348953      298    96.2%    297.1     0.3%     2.2%     0.0%     0.0%     1.6%     0.0%
May 12 13:11:42     17.0     7771230      298    96.2%    297.1     0.3%     2.2%     0.0%     0.0%     1.6%     0.0%
May 12 13:12:48     17.3     8193484      298    96.2%    297.1     0.3%     2.2%     0.0%     0.0%     1.6%     0.0%
May 12 13:13:56     17.5     8615738      298    96.2%    297.1     0.3%     2.2%     0.0%     0.0%     1.6%     0.0%
May 12 13:15:06     17.6     9037996      298    96.2%    297.1     0.3%     2.2%     0.0%     0.0%     1.6%     0.0%
May 12 13:16:13     17.8     9460244      298    96.2%    297.1     0.3%     2.2%     0.0%     0.0%     1.6%     0.0%
May 12 13:17:19     18.0     9882492      298    96.2%    297.1     0.3%     2.2%     0.0%     0.0%     1.6%     0.0%
May 12 13:18:20     18.2    10303894      298    96.2%    297.1     0.3%     2.2%     0.0%     0.0%     1.6%     0.0%
May 12 13:19:25     18.4    10725006      298    96.2%    297.1     0.3%     2.2%     0.0%     0.0%     1.6%     0.0%
May 12 13:20:27     18.5    11146060      298    96.2%    297.1     0.3%     2.2%     0.0%     0.0%     1.6%     0.0%
May 12 13:21:36     18.6    11567129      298    96.2%    297.0     0.3%     2.2%     0.0%     0.0%     1.6%     0.0%
May 12 13:22:39     18.8    11988188      298    96.1%    297.0     0.3%     2.2%     0.0%     0.0%     1.6%     0.0%
May 12 13:23:44     18.9    12409252      298    96.1%    297.0     0.3%     2.2%     0.0%     0.0%     1.6%     0.0%
May 12 13:24:47     19.0    12830240      298    96.1%    297.0     0.3%     2.2%     0.0%     0.0%     1.6%     0.0%
May 12 13:25:53     19.1    13251298      298    96.1%    297.0     0.3%     2.2%     0.0%     0.0%     1.6%     0.0%
May 12 13:27:01     19.2    13672343      298    96.1%    297.0     0.3%     2.2%     0.0%     0.0%     1.6%     0.0%
May 12 13:28:06     19.3    14093411      298    96.1%    297.0     0.3%     2.2%     0.0%     0.0%     1.6%     0.0%
May 12 13:29:09     19.4    14514451      298    96.1%    297.0     0.3%     2.2%     0.0%     0.0%     1.6%     0.0%
May 12 13:30:13     19.5    14935515      298    96.1%    297.0     0.3%     2.2%     0.0%     0.0%     1.6%     0.0%
May 12 13:31:19     19.6    15356572      298    96.1%    297.0     0.3%     2.2%     0.0%     0.0%     1.6%     0.0%
May 12 13:32:23     19.7    15777603      298    96.1%    297.0     0.3%     2.2%     0.0%     0.0%     1.6%     0.0%
May 12 13:33:29     19.8    16198689      298    96.1%    296.9     0.3%     2.2%     0.0%     0.0%     1.6%     0.0%
May 12 13:34:35     19.9    16619786      298    96.1%    296.9     0.3%     2.2%     0.0%     0.0%     1.6%     0.0%
May 12 13:35:37     19.9    17040848      298    96.1%    296.9     0.3%     2.2%     0.0%     0.0%     1.6%     0.0%
May 12 13:36:38     20.0    17461886      298    96.1%    296.9     0.3%     2.2%     0.0%     0.0%     1.6%     0.0%
May 12 13:37:41     20.1    17882980      298    96.1%    296.9     0.3%     2.2%     0.0%     0.0%     1.6%     0.0%
May 12 13:38:43     20.2    18304042      298    96.1%    296.9     0.3%     2.2%     0.0%     0.0%     1.6%     0.0%
May 12 13:39:52     20.2    18725146      298    96.1%    296.9     0.3%     2.2%     0.0%     0.0%     1.6%     0.0%
May 12 13:40:56     20.3    19146194      298    96.1%    296.9     0.3%     2.2%     0.0%     0.0%     1.6%     0.0%
May 12 13:42:00     20.4    19567263      298    96.1%    296.9     0.3%     2.2%     0.0%     0.0%     1.6%     0.0%
May 12 13:43:04     20.4    19988347      298    96.1%    296.9     0.3%     2.2%     0.0%     0.0%     1.6%     0.0%
May 12 13:44:15     20.4    20409433      298    96.1%    296.9     0.3%     2.2%     0.0%     0.0%     1.7%     0.0%
May 12 13:45:19     20.5    20830511      298    96.1%    296.9     0.3%     2.2%     0.0%     0.0%     1.7%     0.0%
May 12 13:46:26     20.5    21251554      298    96.1%    296.9     0.3%     2.2%     0.0%     0.0%     1.7%     0.0%
May 12 13:47:34     20.6    21672617      298    96.1%    296.9     0.3%     2.2%     0.0%     0.0%     1.7%     0.0%
May 12 13:48:42     20.6    22093697      298    96.1%    296.9     0.3%     2.2%     0.0%     0.0%     1.7%     0.0%
May 12 13:49:46     20.7    22514791      298    96.1%    296.9     0.3%     2.2%     0.0%     0.0%     1.7%     0.0%
May 12 13:50:52     20.7    22935857      298    96.1%    296.9     0.3%     2.2%     0.0%     0.0%     1.7%     0.0%
May 12 13:51:58     20.7    23356912      298    96.1%    296.9     0.3%     2.2%     0.0%     0.0%     1.7%     0.0%
May 12 13:53:03     20.8    23777978      298    96.1%    296.9     0.3%     2.2%     0.0%     0.0%     1.7%     0.0%
May 12 13:54:12     20.8    24199050      298    96.1%    296.8     0.3%     2.2%     0.0%     0.0%     1.7%     0.0%
May 12 13:55:21     20.8    24620115      298    96.1%    296.8     0.3%     2.2%     0.0%     0.0%     1.7%     0.0%
May 12 13:56:26     20.8    25041133      298    96.1%    296.8     0.3%     2.2%     0.0%     0.0%     1.7%     0.0%
May 12 13:57:33     20.9    25462171      298    96.1%    296.8     0.3%     2.2%     0.0%     0.0%     1.7%     0.0%
May 12 13:58:38     20.9    25883176      298    96.1%    296.8     0.3%     2.2%     0.0%     0.0%     1.7%     0.0%
May 12 13:59:43     20.9    26304192      298    96.1%    296.8     0.3%     2.2%     0.0%     0.0%     1.7%     0.0%
May 12 14:00:50     21.0    26725248      298    96.1%    296.8     0.3%     2.2%     0.0%     0.0%     1.7%     0.0%
May 12 14:02:01     21.0    27146433      298    96.1%    296.8     0.3%     2.2%     0.0%     0.0%     1.7%     0.0%
May 12 14:03:02     21.0    27483373      298    96.1%    296.8     0.3%     2.2%     0.0%     0.0%     1.7%     0.0%
May 12 14:04:12     21.0    27904550      298    96.1%    296.8     0.3%     2.2%     0.0%     0.0%     1.7%     0.0%
May 12 14:05:20     21.0    28325711      298    96.0%    296.8     0.3%     2.2%     0.0%     0.0%     1.7%     0.0%
May 12 14:06:30     21.0    28746846      298    96.0%    296.8     0.3%     2.2%     0.0%     0.0%     1.7%     0.0%
May 12 14:07:42     21.0    29167993      298    96.0%    296.8     0.3%     2.2%     0.0%     0.0%     1.7%     0.0%
May 12 14:08:54     21.0    29589142      298    96.0%    296.8     0.3%     2.2%     0.0%     0.0%     1.7%     0.0%
May 12 14:10:08     21.0    30010282      298    96.0%    296.8     0.3%     2.2%     0.0%     0.0%     1.7%     0.0%
May 12 14:11:17     21.0    30431405      298    96.0%    296.7     0.4%     2.2%     0.0%     0.0%     1.8%     0.0%
May 12 14:12:26     21.0    30852538      298    96.0%    296.7     0.4%     2.2%     0.0%     0.0%     1.8%     0.0%
May 12 14:13:36     21.0    31273643      298    96.0%    296.7     0.4%     2.2%     0.0%     0.0%     1.8%     0.0%
May 12 14:14:42     21.0    31694749      298    96.0%    296.7     0.4%     2.2%     0.0%     0.0%     1.8%     0.0%
May 12 14:15:50     21.1    32115887      298    96.0%    296.7     0.4%     2.2%     0.0%     0.0%     1.8%     0.0%
May 12 14:16:55     21.1    32537014      298    96.0%    296.7     0.4%     2.2%     0.0%     0.0%     1.8%     0.0%
May 12 14:18:03     21.1    32958151      298    96.0%    296.7     0.4%     2.2%     0.0%     0.0%     1.8%     0.0%
May 12 14:19:08     21.1    33379291      298    96.0%    296.7     0.4%     2.2%     0.0%     0.0%     1.8%     0.0%
May 12 14:20:13     21.2    33800421      298    95.9%    296.7     0.4%     2.2%     0.0%     0.0%     1.8%     0.0%
May 12 14:21:17     21.2    34221524      298    95.9%    296.7     0.4%     2.2%     0.0%     0.0%     1.8%     0.0%
May 12 14:22:23     21.2    34642633      298    95.9%    296.7     0.4%     2.2%     0.0%     0.0%     1.8%     0.0%
May 12 14:23:29     21.2    35063753      298    95.9%    296.7     0.4%     2.2%     0.0%     0.0%     1.8%     0.0%
May 12 14:24:38     21.2    35484843      298    95.9%    296.7     0.4%     2.2%     0.0%     0.0%     1.8%     0.0%
May 12 14:25:47     21.2    35905945      298    95.9%    296.7     0.4%     2.2%     0.0%     0.0%     1.8%     0.0%
May 12 14:26:57     21.2    36327055      298    95.9%    296.7     0.4%     2.2%     0.0%     0.0%     1.8%     0.0%
May 12 14:28:12     21.2    36748126      298    95.9%    296.7     0.4%     2.2%     0.0%     0.0%     1.8%     0.0%
May 12 14:29:19     21.2    37169188      298    95.9%    296.7     0.4%     2.2%     0.0%     0.0%     1.8%     0.0%
May 12 14:30:24     21.3    37590307      298    95.9%    296.7     0.4%     2.2%     0.0%     0.0%     1.8%     0.0%
May 12 14:31:31     21.3    38011426      298    95.9%    296.7     0.4%     2.2%     0.0%     0.0%     1.8%     0.0%
May 12 14:32:37     21.3    38432539      298    95.9%    296.7     0.4%     2.2%     0.0%     0.0%     1.8%     0.0%
May 12 14:33:43     21.3    38853658      298    95.9%    296.7     0.4%     2.2%     0.0%     0.0%     1.8%     0.0%
May 12 14:34:49     21.3    39274789      298    95.9%    296.7     0.4%     2.2%     0.0%     0.0%     1.8%     0.0%
May 12 14:35:57     21.3    39695916      298    95.9%    296.7     0.4%     2.2%     0.0%     0.0%     1.8%     0.0%
May 12 14:37:08     21.3    40117035      298    95.9%    296.7     0.4%     2.2%     0.0%     0.0%     1.8%     0.0%
May 12 14:38:17     21.3    40538138      298    95.9%    296.7     0.4%     2.2%     0.0%     0.0%     1.8%     0.0%
May 12 14:39:22     21.4    40959249      298    95.9%    296.7     0.4%     2.2%     0.0%     0.0%     1.9%     0.0%
May 12 14:40:28     21.4    41380424      298    95.9%    296.7     0.4%     2.2%     0.0%     0.0%     1.9%     0.0%
May 12 14:41:35     21.4    41801530      298    95.9%    296.7     0.4%     2.2%     0.0%     0.0%     1.9%     0.0%
May 12 14:42:45     21.4    42222636      298    95.9%    296.7     0.4%     2.2%     0.0%     0.0%     1.9%     0.0%
May 12 14:43:51     21.4    42643738      298    95.9%    296.6     0.4%     2.2%     0.0%     0.0%     1.9%     0.0%
May 12 15:19:27     16.6    42819426      298    95.9%    296.6     0.4%     2.2%     0.0%     0.0%     1.9%     0.0%
ALL DONE!
