                                 Started job on |	May 12 13:07:04
                             Started mapping on |	May 12 13:38:46
                                    Finished on |	May 12 16:48:55
       Mapping speed, Million of reads per hour |	19.85

                          Number of input reads |	62897932
                      Average input read length |	298
                                    UNIQUE READS:
                   Uniquely mapped reads number |	60145368
                        Uniquely mapped reads % |	95.62%
                          Average mapped length |	296.93
                       Number of splices: Total |	66623103
            Number of splices: Annotated (sjdb) |	65831506
                       Number of splices: GT/AG |	66010886
                       Number of splices: GC/AG |	455633
                       Number of splices: AT/AC |	54551
               Number of splices: Non-canonical |	102033
                      Mismatch rate per base, % |	0.33%
                         Deletion rate per base |	0.01%
                        Deletion average length |	1.78
                        Insertion rate per base |	0.01%
                       Insertion average length |	1.52
                             MULTI-MAPPING READS:
        Number of reads mapped to multiple loci |	1600551
             % of reads mapped to multiple loci |	2.54%
        Number of reads mapped to too many loci |	16295
             % of reads mapped to too many loci |	0.03%
                                  UNMAPPED READS:
       % of reads unmapped: too many mismatches |	0.00%
                 % of reads unmapped: too short |	1.78%
                     % of reads unmapped: other |	0.02%
                                  CHIMERIC READS:
                       Number of chimeric reads |	0
                            % of chimeric reads |	0.00%
