           Time    Speed        Read     Read   Mapped   Mapped   Mapped   Mapped Unmapped Unmapped Unmapped Unmapped
                    M/hr      number   length   unique   length   MMrate    multi   multi+       MM    short    other
May 12 13:40:01     12.2      254210      298    95.8%    297.2     0.3%     2.6%     0.0%     0.0%     1.6%     0.0%
May 12 13:41:09     12.8      508119      298    95.8%    297.2     0.3%     2.6%     0.0%     0.0%     1.6%     0.0%
May 12 13:42:20     12.8      762023      298    95.9%    297.2     0.3%     2.5%     0.0%     0.0%     1.6%     0.0%
May 12 13:43:24     13.2     1015874      298    95.9%    297.2     0.3%     2.5%     0.0%     0.0%     1.5%     0.0%
May 12 13:44:24     13.5     1269059      298    95.9%    297.2     0.3%     2.5%     0.0%     0.0%     1.6%     0.0%
May 12 13:45:36     13.4     1522260      298    95.9%    297.2     0.3%     2.5%     0.0%     0.0%     1.6%     0.0%
May 12 13:46:37     13.6     1775461      298    95.9%    297.2     0.3%     2.5%     0.0%     0.0%     1.6%     0.0%
May 12 13:47:42     13.6     2028646      298    95.9%    297.2     0.3%     2.5%     0.0%     0.0%     1.6%     0.0%
May 12 13:48:55     14.0     2366234      298    95.9%    297.2     0.3%     2.5%     0.0%     0.0%     1.6%     0.0%
May 12 13:49:58     14.0     2619387      298    95.9%    297.2     0.3%     2.5%     0.0%     0.0%     1.6%     0.0%
May 12 13:51:10     14.3     2956992      298    95.9%    297.2     0.3%     2.5%     0.0%     0.0%     1.6%     0.0%
May 12 13:52:15     14.7     3294588      298    95.9%    297.2     0.3%     2.5%     0.0%     0.0%     1.6%     0.0%
May 12 13:53:25     14.9     3632151      298    95.9%    297.2     0.3%     2.5%     0.0%     0.0%     1.6%     0.0%
May 12 13:54:35     15.1     3969741      298    95.9%    297.2     0.3%     2.5%     0.0%     0.0%     1.5%     0.0%
May 12 13:55:48     15.5     4391725      298    95.9%    297.2     0.3%     2.5%     0.0%     0.0%     1.5%     0.0%
May 12 13:56:53     15.7     4729309      298    95.9%    297.2     0.3%     2.5%     0.0%     0.0%     1.5%     0.0%
May 12 13:58:02     15.8     5066864      298    95.9%    297.2     0.3%     2.5%     0.0%     0.0%     1.6%     0.0%
May 12 13:59:03     16.0     5404430      298    95.9%    297.2     0.3%     2.5%     0.0%     0.0%     1.6%     0.0%
May 12 14:00:04     16.2     5742046      298    95.9%    297.2     0.3%     2.5%     0.0%     0.0%     1.6%     0.0%
May 12 14:01:15     16.4     6164029      298    95.9%    297.2     0.3%     2.5%     0.0%     0.0%     1.5%     0.0%
May 12 14:02:18     16.6     6501626      298    95.9%    297.2     0.3%     2.5%     0.0%     0.0%     1.5%     0.0%
May 12 14:03:29     16.8     6923576      298    95.9%    297.2     0.3%     2.5%     0.0%     0.0%     1.5%     0.0%
May 12 14:04:29     16.9     7261179      298    95.9%    297.2     0.3%     2.5%     0.0%     0.0%     1.5%     0.0%
May 12 14:05:32     17.0     7598733      298    95.9%    297.2     0.3%     2.5%     0.0%     0.0%     1.5%     0.0%
May 12 14:06:44     17.2     8020705      298    95.9%    297.2     0.3%     2.5%     0.0%     0.0%     1.6%     0.0%
May 12 14:07:53     17.4     8442680      298    95.9%    297.2     0.3%     2.5%     0.0%     0.0%     1.5%     0.0%
May 12 14:08:54     17.5     8780289      298    95.9%    297.2     0.3%     2.5%     0.0%     0.0%     1.5%     0.0%
May 12 14:10:07     17.6     9202276      298    95.9%    297.3     0.3%     2.5%     0.0%     0.0%     1.5%     0.0%
May 12 14:11:14     17.8     9624276      298    95.9%    297.3     0.3%     2.5%     0.0%     0.0%     1.5%     0.0%
May 12 14:12:22     17.9    10046145      298    95.9%    297.3     0.3%     2.5%     0.0%     0.0%     1.5%     0.0%
May 12 14:13:25     18.1    10466960      298    95.9%    297.3     0.3%     2.5%     0.0%     0.0%     1.5%     0.0%
May 12 14:14:30     18.3    10887767      298    95.9%    297.3     0.3%     2.5%     0.0%     0.0%     1.5%     0.0%
May 12 14:15:38     18.4    11308587      298    95.9%    297.3     0.3%     2.5%     0.0%     0.0%     1.5%     0.0%
May 12 14:16:43     18.5    11729411      298    95.9%    297.3     0.3%     2.5%     0.0%     0.0%     1.5%     0.0%
May 12 14:17:50     18.7    12150218      298    95.9%    297.3     0.3%     2.5%     0.0%     0.0%     1.5%     0.0%
May 12 14:18:55     18.8    12571024      298    95.9%    297.3     0.3%     2.5%     0.0%     0.0%     1.5%     0.0%
May 12 14:20:01     18.9    12991834      298    95.9%    297.3     0.3%     2.5%     0.0%     0.0%     1.5%     0.0%
May 12 14:21:07     19.0    13412632      298    95.9%    297.3     0.3%     2.5%     0.0%     0.0%     1.5%     0.0%
May 12 14:22:15     19.1    13833430      298    95.9%    297.3     0.3%     2.5%     0.0%     0.0%     1.5%     0.0%
May 12 14:23:20     19.2    14254196      298    95.9%    297.3     0.3%     2.5%     0.0%     0.0%     1.5%     0.0%
May 12 14:24:26     19.3    14674975      298    95.9%    297.3     0.3%     2.5%     0.0%     0.0%     1.5%     0.0%
May 12 14:25:29     19.4    15095767      298    95.9%    297.3     0.3%     2.5%     0.0%     0.0%     1.5%     0.0%
May 12 14:26:33     19.5    15516559      298    95.9%    297.3     0.3%     2.5%     0.0%     0.0%     1.5%     0.0%
May 12 14:27:37     19.6    15937332      298    95.9%    297.3     0.3%     2.5%     0.0%     0.0%     1.5%     0.0%
May 12 14:28:44     19.6    16358106      298    95.9%    297.3     0.3%     2.5%     0.0%     0.0%     1.5%     0.0%
May 12 14:29:51     19.7    16778999      298    95.9%    297.3     0.3%     2.5%     0.0%     0.0%     1.5%     0.0%
May 12 14:30:55     19.8    17199909      298    95.9%    297.3     0.3%     2.5%     0.0%     0.0%     1.5%     0.0%
May 12 14:32:01     19.9    17620866      298    95.9%    297.3     0.3%     2.5%     0.0%     0.0%     1.5%     0.0%
May 12 14:33:01     20.0    18041788      298    95.9%    297.3     0.3%     2.5%     0.0%     0.0%     1.5%     0.0%
May 12 14:34:06     20.0    18462731      298    95.9%    297.3     0.3%     2.5%     0.0%     0.0%     1.5%     0.0%
May 12 14:35:12     20.1    18883645      298    95.9%    297.3     0.3%     2.5%     0.0%     0.0%     1.5%     0.0%
May 12 14:36:21     20.1    19304567      298    95.9%    297.3     0.3%     2.5%     0.0%     0.0%     1.5%     0.0%
May 12 14:37:26     20.2    19725486      298    95.9%    297.2     0.3%     2.5%     0.0%     0.0%     1.6%     0.0%
May 12 14:38:34     20.2    20146422      298    95.9%    297.2     0.3%     2.5%     0.0%     0.0%     1.6%     0.0%
May 12 14:39:38     20.3    20567328      298    95.9%    297.2     0.3%     2.5%     0.0%     0.0%     1.6%     0.0%
May 12 14:40:43     20.3    20988256      298    95.9%    297.2     0.3%     2.5%     0.0%     0.0%     1.6%     0.0%
May 12 14:41:46     20.4    21409161      298    95.9%    297.2     0.3%     2.5%     0.0%     0.0%     1.6%     0.0%
May 12 14:42:54     20.4    21830112      298    95.9%    297.2     0.3%     2.5%     0.0%     0.0%     1.6%     0.0%
May 12 14:43:59     20.5    22251049      298    95.9%    297.2     0.3%     2.5%     0.0%     0.0%     1.6%     0.0%
May 12 14:45:05     20.5    22671968      298    95.8%    297.2     0.3%     2.5%     0.0%     0.0%     1.6%     0.0%
May 12 14:46:07     20.6    23092908      298    95.8%    297.2     0.3%     2.5%     0.0%     0.0%     1.6%     0.0%
May 12 14:47:11     20.6    23513872      298    95.8%    297.2     0.3%     2.5%     0.0%     0.0%     1.6%     0.0%
May 12 14:48:16     20.7    23934817      298    95.8%    297.2     0.3%     2.5%     0.0%     0.0%     1.6%     0.0%
May 12 14:49:22     20.7    24355779      298    95.8%    297.2     0.3%     2.5%     0.0%     0.0%     1.6%     0.0%
May 12 14:50:27     20.7    24776706      298    95.8%    297.2     0.3%     2.5%     0.0%     0.0%     1.6%     0.0%
May 12 14:51:33     20.8    25197649      298    95.8%    297.2     0.3%     2.5%     0.0%     0.0%     1.6%     0.0%
May 12 14:52:39     20.8    25618609      298    95.8%    297.2     0.3%     2.5%     0.0%     0.0%     1.6%     0.0%
May 12 14:53:45     20.8    26039565      298    95.8%    297.2     0.3%     2.5%     0.0%     0.0%     1.6%     0.0%
May 12 14:54:47     20.9    26460469      298    95.8%    297.2     0.3%     2.5%     0.0%     0.0%     1.6%     0.0%
May 12 14:55:52     20.9    26881397      298    95.8%    297.2     0.3%     2.5%     0.0%     0.0%     1.6%     0.0%
May 12 14:57:01     20.9    27302330      298    95.8%    297.2     0.3%     2.5%     0.0%     0.0%     1.6%     0.0%
May 12 14:58:10     20.9    27723227      298    95.8%    297.2     0.3%     2.5%     0.0%     0.0%     1.6%     0.0%
May 12 14:59:17     21.0    28144140      298    95.8%    297.2     0.3%     2.5%     0.0%     0.0%     1.6%     0.0%
May 12 15:00:25     21.0    28565061      298    95.8%    297.2     0.3%     2.5%     0.0%     0.0%     1.6%     0.0%
May 12 15:01:33     21.0    28985985      298    95.8%    297.2     0.3%     2.5%     0.0%     0.0%     1.6%     0.0%
May 12 15:02:41     21.0    29406908      298    95.8%    297.2     0.3%     2.5%     0.0%     0.0%     1.6%     0.0%
May 12 15:03:51     21.0    29827825      298    95.8%    297.2     0.3%     2.5%     0.0%     0.0%     1.6%     0.0%
May 12 15:04:54     21.0    30164580      298    95.8%    297.2     0.3%     2.5%     0.0%     0.0%     1.6%     0.0%
May 12 15:06:01     21.0    30585482      298    95.8%    297.2     0.3%     2.5%     0.0%     0.0%     1.6%     0.0%
May 12 15:07:10     21.0    31006407      298    95.8%    297.2     0.3%     2.5%     0.0%     0.0%     1.6%     0.0%
May 12 15:08:14     21.1    31427331      298    95.8%    297.2     0.3%     2.5%     0.0%     0.0%     1.6%     0.0%
May 12 15:09:20     21.1    31848266      298    95.8%    297.2     0.3%     2.5%     0.0%     0.0%     1.6%     0.0%
May 12 15:10:27     21.1    32269190      298    95.8%    297.2     0.3%     2.5%     0.0%     0.0%     1.6%     0.0%
May 12 15:11:34     21.1    32690155      298    95.8%    297.2     0.3%     2.5%     0.0%     0.0%     1.6%     0.0%
May 12 15:12:42     21.1    33111090      298    95.8%    297.2     0.3%     2.5%     0.0%     0.0%     1.6%     0.0%
May 12 15:13:48     21.2    33532000      298    95.8%    297.2     0.3%     2.5%     0.0%     0.0%     1.6%     0.0%
May 12 15:14:57     21.2    33952908      298    95.8%    297.2     0.3%     2.5%     0.0%     0.0%     1.6%     0.0%
May 12 15:16:03     21.2    34373794      298    95.8%    297.2     0.3%     2.5%     0.0%     0.0%     1.6%     0.0%
May 12 15:17:07     21.2    34794665      298    95.8%    297.2     0.3%     2.5%     0.0%     0.0%     1.6%     0.0%
May 12 15:18:12     21.2    35215565      298    95.8%    297.2     0.3%     2.5%     0.0%     0.0%     1.6%     0.0%
May 12 15:19:17     21.3    35636467      298    95.8%    297.1     0.3%     2.5%     0.0%     0.0%     1.6%     0.0%
May 12 15:20:24     21.3    36057372      298    95.8%    297.1     0.3%     2.5%     0.0%     0.0%     1.6%     0.0%
May 12 15:21:28     21.3    36478307      298    95.8%    297.1     0.3%     2.5%     0.0%     0.0%     1.6%     0.0%
May 12 15:22:32     21.3    36899177      298    95.8%    297.1     0.3%     2.5%     0.0%     0.0%     1.6%     0.0%
May 12 15:23:37     21.4    37320032      298    95.8%    297.1     0.3%     2.5%     0.0%     0.0%     1.6%     0.0%
May 12 15:24:42     21.4    37740913      298    95.8%    297.1     0.3%     2.5%     0.0%     0.0%     1.6%     0.0%
May 12 15:25:50     21.4    38161879      298    95.8%    297.1     0.3%     2.5%     0.0%     0.0%     1.6%     0.0%
May 12 15:26:55     21.4    38582798      298    95.8%    297.1     0.3%     2.5%     0.0%     0.0%     1.6%     0.0%
May 12 15:28:02     21.4    39003719      298    95.8%    297.1     0.3%     2.5%     0.0%     0.0%     1.6%     0.0%
May 12 15:29:10     21.4    39424642      298    95.8%    297.1     0.3%     2.5%     0.0%     0.0%     1.6%     0.0%
May 12 15:30:16     21.4    39845526      298    95.8%    297.1     0.3%     2.5%     0.0%     0.0%     1.6%     0.0%
May 12 15:31:21     21.5    40266402      298    95.8%    297.1     0.3%     2.5%     0.0%     0.0%     1.6%     0.0%
May 12 15:32:30     21.5    40687371      298    95.8%    297.1     0.3%     2.5%     0.0%     0.0%     1.6%     0.0%
May 12 15:33:38     21.5    41108281      298    95.8%    297.1     0.3%     2.5%     0.0%     0.0%     1.6%     0.0%
May 12 15:34:51     21.5    41529201      298    95.8%    297.1     0.3%     2.5%     0.0%     0.0%     1.6%     0.0%
May 12 15:35:57     21.5    41950090      298    95.8%    297.1     0.3%     2.5%     0.0%     0.0%     1.6%     0.0%
May 12 15:37:00     21.5    42370978      298    95.8%    297.1     0.3%     2.5%     0.0%     0.0%     1.6%     0.0%
May 12 15:38:06     21.5    42791857      298    95.8%    297.1     0.3%     2.5%     0.0%     0.0%     1.7%     0.0%
May 12 15:39:13     21.5    43212777      298    95.8%    297.1     0.3%     2.5%     0.0%     0.0%     1.7%     0.0%
May 12 15:40:22     21.5    43633723      298    95.8%    297.1     0.3%     2.5%     0.0%     0.0%     1.7%     0.0%
May 12 15:41:28     21.5    44054647      298    95.8%    297.1     0.3%     2.5%     0.0%     0.0%     1.7%     0.0%
May 12 15:42:32     21.6    44475574      298    95.8%    297.1     0.3%     2.5%     0.0%     0.0%     1.7%     0.0%
May 12 15:43:37     21.6    44896447      298    95.7%    297.1     0.3%     2.5%     0.0%     0.0%     1.7%     0.0%
May 12 15:44:41     21.6    45317313      298    95.7%    297.1     0.3%     2.5%     0.0%     0.0%     1.7%     0.0%
May 12 15:45:46     21.6    45738209      298    95.7%    297.1     0.3%     2.5%     0.0%     0.0%     1.7%     0.0%
May 12 15:46:52     21.6    46159131      298    95.7%    297.0     0.3%     2.5%     0.0%     0.0%     1.7%     0.0%
May 12 15:47:56     21.6    46580025      298    95.7%    297.0     0.3%     2.5%     0.0%     0.0%     1.7%     0.0%
May 12 15:49:00     21.7    47000896      298    95.7%    297.0     0.3%     2.5%     0.0%     0.0%     1.7%     0.0%
May 12 15:50:05     21.7    47421753      298    95.7%    297.0     0.3%     2.5%     0.0%     0.0%     1.7%     0.0%
May 12 15:51:13     21.7    47842599      298    95.7%    297.0     0.3%     2.5%     0.0%     0.0%     1.7%     0.0%
May 12 15:52:22     21.7    48263530      298    95.7%    297.0     0.3%     2.5%     0.0%     0.0%     1.7%     0.0%
May 12 15:53:30     21.7    48684559      298    95.7%    297.0     0.3%     2.5%     0.0%     0.0%     1.7%     0.0%
May 12 15:54:37     21.7    49105581      298    95.7%    297.0     0.3%     2.5%     0.0%     0.0%     1.7%     0.0%
May 12 15:55:45     21.7    49526573      298    95.7%    297.0     0.3%     2.5%     0.0%     0.0%     1.7%     0.0%
May 12 15:56:53     21.7    49947567      298    95.7%    297.0     0.3%     2.5%     0.0%     0.0%     1.7%     0.0%
May 12 15:58:01     21.7    50368568      298    95.7%    297.0     0.3%     2.5%     0.0%     0.0%     1.7%     0.0%
May 12 15:59:09     21.7    50789587      298    95.7%    297.0     0.3%     2.5%     0.0%     0.0%     1.7%     0.0%
May 12 16:00:18     21.7    51210601      298    95.7%    297.0     0.3%     2.5%     0.0%     0.0%     1.7%     0.0%
May 12 16:01:18     21.7    51547411      298    95.7%    297.0     0.3%     2.5%     0.0%     0.0%     1.7%     0.0%
May 12 16:02:24     21.7    51968399      298    95.7%    297.0     0.3%     2.5%     0.0%     0.0%     1.7%     0.0%
May 12 16:03:31     21.7    52389397      298    95.7%    297.0     0.3%     2.5%     0.0%     0.0%     1.7%     0.0%
May 12 16:04:39     21.7    52810312      298    95.7%    297.0     0.3%     2.5%     0.0%     0.0%     1.7%     0.0%
May 12 16:05:44     21.7    53231302      298    95.7%    297.0     0.3%     2.5%     0.0%     0.0%     1.7%     0.0%
May 12 16:06:53     21.7    53652299      298    95.7%    297.0     0.3%     2.5%     0.0%     0.0%     1.7%     0.0%
May 12 16:07:57     21.7    54073307      298    95.7%    297.0     0.3%     2.5%     0.0%     0.0%     1.7%     0.0%
May 12 16:09:01     21.8    54494257      298    95.7%    297.0     0.3%     2.5%     0.0%     0.0%     1.7%     0.0%
May 12 16:10:05     21.8    54915205      298    95.7%    297.0     0.3%     2.5%     0.0%     0.0%     1.7%     0.0%
May 12 16:11:07     21.8    55336173      298    95.7%    297.0     0.3%     2.5%     0.0%     0.0%     1.7%     0.0%
May 12 16:12:11     21.8    55757165      298    95.7%    297.0     0.3%     2.5%     0.0%     0.0%     1.7%     0.0%
May 12 16:13:15     21.8    56178139      298    95.7%    297.0     0.3%     2.5%     0.0%     0.0%     1.7%     0.0%
May 12 16:14:19     21.8    56599135      298    95.7%    297.0     0.3%     2.5%     0.0%     0.0%     1.8%     0.0%
May 12 16:15:23     21.8    57020066      298    95.7%    297.0     0.3%     2.5%     0.0%     0.0%     1.8%     0.0%
May 12 16:16:27     21.9    57441011      298    95.7%    297.0     0.3%     2.5%     0.0%     0.0%     1.8%     0.0%
May 12 16:17:29     21.9    57861944      298    95.6%    297.0     0.3%     2.5%     0.0%     0.0%     1.8%     0.0%
May 12 16:18:32     21.9    58282910      298    95.6%    297.0     0.3%     2.5%     0.0%     0.0%     1.8%     0.0%
May 12 16:19:36     21.9    58703898      298    95.6%    296.9     0.3%     2.5%     0.0%     0.0%     1.8%     0.0%
May 12 16:20:38     21.9    59124876      298    95.6%    296.9     0.3%     2.5%     0.0%     0.0%     1.8%     0.0%
May 12 16:21:41     21.9    59545836      298    95.6%    296.9     0.3%     2.5%     0.0%     0.0%     1.8%     0.0%
May 12 16:22:43     21.9    59966780      298    95.6%    296.9     0.3%     2.5%     0.0%     0.0%     1.8%     0.0%
May 12 16:23:48     22.0    60387729      298    95.6%    296.9     0.3%     2.5%     0.0%     0.0%     1.8%     0.0%
May 12 16:24:52     22.0    60808724      298    95.6%    296.9     0.3%     2.5%     0.0%     0.0%     1.8%     0.0%
May 12 16:25:56     22.0    61229719      298    95.6%    296.9     0.3%     2.5%     0.0%     0.0%     1.8%     0.0%
May 12 16:27:00     22.0    61650682      298    95.6%    296.9     0.3%     2.5%     0.0%     0.0%     1.8%     0.0%
May 12 16:28:03     22.0    62071647      298    95.6%    296.9     0.3%     2.5%     0.0%     0.0%     1.8%     0.0%
May 12 16:29:08     22.0    62492597      298    95.6%    296.9     0.3%     2.5%     0.0%     0.0%     1.8%     0.0%
May 12 16:30:09     22.0    62897932      298    95.6%    296.9     0.3%     2.5%     0.0%     0.0%     1.8%     0.0%
May 12 16:48:55     19.8    62897932      298    95.6%    296.9     0.3%     2.5%     0.0%     0.0%     1.8%     0.0%
ALL DONE!
