                                 Started job on |	May 12 12:09:10
                             Started mapping on |	May 12 12:57:57
                                    Finished on |	May 12 15:24:53
       Mapping speed, Million of reads per hour |	18.30

                          Number of input reads |	44822541
                      Average input read length |	298
                                    UNIQUE READS:
                   Uniquely mapped reads number |	42779439
                        Uniquely mapped reads % |	95.44%
                          Average mapped length |	296.54
                       Number of splices: Total |	45925164
            Number of splices: Annotated (sjdb) |	45382634
                       Number of splices: GT/AG |	45507588
                       Number of splices: GC/AG |	306976
                       Number of splices: AT/AC |	36334
               Number of splices: Non-canonical |	74266
                      Mismatch rate per base, % |	0.38%
                         Deletion rate per base |	0.01%
                        Deletion average length |	1.76
                        Insertion rate per base |	0.01%
                       Insertion average length |	1.57
                             MULTI-MAPPING READS:
        Number of reads mapped to multiple loci |	1168879
             % of reads mapped to multiple loci |	2.61%
        Number of reads mapped to too many loci |	14625
             % of reads mapped to too many loci |	0.03%
                                  UNMAPPED READS:
       % of reads unmapped: too many mismatches |	0.00%
                 % of reads unmapped: too short |	1.89%
                     % of reads unmapped: other |	0.03%
                                  CHIMERIC READS:
                       Number of chimeric reads |	0
                            % of chimeric reads |	0.00%
