                                 Started job on |	May 12 11:38:51
                             Started mapping on |	May 12 11:39:20
                                    Finished on |	May 12 14:11:54
       Mapping speed, Million of reads per hour |	13.01

                          Number of input reads |	33075423
                      Average input read length |	298
                                    UNIQUE READS:
                   Uniquely mapped reads number |	31442813
                        Uniquely mapped reads % |	95.06%
                          Average mapped length |	296.22
                       Number of splices: Total |	35111450
            Number of splices: Annotated (sjdb) |	34541204
                       Number of splices: GT/AG |	34795652
                       Number of splices: GC/AG |	227038
                       Number of splices: AT/AC |	29596
               Number of splices: Non-canonical |	59164
                      Mismatch rate per base, % |	0.38%
                         Deletion rate per base |	0.01%
                        Deletion average length |	1.68
                        Insertion rate per base |	0.01%
                       Insertion average length |	1.56
                             MULTI-MAPPING READS:
        Number of reads mapped to multiple loci |	889497
             % of reads mapped to multiple loci |	2.69%
        Number of reads mapped to too many loci |	8443
             % of reads mapped to too many loci |	0.03%
                                  UNMAPPED READS:
       % of reads unmapped: too many mismatches |	0.00%
                 % of reads unmapped: too short |	2.17%
                     % of reads unmapped: other |	0.05%
                                  CHIMERIC READS:
                       Number of chimeric reads |	0
                            % of chimeric reads |	0.00%
