                                 Started job on |	May 12 13:41:00
                             Started mapping on |	May 12 14:16:00
                                    Finished on |	May 12 18:13:35
       Mapping speed, Million of reads per hour |	22.56

                          Number of input reads |	89336829
                      Average input read length |	296
                                    UNIQUE READS:
                   Uniquely mapped reads number |	85278107
                        Uniquely mapped reads % |	95.46%
                          Average mapped length |	294.87
                       Number of splices: Total |	91419117
            Number of splices: Annotated (sjdb) |	90251675
                       Number of splices: GT/AG |	90552747
                       Number of splices: GC/AG |	637493
                       Number of splices: AT/AC |	75856
               Number of splices: Non-canonical |	153021
                      Mismatch rate per base, % |	0.35%
                         Deletion rate per base |	0.01%
                        Deletion average length |	1.80
                        Insertion rate per base |	0.01%
                       Insertion average length |	1.60
                             MULTI-MAPPING READS:
        Number of reads mapped to multiple loci |	2228389
             % of reads mapped to multiple loci |	2.49%
        Number of reads mapped to too many loci |	24886
             % of reads mapped to too many loci |	0.03%
                                  UNMAPPED READS:
       % of reads unmapped: too many mismatches |	0.00%
                 % of reads unmapped: too short |	1.99%
                     % of reads unmapped: other |	0.03%
                                  CHIMERIC READS:
                       Number of chimeric reads |	0
                            % of chimeric reads |	0.00%
