                                 Started job on |	May 12 11:38:06
                             Started mapping on |	May 12 11:38:34
                                    Finished on |	May 12 13:51:43
       Mapping speed, Million of reads per hour |	14.27

                          Number of input reads |	31676249
                      Average input read length |	298
                                    UNIQUE READS:
                   Uniquely mapped reads number |	30321917
                        Uniquely mapped reads % |	95.72%
                          Average mapped length |	296.27
                       Number of splices: Total |	32808843
            Number of splices: Annotated (sjdb) |	32427267
                       Number of splices: GT/AG |	32511261
                       Number of splices: GC/AG |	222415
                       Number of splices: AT/AC |	26684
               Number of splices: Non-canonical |	48483
                      Mismatch rate per base, % |	0.41%
                         Deletion rate per base |	0.01%
                        Deletion average length |	1.77
                        Insertion rate per base |	0.01%
                       Insertion average length |	1.58
                             MULTI-MAPPING READS:
        Number of reads mapped to multiple loci |	677096
             % of reads mapped to multiple loci |	2.14%
        Number of reads mapped to too many loci |	8821
             % of reads mapped to too many loci |	0.03%
                                  UNMAPPED READS:
       % of reads unmapped: too many mismatches |	0.00%
                 % of reads unmapped: too short |	2.08%
                     % of reads unmapped: other |	0.03%
                                  CHIMERIC READS:
                       Number of chimeric reads |	0
                            % of chimeric reads |	0.00%
