                                 Started job on |	May 12 13:16:41
                             Started mapping on |	May 12 13:38:45
                                    Finished on |	May 12 16:58:30
       Mapping speed, Million of reads per hour |	20.19

                          Number of input reads |	67204060
                      Average input read length |	295
                                    UNIQUE READS:
                   Uniquely mapped reads number |	64463031
                        Uniquely mapped reads % |	95.92%
                          Average mapped length |	293.71
                       Number of splices: Total |	63204007
            Number of splices: Annotated (sjdb) |	62470090
                       Number of splices: GT/AG |	62622179
                       Number of splices: GC/AG |	430623
                       Number of splices: AT/AC |	50190
               Number of splices: Non-canonical |	101015
                      Mismatch rate per base, % |	0.36%
                         Deletion rate per base |	0.01%
                        Deletion average length |	1.77
                        Insertion rate per base |	0.01%
                       Insertion average length |	1.61
                             MULTI-MAPPING READS:
        Number of reads mapped to multiple loci |	1452201
             % of reads mapped to multiple loci |	2.16%
        Number of reads mapped to too many loci |	17639
             % of reads mapped to too many loci |	0.03%
                                  UNMAPPED READS:
       % of reads unmapped: too many mismatches |	0.00%
                 % of reads unmapped: too short |	1.86%
                     % of reads unmapped: other |	0.03%
                                  CHIMERIC READS:
                       Number of chimeric reads |	0
                            % of chimeric reads |	0.00%
