                                 Started job on |	May 12 11:50:12
                             Started mapping on |	May 12 11:57:05
                                    Finished on |	May 12 14:31:46
       Mapping speed, Million of reads per hour |	14.11

                          Number of input reads |	36378231
                      Average input read length |	298
                                    UNIQUE READS:
                   Uniquely mapped reads number |	34746510
                        Uniquely mapped reads % |	95.51%
                          Average mapped length |	296.27
                       Number of splices: Total |	33610129
            Number of splices: Annotated (sjdb) |	33115393
                       Number of splices: GT/AG |	33281612
                       Number of splices: GC/AG |	242202
                       Number of splices: AT/AC |	27811
               Number of splices: Non-canonical |	58504
                      Mismatch rate per base, % |	0.40%
                         Deletion rate per base |	0.01%
                        Deletion average length |	1.81
                        Insertion rate per base |	0.01%
                       Insertion average length |	1.58
                             MULTI-MAPPING READS:
        Number of reads mapped to multiple loci |	860181
             % of reads mapped to multiple loci |	2.36%
        Number of reads mapped to too many loci |	14196
             % of reads mapped to too many loci |	0.04%
                                  UNMAPPED READS:
       % of reads unmapped: too many mismatches |	0.00%
                 % of reads unmapped: too short |	2.05%
                     % of reads unmapped: other |	0.03%
                                  CHIMERIC READS:
                       Number of chimeric reads |	0
                            % of chimeric reads |	0.00%
