                                 Started job on |	May 12 11:36:01
                             Started mapping on |	May 12 11:36:32
                                    Finished on |	May 12 14:06:04
       Mapping speed, Million of reads per hour |	12.62

                          Number of input reads |	31452997
                      Average input read length |	298
                                    UNIQUE READS:
                   Uniquely mapped reads number |	30071980
                        Uniquely mapped reads % |	95.61%
                          Average mapped length |	296.09
                       Number of splices: Total |	29449615
            Number of splices: Annotated (sjdb) |	29060945
                       Number of splices: GT/AG |	29178974
                       Number of splices: GC/AG |	197058
                       Number of splices: AT/AC |	23856
               Number of splices: Non-canonical |	49727
                      Mismatch rate per base, % |	0.37%
                         Deletion rate per base |	0.01%
                        Deletion average length |	1.82
                        Insertion rate per base |	0.01%
                       Insertion average length |	1.56
                             MULTI-MAPPING READS:
        Number of reads mapped to multiple loci |	797185
             % of reads mapped to multiple loci |	2.53%
        Number of reads mapped to too many loci |	10829
             % of reads mapped to too many loci |	0.03%
                                  UNMAPPED READS:
       % of reads unmapped: too many mismatches |	0.00%
                 % of reads unmapped: too short |	1.79%
                     % of reads unmapped: other |	0.03%
                                  CHIMERIC READS:
                       Number of chimeric reads |	0
                            % of chimeric reads |	0.00%
