           Time    Speed        Read     Read   Mapped   Mapped   Mapped   Mapped Unmapped Unmapped Unmapped Unmapped
                    M/hr      number   length   unique   length   MMrate    multi   multi+       MM    short    other
May 12 13:39:47     14.8      254385      298    95.7%    296.9     0.3%     2.6%     0.0%     0.0%     1.7%     0.0%
May 12 13:40:48     14.9      508423      298    95.7%    296.9     0.3%     2.6%     0.0%     0.0%     1.7%     0.0%
May 12 13:41:54     14.5      762469      298    95.7%    296.9     0.3%     2.6%     0.0%     0.0%     1.7%     0.0%
May 12 13:43:09     15.0     1100903      298    95.7%    296.9     0.3%     2.6%     0.0%     0.0%     1.7%     0.0%
May 12 13:44:25     15.2     1438690      298    95.7%    296.9     0.3%     2.6%     0.0%     0.0%     1.7%     0.0%
May 12 13:45:29     15.1     1692044      298    95.7%    296.9     0.3%     2.6%     0.0%     0.0%     1.7%     0.0%
May 12 13:46:43     15.3     2029817      298    95.7%    296.9     0.3%     2.6%     0.0%     0.0%     1.7%     0.0%
May 12 13:47:50     15.1     2283152      298    95.7%    296.9     0.3%     2.6%     0.0%     0.0%     1.7%     0.0%
May 12 13:48:52     15.0     2536479      298    95.7%    296.9     0.3%     2.6%     0.0%     0.0%     1.7%     0.0%
May 12 13:49:57     14.9     2789824      298    95.7%    296.9     0.3%     2.6%     0.0%     0.0%     1.7%     0.0%
May 12 13:51:11     15.1     3127594      298    95.7%    296.9     0.3%     2.6%     0.0%     0.0%     1.7%     0.0%
May 12 13:52:20     15.3     3465342      298    95.7%    296.9     0.3%     2.6%     0.0%     0.0%     1.7%     0.0%
May 12 13:53:32     15.4     3803128      298    95.7%    296.9     0.3%     2.6%     0.0%     0.0%     1.7%     0.0%
May 12 13:54:42     15.6     4140886      298    95.7%    297.0     0.3%     2.6%     0.0%     0.0%     1.7%     0.0%
May 12 13:55:56     15.6     4478675      298    95.7%    297.0     0.3%     2.6%     0.0%     0.0%     1.7%     0.0%
May 12 13:57:11     15.7     4816461      298    95.7%    297.0     0.3%     2.6%     0.0%     0.0%     1.7%     0.0%
May 12 13:58:17     15.8     5154232      298    95.7%    297.0     0.3%     2.6%     0.0%     0.0%     1.7%     0.0%
May 12 13:59:25     15.9     5492012      298    95.7%    297.0     0.3%     2.6%     0.0%     0.0%     1.7%     0.0%
May 12 14:00:32     16.1     5829776      298    95.7%    297.0     0.3%     2.6%     0.0%     0.0%     1.7%     0.0%
May 12 14:01:36     16.2     6167593      298    95.7%    297.0     0.3%     2.6%     0.0%     0.0%     1.7%     0.0%
May 12 14:02:42     16.3     6505378      298    95.7%    297.0     0.3%     2.6%     0.0%     0.0%     1.7%     0.0%
May 12 14:03:50     16.4     6843174      298    95.7%    297.0     0.3%     2.6%     0.0%     0.0%     1.7%     0.0%
May 12 14:04:52     16.5     7180953      298    95.7%    297.0     0.3%     2.6%     0.0%     0.0%     1.7%     0.0%
May 12 14:05:53     16.6     7518729      298    95.7%    297.0     0.3%     2.6%     0.0%     0.0%     1.7%     0.0%
May 12 14:06:54     16.7     7856535      298    95.7%    297.0     0.3%     2.6%     0.0%     0.0%     1.7%     0.0%
May 12 14:08:04     16.9     8278785      298    95.7%    297.0     0.3%     2.6%     0.0%     0.0%     1.7%     0.0%
May 12 14:09:14     17.1     8701051      298    95.7%    297.0     0.3%     2.6%     0.0%     0.0%     1.7%     0.0%
May 12 14:10:25     17.3     9123285      298    95.7%    297.0     0.3%     2.6%     0.0%     0.0%     1.7%     0.0%
May 12 14:11:38     17.4     9545511      298    95.7%    297.0     0.3%     2.6%     0.0%     0.0%     1.7%     0.0%
May 12 14:12:46     17.6     9967749      298    95.7%    297.0     0.3%     2.6%     0.0%     0.0%     1.7%     0.0%
May 12 14:13:52     17.8    10388903      298    95.7%    297.0     0.3%     2.6%     0.0%     0.0%     1.7%     0.0%
May 12 14:14:59     17.9    10809939      298    95.7%    297.0     0.3%     2.6%     0.0%     0.0%     1.7%     0.0%
May 12 14:16:05     18.0    11230996      298    95.7%    297.0     0.3%     2.6%     0.0%     0.0%     1.7%     0.0%
May 12 14:17:15     18.2    11652045      298    95.7%    297.0     0.3%     2.6%     0.0%     0.0%     1.7%     0.0%
May 12 14:18:24     18.3    12073122      298    95.7%    297.0     0.3%     2.6%     0.0%     0.0%     1.7%     0.0%
May 12 14:19:31     18.4    12494235      298    95.7%    297.0     0.3%     2.6%     0.0%     0.0%     1.7%     0.0%
May 12 14:20:36     18.5    12915301      298    95.7%    297.0     0.3%     2.6%     0.0%     0.0%     1.7%     0.0%
May 12 14:21:44     18.6    13336357      298    95.7%    297.0     0.3%     2.6%     0.0%     0.0%     1.7%     0.0%
May 12 14:22:54     18.7    13757439      298    95.7%    297.0     0.3%     2.6%     0.0%     0.0%     1.7%     0.0%
May 12 14:24:01     18.8    14178525      298    95.7%    297.0     0.3%     2.6%     0.0%     0.0%     1.7%     0.0%
May 12 14:25:10     18.9    14599586      298    95.7%    297.0     0.3%     2.6%     0.0%     0.0%     1.7%     0.0%
May 12 14:26:21     18.9    15020652      298    95.7%    297.0     0.3%     2.6%     0.0%     0.0%     1.7%     0.0%
May 12 14:27:26     19.0    15441694      298    95.7%    297.0     0.3%     2.6%     0.0%     0.0%     1.7%     0.0%
May 12 14:28:37     19.1    15862737      298    95.7%    297.0     0.3%     2.6%     0.0%     0.0%     1.7%     0.0%
May 12 14:29:50     19.1    16283806      298    95.7%    297.0     0.3%     2.6%     0.0%     0.0%     1.6%     0.0%
May 12 14:30:56     19.2    16704851      298    95.7%    297.0     0.3%     2.6%     0.0%     0.0%     1.6%     0.0%
May 12 14:32:03     19.3    17125860      298    95.7%    297.0     0.3%     2.6%     0.0%     0.0%     1.6%     0.0%
May 12 14:33:06     19.4    17546887      298    95.7%    297.0     0.3%     2.6%     0.0%     0.0%     1.6%     0.0%
May 12 14:34:09     19.5    17967919      298    95.7%    297.0     0.3%     2.6%     0.0%     0.0%     1.6%     0.0%
May 12 14:35:14     19.5    18388983      298    95.7%    297.0     0.3%     2.6%     0.0%     0.0%     1.6%     0.0%
May 12 14:36:21     19.6    18810140      298    95.7%    297.0     0.3%     2.6%     0.0%     0.0%     1.6%     0.0%
May 12 14:37:28     19.7    19231311      298    95.7%    297.0     0.3%     2.6%     0.0%     0.0%     1.6%     0.0%
May 12 14:38:35     19.7    19652502      298    95.7%    297.0     0.3%     2.6%     0.0%     0.0%     1.7%     0.0%
May 12 14:39:39     19.8    20073704      298    95.7%    297.0     0.3%     2.6%     0.0%     0.0%     1.7%     0.0%
May 12 14:40:46     19.8    20494873      298    95.7%    297.0     0.3%     2.6%     0.0%     0.0%     1.7%     0.0%
May 12 14:41:55     19.9    20916066      298    95.7%    297.0     0.3%     2.6%     0.0%     0.0%     1.7%     0.0%
May 12 14:43:01     19.9    21337268      298    95.7%    297.0     0.3%     2.6%     0.0%     0.0%     1.7%     0.0%
May 12 14:44:11     20.0    21758426      298    95.7%    297.0     0.3%     2.6%     0.0%     0.0%     1.7%     0.0%
May 12 14:45:17     20.0    22179577      298    95.7%    297.0     0.3%     2.6%     0.0%     0.0%     1.7%     0.0%
May 12 14:46:24     20.0    22600738      298    95.7%    297.0     0.3%     2.6%     0.0%     0.0%     1.7%     0.0%
May 12 14:47:30     20.1    23021893      298    95.7%    297.0     0.3%     2.6%     0.0%     0.0%     1.7%     0.0%
May 12 14:48:38     20.1    23443037      298    95.7%    297.0     0.3%     2.6%     0.0%     0.0%     1.7%     0.0%
May 12 14:49:44     20.2    23864218      298    95.7%    297.0     0.3%     2.6%     0.0%     0.0%     1.7%     0.0%
May 12 14:50:49     20.2    24285394      298    95.7%    296.9     0.3%     2.6%     0.0%     0.0%     1.7%     0.0%
May 12 14:51:53     20.3    24706530      298    95.7%    296.9     0.3%     2.6%     0.0%     0.0%     1.7%     0.0%
May 12 14:52:58     20.3    25127695      298    95.7%    296.9     0.3%     2.6%     0.0%     0.0%     1.7%     0.0%
May 12 14:54:03     20.4    25548897      298    95.7%    296.9     0.3%     2.6%     0.0%     0.0%     1.7%     0.0%
May 12 14:55:08     20.4    25970081      298    95.7%    296.9     0.3%     2.6%     0.0%     0.0%     1.7%     0.0%
May 12 14:56:15     20.4    26391282      298    95.7%    296.9     0.3%     2.6%     0.0%     0.0%     1.7%     0.0%
May 12 14:57:20     20.5    26812502      298    95.7%    296.9     0.3%     2.6%     0.0%     0.0%     1.7%     0.0%
May 12 14:58:27     20.5    27233699      298    95.7%    296.9     0.3%     2.6%     0.0%     0.0%     1.7%     0.0%
May 12 14:59:34     20.5    27654868      298    95.7%    296.9     0.3%     2.6%     0.0%     0.0%     1.7%     0.0%
May 12 15:00:41     20.6    28076033      298    95.7%    296.9     0.3%     2.6%     0.0%     0.0%     1.7%     0.0%
May 12 15:01:48     20.6    28497245      298    95.7%    296.9     0.3%     2.6%     0.0%     0.0%     1.7%     0.0%
May 12 15:02:55     20.6    28918454      298    95.7%    296.9     0.3%     2.6%     0.0%     0.0%     1.7%     0.0%
May 12 15:04:03     20.6    29339653      298    95.7%    296.9     0.3%     2.6%     0.0%     0.0%     1.7%     0.0%
May 12 15:05:11     20.7    29760857      298    95.7%    296.9     0.3%     2.6%     0.0%     0.0%     1.7%     0.0%
May 12 15:06:17     20.7    30182037      298    95.7%    296.9     0.3%     2.6%     0.0%     0.0%     1.7%     0.0%
May 12 15:07:22     20.7    30603200      298    95.7%    296.9     0.3%     2.6%     0.0%     0.0%     1.7%     0.0%
May 12 15:08:27     20.8    31024348      298    95.7%    296.9     0.3%     2.6%     0.0%     0.0%     1.7%     0.0%
May 12 15:09:33     20.8    31445529      298    95.7%    296.9     0.3%     2.6%     0.0%     0.0%     1.7%     0.0%
May 12 15:10:43     20.8    31866694      298    95.7%    296.9     0.3%     2.6%     0.0%     0.0%     1.7%     0.0%
May 12 15:11:47     20.8    32287867      298    95.7%    296.9     0.3%     2.6%     0.0%     0.0%     1.7%     0.0%
May 12 15:12:55     20.8    32709053      298    95.7%    296.9     0.3%     2.6%     0.0%     0.0%     1.7%     0.0%
May 12 15:14:00     20.9    33130328      298    95.7%    296.9     0.3%     2.6%     0.0%     0.0%     1.7%     0.0%
May 12 15:15:01     20.9    33467271      298    95.7%    296.9     0.3%     2.6%     0.0%     0.0%     1.7%     0.0%
May 12 15:16:08     20.9    33888453      298    95.7%    296.9     0.3%     2.6%     0.0%     0.0%     1.7%     0.0%
May 12 15:17:11     20.9    34309623      298    95.7%    296.9     0.3%     2.6%     0.0%     0.0%     1.7%     0.0%
May 12 15:18:13     21.0    34730786      298    95.7%    296.9     0.3%     2.6%     0.0%     0.0%     1.7%     0.0%
May 12 15:19:16     21.0    35151940      298    95.7%    296.9     0.3%     2.6%     0.0%     0.0%     1.7%     0.0%
May 12 15:20:20     21.0    35573173      298    95.7%    296.9     0.3%     2.6%     0.0%     0.0%     1.7%     0.0%
May 12 15:21:24     21.0    35994363      298    95.7%    296.9     0.3%     2.6%     0.0%     0.0%     1.7%     0.0%
May 12 15:22:28     21.1    36415566      298    95.6%    296.9     0.3%     2.6%     0.0%     0.0%     1.7%     0.0%
May 12 15:23:34     21.1    36836786      298    95.6%    296.9     0.3%     2.6%     0.0%     0.0%     1.7%     0.0%
May 12 15:24:41     21.1    37257990      298    95.6%    296.9     0.3%     2.6%     0.0%     0.0%     1.7%     0.0%
May 12 15:25:47     21.1    37679170      298    95.6%    296.9     0.3%     2.6%     0.0%     0.0%     1.7%     0.0%
May 12 15:26:52     21.1    38100376      298    95.6%    296.9     0.3%     2.6%     0.0%     0.0%     1.7%     0.0%
May 12 15:27:57     21.2    38521527      298    95.6%    296.9     0.3%     2.6%     0.0%     0.0%     1.7%     0.0%
May 12 15:29:03     21.2    38942714      298    95.6%    296.9     0.3%     2.6%     0.0%     0.0%     1.7%     0.0%
May 12 15:30:09     21.2    39363934      298    95.6%    296.9     0.3%     2.6%     0.0%     0.0%     1.7%     0.0%
May 12 15:31:15     21.2    39785129      298    95.6%    296.9     0.3%     2.6%     0.0%     0.0%     1.7%     0.0%
May 12 15:32:19     21.2    40206328      298    95.6%    296.9     0.3%     2.6%     0.0%     0.0%     1.7%     0.0%
May 12 15:33:24     21.3    40627500      298    95.6%    296.9     0.3%     2.6%     0.0%     0.0%     1.7%     0.0%
May 12 15:34:28     21.3    41048647      298    95.6%    296.9     0.3%     2.6%     0.0%     0.0%     1.7%     0.0%
May 12 15:35:32     21.3    41469826      298    95.6%    296.8     0.3%     2.6%     0.0%     0.0%     1.7%     0.0%
May 12 15:36:37     21.3    41891002      298    95.6%    296.8     0.3%     2.6%     0.0%     0.0%     1.7%     0.0%
May 12 15:37:44     21.3    42312188      298    95.6%    296.8     0.3%     2.6%     0.0%     0.0%     1.7%     0.0%
May 12 15:38:51     21.3    42733399      298    95.6%    296.8     0.3%     2.6%     0.0%     0.0%     1.7%     0.0%
May 12 15:40:00     21.4    43154609      298    95.6%    296.8     0.3%     2.6%     0.0%     0.0%     1.7%     0.0%
May 12 15:41:06     21.4    43575834      298    95.6%    296.8     0.3%     2.6%     0.0%     0.0%     1.7%     0.0%
May 12 15:42:11     21.4    43997002      298    95.6%    296.8     0.3%     2.6%     0.0%     0.0%     1.7%     0.0%
May 12 15:43:17     21.4    44418235      298    95.6%    296.8     0.3%     2.6%     0.0%     0.0%     1.7%     0.0%
May 12 15:44:23     21.4    44839498      298    95.6%    296.8     0.3%     2.6%     0.0%     0.0%     1.7%     0.0%
May 12 15:45:31     21.4    45260714      298    95.6%    296.8     0.3%     2.6%     0.0%     0.0%     1.7%     0.0%
May 12 15:46:40     21.4    45681933      298    95.6%    296.8     0.3%     2.6%     0.0%     0.0%     1.7%     0.0%
May 12 15:47:49     21.4    46103179      298    95.6%    296.8     0.3%     2.6%     0.0%     0.0%     1.7%     0.0%
May 12 15:48:56     21.4    46524392      298    95.6%    296.8     0.3%     2.6%     0.0%     0.0%     1.7%     0.0%
May 12 15:50:02     21.5    46945603      298    95.6%    296.8     0.3%     2.6%     0.0%     0.0%     1.8%     0.0%
May 12 15:51:12     21.5    47366849      298    95.6%    296.8     0.3%     2.6%     0.0%     0.0%     1.8%     0.0%
May 12 15:52:15     21.5    47788084      298    95.6%    296.8     0.3%     2.6%     0.0%     0.0%     1.8%     0.0%
May 12 15:53:20     21.5    48209278      298    95.6%    296.8     0.3%     2.6%     0.0%     0.0%     1.8%     0.0%
May 12 15:54:27     21.5    48630493      298    95.6%    296.8     0.3%     2.6%     0.0%     0.0%     1.8%     0.0%
May 12 15:55:32     21.5    49051749      298    95.6%    296.8     0.3%     2.6%     0.0%     0.0%     1.8%     0.0%
May 12 15:56:38     21.5    49472934      298    95.6%    296.8     0.3%     2.6%     0.0%     0.0%     1.8%     0.0%
May 12 15:57:44     21.5    49894139      298    95.6%    296.8     0.3%     2.6%     0.0%     0.0%     1.8%     0.0%
May 12 15:58:49     21.6    50315358      298    95.6%    296.8     0.3%     2.6%     0.0%     0.0%     1.8%     0.0%
May 12 15:59:52     21.6    50736567      298    95.6%    296.8     0.3%     2.6%     0.0%     0.0%     1.8%     0.0%
May 12 16:00:56     21.6    51157760      298    95.6%    296.8     0.3%     2.6%     0.0%     0.0%     1.8%     0.0%
May 12 16:02:02     21.6    51578964      298    95.6%    296.8     0.3%     2.6%     0.0%     0.0%     1.8%     0.0%
May 12 16:03:08     21.6    52000122      298    95.6%    296.8     0.3%     2.6%     0.0%     0.0%     1.8%     0.0%
May 12 16:04:12     21.6    52421231      298    95.6%    296.8     0.3%     2.6%     0.0%     0.0%     1.8%     0.0%
May 12 16:05:16     21.6    52842375      298    95.6%    296.8     0.3%     2.6%     0.0%     0.0%     1.8%     0.0%
May 12 16:06:19     21.7    53263538      298    95.6%    296.8     0.3%     2.6%     0.0%     0.0%     1.8%     0.0%
May 12 16:07:23     21.7    53684720      298    95.6%    296.8     0.3%     2.6%     0.0%     0.0%     1.8%     0.0%
May 12 16:08:25     21.7    54105906      298    95.6%    296.8     0.3%     2.6%     0.0%     0.0%     1.8%     0.0%
May 12 16:09:29     21.7    54527087      298    95.6%    296.8     0.3%     2.6%     0.0%     0.0%     1.8%     0.0%
May 12 16:10:36     21.7    54948330      298    95.6%    296.8     0.3%     2.6%     0.0%     0.0%     1.8%     0.0%
May 12 16:11:41     21.7    55369571      298    95.6%    296.7     0.3%     2.6%     0.0%     0.0%     1.8%     0.0%
May 12 16:12:47     21.7    55790757      298    95.6%    296.7     0.3%     2.6%     0.0%     0.0%     1.8%     0.0%
May 12 16:13:52     21.7    56211923      298    95.5%    296.7     0.3%     2.6%     0.0%     0.0%     1.8%     0.0%
May 12 16:14:58     21.8    56633079      298    95.5%    296.7     0.3%     2.6%     0.0%     0.0%     1.8%     0.0%
May 12 16:16:04     21.8    57054279      298    95.5%    296.7     0.3%     2.6%     0.0%     0.0%     1.8%     0.0%
May 12 16:17:11     21.8    57475450      298    95.5%    296.7     0.3%     2.6%     0.0%     0.0%     1.8%     0.0%
May 12 16:18:18     21.8    57896693      298    95.5%    296.7     0.3%     2.6%     0.0%     0.0%     1.8%     0.0%
May 12 16:19:23     21.8    58317885      298    95.5%    296.7     0.3%     2.6%     0.0%     0.0%     1.8%     0.0%
May 12 16:20:30     21.8    58739060      298    95.5%    296.7     0.3%     2.6%     0.0%     0.0%     1.8%     0.0%
May 12 16:21:35     21.8    59160254      298    95.5%    296.7     0.3%     2.6%     0.0%     0.0%     1.8%     0.0%
May 12 16:22:41     21.8    59581382      298    95.5%    296.7     0.3%     2.6%     0.0%     0.0%     1.8%     0.0%
May 12 16:23:45     21.8    60002528      298    95.5%    296.7     0.3%     2.6%     0.0%     0.0%     1.8%     0.0%
May 12 16:24:49     21.8    60423661      298    95.5%    296.7     0.3%     2.6%     0.0%     0.0%     1.8%     0.0%
May 12 16:25:55     21.8    60844832      298    95.5%    296.7     0.3%     2.6%     0.0%     0.0%     1.8%     0.0%
May 12 16:27:03     21.8    61266030      298    95.5%    296.7     0.3%     2.6%     0.0%     0.0%     1.8%     0.0%
May 12 16:28:09     21.8    61687224      298    95.5%    296.7     0.3%     2.6%     0.0%     0.0%     1.8%     0.0%
May 12 16:29:16     21.9    62108399      298    95.5%    296.7     0.3%     2.6%     0.0%     0.0%     1.8%     0.0%
May 12 16:30:23     21.9    62529586      298    95.5%    296.7     0.3%     2.6%     0.0%     0.0%     1.8%     0.0%
May 12 16:31:31     21.9    62950779      298    95.5%    296.7     0.3%     2.6%     0.0%     0.0%     1.8%     0.0%
May 12 16:32:38     21.9    63371950      298    95.5%    296.7     0.3%     2.6%     0.0%     0.0%     1.8%     0.0%
May 12 16:33:45     21.9    63793155      298    95.5%    296.7     0.3%     2.6%     0.0%     0.0%     1.8%     0.0%
May 12 16:34:52     21.9    64214330      298    95.5%    296.7     0.3%     2.6%     0.0%     0.0%     1.8%     0.0%
May 12 16:36:00     21.9    64635480      298    95.5%    296.7     0.3%     2.6%     0.0%     0.0%     1.8%     0.0%
May 12 16:37:05     21.9    65056637      298    95.5%    296.7     0.3%     2.6%     0.0%     0.0%     1.8%     0.0%
May 12 16:38:12     21.9    65477767      298    95.5%    296.7     0.3%     2.6%     0.0%     0.0%     1.8%     0.0%
May 12 16:39:19     21.9    65898931      298    95.5%    296.7     0.3%     2.6%     0.0%     0.0%     1.8%     0.0%
May 12 16:40:26     21.9    66320097      298    95.5%    296.7     0.3%     2.6%     0.0%     0.0%     1.8%     0.0%
May 12 16:41:32     21.9    66741323      298    95.5%    296.7     0.3%     2.6%     0.0%     0.0%     1.8%     0.0%
May 12 16:42:36     21.9    67162533      298    95.5%    296.7     0.3%     2.6%     0.0%     0.0%     1.8%     0.0%
May 12 16:43:43     21.9    67583715      298    95.5%    296.7     0.3%     2.6%     0.0%     0.0%     1.8%     0.0%
May 12 16:44:50     21.9    68004877      298    95.5%    296.7     0.3%     2.6%     0.0%     0.0%     1.8%     0.0%
May 12 16:45:57     21.9    68426054      298    95.5%    296.7     0.3%     2.6%     0.0%     0.0%     1.8%     0.0%
May 12 16:47:06     21.9    68847258      298    95.5%    296.7     0.3%     2.6%     0.0%     0.0%     1.9%     0.0%
May 12 16:48:12     21.9    69268444      298    95.5%    296.7     0.3%     2.6%     0.0%     0.0%     1.9%     0.0%
May 12 16:49:19     21.9    69689649      298    95.5%    296.7     0.3%     2.6%     0.0%     0.0%     1.9%     0.0%
May 12 16:50:26     21.9    70110829      298    95.5%    296.7     0.3%     2.6%     0.0%     0.0%     1.9%     0.0%
May 12 16:51:31     22.0    70532029      298    95.5%    296.7     0.3%     2.6%     0.0%     0.0%     1.9%     0.0%
May 12 16:52:37     22.0    70953254      298    95.5%    296.7     0.3%     2.6%     0.0%     0.0%     1.9%     0.0%
May 12 16:53:43     22.0    71374445      298    95.5%    296.7     0.3%     2.6%     0.0%     0.0%     1.9%     0.0%
May 12 17:17:06     19.7    71632489      298    95.5%    296.7     0.3%     2.6%     0.0%     0.0%     1.9%     0.0%
ALL DONE!
