                                 Started job on |	May 12 13:17:01
                             Started mapping on |	May 12 13:38:45
                                    Finished on |	May 12 17:17:06
       Mapping speed, Million of reads per hour |	19.68

                          Number of input reads |	71632489
                      Average input read length |	298
                                    UNIQUE READS:
                   Uniquely mapped reads number |	68393095
                        Uniquely mapped reads % |	95.48%
                          Average mapped length |	296.67
                       Number of splices: Total |	74053720
            Number of splices: Annotated (sjdb) |	73121689
                       Number of splices: GT/AG |	73380186
                       Number of splices: GC/AG |	496479
                       Number of splices: AT/AC |	59338
               Number of splices: Non-canonical |	117717
                      Mismatch rate per base, % |	0.33%
                         Deletion rate per base |	0.01%
                        Deletion average length |	1.81
                        Insertion rate per base |	0.01%
                       Insertion average length |	1.54
                             MULTI-MAPPING READS:
        Number of reads mapped to multiple loci |	1859253
             % of reads mapped to multiple loci |	2.60%
        Number of reads mapped to too many loci |	24718
             % of reads mapped to too many loci |	0.03%
                                  UNMAPPED READS:
       % of reads unmapped: too many mismatches |	0.00%
                 % of reads unmapped: too short |	1.86%
                     % of reads unmapped: other |	0.03%
                                  CHIMERIC READS:
                       Number of chimeric reads |	0
                            % of chimeric reads |	0.00%
