           Time    Speed        Read     Read   Mapped   Mapped   Mapped   Mapped Unmapped Unmapped Unmapped Unmapped
                    M/hr      number   length   unique   length   MMrate    multi   multi+       MM    short    other
May 12 12:59:08     17.2      338984      298    96.2%    297.1     0.2%     2.3%     0.0%     0.0%     1.4%     0.0%
May 12 13:00:22     16.8      677647      298    96.2%    297.1     0.2%     2.4%     0.0%     0.0%     1.4%     0.0%
May 12 13:01:42     16.3     1016260      298    96.2%    297.2     0.2%     2.4%     0.0%     0.0%     1.4%     0.0%
May 12 13:02:53     16.5     1353960      298    96.2%    297.2     0.2%     2.4%     0.0%     0.0%     1.4%     0.0%
May 12 13:04:03     16.6     1691668      298    96.2%    297.2     0.2%     2.3%     0.0%     0.0%     1.4%     0.0%
May 12 13:05:17     16.6     2029370      298    96.3%    297.2     0.2%     2.3%     0.0%     0.0%     1.4%     0.0%
May 12 13:06:27     16.7     2367068      298    96.3%    297.2     0.2%     2.3%     0.0%     0.0%     1.3%     0.0%
May 12 13:07:35     16.8     2704762      298    96.2%    297.2     0.2%     2.3%     0.0%     0.0%     1.4%     0.0%
May 12 13:08:48     16.8     3042488      298    96.3%    297.2     0.2%     2.3%     0.0%     0.0%     1.3%     0.0%
May 12 13:10:02     16.8     3380215      298    96.3%    297.2     0.2%     2.3%     0.0%     0.0%     1.3%     0.0%
May 12 13:11:08     16.9     3717887      298    96.3%    297.2     0.2%     2.3%     0.0%     0.0%     1.3%     0.0%
May 12 13:12:16     17.0     4055586      298    96.3%    297.2     0.2%     2.3%     0.0%     0.0%     1.3%     0.0%
May 12 13:13:19     17.2     4393344      298    96.3%    297.2     0.2%     2.3%     0.0%     0.0%     1.3%     0.0%
May 12 13:14:30     17.2     4731052      298    96.3%    297.2     0.2%     2.3%     0.0%     0.0%     1.3%     0.0%
May 12 13:15:33     17.3     5068774      298    96.3%    297.2     0.2%     2.3%     0.0%     0.0%     1.3%     0.0%
May 12 13:16:33     17.4     5406460      298    96.3%    297.2     0.2%     2.3%     0.0%     0.0%     1.3%     0.0%
May 12 13:17:40     17.5     5744190      298    96.3%    297.2     0.2%     2.3%     0.0%     0.0%     1.3%     0.0%
May 12 13:18:42     17.6     6081912      298    96.3%    297.2     0.2%     2.3%     0.0%     0.0%     1.3%     0.0%
May 12 13:19:42     17.7     6419609      298    96.3%    297.2     0.2%     2.3%     0.0%     0.0%     1.3%     0.0%
May 12 13:20:50     17.7     6757307      298    96.3%    297.2     0.2%     2.3%     0.0%     0.0%     1.3%     0.0%
May 12 13:22:02     17.9     7179405      298    96.3%    297.2     0.2%     2.3%     0.0%     0.0%     1.3%     0.0%
May 12 13:23:04     18.2     7601504      298    96.3%    297.2     0.2%     2.3%     0.0%     0.0%     1.3%     0.0%
May 12 13:24:11     18.4     8023623      298    96.3%    297.2     0.2%     2.3%     0.0%     0.0%     1.3%     0.0%
May 12 13:25:16     18.6     8445889      298    96.3%    297.2     0.2%     2.3%     0.0%     0.0%     1.3%     0.0%
May 12 13:26:23     18.7     8868156      298    96.2%    297.2     0.2%     2.3%     0.0%     0.0%     1.3%     0.0%
May 12 13:27:29     18.9     9290421      298    96.2%    297.2     0.2%     2.4%     0.0%     0.0%     1.3%     0.0%
May 12 13:28:34     19.0     9712677      298    96.2%    297.2     0.2%     2.4%     0.0%     0.0%     1.4%     0.0%
May 12 13:29:44     19.1    10134561      298    96.2%    297.2     0.2%     2.4%     0.0%     0.0%     1.4%     0.0%
May 12 13:30:53     19.2    10555647      298    96.2%    297.2     0.2%     2.4%     0.0%     0.0%     1.4%     0.0%
May 12 13:31:54     19.3    10892517      298    96.2%    297.2     0.2%     2.4%     0.0%     0.0%     1.4%     0.0%
May 12 13:33:02     19.3    11313654      298    96.2%    297.2     0.3%     2.4%     0.0%     0.0%     1.4%     0.0%
May 12 13:34:09     19.4    11734763      298    96.2%    297.2     0.3%     2.4%     0.0%     0.0%     1.4%     0.0%
May 12 13:35:20     19.5    12155881      298    96.2%    297.1     0.3%     2.4%     0.0%     0.0%     1.4%     0.0%
May 12 13:36:25     19.6    12577006      298    96.2%    297.1     0.3%     2.4%     0.0%     0.0%     1.4%     0.0%
May 12 13:37:32     19.7    12998130      298    96.2%    297.1     0.3%     2.4%     0.0%     0.0%     1.4%     0.0%
May 12 13:38:36     19.7    13335008      298    96.2%    297.1     0.3%     2.4%     0.0%     0.0%     1.4%     0.0%
May 12 13:39:44     19.8    13756089      298    96.2%    297.1     0.3%     2.4%     0.0%     0.0%     1.4%     0.0%
May 12 13:40:57     19.8    14177206      298    96.2%    297.1     0.3%     2.4%     0.0%     0.0%     1.4%     0.0%
May 12 13:41:57     19.8    14514087      298    96.2%    297.1     0.3%     2.4%     0.0%     0.0%     1.4%     0.0%
May 12 13:42:57     19.8    14850954      298    96.2%    297.1     0.3%     2.4%     0.0%     0.0%     1.4%     0.0%
May 12 13:44:04     19.9    15272052      298    96.2%    297.1     0.3%     2.4%     0.0%     0.0%     1.4%     0.0%
May 12 13:45:04     19.9    15608928      298    96.2%    297.1     0.3%     2.4%     0.0%     0.0%     1.4%     0.0%
May 12 13:46:05     19.9    15945825      298    96.2%    297.1     0.3%     2.4%     0.0%     0.0%     1.4%     0.0%
May 12 13:47:06     19.9    16282737      298    96.2%    297.1     0.3%     2.4%     0.0%     0.0%     1.4%     0.0%
May 12 13:48:16     19.9    16703815      298    96.2%    297.1     0.3%     2.4%     0.0%     0.0%     1.4%     0.0%
May 12 13:49:30     19.9    17124889      298    96.2%    297.1     0.3%     2.4%     0.0%     0.0%     1.4%     0.0%
May 12 13:50:45     19.9    17545983      298    96.2%    297.1     0.3%     2.4%     0.0%     0.0%     1.4%     0.0%
May 12 13:51:57     20.0    17967065      298    96.2%    297.1     0.3%     2.4%     0.0%     0.0%     1.4%     0.0%
May 12 13:53:08     20.0    18388137      298    96.1%    297.1     0.3%     2.4%     0.0%     0.0%     1.4%     0.0%
May 12 13:54:16     20.0    18809216      298    96.1%    297.0     0.3%     2.4%     0.0%     0.0%     1.4%     0.0%
May 12 13:55:28     20.1    19230308      298    96.1%    297.0     0.3%     2.4%     0.0%     0.0%     1.4%     0.0%
May 12 13:56:32     20.0    19567206      298    96.1%    297.0     0.3%     2.4%     0.0%     0.0%     1.4%     0.0%
May 12 13:57:42     20.1    19988268      298    96.1%    297.0     0.3%     2.4%     0.0%     0.0%     1.5%     0.0%
May 12 13:58:51     20.1    20409383      298    96.1%    297.0     0.3%     2.4%     0.0%     0.0%     1.5%     0.0%
May 12 13:59:58     20.2    20830448      298    96.1%    297.0     0.3%     2.4%     0.0%     0.0%     1.5%     0.0%
May 12 14:01:07     20.2    21251553      298    96.1%    297.0     0.3%     2.4%     0.0%     0.0%     1.5%     0.0%
May 12 14:02:18     20.2    21672677      298    96.1%    297.0     0.3%     2.4%     0.0%     0.0%     1.5%     0.0%
May 12 14:03:23     20.3    22093820      298    96.1%    297.0     0.3%     2.4%     0.0%     0.0%     1.5%     0.0%
May 12 14:04:36     20.3    22514918      298    96.1%    297.0     0.3%     2.4%     0.0%     0.0%     1.5%     0.0%
May 12 14:05:47     20.3    22936021      298    96.1%    297.0     0.3%     2.4%     0.0%     0.0%     1.5%     0.0%
May 12 14:06:53     20.3    23357133      298    96.1%    297.0     0.3%     2.4%     0.0%     0.0%     1.5%     0.0%
May 12 14:08:00     20.4    23778258      298    96.1%    297.0     0.3%     2.4%     0.0%     0.0%     1.5%     0.0%
May 12 14:09:08     20.4    24199397      298    96.1%    296.9     0.3%     2.4%     0.0%     0.0%     1.5%     0.0%
May 12 14:10:14     20.4    24620508      298    96.1%    296.9     0.3%     2.4%     0.0%     0.0%     1.5%     0.0%
May 12 14:11:18     20.5    25041610      298    96.1%    296.9     0.3%     2.4%     0.0%     0.0%     1.5%     0.0%
May 12 14:12:26     20.5    25462729      298    96.1%    296.9     0.3%     2.4%     0.0%     0.0%     1.5%     0.0%
May 12 14:13:31     20.6    25883826      298    96.1%    296.9     0.3%     2.4%     0.0%     0.0%     1.5%     0.0%
May 12 14:14:34     20.6    26304883      298    96.1%    296.9     0.3%     2.4%     0.0%     0.0%     1.5%     0.0%
May 12 14:15:39     20.6    26726005      298    96.1%    296.9     0.3%     2.4%     0.0%     0.0%     1.5%     0.0%
May 12 14:16:42     20.7    27147126      298    96.1%    296.9     0.3%     2.4%     0.0%     0.0%     1.5%     0.0%
May 12 14:17:44     20.7    27568210      298    96.1%    296.9     0.3%     2.4%     0.0%     0.0%     1.5%     0.0%
May 12 14:18:46     20.8    27989316      298    96.1%    296.9     0.3%     2.4%     0.0%     0.0%     1.5%     0.0%
May 12 14:19:49     20.8    28410421      298    96.1%    296.9     0.3%     2.4%     0.0%     0.0%     1.5%     0.0%
May 12 14:20:53     20.9    28831505      298    96.1%    296.9     0.3%     2.4%     0.0%     0.0%     1.5%     0.0%
May 12 14:21:57     20.9    29252587      298    96.1%    296.9     0.3%     2.4%     0.0%     0.0%     1.5%     0.0%
May 12 14:23:03     20.9    29673692      298    96.1%    296.9     0.3%     2.4%     0.0%     0.0%     1.5%     0.0%
May 12 14:24:10     20.9    30094757      298    96.1%    296.9     0.3%     2.4%     0.0%     0.0%     1.5%     0.0%
May 12 14:25:15     21.0    30515793      298    96.1%    296.9     0.3%     2.4%     0.0%     0.0%     1.5%     0.0%
May 12 14:26:17     21.0    30936919      298    96.1%    296.9     0.3%     2.4%     0.0%     0.0%     1.5%     0.0%
May 12 14:27:23     21.0    31358006      298    96.1%    296.9     0.3%     2.4%     0.0%     0.0%     1.5%     0.0%
May 12 14:28:30     21.1    31779161      298    96.0%    296.9     0.3%     2.4%     0.0%     0.0%     1.5%     0.0%
May 12 14:29:38     21.1    32200303      298    96.0%    296.9     0.3%     2.4%     0.0%     0.0%     1.5%     0.0%
May 12 14:30:44     21.1    32621482      298    96.0%    296.9     0.3%     2.4%     0.0%     0.0%     1.5%     0.0%
May 12 14:31:50     21.1    33042634      298    96.0%    296.9     0.3%     2.4%     0.0%     0.0%     1.5%     0.0%
May 12 14:32:54     21.1    33463781      298    96.0%    296.9     0.3%     2.4%     0.0%     0.0%     1.5%     0.0%
May 12 14:34:00     21.2    33884928      298    96.0%    296.9     0.3%     2.4%     0.0%     0.0%     1.5%     0.0%
May 12 14:35:03     21.1    34221844      298    96.0%    296.9     0.3%     2.4%     0.0%     0.0%     1.6%     0.0%
May 12 14:36:12     21.2    34642994      298    96.0%    296.9     0.3%     2.4%     0.0%     0.0%     1.6%     0.0%
May 12 14:37:22     21.2    35064163      298    96.0%    296.8     0.3%     2.4%     0.0%     0.0%     1.6%     0.0%
May 12 14:38:30     21.2    35485318      298    96.0%    296.8     0.3%     2.4%     0.0%     0.0%     1.6%     0.0%
May 12 14:39:36     21.2    35906481      298    96.0%    296.8     0.3%     2.4%     0.0%     0.0%     1.6%     0.0%
May 12 14:40:39     21.2    36327576      298    96.0%    296.8     0.3%     2.4%     0.0%     0.0%     1.6%     0.0%
May 12 14:41:45     21.2    36748685      298    96.0%    296.8     0.3%     2.4%     0.0%     0.0%     1.6%     0.0%
May 12 14:42:49     21.3    37169845      298    96.0%    296.8     0.3%     2.4%     0.0%     0.0%     1.6%     0.0%
May 12 14:43:54     21.3    37590995      298    96.0%    296.8     0.3%     2.4%     0.0%     0.0%     1.6%     0.0%
May 12 14:44:59     21.3    38012129      298    96.0%    296.8     0.3%     2.4%     0.0%     0.0%     1.6%     0.0%
May 12 14:46:04     21.3    38433244      298    96.0%    296.8     0.3%     2.4%     0.0%     0.0%     1.6%     0.0%
May 12 14:47:09     21.3    38854356      298    96.0%    296.8     0.3%     2.4%     0.0%     0.0%     1.6%     0.0%
May 12 14:48:15     21.4    39275475      298    96.0%    296.8     0.3%     2.4%     0.0%     0.0%     1.6%     0.0%
May 12 14:49:24     21.4    39696622      298    96.0%    296.8     0.3%     2.4%     0.0%     0.0%     1.6%     0.0%
May 12 14:50:29     21.4    40117752      298    96.0%    296.8     0.3%     2.4%     0.0%     0.0%     1.6%     0.0%
May 12 14:51:34     21.4    40538890      298    96.0%    296.8     0.3%     2.4%     0.0%     0.0%     1.6%     0.0%
May 12 14:52:37     21.4    40960006      298    96.0%    296.8     0.3%     2.4%     0.0%     0.0%     1.6%     0.0%
May 12 14:53:42     21.5    41381121      298    96.0%    296.8     0.3%     2.4%     0.0%     0.0%     1.6%     0.0%
May 12 14:54:47     21.5    41802219      298    96.0%    296.8     0.3%     2.4%     0.0%     0.0%     1.6%     0.0%
May 12 14:55:52     21.5    42223347      298    96.0%    296.8     0.3%     2.4%     0.0%     0.0%     1.6%     0.0%
May 12 14:56:58     21.5    42644492      298    96.0%    296.8     0.3%     2.4%     0.0%     0.0%     1.6%     0.0%
May 12 14:58:11     21.5    43065640      298    96.0%    296.8     0.3%     2.4%     0.0%     0.0%     1.6%     0.0%
May 12 14:59:23     21.5    43486756      298    96.0%    296.8     0.3%     2.4%     0.0%     0.0%     1.6%     0.0%
May 12 15:00:28     21.5    43907854      298    96.0%    296.8     0.3%     2.4%     0.0%     0.0%     1.6%     0.0%
May 12 15:01:37     21.5    44329015      298    96.0%    296.8     0.3%     2.4%     0.0%     0.0%     1.6%     0.0%
May 12 15:02:44     21.5    44750175      298    96.0%    296.8     0.3%     2.4%     0.0%     0.0%     1.6%     0.0%
May 12 15:03:50     21.5    45171334      298    96.0%    296.8     0.3%     2.4%     0.0%     0.0%     1.6%     0.0%
May 12 15:04:57     21.5    45592496      298    96.0%    296.8     0.3%     2.4%     0.0%     0.0%     1.6%     0.0%
May 12 15:06:02     21.6    46013620      298    96.0%    296.8     0.3%     2.4%     0.0%     0.0%     1.6%     0.0%
May 12 15:07:10     21.6    46434777      298    96.0%    296.8     0.3%     2.4%     0.0%     0.0%     1.6%     0.0%
May 12 15:30:03     18.4    46576462      298    96.0%    296.8     0.3%     2.4%     0.0%     0.0%     1.6%     0.0%
ALL DONE!
