                                 Started job on |	May 12 12:08:26
                             Started mapping on |	May 12 12:57:57
                                    Finished on |	May 12 15:30:03
       Mapping speed, Million of reads per hour |	18.37

                          Number of input reads |	46576462
                      Average input read length |	298
                                    UNIQUE READS:
                   Uniquely mapped reads number |	44695047
                        Uniquely mapped reads % |	95.96%
                          Average mapped length |	296.79
                       Number of splices: Total |	48274264
            Number of splices: Annotated (sjdb) |	47718413
                       Number of splices: GT/AG |	47831014
                       Number of splices: GC/AG |	325487
                       Number of splices: AT/AC |	40443
               Number of splices: Non-canonical |	77320
                      Mismatch rate per base, % |	0.32%
                         Deletion rate per base |	0.01%
                        Deletion average length |	1.76
                        Insertion rate per base |	0.01%
                       Insertion average length |	1.57
                             MULTI-MAPPING READS:
        Number of reads mapped to multiple loci |	1102768
             % of reads mapped to multiple loci |	2.37%
        Number of reads mapped to too many loci |	15143
             % of reads mapped to too many loci |	0.03%
                                  UNMAPPED READS:
       % of reads unmapped: too many mismatches |	0.00%
                 % of reads unmapped: too short |	1.61%
                     % of reads unmapped: other |	0.03%
                                  CHIMERIC READS:
                       Number of chimeric reads |	0
                            % of chimeric reads |	0.00%
