                                 Started job on |	May 12 13:18:37
                             Started mapping on |	May 12 13:38:46
                                    Finished on |	May 12 16:52:23
       Mapping speed, Million of reads per hour |	21.42

                          Number of input reads |	69119582
                      Average input read length |	295
                                    UNIQUE READS:
                   Uniquely mapped reads number |	66439539
                        Uniquely mapped reads % |	96.12%
                          Average mapped length |	293.84
                       Number of splices: Total |	68653411
            Number of splices: Annotated (sjdb) |	67905932
                       Number of splices: GT/AG |	68040774
                       Number of splices: GC/AG |	462144
                       Number of splices: AT/AC |	52710
               Number of splices: Non-canonical |	97783
                      Mismatch rate per base, % |	0.31%
                         Deletion rate per base |	0.01%
                        Deletion average length |	1.81
                        Insertion rate per base |	0.01%
                       Insertion average length |	1.60
                             MULTI-MAPPING READS:
        Number of reads mapped to multiple loci |	1558070
             % of reads mapped to multiple loci |	2.25%
        Number of reads mapped to too many loci |	20903
             % of reads mapped to too many loci |	0.03%
                                  UNMAPPED READS:
       % of reads unmapped: too many mismatches |	0.00%
                 % of reads unmapped: too short |	1.56%
                     % of reads unmapped: other |	0.03%
                                  CHIMERIC READS:
                       Number of chimeric reads |	0
                            % of chimeric reads |	0.00%
