           Time    Speed        Read     Read   Mapped   Mapped   Mapped   Mapped Unmapped Unmapped Unmapped Unmapped
                    M/hr      number   length   unique   length   MMrate    multi   multi+       MM    short    other
May 12 13:40:00     16.5      339980      297    96.5%    296.1     0.3%     2.2%     0.0%     0.0%     1.3%     0.0%
May 12 13:41:04     15.5      594750      297    96.5%    296.1     0.2%     2.2%     0.0%     0.0%     1.3%     0.0%
May 12 13:42:09     15.1      849505      297    96.5%    296.1     0.2%     2.2%     0.0%     0.0%     1.3%     0.0%
May 12 13:43:25     15.3     1188669      297    96.5%    296.1     0.2%     2.2%     0.0%     0.0%     1.3%     0.0%
May 12 13:44:43     15.4     1527441      297    96.5%    296.1     0.2%     2.2%     0.0%     0.0%     1.3%     0.0%
May 12 13:45:47     15.2     1781508      297    96.5%    296.1     0.2%     2.2%     0.0%     0.0%     1.3%     0.0%
May 12 13:46:58     15.5     2120237      297    96.5%    296.1     0.2%     2.1%     0.0%     0.0%     1.3%     0.0%
May 12 13:48:15     15.6     2458944      297    96.5%    296.1     0.2%     2.2%     0.0%     0.0%     1.3%     0.0%
May 12 13:49:32     15.6     2797682      297    96.5%    296.1     0.2%     2.2%     0.0%     0.0%     1.3%     0.0%
May 12 13:50:33     16.0     3136449      297    96.5%    296.1     0.2%     2.2%     0.0%     0.0%     1.3%     0.0%
May 12 13:51:35     16.3     3475191      297    96.5%    296.1     0.2%     2.2%     0.0%     0.0%     1.3%     0.0%
May 12 13:52:40     16.5     3813906      297    96.5%    296.1     0.2%     2.1%     0.0%     0.0%     1.3%     0.0%
May 12 13:53:47     16.6     4152600      297    96.5%    296.2     0.2%     2.1%     0.0%     0.0%     1.3%     0.0%
May 12 13:54:48     16.8     4491287      297    96.5%    296.2     0.2%     2.1%     0.0%     0.0%     1.3%     0.0%
May 12 13:55:48     17.0     4829993      297    96.5%    296.2     0.2%     2.1%     0.0%     0.0%     1.3%     0.0%
May 12 13:56:53     17.1     5168679      297    96.5%    296.2     0.2%     2.1%     0.0%     0.0%     1.3%     0.0%
May 12 13:58:02     17.2     5507360      297    96.5%    296.2     0.2%     2.1%     0.0%     0.0%     1.3%     0.0%
May 12 13:59:09     17.5     5930775      297    96.5%    296.2     0.2%     2.2%     0.0%     0.0%     1.3%     0.0%
May 12 14:00:21     17.7     6354226      297    96.5%    296.2     0.2%     2.1%     0.0%     0.0%     1.3%     0.0%
May 12 14:01:27     17.9     6777636      297    96.5%    296.2     0.2%     2.1%     0.0%     0.0%     1.3%     0.0%
May 12 14:02:35     18.1     7201044      297    96.5%    296.2     0.2%     2.1%     0.0%     0.0%     1.3%     0.0%
May 12 14:03:43     18.3     7624413      297    96.5%    296.2     0.2%     2.1%     0.0%     0.0%     1.3%     0.0%
May 12 14:04:43     18.6     8047801      297    96.5%    296.2     0.2%     2.1%     0.0%     0.0%     1.3%     0.0%
May 12 14:05:44     18.8     8471213      297    96.5%    296.2     0.2%     2.1%     0.0%     0.0%     1.3%     0.0%
May 12 14:06:50     19.0     8894642      297    96.5%    296.2     0.2%     2.1%     0.0%     0.0%     1.3%     0.0%
May 12 14:07:58     19.1     9318093      297    96.5%    296.2     0.2%     2.1%     0.0%     0.0%     1.3%     0.0%
May 12 14:09:02     19.3     9741538      297    96.5%    296.2     0.2%     2.1%     0.0%     0.0%     1.3%     0.0%
May 12 14:10:06     19.5    10164566      297    96.5%    296.2     0.2%     2.1%     0.0%     0.0%     1.3%     0.0%
May 12 14:11:06     19.6    10586820      297    96.5%    296.2     0.2%     2.1%     0.0%     0.0%     1.3%     0.0%
May 12 14:12:17     19.9    11093465      297    96.5%    296.2     0.2%     2.1%     0.0%     0.0%     1.3%     0.0%
May 12 14:13:23     20.0    11515696      297    96.5%    296.2     0.2%     2.1%     0.0%     0.0%     1.3%     0.0%
May 12 14:14:24     20.1    11937942      297    96.5%    296.2     0.2%     2.1%     0.0%     0.0%     1.3%     0.0%
May 12 14:15:24     20.2    12360192      297    96.5%    296.2     0.2%     2.1%     0.0%     0.0%     1.3%     0.0%
May 12 14:16:35     20.4    12866942      297    96.5%    296.2     0.2%     2.1%     0.0%     0.0%     1.3%     0.0%
May 12 14:17:37     20.5    13289194      297    96.5%    296.2     0.2%     2.1%     0.0%     0.0%     1.3%     0.0%
May 12 14:18:37     20.6    13711475      297    96.5%    296.2     0.2%     2.1%     0.0%     0.0%     1.3%     0.0%
May 12 14:19:41     20.7    14133754      297    96.5%    296.2     0.2%     2.1%     0.0%     0.0%     1.3%     0.0%
May 12 14:20:41     20.8    14555970      297    96.5%    296.2     0.2%     2.1%     0.0%     0.0%     1.3%     0.0%
May 12 14:21:41     20.9    14978189      297    96.5%    296.2     0.2%     2.1%     0.0%     0.0%     1.3%     0.0%
May 12 14:22:50     21.1    15484861      297    96.5%    296.2     0.2%     2.1%     0.0%     0.0%     1.3%     0.0%
May 12 14:23:59     21.2    15991517      297    96.5%    296.2     0.2%     2.1%     0.0%     0.0%     1.3%     0.0%
May 12 14:25:06     21.3    16413794      297    96.5%    296.2     0.2%     2.1%     0.0%     0.0%     1.3%     0.0%
May 12 14:26:10     21.3    16836025      297    96.5%    296.2     0.2%     2.1%     0.0%     0.0%     1.3%     0.0%
May 12 14:27:22     21.4    17342671      297    96.5%    296.2     0.2%     2.1%     0.0%     0.0%     1.3%     0.0%
May 12 14:28:24     21.5    17764871      297    96.5%    296.2     0.2%     2.1%     0.0%     0.0%     1.3%     0.0%
May 12 14:29:25     21.5    18187072      297    96.5%    296.2     0.2%     2.1%     0.0%     0.0%     1.3%     0.0%
May 12 14:30:35     21.6    18693720      297    96.5%    296.2     0.2%     2.1%     0.0%     0.0%     1.3%     0.0%
May 12 14:31:44     21.7    19200373      297    96.5%    296.2     0.2%     2.1%     0.0%     0.0%     1.3%     0.0%
May 12 14:32:52     21.9    19707068      297    96.5%    296.2     0.2%     2.1%     0.0%     0.0%     1.3%     0.0%
May 12 14:34:01     22.0    20213808      297    96.5%    296.2     0.2%     2.1%     0.0%     0.0%     1.3%     0.0%
May 12 14:35:01     22.0    20636174      297    96.5%    296.2     0.2%     2.1%     0.0%     0.0%     1.3%     0.0%
May 12 14:36:11     22.1    21143008      297    96.5%    296.2     0.2%     2.1%     0.0%     0.0%     1.3%     0.0%
May 12 14:37:11     22.1    21565404      297    96.5%    296.2     0.2%     2.1%     0.0%     0.0%     1.3%     0.0%
May 12 14:38:14     22.2    21987887      297    96.5%    296.2     0.2%     2.1%     0.0%     0.0%     1.3%     0.0%
May 12 14:39:15     22.2    22410304      297    96.5%    296.2     0.2%     2.1%     0.0%     0.0%     1.3%     0.0%
May 12 14:40:15     22.3    22832689      297    96.5%    296.2     0.2%     2.1%     0.0%     0.0%     1.3%     0.0%
May 12 14:41:15     22.3    23255147      297    96.5%    296.2     0.2%     2.1%     0.0%     0.0%     1.3%     0.0%
May 12 14:42:19     22.4    23677490      297    96.5%    296.2     0.2%     2.1%     0.0%     0.0%     1.3%     0.0%
May 12 14:43:20     22.4    24099803      297    96.5%    296.2     0.2%     2.1%     0.0%     0.0%     1.3%     0.0%
May 12 14:44:21     22.4    24522132      297    96.5%    296.2     0.2%     2.1%     0.0%     0.0%     1.3%     0.0%
May 12 14:45:21     22.5    24944527      297    96.5%    296.2     0.2%     2.1%     0.0%     0.0%     1.3%     0.0%
May 12 14:46:22     22.5    25366893      297    96.5%    296.1     0.2%     2.1%     0.0%     0.0%     1.3%     0.0%
May 12 14:47:32     22.6    25873727      297    96.5%    296.1     0.2%     2.1%     0.0%     0.0%     1.3%     0.0%
May 12 14:48:35     22.6    26296134      297    96.5%    296.1     0.3%     2.1%     0.0%     0.0%     1.3%     0.0%
May 12 14:49:36     22.6    26718512      297    96.5%    296.1     0.3%     2.1%     0.0%     0.0%     1.3%     0.0%
May 12 14:50:47     22.7    27225275      297    96.5%    296.1     0.3%     2.1%     0.0%     0.0%     1.3%     0.0%
May 12 14:51:58     22.7    27732096      297    96.5%    296.1     0.3%     2.2%     0.0%     0.0%     1.3%     0.0%
May 12 14:53:07     22.8    28239026      297    96.5%    296.1     0.3%     2.2%     0.0%     0.0%     1.3%     0.0%
May 12 14:54:17     22.8    28745989      297    96.5%    296.1     0.3%     2.2%     0.0%     0.0%     1.3%     0.0%
May 12 14:55:27     22.9    29252943      297    96.5%    296.1     0.3%     2.2%     0.0%     0.0%     1.3%     0.0%
May 12 14:56:30     22.9    29675389      297    96.5%    296.1     0.3%     2.2%     0.0%     0.0%     1.3%     0.0%
May 12 14:57:32     22.9    30097797      297    96.5%    296.1     0.3%     2.2%     0.0%     0.0%     1.3%     0.0%
May 12 14:58:33     23.0    30520125      297    96.5%    296.1     0.3%     2.2%     0.0%     0.0%     1.3%     0.0%
May 12 14:59:38     23.0    30942485      297    96.5%    296.1     0.3%     2.2%     0.0%     0.0%     1.3%     0.0%
May 12 15:00:48     23.0    31449381      297    96.5%    296.1     0.3%     2.2%     0.0%     0.0%     1.3%     0.0%
May 12 15:01:51     23.0    31871794      297    96.5%    296.1     0.3%     2.2%     0.0%     0.0%     1.3%     0.0%
May 12 15:02:52     23.0    32294196      297    96.5%    296.1     0.3%     2.2%     0.0%     0.0%     1.3%     0.0%
May 12 15:04:02     23.1    32801193      297    96.5%    296.1     0.3%     2.2%     0.0%     0.0%     1.3%     0.0%
May 12 15:05:04     23.1    33223555      297    96.5%    296.1     0.3%     2.1%     0.0%     0.0%     1.3%     0.0%
May 12 15:06:06     23.1    33645854      297    96.5%    296.1     0.3%     2.1%     0.0%     0.0%     1.3%     0.0%
May 12 15:07:17     23.1    34152650      297    96.5%    296.1     0.3%     2.1%     0.0%     0.0%     1.3%     0.0%
May 12 15:08:19     23.2    34574994      297    96.5%    296.1     0.3%     2.1%     0.0%     0.0%     1.3%     0.0%
May 12 15:09:29     23.2    35081837      297    96.5%    296.1     0.3%     2.1%     0.0%     0.0%     1.3%     0.0%
May 12 15:10:39     23.2    35588730      297    96.5%    296.1     0.3%     2.1%     0.0%     0.0%     1.3%     0.0%
May 12 15:11:43     23.2    36011174      297    96.5%    296.1     0.3%     2.1%     0.0%     0.0%     1.3%     0.0%
May 12 15:12:46     23.3    36433560      297    96.5%    296.1     0.3%     2.1%     0.0%     0.0%     1.3%     0.0%
May 12 15:13:51     23.3    36855892      297    96.4%    296.1     0.3%     2.2%     0.0%     0.0%     1.3%     0.0%
May 12 15:14:53     23.3    37278235      297    96.4%    296.1     0.3%     2.2%     0.0%     0.0%     1.3%     0.0%
May 12 15:15:54     23.3    37700613      297    96.4%    296.1     0.3%     2.2%     0.0%     0.0%     1.3%     0.0%
May 12 15:17:03     23.3    38207479      297    96.4%    296.1     0.3%     2.2%     0.0%     0.0%     1.3%     0.0%
May 12 15:18:11     23.4    38714346      297    96.4%    296.1     0.3%     2.2%     0.0%     0.0%     1.3%     0.0%
May 12 15:19:23     23.4    39221244      297    96.4%    296.1     0.3%     2.2%     0.0%     0.0%     1.3%     0.0%
May 12 15:20:34     23.4    39730138      297    96.4%    296.1     0.3%     2.2%     0.0%     0.0%     1.4%     0.0%
May 12 15:21:35     23.4    40158179      297    96.4%    296.0     0.3%     2.2%     0.0%     0.0%     1.4%     0.0%
May 12 15:22:38     23.4    40586602      297    96.4%    296.0     0.3%     2.2%     0.0%     0.0%     1.4%     0.0%
May 12 15:23:39     23.5    41014992      297    96.4%    295.9     0.3%     2.2%     0.0%     0.0%     1.4%     0.0%
May 12 15:24:41     23.5    41444122      297    96.4%    295.8     0.3%     2.2%     0.0%     0.0%     1.4%     0.0%
May 12 15:25:42     23.5    41874216      297    96.4%    295.8     0.3%     2.2%     0.0%     0.0%     1.4%     0.0%
May 12 15:26:42     23.5    42302857      296    96.4%    295.7     0.3%     2.2%     0.0%     0.0%     1.4%     0.0%
May 12 15:27:44     23.5    42730810      296    96.4%    295.7     0.3%     2.2%     0.0%     0.0%     1.4%     0.0%
May 12 15:28:48     23.5    43159244      296    96.4%    295.6     0.3%     2.2%     0.0%     0.0%     1.4%     0.0%
May 12 15:29:48     23.6    43587535      296    96.4%    295.6     0.3%     2.2%     0.0%     0.0%     1.4%     0.0%
May 12 15:30:48     23.6    44016777      296    96.4%    295.5     0.3%     2.2%     0.0%     0.0%     1.4%     0.0%
May 12 15:31:58     23.6    44533498      296    96.4%    295.4     0.3%     2.2%     0.0%     0.0%     1.4%     0.0%
May 12 15:33:00     23.6    44961162      296    96.4%    295.4     0.3%     2.2%     0.0%     0.0%     1.4%     0.0%
May 12 15:34:01     23.6    45388907      296    96.4%    295.3     0.3%     2.2%     0.0%     0.0%     1.4%     0.0%
May 12 15:35:03     23.6    45817206      296    96.4%    295.3     0.3%     2.2%     0.0%     0.0%     1.4%     0.0%
May 12 15:36:03     23.7    46245740      296    96.4%    295.3     0.3%     2.2%     0.0%     0.0%     1.4%     0.0%
May 12 15:37:05     23.7    46675364      296    96.3%    295.2     0.3%     2.2%     0.0%     0.0%     1.4%     0.0%
May 12 15:38:08     23.7    47106188      296    96.3%    295.1     0.3%     2.2%     0.0%     0.0%     1.4%     0.0%
May 12 15:39:11     23.7    47533311      296    96.3%    295.1     0.3%     2.2%     0.0%     0.0%     1.4%     0.0%
May 12 15:40:13     23.7    47961031      296    96.3%    295.1     0.3%     2.2%     0.0%     0.0%     1.4%     0.0%
May 12 15:41:14     23.7    48389278      296    96.3%    295.0     0.3%     2.2%     0.0%     0.0%     1.4%     0.0%
May 12 15:42:14     23.7    48817533      296    96.3%    295.0     0.3%     2.2%     0.0%     0.0%     1.4%     0.0%
May 12 15:43:19     23.7    49247312      296    96.3%    294.9     0.3%     2.2%     0.0%     0.0%     1.4%     0.0%
May 12 15:44:22     23.7    49678154      296    96.3%    294.9     0.3%     2.2%     0.0%     0.0%     1.4%     0.0%
May 12 15:45:27     23.7    50105218      296    96.3%    294.9     0.3%     2.2%     0.0%     0.0%     1.4%     0.0%
May 12 15:46:32     23.7    50532960      296    96.3%    294.8     0.3%     2.2%     0.0%     0.0%     1.4%     0.0%
May 12 15:47:35     23.7    50961084      296    96.3%    294.8     0.3%     2.2%     0.0%     0.0%     1.4%     0.0%
May 12 15:48:38     23.7    51389420      296    96.3%    294.8     0.3%     2.2%     0.0%     0.0%     1.4%     0.0%
May 12 15:49:41     23.7    51819120      296    96.3%    294.7     0.3%     2.2%     0.0%     0.0%     1.4%     0.0%
May 12 15:50:45     23.8    52249162      296    96.3%    294.7     0.3%     2.2%     0.0%     0.0%     1.4%     0.0%
May 12 15:51:49     23.8    52676100      295    96.3%    294.6     0.3%     2.2%     0.0%     0.0%     1.4%     0.0%
May 12 15:52:50     23.8    53103647      295    96.3%    294.6     0.3%     2.2%     0.0%     0.0%     1.4%     0.0%
May 12 15:53:51     23.8    53531331      295    96.3%    294.6     0.3%     2.2%     0.0%     0.0%     1.4%     0.0%
May 12 15:54:51     23.8    53959697      295    96.3%    294.5     0.3%     2.2%     0.0%     0.0%     1.4%     0.0%
May 12 15:55:53     23.8    54389859      295    96.3%    294.5     0.3%     2.2%     0.0%     0.0%     1.5%     0.0%
May 12 15:56:55     23.8    54819748      295    96.3%    294.5     0.3%     2.2%     0.0%     0.0%     1.5%     0.0%
May 12 15:58:01     23.8    55246416      295    96.3%    294.4     0.3%     2.2%     0.0%     0.0%     1.5%     0.0%
May 12 15:59:07     23.8    55673451      295    96.3%    294.4     0.3%     2.2%     0.0%     0.0%     1.5%     0.0%
May 12 16:00:12     23.8    56100323      295    96.3%    294.4     0.3%     2.2%     0.0%     0.0%     1.5%     0.0%
May 12 16:01:17     23.8    56527536      295    96.2%    294.4     0.3%     2.2%     0.0%     0.0%     1.5%     0.0%
May 12 16:02:20     23.8    56955022      295    96.2%    294.3     0.3%     2.2%     0.0%     0.0%     1.5%     0.0%
May 12 16:03:23     23.8    57381843      295    96.2%    294.3     0.3%     2.2%     0.0%     0.0%     1.5%     0.0%
May 12 16:04:28     23.8    57808671      295    96.2%    294.3     0.3%     2.2%     0.0%     0.0%     1.5%     0.0%
May 12 16:05:30     23.8    58235742      295    96.2%    294.3     0.3%     2.2%     0.0%     0.0%     1.5%     0.0%
May 12 16:06:32     23.8    58662786      295    96.2%    294.3     0.3%     2.2%     0.0%     0.0%     1.5%     0.0%
May 12 16:07:34     23.8    59089990      295    96.2%    294.2     0.3%     2.2%     0.0%     0.0%     1.5%     0.0%
May 12 16:08:36     23.8    59517267      295    96.2%    294.2     0.3%     2.2%     0.0%     0.0%     1.5%     0.0%
May 12 16:09:37     23.8    59943720      295    96.2%    294.2     0.3%     2.2%     0.0%     0.0%     1.5%     0.0%
May 12 16:10:39     23.8    60370725      295    96.2%    294.2     0.3%     2.2%     0.0%     0.0%     1.5%     0.0%
May 12 16:11:39     23.9    60797761      295    96.2%    294.2     0.3%     2.2%     0.0%     0.0%     1.5%     0.0%
May 12 16:12:39     23.9    61224830      295    96.2%    294.1     0.3%     2.2%     0.0%     0.0%     1.5%     0.0%
May 12 16:13:40     23.9    61652354      295    96.2%    294.1     0.3%     2.2%     0.0%     0.0%     1.5%     0.0%
May 12 16:14:42     23.9    62079335      295    96.2%    294.1     0.3%     2.2%     0.0%     0.0%     1.5%     0.0%
May 12 16:15:43     23.9    62505876      295    96.2%    294.1     0.3%     2.2%     0.0%     0.0%     1.5%     0.0%
May 12 16:16:44     23.9    62932822      295    96.2%    294.1     0.3%     2.2%     0.0%     0.0%     1.5%     0.0%
May 12 16:17:45     23.9    63359791      295    96.2%    294.1     0.3%     2.2%     0.0%     0.0%     1.5%     0.0%
May 12 16:18:56     23.9    63872495      295    96.2%    294.0     0.3%     2.2%     0.0%     0.0%     1.5%     0.0%
May 12 16:19:57     23.9    64300052      295    96.2%    294.0     0.3%     2.2%     0.0%     0.0%     1.5%     0.0%
May 12 16:20:57     23.9    64726522      295    96.2%    294.0     0.3%     2.2%     0.0%     0.0%     1.5%     0.0%
May 12 16:21:58     24.0    65153384      295    96.2%    294.0     0.3%     2.2%     0.0%     0.0%     1.5%     0.0%
May 12 16:22:58     24.0    65580279      295    96.2%    294.0     0.3%     2.2%     0.0%     0.0%     1.5%     0.0%
May 12 16:23:58     24.0    66007332      295    96.1%    293.9     0.3%     2.2%     0.0%     0.0%     1.5%     0.0%
May 12 16:24:58     24.0    66434633      295    96.1%    293.9     0.3%     2.2%     0.0%     0.0%     1.5%     0.0%
May 12 16:26:00     24.0    66861727      295    96.1%    293.9     0.3%     2.2%     0.0%     0.0%     1.6%     0.0%
May 12 16:27:03     24.0    67288062      295    96.1%    293.9     0.3%     2.3%     0.0%     0.0%     1.6%     0.0%
May 12 16:28:05     24.0    67714848      295    96.1%    293.9     0.3%     2.3%     0.0%     0.0%     1.6%     0.0%
May 12 16:29:07     24.0    68141321      295    96.1%    293.9     0.3%     2.3%     0.0%     0.0%     1.6%     0.0%
May 12 16:30:11     24.0    68568283      295    96.1%    293.9     0.3%     2.3%     0.0%     0.0%     1.6%     0.0%
May 12 16:31:12     24.0    68995673      295    96.1%    293.8     0.3%     2.3%     0.0%     0.0%     1.6%     0.0%
May 12 16:52:23     21.4    69119582      295    96.1%    293.8     0.3%     2.3%     0.0%     0.0%     1.6%     0.0%
ALL DONE!
