           Time    Speed        Read     Read   Mapped   Mapped   Mapped   Mapped Unmapped Unmapped Unmapped Unmapped
                    M/hr      number   length   unique   length   MMrate    multi   multi+       MM    short    other
May 12 13:43:27     15.4      338975      298    95.6%    297.1     0.3%     3.0%     0.0%     0.0%     1.3%     0.0%
May 12 13:44:28     15.2      592984      298    95.6%    297.1     0.3%     3.0%     0.0%     0.0%     1.4%     0.0%
May 12 13:45:47     15.3      931656      298    95.6%    297.1     0.3%     3.0%     0.0%     0.0%     1.3%     0.0%
May 12 13:47:07     15.3     1269612      298    95.6%    297.1     0.3%     3.0%     0.0%     0.0%     1.3%     0.0%
May 12 13:48:14     15.0     1522898      298    95.6%    297.1     0.3%     3.0%     0.0%     0.0%     1.3%     0.0%
May 12 13:49:35     15.0     1860655      298    95.6%    297.1     0.3%     3.0%     0.0%     0.0%     1.3%     0.0%
May 12 13:50:51     15.1     2198374      298    95.6%    297.1     0.3%     3.0%     0.0%     0.0%     1.4%     0.0%
May 12 13:51:59     15.4     2536121      298    95.6%    297.1     0.3%     3.0%     0.0%     0.0%     1.4%     0.0%
May 12 13:53:05     15.7     2873837      298    95.6%    297.1     0.3%     3.0%     0.0%     0.0%     1.4%     0.0%
May 12 13:54:14     15.9     3211565      298    95.6%    297.1     0.3%     3.0%     0.0%     0.0%     1.4%     0.0%
May 12 13:55:21     16.1     3549288      298    95.6%    297.1     0.3%     3.0%     0.0%     0.0%     1.4%     0.0%
May 12 13:56:23     16.4     3887013      298    95.6%    297.1     0.3%     3.0%     0.0%     0.0%     1.4%     0.0%
May 12 13:57:31     16.5     4224726      298    95.6%    297.1     0.3%     3.0%     0.0%     0.0%     1.4%     0.0%
May 12 13:58:42     16.8     4646920      298    95.6%    297.1     0.3%     3.0%     0.0%     0.0%     1.4%     0.0%
May 12 13:59:54     17.1     5069052      298    95.6%    297.1     0.3%     3.0%     0.0%     0.0%     1.4%     0.0%
May 12 14:01:03     17.4     5491209      298    95.6%    297.1     0.3%     3.0%     0.0%     0.0%     1.4%     0.0%
May 12 14:02:03     17.6     5828957      298    95.6%    297.1     0.3%     3.0%     0.0%     0.0%     1.4%     0.0%
May 12 14:03:09     17.6     6166683      298    95.6%    297.1     0.3%     3.0%     0.0%     0.0%     1.4%     0.0%
May 12 14:04:10     17.7     6504407      298    95.6%    297.1     0.3%     3.0%     0.0%     0.0%     1.4%     0.0%
May 12 14:05:24     17.9     6926551      298    95.6%    297.1     0.3%     3.0%     0.0%     0.0%     1.4%     0.0%
May 12 14:06:25     17.9     7264264      298    95.6%    297.1     0.3%     3.0%     0.0%     0.0%     1.4%     0.0%
May 12 14:07:33     18.1     7686460      298    95.6%    297.1     0.3%     3.0%     0.0%     0.0%     1.4%     0.0%
May 12 14:08:38     18.4     8108579      298    95.6%    297.1     0.3%     3.0%     0.0%     0.0%     1.4%     0.0%
May 12 14:09:45     18.5     8530756      298    95.6%    297.1     0.3%     3.0%     0.0%     0.0%     1.4%     0.0%
May 12 14:10:48     18.7     8952900      298    95.6%    297.1     0.3%     3.0%     0.0%     0.0%     1.4%     0.0%
May 12 14:11:52     18.9     9375069      298    95.6%    297.1     0.3%     3.0%     0.0%     0.0%     1.4%     0.0%
May 12 14:12:52     19.1     9797219      298    95.6%    297.1     0.3%     3.0%     0.0%     0.0%     1.4%     0.0%
May 12 14:14:03     19.4    10302981      298    95.6%    297.1     0.3%     3.0%     0.0%     0.0%     1.4%     0.0%
May 12 14:15:13     19.6    10808185      298    95.6%    297.1     0.3%     3.0%     0.0%     0.0%     1.4%     0.0%
May 12 14:16:13     19.8    11229200      298    95.6%    297.1     0.3%     3.0%     0.0%     0.0%     1.4%     0.0%
May 12 14:17:13     19.9    11650171      298    95.6%    297.1     0.3%     3.0%     0.0%     0.0%     1.4%     0.0%
May 12 14:18:14     20.1    12071202      298    95.6%    297.1     0.3%     3.0%     0.0%     0.0%     1.4%     0.0%
May 12 14:19:23     20.3    12576427      298    95.6%    297.1     0.3%     3.0%     0.0%     0.0%     1.4%     0.0%
May 12 14:20:31     20.3    12997443      298    95.6%    297.1     0.3%     3.0%     0.0%     0.0%     1.4%     0.0%
May 12 14:21:34     20.4    13418446      298    95.6%    297.1     0.3%     3.0%     0.0%     0.0%     1.4%     0.0%
May 12 14:22:46     20.6    13923649      298    95.6%    297.1     0.3%     3.0%     0.0%     0.0%     1.4%     0.0%
May 12 14:23:46     20.7    14344639      298    95.6%    297.1     0.3%     3.0%     0.0%     0.0%     1.4%     0.0%
May 12 14:24:47     20.8    14765617      298    95.6%    297.1     0.3%     3.0%     0.0%     0.0%     1.4%     0.0%
May 12 14:25:48     20.9    15186614      298    95.6%    297.1     0.3%     3.0%     0.0%     0.0%     1.4%     0.0%
May 12 14:26:54     20.9    15607595      298    95.6%    297.1     0.3%     3.0%     0.0%     0.0%     1.4%     0.0%
May 12 14:28:00     21.0    16028598      298    95.6%    297.1     0.3%     3.0%     0.0%     0.0%     1.4%     0.0%
May 12 14:29:03     21.0    16449586      298    95.6%    297.1     0.3%     3.0%     0.0%     0.0%     1.4%     0.0%
May 12 14:30:05     21.1    16870548      298    95.6%    297.1     0.3%     3.0%     0.0%     0.0%     1.4%     0.0%
May 12 14:31:05     21.2    17291572      298    95.6%    297.1     0.3%     3.0%     0.0%     0.0%     1.4%     0.0%
May 12 14:32:07     21.3    17712581      298    95.6%    297.1     0.3%     3.0%     0.0%     0.0%     1.4%     0.0%
May 12 14:33:07     21.3    18133620      298    95.6%    297.1     0.3%     3.0%     0.0%     0.0%     1.4%     0.0%
May 12 14:34:18     21.4    18638821      298    95.6%    297.1     0.3%     3.0%     0.0%     0.0%     1.4%     0.0%
May 12 14:35:19     21.5    19059840      298    95.6%    297.1     0.3%     3.0%     0.0%     0.0%     1.4%     0.0%
May 12 14:36:20     21.6    19480811      298    95.6%    297.1     0.3%     3.0%     0.0%     0.0%     1.4%     0.0%
May 12 14:37:21     21.6    19901830      298    95.6%    297.1     0.3%     3.0%     0.0%     0.0%     1.4%     0.0%
May 12 14:38:24     21.7    20322806      298    95.6%    297.1     0.3%     3.0%     0.0%     0.0%     1.4%     0.0%
May 12 14:39:24     21.7    20743838      298    95.6%    297.1     0.3%     3.0%     0.0%     0.0%     1.4%     0.0%
May 12 14:40:24     21.8    21164829      298    95.6%    297.1     0.3%     3.0%     0.0%     0.0%     1.4%     0.0%
May 12 14:41:27     21.8    21585834      298    95.6%    297.1     0.3%     3.0%     0.0%     0.0%     1.4%     0.0%
May 12 14:42:27     21.9    22006842      298    95.6%    297.1     0.3%     3.0%     0.0%     0.0%     1.4%     0.0%
May 12 14:43:27     21.9    22427794      298    95.6%    297.1     0.3%     3.0%     0.0%     0.0%     1.4%     0.0%
May 12 14:44:38     22.0    22932960      298    95.6%    297.1     0.3%     3.0%     0.0%     0.0%     1.4%     0.0%
May 12 14:45:41     22.0    23353897      298    95.6%    297.1     0.3%     3.0%     0.0%     0.0%     1.4%     0.0%
May 12 14:46:42     22.1    23774849      298    95.6%    297.1     0.3%     3.0%     0.0%     0.0%     1.4%     0.0%
May 12 14:47:43     22.1    24195846      298    95.6%    297.1     0.3%     3.0%     0.0%     0.0%     1.4%     0.0%
May 12 14:48:43     22.2    24616783      298    95.6%    297.1     0.3%     3.0%     0.0%     0.0%     1.4%     0.0%
May 12 14:49:44     22.2    25037764      298    95.6%    297.1     0.3%     3.0%     0.0%     0.0%     1.4%     0.0%
May 12 14:50:54     22.3    25542912      298    95.6%    297.1     0.3%     3.0%     0.0%     0.0%     1.4%     0.0%
May 12 14:51:56     22.3    25963854      298    95.6%    297.1     0.3%     3.0%     0.0%     0.0%     1.4%     0.0%
May 12 14:52:56     22.4    26384883      298    95.6%    297.1     0.3%     3.0%     0.0%     0.0%     1.4%     0.0%
May 12 14:53:59     22.4    26806064      298    95.6%    297.1     0.3%     3.0%     0.0%     0.0%     1.4%     0.0%
May 12 14:55:02     22.4    27227178      298    95.6%    297.1     0.3%     3.0%     0.0%     0.0%     1.4%     0.0%
May 12 14:56:03     22.4    27648347      298    95.6%    297.1     0.3%     3.0%     0.0%     0.0%     1.4%     0.0%
May 12 14:57:08     22.5    28069479      298    95.6%    297.1     0.3%     3.0%     0.0%     0.0%     1.4%     0.0%
May 12 14:58:09     22.5    28490639      298    95.6%    297.1     0.3%     3.0%     0.0%     0.0%     1.4%     0.0%
May 12 14:59:13     22.5    28911772      298    95.6%    297.1     0.3%     3.0%     0.0%     0.0%     1.4%     0.0%
May 12 15:00:16     22.5    29332919      298    95.6%    297.1     0.3%     3.0%     0.0%     0.0%     1.4%     0.0%
May 12 15:01:19     22.5    29754026      298    95.6%    297.1     0.3%     3.0%     0.0%     0.0%     1.4%     0.0%
May 12 15:02:21     22.6    30175202      298    95.6%    297.1     0.3%     3.0%     0.0%     0.0%     1.4%     0.0%
May 12 15:03:27     22.6    30596380      298    95.6%    297.1     0.3%     3.0%     0.0%     0.0%     1.4%     0.0%
May 12 15:04:34     22.6    31017496      298    95.6%    297.1     0.3%     3.0%     0.0%     0.0%     1.4%     0.0%
May 12 15:05:40     22.6    31438602      298    95.6%    297.1     0.3%     3.0%     0.0%     0.0%     1.4%     0.0%
May 12 15:06:43     22.6    31859721      298    95.6%    297.1     0.3%     3.0%     0.0%     0.0%     1.4%     0.0%
May 12 15:07:47     22.6    32280891      298    95.6%    297.1     0.3%     3.0%     0.0%     0.0%     1.4%     0.0%
May 12 15:08:48     22.6    32702023      298    95.6%    297.1     0.3%     3.0%     0.0%     0.0%     1.4%     0.0%
May 12 15:09:51     22.7    33123148      298    95.6%    297.1     0.3%     3.0%     0.0%     0.0%     1.4%     0.0%
May 12 15:10:53     22.7    33544278      298    95.6%    297.1     0.3%     3.0%     0.0%     0.0%     1.4%     0.0%
May 12 15:11:55     22.7    33965375      298    95.5%    297.1     0.3%     3.0%     0.0%     0.0%     1.4%     0.0%
May 12 15:12:58     22.7    34386512      298    95.5%    297.1     0.3%     3.0%     0.0%     0.0%     1.4%     0.0%
May 12 15:14:01     22.7    34807689      298    95.5%    297.1     0.3%     3.0%     0.0%     0.0%     1.4%     0.0%
May 12 15:15:06     22.7    35228812      298    95.5%    297.1     0.3%     3.0%     0.0%     0.0%     1.4%     0.0%
May 12 15:16:08     22.8    35649932      298    95.5%    297.1     0.3%     3.0%     0.0%     0.0%     1.4%     0.0%
May 12 15:17:09     22.8    36071085      298    95.5%    297.1     0.3%     3.0%     0.0%     0.0%     1.4%     0.0%
May 12 15:18:09     22.8    36492293      298    95.5%    297.1     0.3%     3.0%     0.0%     0.0%     1.4%     0.0%
May 12 15:19:09     22.8    36913454      298    95.5%    297.1     0.3%     3.0%     0.0%     0.0%     1.4%     0.0%
May 12 15:20:14     22.8    37334591      298    95.5%    297.1     0.3%     3.0%     0.0%     0.0%     1.4%     0.0%
May 12 15:21:14     22.9    37755756      298    95.5%    297.1     0.3%     3.0%     0.0%     0.0%     1.4%     0.0%
May 12 15:22:14     22.9    38176895      298    95.5%    297.1     0.3%     3.0%     0.0%     0.0%     1.4%     0.0%
May 12 15:23:15     22.9    38598056      298    95.5%    297.1     0.3%     3.0%     0.0%     0.0%     1.4%     0.0%
May 12 15:24:19     22.9    39019236      298    95.5%    297.1     0.3%     3.0%     0.0%     0.0%     1.4%     0.0%
May 12 15:25:21     22.9    39440369      298    95.5%    297.1     0.3%     3.0%     0.0%     0.0%     1.4%     0.0%
May 12 15:26:22     22.9    39861509      298    95.5%    297.1     0.3%     3.0%     0.0%     0.0%     1.4%     0.0%
May 12 15:27:24     23.0    40282641      298    95.5%    297.1     0.3%     3.0%     0.0%     0.0%     1.4%     0.0%
May 12 15:28:25     23.0    40703800      298    95.5%    297.1     0.3%     3.0%     0.0%     0.0%     1.4%     0.0%
May 12 15:29:28     23.0    41124973      298    95.5%    297.1     0.3%     3.0%     0.0%     0.0%     1.4%     0.0%
May 12 15:30:30     23.0    41546125      298    95.5%    297.1     0.3%     3.0%     0.0%     0.0%     1.4%     0.0%
May 12 15:31:31     23.0    41967262      298    95.5%    297.1     0.3%     3.0%     0.0%     0.0%     1.4%     0.0%
May 12 15:32:31     23.0    42388424      298    95.5%    297.0     0.3%     3.0%     0.0%     0.0%     1.4%     0.0%
May 12 15:33:31     23.1    42809612      298    95.5%    297.0     0.3%     3.0%     0.0%     0.0%     1.4%     0.0%
May 12 15:34:32     23.1    43230782      298    95.5%    297.0     0.3%     3.0%     0.0%     0.0%     1.4%     0.0%
May 12 15:35:35     23.1    43651871      298    95.5%    297.0     0.3%     3.0%     0.0%     0.0%     1.4%     0.0%
May 12 15:36:35     23.1    44072969      298    95.5%    297.0     0.3%     3.0%     0.0%     0.0%     1.4%     0.0%
May 12 15:37:36     23.1    44494046      298    95.5%    297.0     0.3%     3.0%     0.0%     0.0%     1.4%     0.0%
May 12 15:38:38     23.1    44915170      298    95.5%    297.0     0.3%     3.0%     0.0%     0.0%     1.4%     0.0%
May 12 15:39:44     23.1    45336341      298    95.5%    297.0     0.3%     3.0%     0.0%     0.0%     1.4%     0.0%
May 12 15:40:46     23.1    45757474      298    95.5%    297.0     0.3%     3.0%     0.0%     0.0%     1.4%     0.0%
May 12 15:41:46     23.2    46178594      298    95.5%    297.0     0.3%     3.0%     0.0%     0.0%     1.4%     0.0%
May 12 15:42:48     23.2    46599763      298    95.5%    297.0     0.3%     3.0%     0.0%     0.0%     1.4%     0.0%
May 12 15:43:51     23.2    47020940      298    95.5%    297.0     0.3%     3.0%     0.0%     0.0%     1.4%     0.0%
May 12 15:44:56     23.2    47442110      298    95.5%    297.0     0.3%     3.0%     0.0%     0.0%     1.4%     0.0%
May 12 15:46:09     23.2    47863274      298    95.5%    297.0     0.3%     3.0%     0.0%     0.0%     1.4%     0.0%
May 12 15:47:16     23.2    48284387      298    95.5%    297.0     0.3%     3.0%     0.0%     0.0%     1.4%     0.0%
May 12 15:48:19     23.2    48705462      298    95.5%    297.0     0.3%     3.0%     0.0%     0.0%     1.4%     0.0%
May 12 15:49:19     23.2    49126611      298    95.5%    297.0     0.3%     3.0%     0.0%     0.0%     1.4%     0.0%
May 12 15:50:19     23.2    49547773      298    95.5%    297.0     0.3%     3.0%     0.0%     0.0%     1.4%     0.0%
May 12 15:51:24     23.2    49968890      298    95.5%    297.0     0.3%     3.0%     0.0%     0.0%     1.4%     0.0%
May 12 15:52:36     23.2    50474261      298    95.5%    297.0     0.3%     3.0%     0.0%     0.0%     1.4%     0.0%
May 12 15:53:37     23.2    50895418      298    95.5%    297.0     0.3%     3.0%     0.0%     0.0%     1.4%     0.0%
May 12 15:54:38     23.2    51316595      298    95.5%    297.0     0.3%     3.0%     0.0%     0.0%     1.4%     0.0%
May 12 15:55:38     23.3    51737752      298    95.5%    297.0     0.3%     3.0%     0.0%     0.0%     1.4%     0.0%
May 12 15:56:40     23.3    52158882      298    95.5%    297.0     0.3%     3.0%     0.0%     0.0%     1.4%     0.0%
May 12 15:57:42     23.3    52580055      298    95.5%    297.0     0.3%     3.0%     0.0%     0.0%     1.4%     0.0%
May 12 15:58:45     23.3    53001161      298    95.5%    297.0     0.3%     3.0%     0.0%     0.0%     1.4%     0.0%
May 12 15:59:48     23.3    53422270      298    95.5%    297.0     0.3%     3.0%     0.0%     0.0%     1.4%     0.0%
May 12 16:00:49     23.3    53843402      298    95.5%    297.0     0.3%     3.0%     0.0%     0.0%     1.4%     0.0%
May 12 16:01:52     23.3    54264523      298    95.5%    297.0     0.3%     3.0%     0.0%     0.0%     1.4%     0.0%
May 12 16:02:54     23.3    54685687      298    95.5%    297.0     0.3%     3.0%     0.0%     0.0%     1.4%     0.0%
May 12 16:03:54     23.3    55106812      298    95.5%    297.0     0.3%     3.0%     0.0%     0.0%     1.4%     0.0%
May 12 16:04:54     23.3    55527915      298    95.5%    297.0     0.3%     3.0%     0.0%     0.0%     1.4%     0.0%
May 12 16:05:54     23.3    55949021      298    95.5%    297.0     0.3%     3.0%     0.0%     0.0%     1.4%     0.0%
May 12 16:07:05     23.4    56454369      298    95.5%    297.0     0.3%     3.0%     0.0%     0.0%     1.4%     0.0%
May 12 16:08:16     23.4    56959745      298    95.5%    297.0     0.3%     3.0%     0.0%     0.0%     1.4%     0.0%
May 12 16:09:16     23.4    57380868      298    95.5%    297.0     0.3%     3.0%     0.0%     0.0%     1.4%     0.0%
May 12 16:10:27     23.4    57886244      298    95.5%    297.0     0.3%     3.0%     0.0%     0.0%     1.4%     0.0%
May 12 16:11:37     23.4    58391628      298    95.5%    297.0     0.3%     3.0%     0.0%     0.0%     1.5%     0.0%
May 12 16:12:48     23.5    58897037      298    95.5%    297.0     0.3%     3.0%     0.0%     0.0%     1.5%     0.0%
May 12 16:13:58     23.5    59402447      298    95.5%    297.0     0.3%     3.0%     0.0%     0.0%     1.5%     0.0%
May 12 16:15:09     23.5    59907823      298    95.5%    297.0     0.3%     3.0%     0.0%     0.0%     1.5%     0.0%
May 12 16:16:20     23.5    60413200      298    95.5%    297.0     0.3%     3.0%     0.0%     0.0%     1.5%     0.0%
May 12 16:17:31     23.5    60918562      298    95.5%    297.0     0.3%     3.0%     0.0%     0.0%     1.5%     0.0%
May 12 16:18:42     23.5    61423954      298    95.5%    297.0     0.3%     3.0%     0.0%     0.0%     1.5%     0.0%
May 12 16:19:52     23.6    61929339      298    95.5%    297.0     0.3%     3.0%     0.0%     0.0%     1.5%     0.0%
May 12 16:20:52     23.6    62350506      298    95.5%    297.0     0.3%     3.0%     0.0%     0.0%     1.5%     0.0%
May 12 16:22:02     23.6    62855880      298    95.5%    296.9     0.3%     3.0%     0.0%     0.0%     1.5%     0.0%
May 12 16:23:12     23.6    63361223      298    95.5%    296.9     0.3%     3.0%     0.0%     0.0%     1.5%     0.0%
May 12 16:24:12     23.6    63782349      298    95.5%    296.9     0.3%     3.0%     0.0%     0.0%     1.5%     0.0%
May 12 16:25:22     23.6    64287733      298    95.5%    296.9     0.3%     3.0%     0.0%     0.0%     1.5%     0.0%
May 12 16:26:22     23.6    64708885      298    95.5%    296.9     0.3%     3.0%     0.0%     0.0%     1.5%     0.0%
May 12 16:27:24     23.6    65130051      298    95.5%    296.9     0.3%     3.0%     0.0%     0.0%     1.5%     0.0%
May 12 16:28:37     23.7    65635364      298    95.5%    296.9     0.3%     3.0%     0.0%     0.0%     1.5%     0.0%
May 12 16:29:37     23.7    66056481      298    95.5%    296.9     0.3%     3.0%     0.0%     0.0%     1.5%     0.0%
May 12 16:30:38     23.7    66477622      298    95.5%    296.9     0.3%     3.0%     0.0%     0.0%     1.5%     0.0%
May 12 16:31:38     23.7    66898763      298    95.5%    296.9     0.3%     3.0%     0.0%     0.0%     1.5%     0.0%
May 12 16:32:40     23.7    67319966      298    95.5%    296.9     0.3%     3.0%     0.0%     0.0%     1.5%     0.0%
May 12 16:33:44     23.7    67741209      298    95.4%    296.9     0.3%     3.0%     0.0%     0.0%     1.5%     0.0%
May 12 16:34:47     23.7    68162428      298    95.4%    296.9     0.3%     3.0%     0.0%     0.0%     1.5%     0.0%
May 12 16:35:51     23.7    68583663      298    95.4%    296.9     0.3%     3.0%     0.0%     0.0%     1.5%     0.0%
May 12 16:36:53     23.7    69004856      298    95.4%    296.9     0.3%     3.0%     0.0%     0.0%     1.5%     0.0%
May 12 16:37:58     23.7    69426055      298    95.4%    296.9     0.3%     3.0%     0.0%     0.0%     1.5%     0.0%
May 12 16:39:02     23.7    69847281      298    95.4%    296.9     0.3%     3.0%     0.0%     0.0%     1.5%     0.0%
May 12 16:40:07     23.7    70268518      298    95.4%    296.9     0.3%     3.0%     0.0%     0.0%     1.5%     0.0%
May 12 16:41:10     23.7    70689709      298    95.4%    296.9     0.3%     3.0%     0.0%     0.0%     1.5%     0.0%
May 12 16:42:15     23.7    71110925      298    95.4%    296.9     0.3%     3.0%     0.0%     0.0%     1.5%     0.0%
May 12 16:43:20     23.7    71532135      298    95.4%    296.9     0.3%     3.0%     0.0%     0.0%     1.5%     0.0%
May 12 16:44:27     23.7    71953327      298    95.4%    296.9     0.3%     3.0%     0.0%     0.0%     1.5%     0.0%
May 12 16:45:30     23.7    72374526      298    95.4%    296.9     0.3%     3.0%     0.0%     0.0%     1.5%     0.0%
May 12 16:46:34     23.7    72795708      298    95.4%    296.9     0.3%     3.0%     0.0%     0.0%     1.5%     0.0%
May 12 16:47:35     23.7    73216892      298    95.4%    296.9     0.3%     3.0%     0.0%     0.0%     1.5%     0.0%
May 12 16:48:37     23.7    73638084      298    95.4%    296.9     0.3%     3.0%     0.0%     0.0%     1.5%     0.0%
May 12 16:49:39     23.7    74059261      298    95.4%    296.9     0.3%     3.0%     0.0%     0.0%     1.5%     0.0%
May 12 16:50:42     23.7    74480467      298    95.4%    296.9     0.3%     3.0%     0.0%     0.0%     1.5%     0.0%
May 12 16:51:45     23.7    74901670      298    95.4%    296.9     0.3%     3.0%     0.0%     0.0%     1.5%     0.0%
May 12 16:52:49     23.7    75322847      298    95.4%    296.9     0.3%     3.0%     0.0%     0.0%     1.5%     0.0%
May 12 16:53:52     23.7    75744037      298    95.4%    296.9     0.3%     3.0%     0.0%     0.0%     1.5%     0.0%
May 12 16:54:55     23.7    76165210      298    95.4%    296.9     0.3%     3.0%     0.0%     0.0%     1.5%     0.0%
May 12 16:55:58     23.7    76586364      298    95.4%    296.9     0.3%     3.0%     0.0%     0.0%     1.5%     0.0%
May 12 16:57:02     23.7    77007548      298    95.4%    296.9     0.3%     3.0%     0.0%     0.0%     1.5%     0.0%
May 12 16:58:04     23.7    77428717      298    95.4%    296.9     0.3%     3.0%     0.0%     0.0%     1.5%     0.0%
May 12 16:59:08     23.7    77849892      298    95.4%    296.8     0.3%     3.0%     0.0%     0.0%     1.5%     0.0%
May 12 17:00:10     23.7    78271066      298    95.4%    296.8     0.3%     3.0%     0.0%     0.0%     1.5%     0.0%
May 12 17:01:11     23.7    78692265      298    95.4%    296.8     0.3%     3.0%     0.0%     0.0%     1.5%     0.0%
May 12 17:02:15     23.7    79113436      298    95.4%    296.8     0.3%     3.0%     0.0%     0.0%     1.5%     0.0%
May 12 17:03:18     23.7    79534630      298    95.4%    296.8     0.3%     3.0%     0.0%     0.0%     1.5%     0.0%
May 12 17:04:21     23.7    79955805      298    95.4%    296.8     0.3%     3.0%     0.0%     0.0%     1.5%     0.0%
May 12 17:05:23     23.7    80376999      298    95.4%    296.8     0.3%     3.0%     0.0%     0.0%     1.5%     0.0%
May 12 17:06:23     23.7    80798195      298    95.4%    296.8     0.3%     3.0%     0.0%     0.0%     1.5%     0.0%
May 12 17:07:26     23.7    81219386      298    95.4%    296.8     0.3%     3.0%     0.0%     0.0%     1.5%     0.0%
May 12 17:08:32     23.7    81640563      298    95.4%    296.8     0.3%     3.0%     0.0%     0.0%     1.5%     0.0%
May 12 17:34:18     21.2    81898916      298    95.4%    296.8     0.3%     3.0%     0.0%     0.0%     1.6%     0.0%
ALL DONE!
