                                 Started job on |	May 12 13:30:21
                             Started mapping on |	May 12 13:42:08
                                    Finished on |	May 12 17:34:18
       Mapping speed, Million of reads per hour |	21.17

                          Number of input reads |	81898916
                      Average input read length |	298
                                    UNIQUE READS:
                   Uniquely mapped reads number |	78109194
                        Uniquely mapped reads % |	95.37%
                          Average mapped length |	296.83
                       Number of splices: Total |	85933345
            Number of splices: Annotated (sjdb) |	84959043
                       Number of splices: GT/AG |	85158865
                       Number of splices: GC/AG |	582828
                       Number of splices: AT/AC |	65855
               Number of splices: Non-canonical |	125797
                      Mismatch rate per base, % |	0.31%
                         Deletion rate per base |	0.01%
                        Deletion average length |	1.78
                        Insertion rate per base |	0.01%
                       Insertion average length |	1.58
                             MULTI-MAPPING READS:
        Number of reads mapped to multiple loci |	2480134
             % of reads mapped to multiple loci |	3.03%
        Number of reads mapped to too many loci |	19759
             % of reads mapped to too many loci |	0.02%
                                  UNMAPPED READS:
       % of reads unmapped: too many mismatches |	0.00%
                 % of reads unmapped: too short |	1.55%
                     % of reads unmapped: other |	0.02%
                                  CHIMERIC READS:
                       Number of chimeric reads |	0
                            % of chimeric reads |	0.00%
