                                 Started job on |	May 12 12:33:56
                             Started mapping on |	May 12 13:17:53
                                    Finished on |	May 12 16:06:28
       Mapping speed, Million of reads per hour |	19.42

                          Number of input reads |	54552215
                      Average input read length |	296
                                    UNIQUE READS:
                   Uniquely mapped reads number |	51602701
                        Uniquely mapped reads % |	94.59%
                          Average mapped length |	295.02
                       Number of splices: Total |	54270716
            Number of splices: Annotated (sjdb) |	53620539
                       Number of splices: GT/AG |	53804699
                       Number of splices: GC/AG |	345417
                       Number of splices: AT/AC |	41407
               Number of splices: Non-canonical |	79193
                      Mismatch rate per base, % |	0.35%
                         Deletion rate per base |	0.01%
                        Deletion average length |	1.90
                        Insertion rate per base |	0.01%
                       Insertion average length |	1.67
                             MULTI-MAPPING READS:
        Number of reads mapped to multiple loci |	1819069
             % of reads mapped to multiple loci |	3.33%
        Number of reads mapped to too many loci |	20701
             % of reads mapped to too many loci |	0.04%
                                  UNMAPPED READS:
       % of reads unmapped: too many mismatches |	0.00%
                 % of reads unmapped: too short |	2.00%
                     % of reads unmapped: other |	0.03%
                                  CHIMERIC READS:
                       Number of chimeric reads |	0
                            % of chimeric reads |	0.00%
