                                 Started job on |	May 12 17:11:41
                             Started mapping on |	May 12 17:12:05
                                    Finished on |	May 12 18:32:16
       Mapping speed, Million of reads per hour |	24.75

                          Number of input reads |	33076351
                      Average input read length |	297
                                    UNIQUE READS:
                   Uniquely mapped reads number |	31723274
                        Uniquely mapped reads % |	95.91%
                          Average mapped length |	296.19
                       Number of splices: Total |	32066528
            Number of splices: Annotated (sjdb) |	31692029
                       Number of splices: GT/AG |	31778347
                       Number of splices: GC/AG |	214072
                       Number of splices: AT/AC |	26945
               Number of splices: Non-canonical |	47164
                      Mismatch rate per base, % |	0.36%
                         Deletion rate per base |	0.01%
                        Deletion average length |	1.83
                        Insertion rate per base |	0.01%
                       Insertion average length |	1.54
                             MULTI-MAPPING READS:
        Number of reads mapped to multiple loci |	734445
             % of reads mapped to multiple loci |	2.22%
        Number of reads mapped to too many loci |	11170
             % of reads mapped to too many loci |	0.03%
                                  UNMAPPED READS:
       % of reads unmapped: too many mismatches |	0.00%
                 % of reads unmapped: too short |	1.81%
                     % of reads unmapped: other |	0.03%
                                  CHIMERIC READS:
                       Number of chimeric reads |	0
                            % of chimeric reads |	0.00%
