                                 Started job on |	May 12 17:07:59
                             Started mapping on |	May 12 17:10:52
                                    Finished on |	May 12 18:28:08
       Mapping speed, Million of reads per hour |	23.86

                          Number of input reads |	30721716
                      Average input read length |	298
                                    UNIQUE READS:
                   Uniquely mapped reads number |	29429966
                        Uniquely mapped reads % |	95.80%
                          Average mapped length |	296.47
                       Number of splices: Total |	29923777
            Number of splices: Annotated (sjdb) |	29538692
                       Number of splices: GT/AG |	29648068
                       Number of splices: GC/AG |	202796
                       Number of splices: AT/AC |	24681
               Number of splices: Non-canonical |	48232
                      Mismatch rate per base, % |	0.36%
                         Deletion rate per base |	0.01%
                        Deletion average length |	1.82
                        Insertion rate per base |	0.01%
                       Insertion average length |	1.56
                             MULTI-MAPPING READS:
        Number of reads mapped to multiple loci |	733862
             % of reads mapped to multiple loci |	2.39%
        Number of reads mapped to too many loci |	10823
             % of reads mapped to too many loci |	0.04%
                                  UNMAPPED READS:
       % of reads unmapped: too many mismatches |	0.00%
                 % of reads unmapped: too short |	1.75%
                     % of reads unmapped: other |	0.03%
                                  CHIMERIC READS:
                       Number of chimeric reads |	0
                            % of chimeric reads |	0.00%
