           Time    Speed        Read     Read   Mapped   Mapped   Mapped   Mapped Unmapped Unmapped Unmapped Unmapped
                    M/hr      number   length   unique   length   MMrate    multi   multi+       MM    short    other
May 12 12:59:10     16.8      339928      297    95.3%    295.3     0.4%     2.4%     0.0%     0.0%     2.2%     0.0%
May 12 13:00:11     16.0      594685      297    95.4%    295.3     0.4%     2.4%     0.0%     0.0%     2.2%     0.0%
May 12 13:01:20     15.1      849394      297    95.4%    295.4     0.4%     2.4%     0.0%     0.0%     2.1%     0.0%
May 12 13:02:20     15.1     1103839      297    95.5%    295.4     0.3%     2.4%     0.0%     0.0%     2.1%     0.0%
May 12 13:03:21     15.1     1357885      297    95.5%    295.5     0.3%     2.4%     0.0%     0.0%     2.1%     0.0%
May 12 13:04:22     15.1     1611952      297    95.5%    295.5     0.3%     2.4%     0.0%     0.0%     2.1%     0.0%
May 12 13:05:32     15.4     1950686      297    95.5%    295.5     0.3%     2.4%     0.0%     0.0%     2.0%     0.0%
May 12 13:06:45     15.6     2289396      297    95.5%    295.5     0.3%     2.4%     0.0%     0.0%     2.0%     0.0%
May 12 13:07:54     15.8     2628214      297    95.5%    295.5     0.3%     2.4%     0.0%     0.0%     2.0%     0.0%
May 12 13:09:07     15.9     2967031      297    95.6%    295.5     0.3%     2.4%     0.0%     0.0%     2.0%     0.0%
May 12 13:10:20     16.0     3305886      297    95.6%    295.5     0.3%     2.4%     0.0%     0.0%     2.0%     0.0%
May 12 13:11:31     16.1     3644776      297    95.6%    295.6     0.3%     2.4%     0.0%     0.0%     2.0%     0.0%
May 12 13:12:45     16.1     3983519      297    95.6%    295.5     0.3%     2.4%     0.0%     0.0%     2.0%     0.0%
May 12 13:13:51     16.3     4322221      297    95.6%    295.5     0.3%     2.4%     0.0%     0.0%     2.0%     0.0%
May 12 13:15:00     16.4     4660953      297    95.6%    295.5     0.3%     2.4%     0.0%     0.0%     2.0%     0.0%
May 12 13:16:08     16.5     4999647      297    95.6%    295.5     0.3%     2.4%     0.0%     0.0%     2.0%     0.0%
May 12 13:17:14     16.6     5338332      297    95.6%    295.6     0.3%     2.4%     0.0%     0.0%     2.0%     0.0%
May 12 13:18:26     16.6     5677053      297    95.6%    295.6     0.3%     2.4%     0.0%     0.0%     2.0%     0.0%
May 12 13:19:28     16.5     5931067      297    95.6%    295.6     0.3%     2.4%     0.0%     0.0%     2.0%     0.0%
May 12 13:20:44     16.5     6269805      297    95.6%    295.6     0.3%     2.4%     0.0%     0.0%     1.9%     0.0%
May 12 13:21:52     16.6     6608580      297    95.6%    295.6     0.3%     2.4%     0.0%     0.0%     1.9%     0.0%
May 12 13:23:08     16.6     6947445      297    95.6%    295.6     0.3%     2.4%     0.0%     0.0%     1.9%     0.0%
May 12 13:24:09     16.7     7286296      297    95.6%    295.6     0.3%     2.4%     0.0%     0.0%     1.9%     0.0%
May 12 13:25:11     16.8     7625136      297    95.6%    295.6     0.3%     2.4%     0.0%     0.0%     1.9%     0.0%
May 12 13:26:12     16.9     7963755      297    95.6%    295.6     0.3%     2.4%     0.0%     0.0%     1.9%     0.0%
May 12 13:27:23     17.1     8387072      297    95.6%    295.6     0.3%     2.4%     0.0%     0.0%     1.9%     0.0%
May 12 13:28:34     17.3     8810453      297    95.6%    295.6     0.3%     2.4%     0.0%     0.0%     1.9%     0.0%
May 12 13:29:48     17.4     9233873      297    95.6%    295.6     0.3%     2.4%     0.0%     0.0%     1.9%     0.0%
May 12 13:31:03     17.5     9657259      297    95.6%    295.6     0.3%     2.4%     0.0%     0.0%     1.9%     0.0%
May 12 13:32:14     17.6    10080397      297    95.6%    295.6     0.3%     2.4%     0.0%     0.0%     1.9%     0.0%
May 12 13:33:20     17.8    10502713      297    95.6%    295.6     0.3%     2.4%     0.0%     0.0%     1.9%     0.0%
May 12 13:34:25     18.0    10925122      297    95.6%    295.6     0.3%     2.4%     0.0%     0.0%     1.9%     0.0%
May 12 13:35:37     18.1    11347630      297    95.6%    295.6     0.3%     2.4%     0.0%     0.0%     1.9%     0.0%
May 12 13:36:46     18.1    11685446      297    95.6%    295.6     0.3%     2.4%     0.0%     0.0%     1.9%     0.0%
May 12 13:37:49     18.1    12023185      297    95.6%    295.6     0.3%     2.4%     0.0%     0.0%     1.9%     0.0%
May 12 13:38:51     18.1    12360944      297    95.6%    295.6     0.3%     2.4%     0.0%     0.0%     1.9%     0.0%
May 12 13:39:58     18.1    12698714      297    95.6%    295.6     0.3%     2.4%     0.0%     0.0%     1.9%     0.0%
May 12 13:41:05     18.1    13036528      297    95.6%    295.6     0.3%     2.4%     0.0%     0.0%     1.9%     0.0%
May 12 13:42:07     18.2    13374378      297    95.6%    295.6     0.3%     2.4%     0.0%     0.0%     1.9%     0.0%
May 12 13:43:08     18.2    13712240      297    95.6%    295.6     0.3%     2.4%     0.0%     0.0%     1.9%     0.0%
May 12 13:44:24     18.3    14134562      297    95.6%    295.6     0.3%     2.4%     0.0%     0.0%     1.9%     0.0%
May 12 13:45:27     18.3    14472528      297    95.6%    295.6     0.3%     2.4%     0.0%     0.0%     1.9%     0.0%
May 12 13:46:28     18.3    14810496      297    95.6%    295.6     0.3%     2.4%     0.0%     0.0%     1.9%     0.0%
May 12 13:47:28     18.4    15148543      297    95.6%    295.6     0.3%     2.4%     0.0%     0.0%     1.9%     0.0%
May 12 13:48:37     18.3    15486388      297    95.6%    295.6     0.3%     2.4%     0.0%     0.0%     1.9%     0.0%
May 12 13:49:40     18.4    15824137      297    95.6%    295.6     0.3%     2.4%     0.0%     0.0%     1.9%     0.0%
May 12 13:50:46     18.4    16161863      297    95.6%    295.6     0.3%     2.4%     0.0%     0.0%     1.9%     0.0%
May 12 13:51:51     18.4    16499589      297    95.6%    295.6     0.3%     2.4%     0.0%     0.0%     1.9%     0.0%
May 12 13:52:53     18.4    16837346      297    95.6%    295.6     0.3%     2.4%     0.0%     0.0%     1.9%     0.0%
May 12 13:53:56     18.4    17175109      297    95.6%    295.6     0.3%     2.4%     0.0%     0.0%     1.9%     0.0%
May 12 13:54:57     18.4    17512887      297    95.6%    295.6     0.3%     2.4%     0.0%     0.0%     1.9%     0.0%
May 12 13:56:04     18.4    17850737      297    95.6%    295.6     0.3%     2.4%     0.0%     0.0%     1.9%     0.0%
May 12 13:57:17     18.5    18273101      297    95.6%    295.6     0.3%     2.4%     0.0%     0.0%     1.9%     0.0%
May 12 13:58:18     18.5    18610981      297    95.6%    295.6     0.3%     2.4%     0.0%     0.0%     1.9%     0.0%
May 12 13:59:18     18.5    18948936      297    95.6%    295.6     0.3%     2.4%     0.0%     0.0%     1.9%     0.0%
May 12 14:00:21     18.5    19286860      297    95.6%    295.6     0.3%     2.4%     0.0%     0.0%     1.9%     0.0%
May 12 14:01:21     18.6    19624618      297    95.6%    295.6     0.3%     2.4%     0.0%     0.0%     1.9%     0.0%
May 12 14:02:24     18.6    19962378      297    95.6%    295.6     0.3%     2.4%     0.0%     0.0%     1.9%     0.0%
May 12 14:03:24     18.6    20300134      297    95.6%    295.6     0.3%     2.4%     0.0%     0.0%     1.9%     0.0%
May 12 14:04:38     18.6    20722256      297    95.6%    295.6     0.3%     2.4%     0.0%     0.0%     1.9%     0.0%
May 12 14:05:50     18.7    21144409      297    95.6%    295.6     0.3%     2.4%     0.0%     0.0%     1.9%     0.0%
May 12 14:06:50     18.7    21482211      297    95.6%    295.6     0.3%     2.4%     0.0%     0.0%     1.9%     0.0%
May 12 14:08:00     18.8    21904556      297    95.6%    295.6     0.3%     2.4%     0.0%     0.0%     1.9%     0.0%
May 12 14:09:14     18.8    22326866      297    95.6%    295.6     0.3%     2.4%     0.0%     0.0%     1.9%     0.0%
May 12 14:10:25     18.8    22749327      297    95.6%    295.6     0.3%     2.4%     0.0%     0.0%     1.9%     0.0%
May 12 14:11:36     18.9    23171576      297    95.6%    295.6     0.3%     2.4%     0.0%     0.0%     1.9%     0.0%
May 12 14:12:44     18.9    23593538      297    95.6%    295.6     0.3%     2.4%     0.0%     0.0%     1.9%     0.0%
May 12 14:13:51     19.0    24015558      297    95.6%    295.6     0.3%     2.4%     0.0%     0.0%     1.9%     0.0%
May 12 14:14:59     19.0    24437627      297    95.6%    295.6     0.3%     2.4%     0.0%     0.0%     1.9%     0.0%
May 12 14:16:05     19.1    24859584      297    95.6%    295.6     0.3%     2.4%     0.0%     0.0%     1.9%     0.0%
May 12 14:17:12     19.1    25281589      297    95.6%    295.6     0.3%     2.4%     0.0%     0.0%     1.9%     0.0%
May 12 14:18:17     19.2    25703608      297    95.6%    295.6     0.3%     2.4%     0.0%     0.0%     1.9%     0.0%
May 12 14:19:28     19.2    26125690      297    95.6%    295.6     0.3%     2.4%     0.0%     0.0%     2.0%     0.0%
May 12 14:20:34     19.3    26547816      297    95.6%    295.6     0.3%     2.4%     0.0%     0.0%     2.0%     0.0%
May 12 14:21:39     19.3    26969822      297    95.6%    295.6     0.3%     2.4%     0.0%     0.0%     2.0%     0.0%
May 12 14:22:44     19.4    27391793      297    95.6%    295.6     0.3%     2.4%     0.0%     0.0%     2.0%     0.0%
May 12 14:23:49     19.4    27813834      297    95.6%    295.6     0.3%     2.4%     0.0%     0.0%     2.0%     0.0%
May 12 14:24:54     19.5    28235824      297    95.6%    295.6     0.3%     2.4%     0.0%     0.0%     2.0%     0.0%
May 12 14:26:02     19.5    28657807      297    95.6%    295.6     0.3%     2.4%     0.0%     0.0%     2.0%     0.0%
May 12 14:27:08     19.6    29079848      297    95.6%    295.6     0.3%     2.4%     0.0%     0.0%     2.0%     0.0%
May 12 14:28:19     19.6    29501837      297    95.6%    295.6     0.3%     2.4%     0.0%     0.0%     2.0%     0.0%
May 12 14:29:26     19.6    29923840      297    95.6%    295.6     0.3%     2.4%     0.0%     0.0%     2.0%     0.0%
May 12 14:30:29     19.7    30345857      297    95.6%    295.6     0.3%     2.4%     0.0%     0.0%     2.0%     0.0%
May 12 14:31:34     19.7    30767780      297    95.6%    295.6     0.3%     2.4%     0.0%     0.0%     2.0%     0.0%
May 12 14:32:36     19.8    31189798      297    95.6%    295.6     0.3%     2.4%     0.0%     0.0%     2.0%     0.0%
May 12 14:33:39     19.8    31611796      297    95.6%    295.6     0.3%     2.4%     0.0%     0.0%     2.0%     0.0%
May 12 14:34:45     19.9    32033804      297    95.6%    295.6     0.3%     2.4%     0.0%     0.0%     2.0%     0.0%
May 12 14:35:50     19.9    32455789      297    95.6%    295.6     0.3%     2.4%     0.0%     0.0%     2.0%     0.0%
May 12 14:36:56     19.9    32877799      297    95.6%    295.6     0.3%     2.4%     0.0%     0.0%     2.0%     0.0%
May 12 14:38:03     20.0    33299798      297    95.6%    295.6     0.3%     2.4%     0.0%     0.0%     2.0%     0.0%
May 12 14:39:07     20.0    33721882      297    95.6%    295.6     0.3%     2.4%     0.0%     0.0%     2.0%     0.0%
May 12 14:40:11     20.0    34143901      297    95.6%    295.6     0.3%     2.4%     0.0%     0.0%     2.0%     0.0%
May 12 14:41:16     20.1    34565860      297    95.6%    295.6     0.3%     2.4%     0.0%     0.0%     2.0%     0.0%
May 12 14:42:21     20.1    34987877      297    95.5%    295.6     0.3%     2.4%     0.0%     0.0%     2.0%     0.0%
May 12 14:43:24     20.1    35409905      297    95.5%    295.6     0.3%     2.4%     0.0%     0.0%     2.0%     0.0%
May 12 14:44:27     20.2    35831885      297    95.5%    295.6     0.3%     2.4%     0.0%     0.0%     2.0%     0.0%
May 12 14:45:32     20.2    36253880      297    95.5%    295.7     0.3%     2.4%     0.0%     0.0%     2.0%     0.0%
May 12 14:46:35     20.3    36675938      297    95.5%    295.7     0.3%     2.4%     0.0%     0.0%     2.0%     0.0%
May 12 14:47:36     20.3    37097886      297    95.5%    295.7     0.3%     2.4%     0.0%     0.0%     2.0%     0.0%
May 12 14:48:42     20.3    37519897      297    95.5%    295.7     0.3%     2.4%     0.0%     0.0%     2.0%     0.0%
May 12 14:49:43     20.4    37941809      297    95.5%    295.7     0.3%     2.4%     0.0%     0.0%     2.0%     0.0%
May 12 14:50:44     20.4    38363778      297    95.5%    295.7     0.3%     2.4%     0.0%     0.0%     2.0%     0.0%
May 12 14:51:45     20.4    38785766      297    95.5%    295.7     0.3%     2.4%     0.0%     0.0%     2.0%     0.0%
May 12 14:52:50     20.5    39207673      297    95.5%    295.7     0.3%     2.4%     0.0%     0.0%     2.0%     0.0%
May 12 14:53:50     20.5    39629654      297    95.5%    295.7     0.3%     2.4%     0.0%     0.0%     2.0%     0.0%
May 12 14:54:51     20.6    40051611      297    95.5%    295.7     0.3%     2.4%     0.0%     0.0%     2.0%     0.0%
May 12 14:55:52     20.6    40473604      297    95.5%    295.7     0.3%     2.4%     0.0%     0.0%     2.0%     0.0%
May 12 14:56:57     20.6    40895593      297    95.5%    295.7     0.3%     2.4%     0.0%     0.0%     2.0%     0.0%
May 12 14:58:03     20.6    41317585      297    95.5%    295.7     0.3%     2.4%     0.0%     0.0%     2.0%     0.0%
May 12 14:59:09     20.7    41739494      297    95.5%    295.7     0.3%     2.4%     0.0%     0.0%     2.0%     0.0%
May 12 15:00:13     20.7    42161482      297    95.5%    295.7     0.3%     2.4%     0.0%     0.0%     2.0%     0.0%
May 12 15:01:18     20.7    42583433      297    95.5%    295.7     0.3%     2.4%     0.0%     0.0%     2.0%     0.0%
May 12 15:02:23     20.7    43005412      297    95.5%    295.7     0.3%     2.4%     0.0%     0.0%     2.0%     0.0%
May 12 15:03:28     20.8    43427382      297    95.5%    295.7     0.3%     2.4%     0.0%     0.0%     2.0%     0.0%
May 12 15:04:36     20.8    43849362      297    95.5%    295.7     0.3%     2.4%     0.0%     0.0%     2.0%     0.0%
May 12 15:05:40     20.8    44271368      297    95.5%    295.7     0.3%     2.4%     0.0%     0.0%     2.0%     0.0%
May 12 15:06:41     20.8    44693381      297    95.5%    295.7     0.3%     2.4%     0.0%     0.0%     2.0%     0.0%
May 12 15:28:37     17.9    44867108      297    95.5%    295.7     0.4%     2.4%     0.0%     0.0%     2.0%     0.0%
ALL DONE!
