                                 Started job on |	May 12 12:07:29
                             Started mapping on |	May 12 12:57:57
                                    Finished on |	May 12 15:28:37
       Mapping speed, Million of reads per hour |	17.87

                          Number of input reads |	44867108
                      Average input read length |	297
                                    UNIQUE READS:
                   Uniquely mapped reads number |	42862850
                        Uniquely mapped reads % |	95.53%
                          Average mapped length |	295.69
                       Number of splices: Total |	43177214
            Number of splices: Annotated (sjdb) |	42643085
                       Number of splices: GT/AG |	42788904
                       Number of splices: GC/AG |	289061
                       Number of splices: AT/AC |	35562
               Number of splices: Non-canonical |	63687
                      Mismatch rate per base, % |	0.35%
                         Deletion rate per base |	0.01%
                        Deletion average length |	1.92
                        Insertion rate per base |	0.01%
                       Insertion average length |	1.53
                             MULTI-MAPPING READS:
        Number of reads mapped to multiple loci |	1071290
             % of reads mapped to multiple loci |	2.39%
        Number of reads mapped to too many loci |	14671
             % of reads mapped to too many loci |	0.03%
                                  UNMAPPED READS:
       % of reads unmapped: too many mismatches |	0.00%
                 % of reads unmapped: too short |	2.01%
                     % of reads unmapped: other |	0.03%
                                  CHIMERIC READS:
                       Number of chimeric reads |	0
                            % of chimeric reads |	0.00%
