                                 Started job on |	May 12 12:34:37
                             Started mapping on |	May 12 13:17:53
                                    Finished on |	May 12 16:04:25
       Mapping speed, Million of reads per hour |	19.10

                          Number of input reads |	53014010
                      Average input read length |	298
                                    UNIQUE READS:
                   Uniquely mapped reads number |	50329287
                        Uniquely mapped reads % |	94.94%
                          Average mapped length |	296.21
                       Number of splices: Total |	52783397
            Number of splices: Annotated (sjdb) |	52072282
                       Number of splices: GT/AG |	52297110
                       Number of splices: GC/AG |	358984
                       Number of splices: AT/AC |	43215
               Number of splices: Non-canonical |	84088
                      Mismatch rate per base, % |	0.37%
                         Deletion rate per base |	0.01%
                        Deletion average length |	1.79
                        Insertion rate per base |	0.01%
                       Insertion average length |	1.56
                             MULTI-MAPPING READS:
        Number of reads mapped to multiple loci |	1539432
             % of reads mapped to multiple loci |	2.90%
        Number of reads mapped to too many loci |	17296
             % of reads mapped to too many loci |	0.03%
                                  UNMAPPED READS:
       % of reads unmapped: too many mismatches |	0.00%
                 % of reads unmapped: too short |	2.09%
                     % of reads unmapped: other |	0.04%
                                  CHIMERIC READS:
                       Number of chimeric reads |	0
                            % of chimeric reads |	0.00%
