           Time    Speed        Read     Read   Mapped   Mapped   Mapped   Mapped Unmapped Unmapped Unmapped Unmapped
                    M/hr      number   length   unique   length   MMrate    multi   multi+       MM    short    other
May 12 13:39:45     15.3      255495      296    95.8%    295.4     0.3%     2.4%     0.0%     0.0%     1.7%     0.0%
May 12 13:41:05     15.3      595745      296    95.8%    295.4     0.3%     2.4%     0.0%     0.0%     1.7%     0.0%
May 12 13:42:08     15.1      850923      296    95.9%    295.4     0.3%     2.4%     0.0%     0.0%     1.7%     0.0%
May 12 13:43:26     15.3     1190729      296    95.8%    295.4     0.3%     2.4%     0.0%     0.0%     1.7%     0.0%
May 12 13:44:42     15.4     1530131      296    95.9%    295.4     0.3%     2.4%     0.0%     0.0%     1.7%     0.0%
May 12 13:45:49     15.2     1784707      296    95.8%    295.4     0.3%     2.4%     0.0%     0.0%     1.7%     0.0%
May 12 13:47:07     15.2     2124080      296    95.8%    295.3     0.3%     2.4%     0.0%     0.0%     1.7%     0.0%
May 12 13:48:09     15.2     2378682      296    95.8%    295.3     0.3%     2.4%     0.0%     0.0%     1.7%     0.0%
May 12 13:49:35     15.1     2718141      296    95.8%    295.3     0.3%     2.4%     0.0%     0.0%     1.8%     0.0%
May 12 13:50:35     15.1     2972726      296    95.8%    295.3     0.3%     2.4%     0.0%     0.0%     1.8%     0.0%
May 12 13:51:49     15.2     3312300      296    95.8%    295.3     0.3%     2.4%     0.0%     0.0%     1.8%     0.0%
May 12 13:52:55     15.5     3651799      296    95.8%    295.3     0.3%     2.4%     0.0%     0.0%     1.8%     0.0%
May 12 13:54:00     15.7     3991048      296    95.8%    295.3     0.3%     2.4%     0.0%     0.0%     1.8%     0.0%
May 12 13:55:03     15.9     4330370      296    95.8%    295.3     0.3%     2.4%     0.0%     0.0%     1.7%     0.0%
May 12 13:56:07     16.1     4669630      296    95.8%    295.3     0.3%     2.4%     0.0%     0.0%     1.7%     0.0%
May 12 13:57:21     16.4     5093840      296    95.8%    295.3     0.3%     2.4%     0.0%     0.0%     1.7%     0.0%
May 12 13:58:33     16.7     5517989      296    95.8%    295.3     0.3%     2.4%     0.0%     0.0%     1.7%     0.0%
May 12 13:59:48     16.9     5942237      296    95.8%    295.3     0.3%     2.4%     0.0%     0.0%     1.7%     0.0%
May 12 14:00:56     17.2     6366605      296    95.8%    295.3     0.3%     2.4%     0.0%     0.0%     1.7%     0.0%
May 12 14:01:57     17.3     6706091      296    95.8%    295.3     0.3%     2.4%     0.0%     0.0%     1.7%     0.0%
May 12 14:03:07     17.6     7130479      296    95.8%    295.3     0.3%     2.4%     0.0%     0.0%     1.7%     0.0%
May 12 14:04:20     17.7     7554684      296    95.8%    295.3     0.3%     2.4%     0.0%     0.0%     1.7%     0.0%
May 12 14:05:30     17.9     7978832      296    95.8%    295.3     0.3%     2.4%     0.0%     0.0%     1.7%     0.0%
May 12 14:06:40     18.1     8403010      296    95.8%    295.3     0.3%     2.4%     0.0%     0.0%     1.7%     0.0%
May 12 14:07:46     18.3     8827292      296    95.8%    295.3     0.3%     2.4%     0.0%     0.0%     1.7%     0.0%
May 12 14:08:57     18.4     9251483      296    95.8%    295.3     0.3%     2.4%     0.0%     0.0%     1.7%     0.0%
May 12 14:10:08     18.5     9675700      296    95.8%    295.3     0.3%     2.4%     0.0%     0.0%     1.7%     0.0%
May 12 14:11:19     18.6    10099774      296    95.8%    295.3     0.3%     2.4%     0.0%     0.0%     1.7%     0.0%
May 12 14:12:28     18.7    10523073      296    95.8%    295.3     0.3%     2.4%     0.0%     0.0%     1.7%     0.0%
May 12 14:13:37     18.8    10946366      296    95.8%    295.3     0.3%     2.4%     0.0%     0.0%     1.7%     0.0%
May 12 14:14:39     19.0    11369263      296    95.8%    295.3     0.3%     2.4%     0.0%     0.0%     1.7%     0.0%
May 12 14:15:40     19.2    11792223      296    95.8%    295.3     0.3%     2.4%     0.0%     0.0%     1.7%     0.0%
May 12 14:16:48     19.3    12215255      296    95.8%    295.3     0.3%     2.4%     0.0%     0.0%     1.7%     0.0%
May 12 14:17:52     19.4    12638318      296    95.8%    295.3     0.3%     2.4%     0.0%     0.0%     1.7%     0.0%
May 12 14:18:53     19.5    13061376      296    95.8%    295.3     0.3%     2.4%     0.0%     0.0%     1.7%     0.0%
May 12 14:20:00     19.6    13484611      296    95.8%    295.3     0.3%     2.4%     0.0%     0.0%     1.7%     0.0%
May 12 14:21:03     19.7    13907852      296    95.8%    295.3     0.3%     2.4%     0.0%     0.0%     1.7%     0.0%
May 12 14:22:05     19.8    14331163      296    95.8%    295.3     0.3%     2.4%     0.0%     0.0%     1.7%     0.0%
May 12 14:23:11     19.9    14754300      296    95.8%    295.3     0.3%     2.4%     0.0%     0.0%     1.7%     0.0%
May 12 14:24:15     20.0    15177397      296    95.8%    295.3     0.3%     2.4%     0.0%     0.0%     1.7%     0.0%
May 12 14:25:22     20.1    15600479      296    95.8%    295.3     0.3%     2.4%     0.0%     0.0%     1.7%     0.0%
May 12 14:26:26     20.2    16023589      296    95.8%    295.3     0.3%     2.4%     0.0%     0.0%     1.7%     0.0%
May 12 14:27:34     20.2    16446661      296    95.8%    295.3     0.3%     2.4%     0.0%     0.0%     1.7%     0.0%
May 12 14:28:40     20.3    16869786      296    95.8%    295.3     0.3%     2.4%     0.0%     0.0%     1.7%     0.0%
May 12 14:29:40     20.4    17292985      296    95.8%    295.3     0.3%     2.4%     0.0%     0.0%     1.7%     0.0%
May 12 14:30:41     20.5    17716172      296    95.8%    295.3     0.3%     2.4%     0.0%     0.0%     1.7%     0.0%
May 12 14:31:43     20.5    18139431      296    95.8%    295.3     0.3%     2.4%     0.0%     0.0%     1.7%     0.0%
May 12 14:32:53     20.7    18646873      296    95.8%    295.3     0.3%     2.4%     0.0%     0.0%     1.7%     0.0%
May 12 14:34:02     20.8    19154370      296    95.8%    295.3     0.3%     2.4%     0.0%     0.0%     1.7%     0.0%
May 12 14:35:04     20.9    19577347      296    95.8%    295.3     0.3%     2.4%     0.0%     0.0%     1.7%     0.0%
May 12 14:36:04     20.9    20000336      296    95.8%    295.3     0.3%     2.4%     0.0%     0.0%     1.7%     0.0%
May 12 14:37:06     21.0    20423296      296    95.8%    295.3     0.3%     2.4%     0.0%     0.0%     1.7%     0.0%
May 12 14:38:07     21.1    20846423      296    95.8%    295.3     0.3%     2.4%     0.0%     0.0%     1.7%     0.0%
May 12 14:39:08     21.1    21269507      296    95.8%    295.3     0.3%     2.4%     0.0%     0.0%     1.7%     0.0%
May 12 14:40:08     21.2    21692793      296    95.8%    295.3     0.3%     2.4%     0.0%     0.0%     1.7%     0.0%
May 12 14:41:11     21.3    22115860      296    95.8%    295.3     0.3%     2.4%     0.0%     0.0%     1.7%     0.0%
May 12 14:42:13     21.3    22538886      296    95.8%    295.3     0.3%     2.4%     0.0%     0.0%     1.7%     0.0%
May 12 14:43:16     21.4    22962053      296    95.8%    295.3     0.3%     2.4%     0.0%     0.0%     1.7%     0.0%
May 12 14:44:28     21.4    23469944      296    95.8%    295.3     0.3%     2.4%     0.0%     0.0%     1.7%     0.0%
May 12 14:45:31     21.5    23893321      296    95.8%    295.3     0.3%     2.4%     0.0%     0.0%     1.7%     0.0%
May 12 14:46:32     21.5    24316647      296    95.8%    295.3     0.3%     2.4%     0.0%     0.0%     1.7%     0.0%
May 12 14:47:34     21.6    24739984      296    95.8%    295.3     0.3%     2.4%     0.0%     0.0%     1.7%     0.0%
May 12 14:48:40     21.6    25163358      296    95.8%    295.3     0.3%     2.4%     0.0%     0.0%     1.7%     0.0%
May 12 14:49:42     21.6    25586389      296    95.8%    295.3     0.3%     2.4%     0.0%     0.0%     1.7%     0.0%
May 12 14:50:42     21.7    26009351      296    95.8%    295.3     0.3%     2.4%     0.0%     0.0%     1.8%     0.0%
May 12 14:51:43     21.7    26432414      296    95.8%    295.3     0.3%     2.4%     0.0%     0.0%     1.8%     0.0%
May 12 14:52:43     21.8    26855585      296    95.8%    295.3     0.3%     2.4%     0.0%     0.0%     1.8%     0.0%
May 12 14:53:44     21.8    27278830      296    95.8%    295.3     0.3%     2.4%     0.0%     0.0%     1.8%     0.0%
May 12 14:54:45     21.9    27702040      296    95.8%    295.3     0.3%     2.4%     0.0%     0.0%     1.8%     0.0%
May 12 14:55:46     21.9    28125282      296    95.8%    295.3     0.3%     2.4%     0.0%     0.0%     1.8%     0.0%
May 12 14:56:50     21.9    28548519      296    95.8%    295.3     0.3%     2.4%     0.0%     0.0%     1.8%     0.0%
May 12 14:57:55     22.0    28971626      296    95.8%    295.3     0.3%     2.4%     0.0%     0.0%     1.8%     0.0%
May 12 14:58:59     22.0    29394525      296    95.8%    295.3     0.3%     2.4%     0.0%     0.0%     1.8%     0.0%
May 12 15:00:04     22.0    29817631      296    95.8%    295.3     0.3%     2.4%     0.0%     0.0%     1.8%     0.0%
May 12 15:01:05     22.0    30240875      296    95.8%    295.3     0.3%     2.4%     0.0%     0.0%     1.8%     0.0%
May 12 15:02:07     22.1    30664212      296    95.8%    295.3     0.3%     2.4%     0.0%     0.0%     1.8%     0.0%
May 12 15:03:08     22.1    31087501      296    95.8%    295.3     0.3%     2.4%     0.0%     0.0%     1.8%     0.0%
May 12 15:04:13     22.1    31510849      296    95.8%    295.3     0.3%     2.4%     0.0%     0.0%     1.8%     0.0%
May 12 15:05:17     22.1    31934157      296    95.8%    295.3     0.3%     2.4%     0.0%     0.0%     1.8%     0.0%
May 12 15:06:20     22.2    32357450      296    95.8%    295.3     0.3%     2.4%     0.0%     0.0%     1.8%     0.0%
May 12 15:07:21     22.2    32780365      296    95.8%    295.3     0.3%     2.4%     0.0%     0.0%     1.8%     0.0%
May 12 15:08:21     22.2    33203360      296    95.8%    295.3     0.3%     2.4%     0.0%     0.0%     1.8%     0.0%
May 12 15:09:24     22.3    33626507      296    95.8%    295.3     0.3%     2.4%     0.0%     0.0%     1.8%     0.0%
May 12 15:10:27     22.3    34049845      296    95.8%    295.3     0.3%     2.4%     0.0%     0.0%     1.8%     0.0%
May 12 15:11:29     22.3    34473165      296    95.8%    295.3     0.3%     2.4%     0.0%     0.0%     1.8%     0.0%
May 12 15:12:31     22.3    34896507      296    95.8%    295.2     0.3%     2.4%     0.0%     0.0%     1.8%     0.0%
May 12 15:13:31     22.4    35319869      296    95.8%    295.2     0.3%     2.4%     0.0%     0.0%     1.8%     0.0%
May 12 15:14:36     22.4    35743332      296    95.7%    295.2     0.3%     2.4%     0.0%     0.0%     1.8%     0.0%
May 12 15:15:42     22.4    36166334      296    95.7%    295.2     0.3%     2.4%     0.0%     0.0%     1.8%     0.0%
May 12 15:16:43     22.4    36589361      296    95.7%    295.2     0.3%     2.4%     0.0%     0.0%     1.8%     0.0%
May 12 15:17:44     22.4    37012427      296    95.7%    295.2     0.3%     2.4%     0.0%     0.0%     1.8%     0.0%
May 12 15:18:44     22.5    37435614      296    95.7%    295.2     0.3%     2.4%     0.0%     0.0%     1.8%     0.0%
May 12 15:19:47     22.5    37858746      296    95.7%    295.2     0.3%     2.4%     0.0%     0.0%     1.8%     0.0%
May 12 15:20:58     22.5    38366704      296    95.7%    295.2     0.3%     2.4%     0.0%     0.0%     1.8%     0.0%
May 12 15:21:58     22.5    38789986      296    95.7%    295.2     0.3%     2.4%     0.0%     0.0%     1.8%     0.0%
May 12 15:22:58     22.6    39213423      296    95.7%    295.2     0.3%     2.4%     0.0%     0.0%     1.8%     0.0%
May 12 15:24:06     22.6    39636480      296    95.7%    295.2     0.3%     2.4%     0.0%     0.0%     1.8%     0.0%
May 12 15:25:09     22.6    40059380      296    95.7%    295.2     0.3%     2.4%     0.0%     0.0%     1.8%     0.0%
May 12 15:26:19     22.6    40567003      296    95.7%    295.2     0.3%     2.4%     0.0%     0.0%     1.8%     0.0%
May 12 15:27:30     22.7    41074830      296    95.7%    295.2     0.3%     2.4%     0.0%     0.0%     1.8%     0.0%
May 12 15:28:32     22.7    41497964      296    95.7%    295.2     0.3%     2.4%     0.0%     0.0%     1.8%     0.0%
May 12 15:29:33     22.7    41921331      296    95.7%    295.2     0.3%     2.4%     0.0%     0.0%     1.8%     0.0%
May 12 15:30:34     22.7    42344648      296    95.7%    295.2     0.3%     2.4%     0.0%     0.0%     1.8%     0.0%
May 12 15:31:46     22.8    42852752      296    95.7%    295.2     0.3%     2.4%     0.0%     0.0%     1.8%     0.0%
May 12 15:32:48     22.8    43276044      296    95.7%    295.2     0.3%     2.4%     0.0%     0.0%     1.8%     0.0%
May 12 15:33:50     22.8    43699356      296    95.7%    295.2     0.3%     2.4%     0.0%     0.0%     1.8%     0.0%
May 12 15:34:52     22.8    44122854      296    95.7%    295.2     0.3%     2.4%     0.0%     0.0%     1.8%     0.0%
May 12 15:35:53     22.8    44546254      296    95.7%    295.2     0.3%     2.4%     0.0%     0.0%     1.8%     0.0%
May 12 15:36:56     22.8    44969895      296    95.7%    295.2     0.3%     2.4%     0.0%     0.0%     1.8%     0.0%
May 12 15:37:59     22.8    45393670      296    95.7%    295.2     0.3%     2.4%     0.0%     0.0%     1.8%     0.0%
May 12 15:39:06     22.8    45816892      296    95.7%    295.2     0.3%     2.4%     0.0%     0.0%     1.8%     0.0%
May 12 15:40:08     22.9    46240302      296    95.7%    295.2     0.3%     2.4%     0.0%     0.0%     1.8%     0.0%
May 12 15:41:10     22.9    46663700      296    95.7%    295.2     0.3%     2.4%     0.0%     0.0%     1.8%     0.0%
May 12 15:42:12     22.9    47087140      296    95.7%    295.2     0.3%     2.4%     0.0%     0.0%     1.8%     0.0%
May 12 15:43:14     22.9    47510957      296    95.7%    295.2     0.3%     2.4%     0.0%     0.0%     1.8%     0.0%
May 12 15:44:19     22.9    47934500      296    95.7%    295.2     0.3%     2.4%     0.0%     0.0%     1.8%     0.0%
May 12 15:45:22     22.9    48357684      296    95.7%    295.2     0.3%     2.4%     0.0%     0.0%     1.8%     0.0%
May 12 15:46:24     22.9    48781022      296    95.7%    295.1     0.3%     2.4%     0.0%     0.0%     1.8%     0.0%
May 12 15:47:30     22.9    49204343      296    95.7%    295.1     0.3%     2.4%     0.0%     0.0%     1.8%     0.0%
May 12 15:48:31     22.9    49627898      296    95.7%    295.1     0.3%     2.4%     0.0%     0.0%     1.8%     0.0%
May 12 15:49:34     23.0    50051805      296    95.7%    295.1     0.3%     2.4%     0.0%     0.0%     1.8%     0.0%
May 12 15:50:36     23.0    50475088      296    95.7%    295.1     0.3%     2.4%     0.0%     0.0%     1.8%     0.0%
May 12 15:51:40     23.0    50898249      296    95.7%    295.1     0.3%     2.4%     0.0%     0.0%     1.8%     0.0%
May 12 15:52:42     23.0    51321614      296    95.7%    295.1     0.3%     2.4%     0.0%     0.0%     1.8%     0.0%
May 12 15:53:42     23.0    51744964      296    95.7%    295.1     0.3%     2.4%     0.0%     0.0%     1.8%     0.0%
May 12 15:54:42     23.0    52168732      296    95.7%    295.1     0.3%     2.4%     0.0%     0.0%     1.8%     0.0%
May 12 15:55:43     23.0    52592818      296    95.7%    295.1     0.3%     2.4%     0.0%     0.0%     1.8%     0.0%
May 12 15:56:44     23.1    53015898      296    95.7%    295.1     0.3%     2.4%     0.0%     0.0%     1.8%     0.0%
May 12 15:57:47     23.1    53439098      296    95.7%    295.1     0.3%     2.4%     0.0%     0.0%     1.8%     0.0%
May 12 15:58:48     23.1    53862383      296    95.7%    295.1     0.3%     2.4%     0.0%     0.0%     1.8%     0.0%
May 12 15:59:48     23.1    54285793      296    95.7%    295.1     0.3%     2.4%     0.0%     0.0%     1.8%     0.0%
May 12 16:00:49     23.1    54709513      296    95.7%    295.1     0.3%     2.4%     0.0%     0.0%     1.8%     0.0%
May 12 16:01:52     23.1    55133302      296    95.7%    295.1     0.3%     2.4%     0.0%     0.0%     1.8%     0.0%
May 12 16:02:53     23.1    55556300      296    95.7%    295.1     0.3%     2.4%     0.0%     0.0%     1.8%     0.0%
May 12 16:03:53     23.1    55979483      296    95.7%    295.1     0.3%     2.4%     0.0%     0.0%     1.8%     0.0%
May 12 16:05:03     23.2    56487299      296    95.7%    295.1     0.3%     2.4%     0.0%     0.0%     1.8%     0.0%
May 12 16:06:13     23.2    56995557      296    95.7%    295.1     0.3%     2.4%     0.0%     0.0%     1.8%     0.0%
May 12 16:07:13     23.2    57419591      296    95.7%    295.1     0.3%     2.4%     0.0%     0.0%     1.9%     0.0%
May 12 16:08:15     23.2    57842575      296    95.7%    295.1     0.3%     2.4%     0.0%     0.0%     1.9%     0.0%
May 12 16:09:20     23.2    58265469      296    95.7%    295.1     0.3%     2.4%     0.0%     0.0%     1.9%     0.0%
May 12 16:10:22     23.2    58688393      296    95.7%    295.1     0.3%     2.4%     0.0%     0.0%     1.9%     0.0%
May 12 16:11:24     23.2    59111338      296    95.7%    295.0     0.3%     2.4%     0.0%     0.0%     1.9%     0.0%
May 12 16:12:26     23.2    59534235      296    95.7%    295.0     0.3%     2.4%     0.0%     0.0%     1.9%     0.0%
May 12 16:13:30     23.2    59957170      296    95.6%    295.0     0.3%     2.4%     0.0%     0.0%     1.9%     0.0%
May 12 16:14:35     23.2    60380047      296    95.6%    295.0     0.3%     2.4%     0.0%     0.0%     1.9%     0.0%
May 12 16:15:39     23.3    60802990      296    95.6%    295.0     0.3%     2.4%     0.0%     0.0%     1.9%     0.0%
May 12 16:16:40     23.3    61225912      296    95.6%    295.0     0.3%     2.4%     0.0%     0.0%     1.9%     0.0%
May 12 16:17:42     23.3    61648803      296    95.6%    295.0     0.3%     2.4%     0.0%     0.0%     1.9%     0.0%
May 12 16:18:44     23.3    62071738      296    95.6%    295.0     0.3%     2.4%     0.0%     0.0%     1.9%     0.0%
May 12 16:19:46     23.3    62494526      296    95.6%    295.0     0.3%     2.4%     0.0%     0.0%     1.9%     0.0%
May 12 16:20:49     23.3    62917357      296    95.6%    295.0     0.3%     2.4%     0.0%     0.0%     1.9%     0.0%
May 12 16:21:50     23.3    63340293      296    95.6%    295.0     0.3%     2.4%     0.0%     0.0%     1.9%     0.0%
May 12 16:22:50     23.3    63763264      296    95.6%    295.0     0.3%     2.4%     0.0%     0.0%     1.9%     0.0%
May 12 16:23:51     23.3    64186279      296    95.6%    295.0     0.3%     2.4%     0.0%     0.0%     1.9%     0.0%
May 12 16:24:52     23.3    64609193      296    95.6%    295.0     0.3%     2.4%     0.0%     0.0%     1.9%     0.0%
May 12 16:25:54     23.3    65032026      296    95.6%    295.0     0.3%     2.4%     0.0%     0.0%     1.9%     0.0%
May 12 16:26:58     23.3    65454940      296    95.6%    295.0     0.3%     2.4%     0.0%     0.0%     1.9%     0.0%
May 12 16:28:01     23.4    65877825      296    95.6%    295.0     0.3%     2.4%     0.0%     0.0%     1.9%     0.0%
May 12 16:29:02     23.4    66300669      296    95.6%    295.0     0.3%     2.4%     0.0%     0.0%     1.9%     0.0%
May 12 16:30:06     23.4    66723708      296    95.6%    295.0     0.3%     2.4%     0.0%     0.0%     1.9%     0.0%
May 12 16:31:09     23.4    67146536      296    95.6%    295.0     0.3%     2.4%     0.0%     0.0%     1.9%     0.0%
May 12 16:32:12     23.4    67569318      296    95.6%    295.0     0.3%     2.4%     0.0%     0.0%     1.9%     0.0%
May 12 16:33:14     23.4    67992229      296    95.6%    295.0     0.3%     2.4%     0.0%     0.0%     1.9%     0.0%
May 12 16:34:16     23.4    68415158      296    95.6%    295.0     0.3%     2.4%     0.0%     0.0%     2.0%     0.0%
May 12 16:35:17     23.4    68837989      296    95.6%    295.0     0.3%     2.4%     0.0%     0.0%     2.0%     0.0%
May 12 16:36:20     23.4    69261000      296    95.6%    295.0     0.3%     2.4%     0.0%     0.0%     2.0%     0.0%
May 12 16:37:23     23.4    69683708      296    95.6%    295.0     0.3%     2.4%     0.0%     0.0%     2.0%     0.0%
May 12 16:38:26     23.4    70106540      296    95.6%    295.0     0.3%     2.4%     0.0%     0.0%     2.0%     0.0%
May 12 16:39:29     23.4    70529352      296    95.6%    295.0     0.3%     2.4%     0.0%     0.0%     2.0%     0.0%
May 12 16:40:34     23.4    70952234      296    95.6%    295.0     0.3%     2.4%     0.0%     0.0%     2.0%     0.0%
May 12 16:41:36     23.4    71375189      296    95.6%    295.0     0.3%     2.4%     0.0%     0.0%     2.0%     0.0%
May 12 16:42:41     23.4    71798124      296    95.6%    295.0     0.3%     2.4%     0.0%     0.0%     2.0%     0.0%
May 12 16:43:42     23.4    72220822      296    95.6%    295.0     0.3%     2.4%     0.0%     0.0%     2.0%     0.0%
May 12 16:44:45     23.4    72643597      296    95.6%    295.0     0.3%     2.4%     0.0%     0.0%     2.0%     0.0%
May 12 16:45:48     23.4    73066332      296    95.5%    295.0     0.3%     2.4%     0.0%     0.0%     2.0%     0.0%
May 12 16:46:52     23.4    73489067      296    95.5%    295.0     0.3%     2.4%     0.0%     0.0%     2.0%     0.0%
May 12 17:07:38     21.2    73676819      296    95.5%    295.0     0.3%     2.4%     0.0%     0.0%     2.0%     0.0%
ALL DONE!
