                                 Started job on |	May 12 13:05:22
                             Started mapping on |	May 12 13:38:45
                                    Finished on |	May 12 16:42:17
       Mapping speed, Million of reads per hour |	19.90

                          Number of input reads |	60866339
                      Average input read length |	296
                                    UNIQUE READS:
                   Uniquely mapped reads number |	58309366
                        Uniquely mapped reads % |	95.80%
                          Average mapped length |	294.91
                       Number of splices: Total |	58871093
            Number of splices: Annotated (sjdb) |	58139874
                       Number of splices: GT/AG |	58315750
                       Number of splices: GC/AG |	419369
                       Number of splices: AT/AC |	46265
               Number of splices: Non-canonical |	89709
                      Mismatch rate per base, % |	0.37%
                         Deletion rate per base |	0.01%
                        Deletion average length |	1.79
                        Insertion rate per base |	0.01%
                       Insertion average length |	1.56
                             MULTI-MAPPING READS:
        Number of reads mapped to multiple loci |	1359296
             % of reads mapped to multiple loci |	2.23%
        Number of reads mapped to too many loci |	22944
             % of reads mapped to too many loci |	0.04%
                                  UNMAPPED READS:
       % of reads unmapped: too many mismatches |	0.00%
                 % of reads unmapped: too short |	1.89%
                     % of reads unmapped: other |	0.04%
                                  CHIMERIC READS:
                       Number of chimeric reads |	0
                            % of chimeric reads |	0.00%
