                                 Started job on |	May 12 12:02:45
                             Started mapping on |	May 12 12:44:21
                                    Finished on |	May 12 15:14:35
       Mapping speed, Million of reads per hour |	17.30

                          Number of input reads |	43304765
                      Average input read length |	298
                                    UNIQUE READS:
                   Uniquely mapped reads number |	41435776
                        Uniquely mapped reads % |	95.68%
                          Average mapped length |	296.54
                       Number of splices: Total |	41944933
            Number of splices: Annotated (sjdb) |	41407819
                       Number of splices: GT/AG |	41556855
                       Number of splices: GC/AG |	281994
                       Number of splices: AT/AC |	35081
               Number of splices: Non-canonical |	71003
                      Mismatch rate per base, % |	0.38%
                         Deletion rate per base |	0.01%
                        Deletion average length |	1.90
                        Insertion rate per base |	0.01%
                       Insertion average length |	1.52
                             MULTI-MAPPING READS:
        Number of reads mapped to multiple loci |	1022029
             % of reads mapped to multiple loci |	2.36%
        Number of reads mapped to too many loci |	14351
             % of reads mapped to too many loci |	0.03%
                                  UNMAPPED READS:
       % of reads unmapped: too many mismatches |	0.00%
                 % of reads unmapped: too short |	1.89%
                     % of reads unmapped: other |	0.03%
                                  CHIMERIC READS:
                       Number of chimeric reads |	0
                            % of chimeric reads |	0.00%
