           Time    Speed        Read     Read   Mapped   Mapped   Mapped   Mapped Unmapped Unmapped Unmapped Unmapped
                    M/hr      number   length   unique   length   MMrate    multi   multi+       MM    short    other
May 12 12:26:53     14.6      254741      297    95.9%    296.6     0.2%     2.8%     0.0%     0.0%     1.3%     0.0%
May 12 12:28:10     13.1      509127      297    95.8%    296.6     0.2%     2.8%     0.0%     0.0%     1.3%     0.0%
May 12 12:29:19     13.2      763527      297    95.8%    296.6     0.2%     2.8%     0.0%     0.0%     1.3%     0.0%
May 12 12:30:35     12.9     1017850      297    95.8%    296.6     0.2%     2.8%     0.0%     0.0%     1.3%     0.0%
May 12 12:31:48     12.8     1271580      297    95.8%    296.6     0.2%     2.8%     0.0%     0.0%     1.3%     0.0%
May 12 12:33:01     12.0     1440727      297    95.8%    296.6     0.2%     2.8%     0.0%     0.0%     1.3%     0.0%
May 12 12:34:05     12.3     1694387      297    95.8%    296.6     0.2%     2.8%     0.0%     0.0%     1.3%     0.0%
May 12 12:35:08     12.6     1948120      297    95.8%    296.6     0.2%     2.8%     0.0%     0.0%     1.3%     0.0%
May 12 12:40:05      8.9     2117289      297    95.8%    296.6     0.2%     2.8%     0.0%     0.0%     1.3%     0.0%
May 12 12:41:14      9.6     2455531      297    95.8%    296.6     0.2%     2.8%     0.0%     0.0%     1.3%     0.0%
May 12 12:42:15      9.9     2709223      297    95.8%    296.6     0.2%     2.8%     0.0%     0.0%     1.3%     0.0%
May 12 12:43:34     10.3     3047482      297    95.8%    296.6     0.2%     2.8%     0.0%     0.0%     1.3%     0.0%
May 12 12:44:36     10.6     3301200      297    95.8%    296.6     0.2%     2.8%     0.0%     0.0%     1.3%     0.0%
May 12 12:45:48     10.9     3639445      297    95.8%    296.6     0.2%     2.8%     0.0%     0.0%     1.3%     0.0%
May 12 12:47:01     11.0     3893132      297    95.8%    296.6     0.2%     2.8%     0.0%     0.0%     1.3%     0.0%
May 12 12:48:07     10.9     4062286      297    95.8%    296.6     0.2%     2.8%     0.0%     0.0%     1.3%     0.0%
May 12 12:49:09     11.3     4400668      297    95.8%    296.6     0.2%     2.8%     0.0%     0.0%     1.3%     0.0%
May 12 12:50:20     11.6     4739041      297    95.8%    296.6     0.2%     2.8%     0.0%     0.0%     1.3%     0.0%
May 12 12:51:24     11.9     5077383      297    95.8%    296.6     0.2%     2.8%     0.0%     0.0%     1.4%     0.0%
May 12 12:52:39     12.1     5415696      297    95.8%    296.6     0.2%     2.8%     0.0%     0.0%     1.4%     0.0%
May 12 12:53:43     12.2     5669505      297    95.8%    296.6     0.2%     2.8%     0.0%     0.0%     1.4%     0.0%
May 12 12:55:01     12.4     6007841      297    95.8%    296.6     0.2%     2.8%     0.0%     0.0%     1.4%     0.0%
May 12 12:56:13     12.4     6261602      297    95.8%    296.6     0.3%     2.8%     0.0%     0.0%     1.4%     0.0%
May 12 12:57:28     12.7     6684562      297    95.8%    296.6     0.3%     2.8%     0.0%     0.0%     1.4%     0.0%
May 12 12:58:28     12.9     7022917      297    95.8%    296.6     0.3%     2.8%     0.0%     0.0%     1.4%     0.0%
May 12 12:59:36     13.2     7445807      297    95.7%    296.6     0.3%     2.8%     0.0%     0.0%     1.4%     0.0%
May 12 13:00:46     13.5     7868816      297    95.7%    296.5     0.3%     2.8%     0.0%     0.0%     1.4%     0.0%
May 12 13:02:00     13.8     8291897      297    95.7%    296.5     0.3%     2.8%     0.0%     0.0%     1.4%     0.0%
May 12 13:03:11     14.0     8714970      297    95.7%    296.5     0.3%     2.8%     0.0%     0.0%     1.4%     0.0%
May 12 13:04:21     14.2     9137990      297    95.7%    296.4     0.3%     2.8%     0.0%     0.0%     1.4%     0.0%
May 12 13:05:32     14.4     9561054      297    95.7%    296.4     0.3%     2.8%     0.0%     0.0%     1.4%     0.0%
May 12 13:06:44     14.6     9984128      297    95.7%    296.4     0.3%     2.8%     0.0%     0.0%     1.5%     0.0%
May 12 13:07:49     14.9    10406096      297    95.7%    296.4     0.3%     2.8%     0.0%     0.0%     1.5%     0.0%
May 12 13:08:55     15.1    10827969      297    95.6%    296.4     0.3%     2.8%     0.0%     0.0%     1.5%     0.0%
May 12 13:10:00     15.2    11165405      297    95.6%    296.4     0.3%     2.8%     0.0%     0.0%     1.5%     0.0%
May 12 13:11:08     15.3    11587224      297    95.6%    296.4     0.3%     2.8%     0.0%     0.0%     1.5%     0.0%
May 12 13:12:17     15.5    12009054      297    95.6%    296.4     0.3%     2.8%     0.0%     0.0%     1.5%     0.0%
May 12 13:13:18     15.7    12430900      297    95.6%    296.3     0.3%     2.8%     0.0%     0.0%     1.5%     0.0%
May 12 13:14:22     15.9    12852812      297    95.6%    296.3     0.3%     2.8%     0.0%     0.0%     1.5%     0.0%
May 12 13:15:24     16.1    13274725      297    95.6%    296.3     0.3%     2.8%     0.0%     0.0%     1.5%     0.0%
May 12 13:16:28     16.2    13696651      297    95.6%    296.3     0.3%     2.8%     0.0%     0.0%     1.5%     0.0%
May 12 13:17:39     16.3    14118464      297    95.6%    296.3     0.3%     2.8%     0.0%     0.0%     1.5%     0.0%
May 12 13:18:50     16.6    14624685      297    95.6%    296.3     0.3%     2.8%     0.0%     0.0%     1.5%     0.0%
May 12 13:19:51     16.7    15046522      297    95.6%    296.3     0.3%     2.8%     0.0%     0.0%     1.5%     0.0%
May 12 13:21:03     16.9    15552772      297    95.6%    296.3     0.3%     2.8%     0.0%     0.0%     1.5%     0.0%
May 12 13:22:04     17.0    15974683      297    95.6%    296.3     0.3%     2.8%     0.0%     0.0%     1.5%     0.0%
May 12 13:23:13     17.2    16481027      297    95.6%    296.3     0.3%     2.8%     0.0%     0.0%     1.5%     0.0%
May 12 13:24:17     17.4    16902850      297    95.6%    296.3     0.3%     2.8%     0.0%     0.0%     1.5%     0.0%
May 12 13:25:21     17.5    17324714      297    95.6%    296.3     0.3%     2.8%     0.0%     0.0%     1.5%     0.0%
May 12 13:26:33     17.5    17746591      297    95.6%    296.2     0.3%     2.8%     0.0%     0.0%     1.5%     0.0%
May 12 13:27:40     17.6    18168425      297    95.6%    296.2     0.3%     2.8%     0.0%     0.0%     1.5%     0.0%
May 12 13:28:40     17.8    18590352      297    95.6%    296.2     0.3%     2.8%     0.0%     0.0%     1.5%     0.0%
May 12 13:29:43     17.9    19012291      297    95.6%    296.2     0.3%     2.8%     0.0%     0.0%     1.5%     0.0%
May 12 13:30:49     17.9    19434343      297    95.6%    296.2     0.3%     2.8%     0.0%     0.0%     1.5%     0.0%
May 12 13:31:56     18.0    19856153      297    95.6%    296.2     0.3%     2.8%     0.0%     0.0%     1.5%     0.0%
May 12 13:32:56     18.1    20277990      297    95.6%    296.2     0.3%     2.8%     0.0%     0.0%     1.5%     0.0%
May 12 13:33:57     18.2    20699811      297    95.6%    296.2     0.3%     2.8%     0.0%     0.0%     1.5%     0.0%
May 12 13:35:03     18.3    21121643      297    95.6%    296.2     0.3%     2.8%     0.0%     0.0%     1.6%     0.0%
May 12 13:36:04     18.4    21543447      297    95.6%    296.2     0.3%     2.8%     0.0%     0.0%     1.6%     0.0%
May 12 13:37:04     18.5    21965410      297    95.6%    296.2     0.3%     2.8%     0.0%     0.0%     1.6%     0.0%
May 12 13:38:08     18.6    22387413      297    95.6%    296.2     0.3%     2.8%     0.0%     0.0%     1.6%     0.0%
May 12 13:39:13     18.6    22809204      297    95.6%    296.2     0.3%     2.8%     0.0%     0.0%     1.6%     0.0%
May 12 13:40:17     18.7    23231038      297    95.6%    296.2     0.3%     2.8%     0.0%     0.0%     1.6%     0.0%
May 12 13:41:20     18.8    23652814      297    95.6%    296.2     0.3%     2.8%     0.0%     0.0%     1.6%     0.0%
May 12 13:42:21     18.9    24074640      297    95.6%    296.2     0.3%     2.8%     0.0%     0.0%     1.6%     0.0%
May 12 13:43:28     18.9    24496498      297    95.6%    296.2     0.3%     2.8%     0.0%     0.0%     1.6%     0.0%
May 12 13:44:30     19.0    24918386      297    95.6%    296.2     0.3%     2.8%     0.0%     0.0%     1.6%     0.0%
May 12 13:45:36     19.1    25340336      297    95.6%    296.2     0.3%     2.8%     0.0%     0.0%     1.6%     0.0%
May 12 13:46:43     19.1    25761999      297    95.5%    296.2     0.3%     2.8%     0.0%     0.0%     1.6%     0.0%
May 12 13:47:49     19.2    26183725      297    95.5%    296.2     0.3%     2.8%     0.0%     0.0%     1.6%     0.0%
May 12 13:48:55     19.2    26605487      297    95.5%    296.2     0.3%     2.8%     0.0%     0.0%     1.6%     0.0%
May 12 13:49:59     19.3    27027210      297    95.5%    296.2     0.3%     2.8%     0.0%     0.0%     1.6%     0.0%
May 12 13:51:06     19.3    27448914      297    95.5%    296.2     0.3%     2.8%     0.0%     0.0%     1.6%     0.0%
May 12 13:52:15     19.4    27870677      297    95.5%    296.2     0.3%     2.8%     0.0%     0.0%     1.6%     0.0%
May 12 13:53:20     19.4    28292357      297    95.5%    296.2     0.3%     2.8%     0.0%     0.0%     1.6%     0.0%
May 12 13:54:25     19.4    28714093      297    95.5%    296.2     0.3%     2.8%     0.0%     0.0%     1.6%     0.0%
May 12 13:55:33     19.5    29135842      297    95.5%    296.2     0.3%     2.8%     0.0%     0.0%     1.6%     0.0%
May 12 13:56:40     19.5    29557553      297    95.5%    296.2     0.3%     2.8%     0.0%     0.0%     1.6%     0.0%
May 12 13:57:49     19.6    29979278      297    95.5%    296.2     0.3%     2.8%     0.0%     0.0%     1.6%     0.0%
May 12 13:58:54     19.6    30400955      297    95.5%    296.2     0.3%     2.8%     0.0%     0.0%     1.6%     0.0%
May 12 13:59:59     19.6    30822706      297    95.5%    296.2     0.3%     2.8%     0.0%     0.0%     1.6%     0.0%
May 12 14:01:03     19.7    31244368      297    95.5%    296.2     0.3%     2.8%     0.0%     0.0%     1.6%     0.0%
May 12 14:02:09     19.7    31666123      297    95.5%    296.2     0.3%     2.8%     0.0%     0.0%     1.6%     0.0%
May 12 14:03:14     19.8    32087866      297    95.5%    296.2     0.3%     2.8%     0.0%     0.0%     1.6%     0.0%
May 12 14:04:17     19.8    32509581      297    95.5%    296.2     0.3%     2.8%     0.0%     0.0%     1.6%     0.0%
May 12 14:05:19     19.9    32931284      297    95.5%    296.2     0.3%     2.8%     0.0%     0.0%     1.6%     0.0%
May 12 14:06:24     19.9    33353047      297    95.5%    296.2     0.3%     2.8%     0.0%     0.0%     1.6%     0.0%
May 12 14:07:29     19.9    33774675      297    95.5%    296.2     0.3%     2.8%     0.0%     0.0%     1.6%     0.0%
May 12 14:08:36     20.0    34196387      297    95.5%    296.2     0.3%     2.8%     0.0%     0.0%     1.6%     0.0%
May 12 14:09:39     20.0    34618074      297    95.5%    296.2     0.3%     2.8%     0.0%     0.0%     1.6%     0.0%
May 12 14:10:44     20.0    35039770      297    95.5%    296.2     0.3%     2.8%     0.0%     0.0%     1.6%     0.0%
May 12 14:11:47     20.1    35461448      297    95.5%    296.2     0.3%     2.8%     0.0%     0.0%     1.6%     0.0%
May 12 14:12:47     20.1    35883210      297    95.5%    296.2     0.3%     2.8%     0.0%     0.0%     1.6%     0.0%
May 12 14:13:48     20.2    36304891      297    95.5%    296.2     0.3%     2.8%     0.0%     0.0%     1.6%     0.0%
May 12 14:14:48     20.2    36726556      297    95.5%    296.2     0.3%     2.8%     0.0%     0.0%     1.6%     0.0%
May 12 14:15:49     20.3    37148250      297    95.5%    296.2     0.3%     2.8%     0.0%     0.0%     1.6%     0.0%
May 12 14:16:49     20.3    37569963      297    95.5%    296.2     0.3%     2.8%     0.0%     0.0%     1.6%     0.0%
May 12 14:17:49     20.4    37991660      297    95.5%    296.2     0.3%     2.8%     0.0%     0.0%     1.6%     0.0%
May 12 14:18:50     20.4    38413336      297    95.5%    296.2     0.3%     2.8%     0.0%     0.0%     1.6%     0.0%
May 12 14:19:52     20.4    38835112      297    95.5%    296.2     0.3%     2.8%     0.0%     0.0%     1.6%     0.0%
May 12 14:20:55     20.5    39256752      297    95.5%    296.2     0.3%     2.8%     0.0%     0.0%     1.6%     0.0%
May 12 14:22:06     20.5    39762783      297    95.5%    296.2     0.3%     2.8%     0.0%     0.0%     1.6%     0.0%
May 12 14:23:16     20.6    40268873      297    95.5%    296.2     0.3%     2.8%     0.0%     0.0%     1.6%     0.0%
May 12 14:24:21     20.6    40690539      297    95.5%    296.2     0.3%     2.8%     0.0%     0.0%     1.6%     0.0%
May 12 14:25:26     20.6    41112270      297    95.5%    296.2     0.3%     2.8%     0.0%     0.0%     1.6%     0.0%
May 12 14:26:27     20.7    41523134      297    95.5%    296.2     0.3%     2.8%     0.0%     0.0%     1.6%     0.0%
May 12 14:48:48     17.4    41523134      297    95.5%    296.2     0.3%     2.8%     0.0%     0.0%     1.6%     0.0%
ALL DONE!
