                                 Started job on |	May 12 11:34:58
                             Started mapping on |	May 12 11:35:25
                                    Finished on |	May 12 14:10:44
       Mapping speed, Million of reads per hour |	11.59

                          Number of input reads |	29996697
                      Average input read length |	298
                                    UNIQUE READS:
                   Uniquely mapped reads number |	28161514
                        Uniquely mapped reads % |	93.88%
                          Average mapped length |	296.56
                       Number of splices: Total |	29491968
            Number of splices: Annotated (sjdb) |	29104289
                       Number of splices: GT/AG |	29218900
                       Number of splices: GC/AG |	198519
                       Number of splices: AT/AC |	23781
               Number of splices: Non-canonical |	50768
                      Mismatch rate per base, % |	0.37%
                         Deletion rate per base |	0.01%
                        Deletion average length |	1.83
                        Insertion rate per base |	0.01%
                       Insertion average length |	1.58
                             MULTI-MAPPING READS:
        Number of reads mapped to multiple loci |	725077
             % of reads mapped to multiple loci |	2.42%
        Number of reads mapped to too many loci |	10198
             % of reads mapped to too many loci |	0.03%
                                  UNMAPPED READS:
       % of reads unmapped: too many mismatches |	0.00%
                 % of reads unmapped: too short |	3.64%
                     % of reads unmapped: other |	0.03%
                                  CHIMERIC READS:
                       Number of chimeric reads |	0
                            % of chimeric reads |	0.00%
