           Time    Speed        Read     Read   Mapped   Mapped   Mapped   Mapped Unmapped Unmapped Unmapped Unmapped
                    M/hr      number   length   unique   length   MMrate    multi   multi+       MM    short    other
May 12 13:43:08     15.3      254583      298    96.2%    296.6     0.3%     2.3%     0.0%     0.0%     1.5%     0.0%
May 12 13:44:08     15.3      508868      298    96.2%    296.6     0.3%     2.3%     0.0%     0.0%     1.4%     0.0%
May 12 13:45:12     14.9      763090      298    96.2%    296.6     0.3%     2.3%     0.0%     0.0%     1.4%     0.0%
May 12 13:46:12     15.0     1017321      298    96.2%    296.6     0.3%     2.3%     0.0%     0.0%     1.4%     0.0%
May 12 13:47:13     15.0     1270896      298    96.2%    296.6     0.3%     2.3%     0.0%     0.0%     1.5%     0.0%
May 12 13:48:20     14.8     1524454      298    96.2%    296.6     0.3%     2.3%     0.0%     0.0%     1.5%     0.0%
May 12 13:49:21     14.8     1778018      298    96.2%    296.6     0.3%     2.3%     0.0%     0.0%     1.5%     0.0%
May 12 13:50:26     14.7     2031583      298    96.2%    296.6     0.3%     2.3%     0.0%     0.0%     1.5%     0.0%
May 12 13:51:50     14.7     2369644      298    96.2%    296.6     0.3%     2.3%     0.0%     0.0%     1.5%     0.0%
May 12 13:53:00     15.0     2707718      298    96.1%    296.6     0.3%     2.3%     0.0%     0.0%     1.5%     0.0%
May 12 13:54:07     14.8     2961266      298    96.1%    296.6     0.3%     2.3%     0.0%     0.0%     1.5%     0.0%
May 12 13:55:18     15.0     3299308      298    96.2%    296.6     0.3%     2.3%     0.0%     0.0%     1.5%     0.0%
May 12 13:56:25     15.3     3637367      298    96.2%    296.6     0.3%     2.3%     0.0%     0.0%     1.5%     0.0%
May 12 13:57:30     15.5     3975444      298    96.2%    296.6     0.3%     2.3%     0.0%     0.0%     1.5%     0.0%
May 12 13:58:30     15.8     4313510      298    96.2%    296.6     0.3%     2.3%     0.0%     0.0%     1.5%     0.0%
May 12 13:59:43     16.2     4736049      298    96.2%    296.6     0.3%     2.3%     0.0%     0.0%     1.5%     0.0%
May 12 14:00:53     16.5     5158637      298    96.2%    296.6     0.3%     2.3%     0.0%     0.0%     1.5%     0.0%
May 12 14:02:09     16.7     5581235      298    96.2%    296.6     0.3%     2.3%     0.0%     0.0%     1.5%     0.0%
May 12 14:03:22     17.0     6003804      298    96.2%    296.6     0.3%     2.3%     0.0%     0.0%     1.5%     0.0%
May 12 14:04:31     17.2     6426396      298    96.2%    296.6     0.3%     2.3%     0.0%     0.0%     1.5%     0.0%
May 12 14:05:37     17.5     6848980      298    96.2%    296.7     0.3%     2.3%     0.0%     0.0%     1.5%     0.0%
May 12 14:06:38     17.6     7187060      298    96.2%    296.7     0.3%     2.3%     0.0%     0.0%     1.5%     0.0%
May 12 14:07:47     17.8     7609636      298    96.2%    296.7     0.3%     2.3%     0.0%     0.0%     1.5%     0.0%
May 12 14:08:54     18.0     8032206      298    96.2%    296.7     0.3%     2.3%     0.0%     0.0%     1.5%     0.0%
May 12 14:10:01     18.2     8454817      298    96.2%    296.7     0.3%     2.3%     0.0%     0.0%     1.5%     0.0%
May 12 14:11:10     18.3     8877419      298    96.2%    296.7     0.3%     2.3%     0.0%     0.0%     1.5%     0.0%
May 12 14:12:17     18.5     9300048      298    96.2%    296.7     0.3%     2.3%     0.0%     0.0%     1.5%     0.0%
May 12 14:13:21     18.7     9722626      298    96.2%    296.7     0.3%     2.3%     0.0%     0.0%     1.5%     0.0%
May 12 14:14:25     18.9    10144802      298    96.2%    296.7     0.3%     2.3%     0.0%     0.0%     1.5%     0.0%
May 12 14:15:29     19.0    10566207      298    96.2%    296.7     0.3%     2.3%     0.0%     0.0%     1.5%     0.0%
May 12 14:16:31     19.2    10987605      298    96.2%    296.7     0.3%     2.3%     0.0%     0.0%     1.5%     0.0%
May 12 14:17:34     19.3    11409005      298    96.2%    296.7     0.3%     2.3%     0.0%     0.0%     1.5%     0.0%
May 12 14:18:38     19.4    11830412      298    96.2%    296.7     0.3%     2.3%     0.0%     0.0%     1.5%     0.0%
May 12 14:19:42     19.6    12251826      298    96.2%    296.7     0.3%     2.3%     0.0%     0.0%     1.5%     0.0%
May 12 14:20:45     19.7    12673256      298    96.2%    296.7     0.3%     2.3%     0.0%     0.0%     1.5%     0.0%
May 12 14:21:47     19.8    13094661      298    96.2%    296.7     0.3%     2.3%     0.0%     0.0%     1.5%     0.0%
May 12 14:22:48     19.9    13516080      298    96.2%    296.7     0.3%     2.3%     0.0%     0.0%     1.5%     0.0%
May 12 14:24:00     20.0    13937500      298    96.2%    296.7     0.3%     2.3%     0.0%     0.0%     1.5%     0.0%
May 12 14:25:09     20.0    14358934      298    96.2%    296.7     0.3%     2.3%     0.0%     0.0%     1.5%     0.0%
May 12 14:26:16     20.1    14780339      298    96.2%    296.7     0.3%     2.3%     0.0%     0.0%     1.5%     0.0%
May 12 14:27:24     20.1    15201785      298    96.2%    296.7     0.3%     2.3%     0.0%     0.0%     1.5%     0.0%
May 12 14:28:32     20.2    15623211      298    96.2%    296.7     0.3%     2.3%     0.0%     0.0%     1.5%     0.0%
May 12 14:29:38     20.3    16044536      298    96.2%    296.7     0.3%     2.3%     0.0%     0.0%     1.4%     0.0%
May 12 14:30:42     20.3    16465919      298    96.2%    296.7     0.3%     2.3%     0.0%     0.0%     1.4%     0.0%
May 12 14:31:46     20.4    16887313      298    96.2%    296.7     0.3%     2.3%     0.0%     0.0%     1.4%     0.0%
May 12 14:32:49     20.5    17308660      298    96.2%    296.7     0.3%     2.3%     0.0%     0.0%     1.4%     0.0%
May 12 14:33:53     20.6    17730027      298    96.2%    296.7     0.3%     2.3%     0.0%     0.0%     1.4%     0.0%
May 12 14:34:59     20.6    18151535      298    96.2%    296.7     0.3%     2.3%     0.0%     0.0%     1.4%     0.0%
May 12 14:36:07     20.6    18573052      298    96.2%    296.7     0.3%     2.3%     0.0%     0.0%     1.4%     0.0%
May 12 14:37:11     20.7    18994586      298    96.2%    296.7     0.3%     2.3%     0.0%     0.0%     1.5%     0.0%
May 12 14:38:18     20.7    19416122      298    96.2%    296.7     0.3%     2.3%     0.0%     0.0%     1.5%     0.0%
May 12 14:39:21     20.8    19837634      298    96.2%    296.7     0.3%     2.3%     0.0%     0.0%     1.5%     0.0%
May 12 14:40:27     20.8    20259194      298    96.2%    296.7     0.3%     2.3%     0.0%     0.0%     1.5%     0.0%
May 12 14:41:32     20.9    20680774      298    96.2%    296.7     0.3%     2.3%     0.0%     0.0%     1.5%     0.0%
May 12 14:42:38     20.9    21102254      298    96.2%    296.7     0.3%     2.3%     0.0%     0.0%     1.5%     0.0%
May 12 14:43:42     21.0    21523682      298    96.2%    296.7     0.3%     2.3%     0.0%     0.0%     1.5%     0.0%
May 12 14:44:42     21.0    21860883      298    96.2%    296.7     0.3%     2.3%     0.0%     0.0%     1.5%     0.0%
May 12 14:45:49     21.0    22282392      298    96.2%    296.7     0.3%     2.3%     0.0%     0.0%     1.5%     0.0%
May 12 14:46:55     21.0    22703840      298    96.2%    296.7     0.3%     2.3%     0.0%     0.0%     1.5%     0.0%
May 12 14:48:02     21.1    23125338      298    96.2%    296.6     0.3%     2.3%     0.0%     0.0%     1.5%     0.0%
May 12 14:49:11     21.1    23546877      298    96.1%    296.6     0.3%     2.3%     0.0%     0.0%     1.5%     0.0%
May 12 14:50:16     21.1    23968316      298    96.1%    296.6     0.3%     2.3%     0.0%     0.0%     1.5%     0.0%
May 12 14:51:22     21.1    24389789      298    96.1%    296.6     0.3%     2.3%     0.0%     0.0%     1.5%     0.0%
May 12 14:52:25     21.2    24811320      298    96.1%    296.6     0.3%     2.3%     0.0%     0.0%     1.5%     0.0%
May 12 14:53:31     21.2    25232805      298    96.1%    296.6     0.3%     2.3%     0.0%     0.0%     1.5%     0.0%
May 12 14:54:34     21.3    25654335      298    96.1%    296.6     0.3%     2.3%     0.0%     0.0%     1.5%     0.0%
May 12 14:55:39     21.3    26075871      298    96.1%    296.6     0.3%     2.3%     0.0%     0.0%     1.5%     0.0%
May 12 14:56:45     21.3    26497421      298    96.1%    296.6     0.3%     2.3%     0.0%     0.0%     1.5%     0.0%
May 12 14:57:54     21.3    26918882      298    96.1%    296.6     0.3%     2.3%     0.0%     0.0%     1.5%     0.0%
May 12 14:59:02     21.3    27340350      298    96.1%    296.6     0.3%     2.3%     0.0%     0.0%     1.5%     0.0%
May 12 15:00:08     21.4    27761867      298    96.1%    296.6     0.3%     2.3%     0.0%     0.0%     1.5%     0.0%
May 12 15:01:12     21.4    28183390      298    96.1%    296.6     0.3%     2.3%     0.0%     0.0%     1.5%     0.0%
May 12 15:02:21     21.4    28604882      298    96.1%    296.6     0.3%     2.3%     0.0%     0.0%     1.5%     0.0%
May 12 15:03:27     21.4    29026438      298    96.1%    296.6     0.3%     2.3%     0.0%     0.0%     1.5%     0.0%
May 12 15:04:37     21.4    29447938      298    96.1%    296.6     0.3%     2.3%     0.0%     0.0%     1.5%     0.0%
May 12 15:05:45     21.4    29869407      298    96.1%    296.6     0.3%     2.3%     0.0%     0.0%     1.5%     0.0%
May 12 15:06:50     21.5    30290889      298    96.1%    296.6     0.3%     2.3%     0.0%     0.0%     1.5%     0.0%
May 12 15:07:56     21.5    30712379      298    96.1%    296.6     0.3%     2.3%     0.0%     0.0%     1.5%     0.0%
May 12 15:09:00     21.5    31133875      298    96.1%    296.6     0.3%     2.3%     0.0%     0.0%     1.5%     0.0%
May 12 15:10:04     21.5    31555408      298    96.1%    296.6     0.3%     2.3%     0.0%     0.0%     1.5%     0.0%
May 12 15:11:09     21.6    31976922      298    96.1%    296.6     0.3%     2.3%     0.0%     0.0%     1.5%     0.0%
May 12 15:12:19     21.6    32398410      298    96.1%    296.6     0.3%     2.3%     0.0%     0.0%     1.5%     0.0%
May 12 15:13:27     21.6    32819879      298    96.1%    296.6     0.3%     2.3%     0.0%     0.0%     1.5%     0.0%
May 12 15:14:31     21.6    33241339      298    96.1%    296.6     0.3%     2.3%     0.0%     0.0%     1.5%     0.0%
May 12 15:15:36     21.6    33662833      298    96.1%    296.6     0.3%     2.3%     0.0%     0.0%     1.5%     0.0%
May 12 15:16:39     21.6    34084333      298    96.1%    296.6     0.3%     2.3%     0.0%     0.0%     1.5%     0.0%
May 12 15:17:41     21.7    34505826      298    96.1%    296.6     0.3%     2.3%     0.0%     0.0%     1.5%     0.0%
May 12 15:18:43     21.7    34927362      298    96.1%    296.6     0.3%     2.3%     0.0%     0.0%     1.5%     0.0%
May 12 15:19:52     21.7    35348914      298    96.1%    296.6     0.3%     2.3%     0.0%     0.0%     1.5%     0.0%
May 12 15:20:59     21.7    35770490      298    96.1%    296.6     0.3%     2.3%     0.0%     0.0%     1.5%     0.0%
May 12 15:22:06     21.7    36192042      298    96.1%    296.6     0.3%     2.3%     0.0%     0.0%     1.5%     0.0%
May 12 15:23:11     21.7    36613603      298    96.1%    296.6     0.3%     2.3%     0.0%     0.0%     1.5%     0.0%
May 12 15:24:11     21.7    36950856      298    96.1%    296.6     0.3%     2.3%     0.0%     0.0%     1.5%     0.0%
May 12 15:25:20     21.7    37372397      298    96.1%    296.6     0.3%     2.3%     0.0%     0.0%     1.5%     0.0%
May 12 15:26:25     21.7    37793909      298    96.1%    296.6     0.3%     2.3%     0.0%     0.0%     1.5%     0.0%
May 12 15:27:31     21.8    38215434      298    96.1%    296.6     0.3%     2.3%     0.0%     0.0%     1.5%     0.0%
May 12 15:28:39     21.8    38637013      298    96.1%    296.6     0.3%     2.3%     0.0%     0.0%     1.5%     0.0%
May 12 15:29:48     21.8    39058576      298    96.1%    296.6     0.3%     2.3%     0.0%     0.0%     1.5%     0.0%
May 12 15:30:56     21.8    39480177      298    96.1%    296.6     0.3%     2.3%     0.0%     0.0%     1.5%     0.0%
May 12 15:31:59     21.8    39901749      298    96.1%    296.5     0.3%     2.3%     0.0%     0.0%     1.5%     0.0%
May 12 15:33:02     21.8    40323315      298    96.1%    296.5     0.3%     2.3%     0.0%     0.0%     1.5%     0.0%
May 12 15:34:07     21.8    40744864      298    96.1%    296.5     0.3%     2.3%     0.0%     0.0%     1.5%     0.0%
May 12 15:35:11     21.8    41166406      298    96.1%    296.5     0.3%     2.3%     0.0%     0.0%     1.5%     0.0%
May 12 15:36:14     21.9    41587984      298    96.1%    296.5     0.3%     2.3%     0.0%     0.0%     1.5%     0.0%
May 12 15:37:18     21.9    42009574      298    96.1%    296.5     0.3%     2.3%     0.0%     0.0%     1.5%     0.0%
May 12 15:38:25     21.9    42431162      298    96.1%    296.5     0.3%     2.3%     0.0%     0.0%     1.5%     0.0%
May 12 15:39:33     21.9    42852737      298    96.1%    296.5     0.3%     2.3%     0.0%     0.0%     1.5%     0.0%
May 12 15:40:35     21.9    43190083      298    96.1%    296.5     0.3%     2.3%     0.0%     0.0%     1.5%     0.0%
May 12 15:41:46     21.9    43611642      298    96.1%    296.5     0.3%     2.3%     0.0%     0.0%     1.6%     0.0%
May 12 15:42:56     21.9    44033215      298    96.1%    296.5     0.3%     2.3%     0.0%     0.0%     1.6%     0.0%
May 12 15:44:04     21.9    44454804      298    96.1%    296.5     0.3%     2.3%     0.0%     0.0%     1.6%     0.0%
May 12 15:45:04     21.9    44792102      298    96.1%    296.5     0.3%     2.3%     0.0%     0.0%     1.6%     0.0%
May 12 15:46:04     21.8    45129398      298    96.1%    296.5     0.3%     2.3%     0.0%     0.0%     1.6%     0.0%
May 12 15:47:12     21.9    45550982      298    96.1%    296.5     0.3%     2.3%     0.0%     0.0%     1.6%     0.0%
May 12 15:48:27     21.8    45972577      298    96.1%    296.5     0.3%     2.3%     0.0%     0.0%     1.6%     0.0%
May 12 15:49:28     21.8    46309845      298    96.1%    296.5     0.3%     2.3%     0.0%     0.0%     1.6%     0.0%
May 12 15:50:38     21.8    46731431      298    96.1%    296.5     0.3%     2.3%     0.0%     0.0%     1.6%     0.0%
May 12 15:51:49     21.8    47153017      298    96.1%    296.5     0.3%     2.3%     0.0%     0.0%     1.6%     0.0%
May 12 15:53:01     21.8    47574602      298    96.0%    296.5     0.3%     2.3%     0.0%     0.0%     1.6%     0.0%
May 12 15:54:14     21.8    47996237      298    96.0%    296.5     0.3%     2.3%     0.0%     0.0%     1.6%     0.0%
May 12 15:55:22     21.8    48417842      298    96.0%    296.5     0.3%     2.3%     0.0%     0.0%     1.6%     0.0%
May 12 15:56:28     21.8    48839420      298    96.0%    296.5     0.3%     2.3%     0.0%     0.0%     1.6%     0.0%
May 12 15:57:38     21.8    49261033      298    96.0%    296.5     0.3%     2.3%     0.0%     0.0%     1.6%     0.0%
May 12 15:58:41     21.8    49598273      298    96.0%    296.5     0.3%     2.3%     0.0%     0.0%     1.6%     0.0%
May 12 15:59:51     21.8    50019829      298    96.0%    296.5     0.3%     2.3%     0.0%     0.0%     1.6%     0.0%
May 12 16:00:57     21.8    50441388      298    96.0%    296.5     0.3%     2.3%     0.0%     0.0%     1.6%     0.0%
May 12 16:02:04     21.8    50862988      298    96.0%    296.5     0.3%     2.3%     0.0%     0.0%     1.6%     0.0%
May 12 16:03:10     21.8    51284553      298    96.0%    296.4     0.3%     2.3%     0.0%     0.0%     1.6%     0.0%
May 12 16:04:19     21.8    51706110      298    96.0%    296.4     0.3%     2.3%     0.0%     0.0%     1.6%     0.0%
May 12 16:05:28     21.8    52127700      298    96.0%    296.4     0.3%     2.3%     0.0%     0.0%     1.6%     0.0%
May 12 16:06:35     21.8    52549252      298    96.0%    296.4     0.3%     2.3%     0.0%     0.0%     1.6%     0.0%
May 12 16:07:42     21.8    52970833      298    96.0%    296.4     0.3%     2.3%     0.0%     0.0%     1.6%     0.0%
May 12 16:08:48     21.8    53392458      298    96.0%    296.4     0.3%     2.3%     0.0%     0.0%     1.6%     0.0%
May 12 16:09:53     21.9    53814007      298    96.0%    296.4     0.3%     2.3%     0.0%     0.0%     1.6%     0.0%
May 12 16:11:06     21.8    54235465      298    96.0%    296.4     0.3%     2.3%     0.0%     0.0%     1.6%     0.0%
May 12 16:12:13     21.9    54657028      298    96.0%    296.4     0.3%     2.3%     0.0%     0.0%     1.6%     0.0%
May 12 16:13:19     21.9    55078533      298    96.0%    296.4     0.3%     2.3%     0.0%     0.0%     1.6%     0.0%
May 12 16:14:24     21.9    55500094      298    96.0%    296.4     0.3%     2.3%     0.0%     0.0%     1.6%     0.0%
May 12 16:15:24     21.9    55837339      298    96.0%    296.4     0.3%     2.3%     0.0%     0.0%     1.6%     0.0%
May 12 16:16:36     21.9    56258880      298    96.0%    296.4     0.3%     2.3%     0.0%     0.0%     1.6%     0.0%
May 12 16:17:39     21.8    56596090      298    96.0%    296.4     0.3%     2.3%     0.0%     0.0%     1.6%     0.0%
May 12 16:18:49     21.8    57017621      298    96.0%    296.4     0.3%     2.3%     0.0%     0.0%     1.6%     0.0%
May 12 16:19:59     21.8    57439169      298    96.0%    296.4     0.3%     2.3%     0.0%     0.0%     1.6%     0.0%
May 12 16:21:00     21.8    57776386      298    96.0%    296.4     0.3%     2.3%     0.0%     0.0%     1.6%     0.0%
May 12 16:22:01     21.8    58113589      298    96.0%    296.4     0.3%     2.3%     0.0%     0.0%     1.6%     0.0%
May 12 16:23:13     21.8    58535077      298    96.0%    296.4     0.3%     2.3%     0.0%     0.0%     1.6%     0.0%
May 12 16:24:14     21.8    58872292      298    96.0%    296.4     0.3%     2.3%     0.0%     0.0%     1.6%     0.0%
May 12 16:25:17     21.8    59209521      298    96.0%    296.4     0.3%     2.3%     0.0%     0.0%     1.6%     0.0%
May 12 16:26:26     21.8    59631070      298    96.0%    296.4     0.3%     2.3%     0.0%     0.0%     1.6%     0.0%
May 12 16:27:36     21.8    60052604      298    96.0%    296.4     0.3%     2.3%     0.0%     0.0%     1.6%     0.0%
May 12 16:28:46     21.8    60474116      298    96.0%    296.4     0.3%     2.3%     0.0%     0.0%     1.6%     0.0%
May 12 16:29:57     21.8    60895658      298    96.0%    296.4     0.3%     2.3%     0.0%     0.0%     1.6%     0.0%
May 12 16:31:07     21.8    61317182      298    96.0%    296.4     0.3%     2.3%     0.0%     0.0%     1.6%     0.0%
May 12 16:32:15     21.8    61738694      298    96.0%    296.4     0.3%     2.3%     0.0%     0.0%     1.6%     0.0%
May 12 16:33:24     21.8    62160217      298    96.0%    296.4     0.3%     2.3%     0.0%     0.0%     1.6%     0.0%
May 12 16:34:33     21.8    62581673      298    96.0%    296.4     0.3%     2.3%     0.0%     0.0%     1.6%     0.0%
May 12 16:35:42     21.8    63003191      298    96.0%    296.4     0.3%     2.3%     0.0%     0.0%     1.6%     0.0%
May 12 16:36:51     21.8    63424685      298    96.0%    296.4     0.3%     2.3%     0.0%     0.0%     1.6%     0.0%
May 12 16:38:00     21.8    63846149      298    96.0%    296.4     0.3%     2.3%     0.0%     0.0%     1.6%     0.0%
May 12 16:39:09     21.8    64267693      298    96.0%    296.4     0.3%     2.3%     0.0%     0.0%     1.6%     0.0%
May 12 16:40:17     21.8    64689211      298    96.0%    296.4     0.3%     2.3%     0.0%     0.0%     1.7%     0.0%
May 12 16:41:25     21.8    65110698      298    96.0%    296.4     0.3%     2.3%     0.0%     0.0%     1.7%     0.0%
May 12 16:42:32     21.8    65532219      298    96.0%    296.4     0.3%     2.3%     0.0%     0.0%     1.7%     0.0%
May 12 16:43:39     21.8    65953706      298    96.0%    296.4     0.3%     2.3%     0.0%     0.0%     1.7%     0.0%
May 12 16:44:45     21.8    66375231      298    96.0%    296.4     0.3%     2.3%     0.0%     0.0%     1.7%     0.0%
May 12 16:45:52     21.8    66796735      298    96.0%    296.4     0.3%     2.3%     0.0%     0.0%     1.7%     0.0%
May 12 16:46:59     21.8    67218235      298    96.0%    296.4     0.3%     2.3%     0.0%     0.0%     1.7%     0.0%
May 12 16:48:07     21.8    67639748      298    96.0%    296.4     0.3%     2.3%     0.0%     0.0%     1.7%     0.0%
May 12 16:49:15     21.8    68061231      298    95.9%    296.4     0.3%     2.3%     0.0%     0.0%     1.7%     0.0%
May 12 16:50:22     21.8    68482725      298    95.9%    296.4     0.3%     2.3%     0.0%     0.0%     1.7%     0.0%
May 12 16:51:27     21.8    68904167      298    95.9%    296.4     0.3%     2.3%     0.0%     0.0%     1.7%     0.0%
May 12 16:52:37     21.8    69325657      298    95.9%    296.4     0.3%     2.3%     0.0%     0.0%     1.7%     0.0%
May 12 16:53:43     21.8    69747169      298    95.9%    296.4     0.3%     2.3%     0.0%     0.0%     1.7%     0.0%
May 12 16:54:51     21.8    70168646      298    95.9%    296.3     0.3%     2.3%     0.0%     0.0%     1.7%     0.0%
May 12 16:56:00     21.8    70590142      298    95.9%    296.3     0.3%     2.3%     0.0%     0.0%     1.7%     0.0%
May 12 16:57:07     21.9    71011628      298    95.9%    296.3     0.3%     2.3%     0.0%     0.0%     1.7%     0.0%
May 12 16:58:14     21.9    71433153      298    95.9%    296.3     0.3%     2.3%     0.0%     0.0%     1.7%     0.0%
May 12 16:59:26     21.9    71854670      298    95.9%    296.3     0.3%     2.3%     0.0%     0.0%     1.7%     0.0%
May 12 17:00:34     21.9    72276133      298    95.9%    296.3     0.3%     2.3%     0.0%     0.0%     1.7%     0.0%
May 12 17:01:41     21.9    72697630      298    95.9%    296.3     0.3%     2.3%     0.0%     0.0%     1.7%     0.0%
May 12 17:02:49     21.9    73119142      298    95.9%    296.3     0.3%     2.3%     0.0%     0.0%     1.7%     0.0%
May 12 17:03:56     21.9    73540630      298    95.9%    296.3     0.3%     2.3%     0.0%     0.0%     1.7%     0.0%
May 12 17:05:04     21.9    73962130      298    95.9%    296.3     0.3%     2.3%     0.0%     0.0%     1.7%     0.0%
May 12 17:06:09     21.9    74383620      298    95.9%    296.3     0.3%     2.3%     0.0%     0.0%     1.7%     0.0%
May 12 17:07:14     21.9    74805091      298    95.9%    296.3     0.3%     2.3%     0.0%     0.0%     1.7%     0.0%
May 12 17:08:20     21.9    75226544      298    95.9%    296.3     0.3%     2.3%     0.0%     0.0%     1.7%     0.0%
May 12 17:09:25     21.9    75648047      298    95.9%    296.3     0.3%     2.3%     0.0%     0.0%     1.7%     0.0%
May 12 17:10:31     21.9    76069553      298    95.9%    296.3     0.3%     2.3%     0.0%     0.0%     1.7%     0.0%
May 12 17:11:35     21.9    76491036      298    95.9%    296.3     0.3%     2.3%     0.0%     0.0%     1.7%     0.0%
May 12 17:33:17     19.9    76675976      298    95.9%    296.3     0.3%     2.3%     0.0%     0.0%     1.7%     0.0%
ALL DONE!
