                                 Started job on |	May 12 13:26:43
                             Started mapping on |	May 12 13:42:08
                                    Finished on |	May 12 17:33:17
       Mapping speed, Million of reads per hour |	19.90

                          Number of input reads |	76675976
                      Average input read length |	298
                                    UNIQUE READS:
                   Uniquely mapped reads number |	73547181
                        Uniquely mapped reads % |	95.92%
                          Average mapped length |	296.33
                       Number of splices: Total |	77897936
            Number of splices: Annotated (sjdb) |	76887175
                       Number of splices: GT/AG |	77162424
                       Number of splices: GC/AG |	541287
                       Number of splices: AT/AC |	60931
               Number of splices: Non-canonical |	133294
                      Mismatch rate per base, % |	0.34%
                         Deletion rate per base |	0.01%
                        Deletion average length |	1.80
                        Insertion rate per base |	0.01%
                       Insertion average length |	1.61
                             MULTI-MAPPING READS:
        Number of reads mapped to multiple loci |	1781653
             % of reads mapped to multiple loci |	2.32%
        Number of reads mapped to too many loci |	24180
             % of reads mapped to too many loci |	0.03%
                                  UNMAPPED READS:
       % of reads unmapped: too many mismatches |	0.00%
                 % of reads unmapped: too short |	1.69%
                     % of reads unmapped: other |	0.03%
                                  CHIMERIC READS:
                       Number of chimeric reads |	0
                            % of chimeric reads |	0.00%
