           Time    Speed        Read     Read   Mapped   Mapped   Mapped   Mapped Unmapped Unmapped Unmapped Unmapped
                    M/hr      number   length   unique   length   MMrate    multi   multi+       MM    short    other
May 12 12:40:04      2.8      254331      298    95.7%    296.6     0.3%     2.5%     0.0%     0.0%     1.7%     0.0%
May 12 12:41:14      4.6      508341      298    95.8%    296.7     0.3%     2.5%     0.0%     0.0%     1.6%     0.0%
May 12 12:42:17      5.9      762347      298    95.9%    296.7     0.3%     2.5%     0.0%     0.0%     1.6%     0.0%
May 12 12:43:37      6.8     1016303      298    95.9%    296.7     0.3%     2.5%     0.0%     0.0%     1.5%     0.0%
May 12 12:44:45      7.5     1269598      298    95.9%    296.8     0.3%     2.5%     0.0%     0.0%     1.5%     0.0%
May 12 12:46:13      8.3     1607319      298    95.9%    296.8     0.3%     2.5%     0.0%     0.0%     1.5%     0.0%
May 12 12:47:28      8.7     1860568      298    96.0%    296.8     0.3%     2.5%     0.0%     0.0%     1.5%     0.0%
May 12 12:48:33      9.1     2113871      298    96.0%    296.8     0.3%     2.5%     0.0%     0.0%     1.5%     0.0%
May 12 12:49:40      9.8     2451568      298    96.0%    296.9     0.3%     2.5%     0.0%     0.0%     1.5%     0.0%
May 12 12:50:45     10.4     2789267      298    96.0%    296.9     0.3%     2.5%     0.0%     0.0%     1.5%     0.0%
May 12 12:51:50     10.9     3126938      298    96.0%    296.9     0.3%     2.5%     0.0%     0.0%     1.5%     0.0%
May 12 12:53:05     11.2     3464611      298    96.0%    296.9     0.3%     2.5%     0.0%     0.0%     1.5%     0.0%
May 12 12:54:10     11.4     3717939      298    96.0%    296.9     0.3%     2.5%     0.0%     0.0%     1.5%     0.0%
May 12 12:55:15     11.5     3971258      298    96.0%    296.9     0.3%     2.5%     0.0%     0.0%     1.5%     0.0%
May 12 12:56:21     11.6     4224540      298    96.0%    296.9     0.3%     2.5%     0.0%     0.0%     1.5%     0.0%
May 12 12:57:29     12.0     4562260      298    96.0%    296.9     0.3%     2.5%     0.0%     0.0%     1.5%     0.0%
May 12 12:58:29     12.3     4899966      298    96.0%    296.9     0.3%     2.5%     0.0%     0.0%     1.4%     0.0%
May 12 12:59:33     12.6     5237654      298    96.0%    296.9     0.3%     2.5%     0.0%     0.0%     1.4%     0.0%
May 12 13:00:47     13.0     5659816      298    96.1%    296.9     0.3%     2.5%     0.0%     0.0%     1.4%     0.0%
May 12 13:01:52     13.2     5997516      298    96.1%    296.9     0.3%     2.5%     0.0%     0.0%     1.4%     0.0%
May 12 13:03:07     13.3     6335206      298    96.1%    296.9     0.3%     2.5%     0.0%     0.0%     1.4%     0.0%
May 12 13:04:11     13.5     6672869      298    96.1%    297.0     0.3%     2.5%     0.0%     0.0%     1.4%     0.0%
May 12 13:05:15     13.7     7010558      298    96.1%    297.0     0.3%     2.5%     0.0%     0.0%     1.4%     0.0%
May 12 13:06:20     14.0     7432726      298    96.1%    297.0     0.3%     2.5%     0.0%     0.0%     1.4%     0.0%
May 12 13:07:21     14.4     7854892      298    96.1%    296.9     0.3%     2.5%     0.0%     0.0%     1.4%     0.0%
May 12 13:08:25     14.7     8277051      298    96.1%    296.9     0.3%     2.5%     0.0%     0.0%     1.4%     0.0%
May 12 13:09:29     15.0     8699228      298    96.1%    296.9     0.3%     2.5%     0.0%     0.0%     1.4%     0.0%
May 12 13:10:37     15.2     9121356      298    96.1%    296.9     0.3%     2.5%     0.0%     0.0%     1.4%     0.0%
May 12 13:11:40     15.4     9543514      298    96.1%    296.9     0.3%     2.5%     0.0%     0.0%     1.4%     0.0%
May 12 13:12:43     15.7     9965636      298    96.1%    296.9     0.3%     2.5%     0.0%     0.0%     1.4%     0.0%
May 12 13:13:54     16.0    10470898      298    96.1%    297.0     0.3%     2.5%     0.0%     0.0%     1.4%     0.0%
May 12 13:14:57     16.2    10891929      298    96.1%    296.9     0.3%     2.5%     0.0%     0.0%     1.4%     0.0%
May 12 13:16:01     16.4    11312967      298    96.1%    296.9     0.3%     2.5%     0.0%     0.0%     1.4%     0.0%
May 12 13:17:03     16.6    11733987      298    96.1%    296.9     0.3%     2.5%     0.0%     0.0%     1.4%     0.0%
May 12 13:18:06     16.8    12154989      298    96.1%    296.9     0.3%     2.4%     0.0%     0.0%     1.4%     0.0%
May 12 13:19:07     16.9    12575986      298    96.1%    296.9     0.3%     2.5%     0.0%     0.0%     1.4%     0.0%
May 12 13:20:13     17.1    12996991      298    96.1%    296.9     0.3%     2.5%     0.0%     0.0%     1.4%     0.0%
May 12 13:21:15     17.3    13417985      298    96.1%    296.9     0.3%     2.5%     0.0%     0.0%     1.4%     0.0%
May 12 13:22:25     17.5    13923133      298    96.1%    297.0     0.3%     2.5%     0.0%     0.0%     1.4%     0.0%
May 12 13:23:25     17.6    14344121      298    96.1%    296.9     0.3%     2.5%     0.0%     0.0%     1.4%     0.0%
May 12 13:24:30     17.7    14765167      298    96.1%    296.9     0.3%     2.5%     0.0%     0.0%     1.4%     0.0%
May 12 13:25:32     17.9    15186175      298    96.1%    296.9     0.3%     2.5%     0.0%     0.0%     1.4%     0.0%
May 12 13:26:37     18.0    15607142      298    96.1%    296.9     0.3%     2.5%     0.0%     0.0%     1.4%     0.0%
May 12 13:27:40     18.1    16028121      298    96.1%    296.9     0.3%     2.5%     0.0%     0.0%     1.4%     0.0%
May 12 13:28:41     18.2    16449110      298    96.1%    296.9     0.3%     2.5%     0.0%     0.0%     1.4%     0.0%
May 12 13:29:46     18.3    16870073      298    96.1%    297.0     0.3%     2.5%     0.0%     0.0%     1.4%     0.0%
May 12 13:30:51     18.4    17291024      298    96.1%    297.0     0.3%     2.5%     0.0%     0.0%     1.4%     0.0%
May 12 13:31:56     18.5    17712022      298    96.1%    297.0     0.3%     2.5%     0.0%     0.0%     1.4%     0.0%
May 12 13:33:02     18.6    18133040      298    96.1%    297.0     0.3%     2.5%     0.0%     0.0%     1.4%     0.0%
May 12 13:34:07     18.7    18554051      298    96.1%    296.9     0.3%     2.5%     0.0%     0.0%     1.4%     0.0%
May 12 13:35:10     18.8    18975016      298    96.1%    296.9     0.3%     2.5%     0.0%     0.0%     1.4%     0.0%
May 12 13:36:11     18.9    19395982      298    96.1%    297.0     0.3%     2.5%     0.0%     0.0%     1.4%     0.0%
May 12 13:37:12     19.0    19816936      298    96.1%    297.0     0.3%     2.5%     0.0%     0.0%     1.4%     0.0%
May 12 13:38:13     19.1    20237873      298    96.1%    297.0     0.3%     2.5%     0.0%     0.0%     1.4%     0.0%
May 12 13:39:15     19.2    20658849      298    96.1%    297.0     0.3%     2.5%     0.0%     0.0%     1.4%     0.0%
May 12 13:40:18     19.2    21079822      298    96.1%    297.0     0.3%     2.5%     0.0%     0.0%     1.4%     0.0%
May 12 13:41:23     19.3    21500852      298    96.1%    297.0     0.3%     2.5%     0.0%     0.0%     1.4%     0.0%
May 12 13:42:27     19.4    21921963      298    96.1%    297.0     0.3%     2.5%     0.0%     0.0%     1.4%     0.0%
May 12 13:43:33     19.4    22343057      298    96.1%    297.0     0.3%     2.5%     0.0%     0.0%     1.4%     0.0%
May 12 13:44:43     19.5    22764137      298    96.1%    296.9     0.3%     2.5%     0.0%     0.0%     1.4%     0.0%
May 12 13:45:51     19.5    23185214      298    96.1%    296.9     0.3%     2.5%     0.0%     0.0%     1.4%     0.0%
May 12 13:46:56     19.6    23606254      298    96.1%    296.9     0.3%     2.5%     0.0%     0.0%     1.4%     0.0%
May 12 13:48:00     19.6    24027328      298    96.1%    296.9     0.3%     2.5%     0.0%     0.0%     1.4%     0.0%
May 12 13:49:08     19.7    24448386      298    96.1%    296.9     0.3%     2.5%     0.0%     0.0%     1.4%     0.0%
May 12 13:50:16     19.7    24869420      298    96.1%    296.9     0.3%     2.5%     0.0%     0.0%     1.4%     0.0%
May 12 13:51:21     19.8    25290521      298    96.1%    296.9     0.3%     2.5%     0.0%     0.0%     1.4%     0.0%
May 12 13:52:23     19.8    25711606      298    96.1%    296.9     0.3%     2.5%     0.0%     0.0%     1.4%     0.0%
May 12 13:53:31     19.9    26132705      298    96.1%    296.9     0.3%     2.5%     0.0%     0.0%     1.4%     0.0%
May 12 13:54:40     19.9    26553740      298    96.0%    296.9     0.3%     2.5%     0.0%     0.0%     1.4%     0.0%
May 12 13:55:47     19.9    26974761      298    96.0%    296.9     0.3%     2.5%     0.0%     0.0%     1.4%     0.0%
May 12 13:56:53     20.0    27395807      298    96.0%    296.9     0.3%     2.5%     0.0%     0.0%     1.4%     0.0%
May 12 13:58:02     20.0    27816802      298    96.0%    296.9     0.3%     2.5%     0.0%     0.0%     1.4%     0.0%
May 12 13:59:11     20.0    28237872      298    96.0%    296.9     0.3%     2.5%     0.0%     0.0%     1.4%     0.0%
May 12 14:00:17     20.1    28658945      298    96.0%    296.9     0.3%     2.5%     0.0%     0.0%     1.4%     0.0%
May 12 14:01:20     20.1    29079998      298    96.0%    296.9     0.3%     2.5%     0.0%     0.0%     1.4%     0.0%
May 12 14:02:23     20.2    29501046      298    96.0%    296.9     0.3%     2.5%     0.0%     0.0%     1.4%     0.0%
May 12 14:03:29     20.2    29922107      298    96.0%    296.9     0.3%     2.5%     0.0%     0.0%     1.4%     0.0%
May 12 14:04:35     20.2    30343146      298    96.0%    296.9     0.3%     2.5%     0.0%     0.0%     1.4%     0.0%
May 12 14:05:44     20.3    30764176      298    96.0%    296.9     0.3%     2.5%     0.0%     0.0%     1.4%     0.0%
May 12 14:06:51     20.3    31185190      298    96.0%    296.9     0.3%     2.5%     0.0%     0.0%     1.4%     0.0%
May 12 14:08:00     20.3    31606242      298    96.0%    296.9     0.3%     2.5%     0.0%     0.0%     1.4%     0.0%
May 12 14:09:09     20.3    32027303      298    96.0%    296.9     0.3%     2.5%     0.0%     0.0%     1.5%     0.0%
May 12 14:10:15     20.4    32448381      298    96.0%    296.9     0.3%     2.5%     0.0%     0.0%     1.5%     0.0%
May 12 14:11:18     20.4    32869438      298    96.0%    296.9     0.3%     2.5%     0.0%     0.0%     1.5%     0.0%
May 12 14:12:24     20.4    33290463      298    96.0%    296.9     0.3%     2.5%     0.0%     0.0%     1.5%     0.0%
May 12 14:13:25     20.5    33711459      298    96.0%    296.9     0.3%     2.5%     0.0%     0.0%     1.4%     0.0%
May 12 14:14:27     20.5    34132469      298    96.0%    296.9     0.3%     2.5%     0.0%     0.0%     1.4%     0.0%
May 12 14:15:31     20.5    34553494      298    96.0%    296.9     0.3%     2.5%     0.0%     0.0%     1.5%     0.0%
May 12 14:16:35     20.6    34974545      298    96.0%    296.9     0.3%     2.5%     0.0%     0.0%     1.5%     0.0%
May 12 14:17:38     20.6    35395572      298    96.0%    296.9     0.3%     2.5%     0.0%     0.0%     1.4%     0.0%
May 12 14:18:39     20.7    35816611      298    96.0%    296.9     0.3%     2.5%     0.0%     0.0%     1.5%     0.0%
May 12 14:19:41     20.7    36237672      298    96.0%    296.9     0.3%     2.5%     0.0%     0.0%     1.5%     0.0%
May 12 14:20:45     20.7    36658728      298    96.0%    296.9     0.3%     2.5%     0.0%     0.0%     1.5%     0.0%
May 12 14:21:47     20.8    37079766      298    96.0%    296.9     0.3%     2.5%     0.0%     0.0%     1.5%     0.0%
May 12 14:22:51     20.8    37500770      298    96.0%    296.9     0.3%     2.5%     0.0%     0.0%     1.5%     0.0%
May 12 14:23:59     20.8    37921818      298    96.0%    296.9     0.3%     2.5%     0.0%     0.0%     1.5%     0.0%
May 12 14:25:07     20.8    38342879      298    96.0%    296.9     0.3%     2.5%     0.0%     0.0%     1.5%     0.0%
May 12 14:26:14     20.8    38763929      298    96.0%    296.9     0.3%     2.5%     0.0%     0.0%     1.5%     0.0%
May 12 14:27:24     20.8    39184956      298    96.0%    296.9     0.3%     2.5%     0.0%     0.0%     1.5%     0.0%
May 12 14:28:31     20.9    39606026      298    96.0%    296.9     0.3%     2.5%     0.0%     0.0%     1.5%     0.0%
May 12 14:29:38     20.9    40027076      298    96.0%    296.9     0.3%     2.5%     0.0%     0.0%     1.5%     0.0%
May 12 14:30:42     20.9    40448129      298    96.0%    296.9     0.3%     2.5%     0.0%     0.0%     1.5%     0.0%
May 12 14:31:47     20.9    40869169      298    96.0%    296.9     0.3%     2.5%     0.0%     0.0%     1.5%     0.0%
May 12 15:04:27     16.5    41244672      298    96.0%    296.9     0.3%     2.5%     0.0%     0.0%     1.5%     0.0%
ALL DONE!
