                                 Started job on |	May 12 11:56:32
                             Started mapping on |	May 12 12:34:35
                                    Finished on |	May 12 15:04:27
       Mapping speed, Million of reads per hour |	16.51

                          Number of input reads |	41244672
                      Average input read length |	298
                                    UNIQUE READS:
                   Uniquely mapped reads number |	39611472
                        Uniquely mapped reads % |	96.04%
                          Average mapped length |	296.92
                       Number of splices: Total |	44289572
            Number of splices: Annotated (sjdb) |	43840321
                       Number of splices: GT/AG |	43901185
                       Number of splices: GC/AG |	293291
                       Number of splices: AT/AC |	35123
               Number of splices: Non-canonical |	59973
                      Mismatch rate per base, % |	0.32%
                         Deletion rate per base |	0.01%
                        Deletion average length |	1.72
                        Insertion rate per base |	0.01%
                       Insertion average length |	1.57
                             MULTI-MAPPING READS:
        Number of reads mapped to multiple loci |	1011927
             % of reads mapped to multiple loci |	2.45%
        Number of reads mapped to too many loci |	10240
             % of reads mapped to too many loci |	0.02%
                                  UNMAPPED READS:
       % of reads unmapped: too many mismatches |	0.00%
                 % of reads unmapped: too short |	1.45%
                     % of reads unmapped: other |	0.03%
                                  CHIMERIC READS:
                       Number of chimeric reads |	0
                            % of chimeric reads |	0.00%
